ARM GAS  C:\Users\passw\AppData\Local\Temp\ccBuvBOj.s 			page 1


   1              		.cpu cortex-m0
   2              		.fpu softvfp
   3              		.eabi_attribute 20, 1
   4              		.eabi_attribute 21, 1
   5              		.eabi_attribute 23, 3
   6              		.eabi_attribute 24, 1
   7              		.eabi_attribute 25, 1
   8              		.eabi_attribute 26, 1
   9              		.eabi_attribute 30, 1
  10              		.eabi_attribute 34, 0
  11              		.eabi_attribute 18, 4
  12              		.code	16
  13              		.file	"main.c"
  14              		.text
  15              	.Ltext0:
  16              		.cfi_sections	.debug_frame
  17              		.section	.text.Timer_interrupt,"ax",%progbits
  18              		.align	2
  19              		.global	Timer_interrupt
  20              		.code	16
  21              		.thumb_func
  22              		.type	Timer_interrupt, %function
  23              	Timer_interrupt:
  24              	.LFB40:
  25              		.file 1 ".\\main.c"
   1:.\main.c      **** /* ========================================
   2:.\main.c      ****  *
   3:.\main.c      ****  * UART echo with interrupt
   4:.\main.c      ****  *
   5:.\main.c      ****  * ========================================
   6:.\main.c      **** */
   7:.\main.c      **** #include <project.h>
   8:.\main.c      **** #include <stdlib.h>
   9:.\main.c      **** #define LOWBYTE 0                                   // Used to toggle between HIGH byte and LOW byt
  10:.\main.c      **** #define HIGHBYTE 1                                  // Used to toggle between HIGH byte and LOW byt
  11:.\main.c      **** #define FALSE 0
  12:.\main.c      **** #define TRUE 1
  13:.\main.c      **** 
  14:.\main.c      **** #define StartMeasuring Measure_When_Low_Write(0);   // Used to start the Timer
  15:.\main.c      **** #define StopMeasuring Measure_When_Low_Write(1);    // Used to stop the Timer and capture the time 
  16:.\main.c      **** 
  17:.\main.c      **** /* Lavpas filter*/
  18:.\main.c      **** #define FILTER_LENGTH_low 2
  19:.\main.c      **** double x_low[FILTER_LENGTH_low+1] = {0, 0, 0};
  20:.\main.c      **** double y_low[FILTER_LENGTH_low+1] = {0, 0, 0};
  21:.\main.c      **** double b_low[FILTER_LENGTH_low+1] = {0.0201, 0.0402, 0.0201};
  22:.\main.c      **** double a_low[FILTER_LENGTH_low+1] = {1.0000, -1.5610, 0.6414};
  23:.\main.c      **** 
  24:.\main.c      **** char current_byte = LOWBYTE;                        // Receive LOW byte first as default
  25:.\main.c      **** int16 value_in,value_out[2]={0,0},i=0,j=0,diff,signed_data,old, test_data;
  26:.\main.c      **** uint16 counter = 0;                                     // Variable for captured time
  27:.\main.c      **** 
  28:.\main.c      **** 
  29:.\main.c      **** 
  30:.\main.c      **** signed int floor_and_convert(double y)
  31:.\main.c      **** {
  32:.\main.c      ****    if (y > 0)
ARM GAS  C:\Users\passw\AppData\Local\Temp\ccBuvBOj.s 			page 2


  33:.\main.c      ****       return (signed int) (y+0.5);
  34:.\main.c      ****    else
  35:.\main.c      ****       return (signed int) (y-0.5);
  36:.\main.c      **** }
  37:.\main.c      **** 
  38:.\main.c      **** 
  39:.\main.c      **** signed int differentiator(signed int new)
  40:.\main.c      **** {
  41:.\main.c      ****    diff = (new - old)/0.01;
  42:.\main.c      ****    old = new;
  43:.\main.c      ****    //return diff;
  44:.\main.c      ****     if(diff > 1)        //Stigende 
  45:.\main.c      ****     {
  46:.\main.c      ****         diff = 10;
  47:.\main.c      ****         return diff;
  48:.\main.c      ****     }
  49:.\main.c      ****     
  50:.\main.c      ****     else if (diff == 1)  //stille
  51:.\main.c      ****     {
  52:.\main.c      ****         diff = 0;
  53:.\main.c      ****         return diff;
  54:.\main.c      ****     }
  55:.\main.c      ****     else if (diff < 1)  //faldene 
  56:.\main.c      ****     {
  57:.\main.c      ****         diff = -10;
  58:.\main.c      ****         return diff;
  59:.\main.c      ****     }
  60:.\main.c      ****     else
  61:.\main.c      ****     {
  62:.\main.c      ****         diff=-200;
  63:.\main.c      ****         return diff;
  64:.\main.c      ****     }
  65:.\main.c      **** }
  66:.\main.c      **** 
  67:.\main.c      **** /***********************************Lavpas filter***********************************/
  68:.\main.c      **** 
  69:.\main.c      **** int low_pass_filter(int data)
  70:.\main.c      **** {
  71:.\main.c      ****    int i;
  72:.\main.c      ****    x_low[0] =  (double) data;
  73:.\main.c      ****    
  74:.\main.c      ****    y_low[0] = 0;
  75:.\main.c      ****   
  76:.\main.c      ****    for(i = 0;i <= FILTER_LENGTH_low;i++)                 // Run IIR filter for each received sample
  77:.\main.c      ****    {
  78:.\main.c      ****       y_low[0] += b_low[i]*x_low[i];
  79:.\main.c      ****    } 
  80:.\main.c      ****    
  81:.\main.c      ****    for(i =1;i <= FILTER_LENGTH_low;i++)               // Roll x array in order to hold old sample i
  82:.\main.c      ****    {
  83:.\main.c      ****       y_low[0] -= a_low[i]*y_low[i];
  84:.\main.c      ****    }
  85:.\main.c      **** 
  86:.\main.c      ****    for(i = FILTER_LENGTH_low-1;i >= 0;i--)
  87:.\main.c      ****     {
  88:.\main.c      ****        x_low[i+1]=x_low[i];
  89:.\main.c      ****        y_low[i+1]=y_low[i];
ARM GAS  C:\Users\passw\AppData\Local\Temp\ccBuvBOj.s 			page 3


  90:.\main.c      ****     }
  91:.\main.c      **** 
  92:.\main.c      ****     return floor_and_convert(y_low[0]);
  93:.\main.c      **** }
  94:.\main.c      **** 
  95:.\main.c      **** 
  96:.\main.c      **** CY_ISR(RX_interrupt)
  97:.\main.c      **** {
  98:.\main.c      ****     //char str[4];
  99:.\main.c      ****     uint8 ch = UART_UartGetChar();
 100:.\main.c      ****     UART_ClearRxInterruptSource(UART_GetRxInterruptSource());
 101:.\main.c      ****     
 102:.\main.c      ****     if(current_byte == LOWBYTE)                     // Receive LOW byte first
 103:.\main.c      ****     {
 104:.\main.c      ****         
 105:.\main.c      ****         
 106:.\main.c      ****         value_in = ch;                              // Save UCA0RXBUF in the LOW byte of "value"
 107:.\main.c      ****         current_byte = HIGHBYTE;                    // Prepare to receive HIGH byte on next interru
 108:.\main.c      ****         return;                                     // Return from interrupt
 109:.\main.c      ****     }
 110:.\main.c      ****     if(current_byte == HIGHBYTE)                    // Recieve HIGH byte
 111:.\main.c      ****     {
 112:.\main.c      ****         
 113:.\main.c      ****         value_in += (ch<<8);                        // Save UCA0RXBUF in the HIGH byte of "value"
 114:.\main.c      ****         current_byte = LOWBYTE;                     // Prepare to receive LOW byte on next interrup
 115:.\main.c      ****                 
 116:.\main.c      ****         StartMeasuring
 117:.\main.c      ****             test_data = low_pass_filter(value_in);
 118:.\main.c      ****             signed_data = differentiator(test_data);          // Applay differentiator
 119:.\main.c      ****             
 120:.\main.c      ****             value_out[1] = value_out[0];
 121:.\main.c      ****             value_out[0] = signed_data;
 122:.\main.c      ****         
 123:.\main.c      ****         StopMeasuring
 124:.\main.c      ****         
 125:.\main.c      ****         
 126:.\main.c      **** 
 127:.\main.c      ****         #ifdef TRANSMIT_TIME
 128:.\main.c      ****         UART_UartPutChar(counter);                    // Send back lowbyte of value
 129:.\main.c      ****         UART_UartPutChar((counter>>8));               // Send back highbyte of value
 130:.\main.c      ****         #else
 131:.\main.c      ****         UART_UartPutChar(value_out[0]);
 132:.\main.c      ****         UART_UartPutChar(value_out[0]>>8);
 133:.\main.c      ****         #endif
 134:.\main.c      ****         
 135:.\main.c      ****     
 136:.\main.c      ****     }
 137:.\main.c      **** }
 138:.\main.c      **** 
 139:.\main.c      **** 
 140:.\main.c      **** CY_ISR(Timer_interrupt)
 141:.\main.c      **** {
  26              		.loc 1 141 0
  27              		.cfi_startproc
  28 0000 08B5     		push	{r3, lr}
  29              		.cfi_def_cfa_offset 8
  30              		.cfi_offset 3, -8
ARM GAS  C:\Users\passw\AppData\Local\Temp\ccBuvBOj.s 			page 4


  31              		.cfi_offset 14, -4
 142:.\main.c      ****     counter = Timer_ReadCapture();   
  32              		.loc 1 142 0
  33 0002 FFF7FEFF 		bl	Timer_ReadCapture
  34              	.LVL0:
  35 0006 014B     		ldr	r3, .L2
  36 0008 1880     		strh	r0, [r3]
 143:.\main.c      **** }
  37              		.loc 1 143 0
  38              		@ sp needed
  39 000a 08BD     		pop	{r3, pc}
  40              	.L3:
  41              		.align	2
  42              	.L2:
  43 000c 00000000 		.word	.LANCHOR0
  44              		.cfi_endproc
  45              	.LFE40:
  46              		.size	Timer_interrupt, .-Timer_interrupt
  47              		.global	__aeabi_dcmpgt
  48              		.global	__aeabi_dadd
  49              		.global	__aeabi_d2iz
  50              		.global	__aeabi_dsub
  51              		.section	.text.floor_and_convert,"ax",%progbits
  52              		.align	2
  53              		.global	floor_and_convert
  54              		.code	16
  55              		.thumb_func
  56              		.type	floor_and_convert, %function
  57              	floor_and_convert:
  58              	.LFB36:
  31:.\main.c      ****    if (y > 0)
  59              		.loc 1 31 0
  60              		.cfi_startproc
  61              	.LVL1:
  62 0000 38B5     		push	{r3, r4, r5, lr}
  63              		.cfi_def_cfa_offset 16
  64              		.cfi_offset 3, -16
  65              		.cfi_offset 4, -12
  66              		.cfi_offset 5, -8
  67              		.cfi_offset 14, -4
  68 0002 041C     		mov	r4, r0
  69 0004 0D1C     		mov	r5, r1
  32:.\main.c      ****       return (signed int) (y+0.5);
  70              		.loc 1 32 0
  71 0006 0022     		mov	r2, #0
  72 0008 0023     		mov	r3, #0
  73 000a FFF7FEFF 		bl	__aeabi_dcmpgt
  74              	.LVL2:
  75 000e 0028     		cmp	r0, #0
  76 0010 08D0     		beq	.L9
  33:.\main.c      ****    else
  77              		.loc 1 33 0
  78 0012 201C     		mov	r0, r4
  79 0014 291C     		mov	r1, r5
  80 0016 0022     		mov	r2, #0
  81 0018 074B     		ldr	r3, .L10
  82 001a FFF7FEFF 		bl	__aeabi_dadd
ARM GAS  C:\Users\passw\AppData\Local\Temp\ccBuvBOj.s 			page 5


  83              	.LVL3:
  84 001e FFF7FEFF 		bl	__aeabi_d2iz
  85              	.LVL4:
  86 0022 07E0     		b	.L7
  87              	.L9:
  35:.\main.c      **** }
  88              		.loc 1 35 0
  89 0024 201C     		mov	r0, r4
  90 0026 291C     		mov	r1, r5
  91 0028 0022     		mov	r2, #0
  92 002a 034B     		ldr	r3, .L10
  93 002c FFF7FEFF 		bl	__aeabi_dsub
  94              	.LVL5:
  95 0030 FFF7FEFF 		bl	__aeabi_d2iz
  96              	.LVL6:
  97              	.L7:
  36:.\main.c      **** 
  98              		.loc 1 36 0
  99              		@ sp needed
 100 0034 38BD     		pop	{r3, r4, r5, pc}
 101              	.L11:
 102 0036 C046     		.align	2
 103              	.L10:
 104 0038 0000E03F 		.word	1071644672
 105              		.cfi_endproc
 106              	.LFE36:
 107              		.size	floor_and_convert, .-floor_and_convert
 108              		.global	__aeabi_i2d
 109              		.global	__aeabi_ddiv
 110              		.section	.text.differentiator,"ax",%progbits
 111              		.align	2
 112              		.global	differentiator
 113              		.code	16
 114              		.thumb_func
 115              		.type	differentiator, %function
 116              	differentiator:
 117              	.LFB37:
  40:.\main.c      ****    diff = (new - old)/0.01;
 118              		.loc 1 40 0
 119              		.cfi_startproc
 120              	.LVL7:
 121 0000 38B5     		push	{r3, r4, r5, lr}
 122              		.cfi_def_cfa_offset 16
 123              		.cfi_offset 3, -16
 124              		.cfi_offset 4, -12
 125              		.cfi_offset 5, -8
 126              		.cfi_offset 14, -4
 127 0002 051C     		mov	r5, r0
  41:.\main.c      ****    old = new;
 128              		.loc 1 41 0
 129 0004 154C     		ldr	r4, .L17
 130 0006 0023     		mov	r3, #0
 131 0008 E05E     		ldrsh	r0, [r4, r3]
 132              	.LVL8:
 133 000a 281A     		sub	r0, r5, r0
 134 000c FFF7FEFF 		bl	__aeabi_i2d
 135              	.LVL9:
ARM GAS  C:\Users\passw\AppData\Local\Temp\ccBuvBOj.s 			page 6


 136 0010 134A     		ldr	r2, .L17+4
 137 0012 144B     		ldr	r3, .L17+8
 138 0014 FFF7FEFF 		bl	__aeabi_ddiv
 139              	.LVL10:
 140 0018 FFF7FEFF 		bl	__aeabi_d2iz
 141              	.LVL11:
 142 001c 80B2     		uxth	r0, r0
  42:.\main.c      ****    //return diff;
 143              		.loc 1 42 0
 144 001e 2580     		strh	r5, [r4]
  44:.\main.c      ****     {
 145              		.loc 1 44 0
 146 0020 03B2     		sxth	r3, r0
 147 0022 012B     		cmp	r3, #1
 148 0024 04DD     		ble	.L13
  46:.\main.c      ****         return diff;
 149              		.loc 1 46 0
 150 0026 0A22     		mov	r2, #10
 151 0028 0F4B     		ldr	r3, .L17+12
 152 002a 1A80     		strh	r2, [r3]
  47:.\main.c      ****     }
 153              		.loc 1 47 0
 154 002c 0A20     		mov	r0, #10
 155 002e 13E0     		b	.L14
 156              	.L13:
  50:.\main.c      ****     {
 157              		.loc 1 50 0
 158 0030 03B2     		sxth	r3, r0
 159 0032 012B     		cmp	r3, #1
 160 0034 04D1     		bne	.L15
  52:.\main.c      ****         return diff;
 161              		.loc 1 52 0
 162 0036 0022     		mov	r2, #0
 163 0038 0B4B     		ldr	r3, .L17+12
 164 003a 1A80     		strh	r2, [r3]
  53:.\main.c      ****     }
 165              		.loc 1 53 0
 166 003c 0020     		mov	r0, #0
 167 003e 0BE0     		b	.L14
 168              	.L15:
  55:.\main.c      ****     {
 169              		.loc 1 55 0
 170 0040 00B2     		sxth	r0, r0
 171 0042 0028     		cmp	r0, #0
 172 0044 04DC     		bgt	.L16
  57:.\main.c      ****         return diff;
 173              		.loc 1 57 0
 174 0046 0A20     		mov	r0, #10
 175 0048 4042     		neg	r0, r0
 176 004a 074B     		ldr	r3, .L17+12
 177 004c 1880     		strh	r0, [r3]
  58:.\main.c      ****     }
 178              		.loc 1 58 0
 179 004e 03E0     		b	.L14
 180              	.L16:
  62:.\main.c      ****         return diff;
 181              		.loc 1 62 0
ARM GAS  C:\Users\passw\AppData\Local\Temp\ccBuvBOj.s 			page 7


 182 0050 C820     		mov	r0, #200
 183 0052 4042     		neg	r0, r0
 184 0054 044B     		ldr	r3, .L17+12
 185 0056 1880     		strh	r0, [r3]
 186              	.L14:
  65:.\main.c      **** 
 187              		.loc 1 65 0
 188              		@ sp needed
 189              	.LVL12:
 190 0058 38BD     		pop	{r3, r4, r5, pc}
 191              	.L18:
 192 005a C046     		.align	2
 193              	.L17:
 194 005c 00000000 		.word	old
 195 0060 7B14AE47 		.word	1202590843
 196 0064 E17A843F 		.word	1065646817
 197 0068 00000000 		.word	diff
 198              		.cfi_endproc
 199              	.LFE37:
 200              		.size	differentiator, .-differentiator
 201              		.global	__aeabi_dmul
 202              		.section	.text.low_pass_filter,"ax",%progbits
 203              		.align	2
 204              		.global	low_pass_filter
 205              		.code	16
 206              		.thumb_func
 207              		.type	low_pass_filter, %function
 208              	low_pass_filter:
 209              	.LFB38:
  70:.\main.c      ****    int i;
 210              		.loc 1 70 0
 211              		.cfi_startproc
 212              	.LVL13:
 213 0000 38B5     		push	{r3, r4, r5, lr}
 214              		.cfi_def_cfa_offset 16
 215              		.cfi_offset 3, -16
 216              		.cfi_offset 4, -12
 217              		.cfi_offset 5, -8
 218              		.cfi_offset 14, -4
  72:.\main.c      ****    
 219              		.loc 1 72 0
 220 0002 FFF7FEFF 		bl	__aeabi_i2d
 221              	.LVL14:
 222 0006 284B     		ldr	r3, .L26
 223 0008 9860     		str	r0, [r3, #8]
 224 000a D960     		str	r1, [r3, #12]
  74:.\main.c      ****   
 225              		.loc 1 74 0
 226 000c 0020     		mov	r0, #0
 227 000e 0021     		mov	r1, #0
 228 0010 1862     		str	r0, [r3, #32]
 229 0012 5962     		str	r1, [r3, #36]
 230              	.LVL15:
  76:.\main.c      ****    {
 231              		.loc 1 76 0
 232 0014 0024     		mov	r4, #0
 233 0016 13E0     		b	.L20
ARM GAS  C:\Users\passw\AppData\Local\Temp\ccBuvBOj.s 			page 8


 234              	.LVL16:
 235              	.L21:
  78:.\main.c      ****    } 
 236              		.loc 1 78 0 discriminator 3
 237 0018 E300     		lsl	r3, r4, #3
 238 001a 244A     		ldr	r2, .L26+4
 239 001c D218     		add	r2, r2, r3
 240 001e 1068     		ldr	r0, [r2]
 241 0020 5168     		ldr	r1, [r2, #4]
 242 0022 214D     		ldr	r5, .L26
 243 0024 EB18     		add	r3, r5, r3
 244 0026 9A68     		ldr	r2, [r3, #8]
 245 0028 DB68     		ldr	r3, [r3, #12]
 246 002a FFF7FEFF 		bl	__aeabi_dmul
 247              	.LVL17:
 248 002e 021C     		mov	r2, r0
 249 0030 0B1C     		mov	r3, r1
 250 0032 286A     		ldr	r0, [r5, #32]
 251 0034 696A     		ldr	r1, [r5, #36]
 252 0036 FFF7FEFF 		bl	__aeabi_dadd
 253              	.LVL18:
 254 003a 2862     		str	r0, [r5, #32]
 255 003c 6962     		str	r1, [r5, #36]
  76:.\main.c      ****    {
 256              		.loc 1 76 0 discriminator 3
 257 003e 0134     		add	r4, r4, #1
 258              	.LVL19:
 259              	.L20:
  76:.\main.c      ****    {
 260              		.loc 1 76 0 is_stmt 0 discriminator 1
 261 0040 022C     		cmp	r4, #2
 262 0042 E9DD     		ble	.L21
 263 0044 0124     		mov	r4, #1
 264              	.LVL20:
 265 0046 13E0     		b	.L22
 266              	.LVL21:
 267              	.L23:
  83:.\main.c      ****    }
 268              		.loc 1 83 0 is_stmt 1 discriminator 3
 269 0048 E300     		lsl	r3, r4, #3
 270 004a 184A     		ldr	r2, .L26+4
 271 004c D218     		add	r2, r2, r3
 272 004e 9069     		ldr	r0, [r2, #24]
 273 0050 D169     		ldr	r1, [r2, #28]
 274 0052 154D     		ldr	r5, .L26
 275 0054 EB18     		add	r3, r5, r3
 276 0056 1A6A     		ldr	r2, [r3, #32]
 277 0058 5B6A     		ldr	r3, [r3, #36]
 278 005a FFF7FEFF 		bl	__aeabi_dmul
 279              	.LVL22:
 280 005e 021C     		mov	r2, r0
 281 0060 0B1C     		mov	r3, r1
 282 0062 286A     		ldr	r0, [r5, #32]
 283 0064 696A     		ldr	r1, [r5, #36]
 284 0066 FFF7FEFF 		bl	__aeabi_dsub
 285              	.LVL23:
 286 006a 2862     		str	r0, [r5, #32]
ARM GAS  C:\Users\passw\AppData\Local\Temp\ccBuvBOj.s 			page 9


 287 006c 6962     		str	r1, [r5, #36]
  81:.\main.c      ****    {
 288              		.loc 1 81 0 discriminator 3
 289 006e 0134     		add	r4, r4, #1
 290              	.LVL24:
 291              	.L22:
  81:.\main.c      ****    {
 292              		.loc 1 81 0 is_stmt 0 discriminator 1
 293 0070 022C     		cmp	r4, #2
 294 0072 E9DD     		ble	.L23
 295 0074 0122     		mov	r2, #1
 296 0076 0EE0     		b	.L24
 297              	.LVL25:
 298              	.L25:
  88:.\main.c      ****        y_low[i+1]=y_low[i];
 299              		.loc 1 88 0 is_stmt 1 discriminator 3
 300 0078 531C     		add	r3, r2, #1
 301 007a 0B48     		ldr	r0, .L26
 302 007c D100     		lsl	r1, r2, #3
 303 007e 4118     		add	r1, r0, r1
 304 0080 DB00     		lsl	r3, r3, #3
 305 0082 C318     		add	r3, r0, r3
 306 0084 8C68     		ldr	r4, [r1, #8]
 307 0086 CD68     		ldr	r5, [r1, #12]
 308 0088 9C60     		str	r4, [r3, #8]
 309 008a DD60     		str	r5, [r3, #12]
  89:.\main.c      ****     }
 310              		.loc 1 89 0 discriminator 3
 311 008c 086A     		ldr	r0, [r1, #32]
 312 008e 496A     		ldr	r1, [r1, #36]
 313 0090 1862     		str	r0, [r3, #32]
 314 0092 5962     		str	r1, [r3, #36]
  86:.\main.c      ****     {
 315              		.loc 1 86 0 discriminator 3
 316 0094 013A     		sub	r2, r2, #1
 317              	.LVL26:
 318              	.L24:
  86:.\main.c      ****     {
 319              		.loc 1 86 0 is_stmt 0 discriminator 1
 320 0096 002A     		cmp	r2, #0
 321 0098 EEDA     		bge	.L25
  92:.\main.c      **** }
 322              		.loc 1 92 0 is_stmt 1
 323 009a 034B     		ldr	r3, .L26
 324 009c 186A     		ldr	r0, [r3, #32]
 325 009e 596A     		ldr	r1, [r3, #36]
 326 00a0 FFF7FEFF 		bl	floor_and_convert
 327              	.LVL27:
  93:.\main.c      **** 
 328              		.loc 1 93 0
 329              		@ sp needed
 330 00a4 38BD     		pop	{r3, r4, r5, pc}
 331              	.L27:
 332 00a6 C046     		.align	2
 333              	.L26:
 334 00a8 00000000 		.word	.LANCHOR0
 335 00ac 00000000 		.word	.LANCHOR1
ARM GAS  C:\Users\passw\AppData\Local\Temp\ccBuvBOj.s 			page 10


 336              		.cfi_endproc
 337              	.LFE38:
 338              		.size	low_pass_filter, .-low_pass_filter
 339              		.section	.text.RX_interrupt,"ax",%progbits
 340              		.align	2
 341              		.global	RX_interrupt
 342              		.code	16
 343              		.thumb_func
 344              		.type	RX_interrupt, %function
 345              	RX_interrupt:
 346              	.LFB39:
  97:.\main.c      ****     //char str[4];
 347              		.loc 1 97 0
 348              		.cfi_startproc
 349 0000 38B5     		push	{r3, r4, r5, lr}
 350              		.cfi_def_cfa_offset 16
 351              		.cfi_offset 3, -16
 352              		.cfi_offset 4, -12
 353              		.cfi_offset 5, -8
 354              		.cfi_offset 14, -4
  99:.\main.c      ****     UART_ClearRxInterruptSource(UART_GetRxInterruptSource());
 355              		.loc 1 99 0
 356 0002 FFF7FEFF 		bl	UART_UartGetChar
 357              	.LVL28:
 358 0006 C0B2     		uxtb	r0, r0
 359              	.LVL29:
 100:.\main.c      ****     
 360              		.loc 1 100 0
 361 0008 1C4B     		ldr	r3, .L31
 362 000a 1A68     		ldr	r2, [r3]
 363 000c 1A60     		str	r2, [r3]
 102:.\main.c      ****     {
 364              		.loc 1 102 0
 365 000e 3823     		mov	r3, #56
 366 0010 1B4A     		ldr	r2, .L31+4
 367 0012 D35C     		ldrb	r3, [r2, r3]
 368 0014 002B     		cmp	r3, #0
 369 0016 05D1     		bne	.L29
 106:.\main.c      ****         current_byte = HIGHBYTE;                    // Prepare to receive HIGH byte on next interru
 370              		.loc 1 106 0
 371 0018 1A4B     		ldr	r3, .L31+8
 372 001a 1880     		strh	r0, [r3]
 107:.\main.c      ****         return;                                     // Return from interrupt
 373              		.loc 1 107 0
 374 001c 0121     		mov	r1, #1
 375 001e 3823     		mov	r3, #56
 376 0020 D154     		strb	r1, [r2, r3]
 108:.\main.c      ****     }
 377              		.loc 1 108 0
 378 0022 29E0     		b	.L28
 379              	.L29:
 110:.\main.c      ****     {
 380              		.loc 1 110 0
 381 0024 012B     		cmp	r3, #1
 382 0026 27D1     		bne	.L28
 113:.\main.c      ****         current_byte = LOWBYTE;                     // Prepare to receive LOW byte on next interrup
 383              		.loc 1 113 0
ARM GAS  C:\Users\passw\AppData\Local\Temp\ccBuvBOj.s 			page 11


 384 0028 164D     		ldr	r5, .L31+8
 385 002a 0002     		lsl	r0, r0, #8
 386              	.LVL30:
 387 002c 2B88     		ldrh	r3, [r5]
 388 002e C018     		add	r0, r0, r3
 389 0030 2880     		strh	r0, [r5]
 114:.\main.c      ****                 
 390              		.loc 1 114 0
 391 0032 134C     		ldr	r4, .L31+4
 392 0034 0022     		mov	r2, #0
 393 0036 3823     		mov	r3, #56
 394 0038 E254     		strb	r2, [r4, r3]
 116:.\main.c      ****             test_data = low_pass_filter(value_in);
 395              		.loc 1 116 0
 396 003a 0020     		mov	r0, #0
 397 003c FFF7FEFF 		bl	Measure_When_Low_Write
 398              	.LVL31:
 117:.\main.c      ****             signed_data = differentiator(test_data);          // Applay differentiator
 399              		.loc 1 117 0
 400 0040 0023     		mov	r3, #0
 401 0042 E85E     		ldrsh	r0, [r5, r3]
 402 0044 FFF7FEFF 		bl	low_pass_filter
 403              	.LVL32:
 404 0048 80B2     		uxth	r0, r0
 405 004a 0F4B     		ldr	r3, .L31+12
 406 004c 1880     		strh	r0, [r3]
 118:.\main.c      ****             
 407              		.loc 1 118 0
 408 004e 00B2     		sxth	r0, r0
 409 0050 FFF7FEFF 		bl	differentiator
 410              	.LVL33:
 411 0054 80B2     		uxth	r0, r0
 412 0056 0D4B     		ldr	r3, .L31+16
 413 0058 1880     		strh	r0, [r3]
 120:.\main.c      ****             value_out[0] = signed_data;
 414              		.loc 1 120 0
 415 005a A38F     		ldrh	r3, [r4, #60]
 416 005c E387     		strh	r3, [r4, #62]
 121:.\main.c      ****         
 417              		.loc 1 121 0
 418 005e A087     		strh	r0, [r4, #60]
 123:.\main.c      ****         
 419              		.loc 1 123 0
 420 0060 0120     		mov	r0, #1
 421 0062 FFF7FEFF 		bl	Measure_When_Low_Write
 422              	.LVL34:
 131:.\main.c      ****         UART_UartPutChar(value_out[0]>>8);
 423              		.loc 1 131 0
 424 0066 3C23     		mov	r3, #60
 425 0068 E05E     		ldrsh	r0, [r4, r3]
 426 006a FFF7FEFF 		bl	UART_SpiUartWriteTxData
 427              	.LVL35:
 132:.\main.c      ****         #endif
 428              		.loc 1 132 0
 429 006e 3C23     		mov	r3, #60
 430 0070 E05E     		ldrsh	r0, [r4, r3]
 431 0072 0012     		asr	r0, r0, #8
ARM GAS  C:\Users\passw\AppData\Local\Temp\ccBuvBOj.s 			page 12


 432 0074 FFF7FEFF 		bl	UART_SpiUartWriteTxData
 433              	.LVL36:
 434              	.L28:
 137:.\main.c      **** 
 435              		.loc 1 137 0
 436              		@ sp needed
 437 0078 38BD     		pop	{r3, r4, r5, pc}
 438              	.L32:
 439 007a C046     		.align	2
 440              	.L31:
 441 007c C00F2740 		.word	1076301760
 442 0080 00000000 		.word	.LANCHOR0
 443 0084 00000000 		.word	value_in
 444 0088 00000000 		.word	test_data
 445 008c 00000000 		.word	signed_data
 446              		.cfi_endproc
 447              	.LFE39:
 448              		.size	RX_interrupt, .-RX_interrupt
 449              		.section	.text.main,"ax",%progbits
 450              		.align	2
 451              		.global	main
 452              		.code	16
 453              		.thumb_func
 454              		.type	main, %function
 455              	main:
 456              	.LFB41:
 144:.\main.c      **** 
 145:.\main.c      **** 
 146:.\main.c      **** int main()
 147:.\main.c      **** {
 457              		.loc 1 147 0
 458              		.cfi_startproc
 459 0000 08B5     		push	{r3, lr}
 460              		.cfi_def_cfa_offset 8
 461              		.cfi_offset 3, -8
 462              		.cfi_offset 14, -4
 148:.\main.c      ****     CyGlobalIntEnable;                          /* Enable global interrupts */
 463              		.loc 1 148 0
 464              	@ 148 ".\main.c" 1
 465 0002 62B6     		CPSIE   i
 466              	@ 0 "" 2
 149:.\main.c      ****     Timer_ISR_StartEx(Timer_interrupt);         /* Set interrupt address */
 467              		.loc 1 149 0
 468              		.code	16
 469 0004 0848     		ldr	r0, .L34
 470 0006 FFF7FEFF 		bl	Timer_ISR_StartEx
 471              	.LVL37:
 150:.\main.c      ****     UART_RX_ISR_StartEx(RX_interrupt);          /* Set interrupt address */
 472              		.loc 1 150 0
 473 000a 0848     		ldr	r0, .L34+4
 474 000c FFF7FEFF 		bl	UART_RX_ISR_StartEx
 475              	.LVL38:
 151:.\main.c      ****   //  UART_BLE_RX_ISR_StartEx(BLE_RX_interrupt);  /* Set interrupt address */
 152:.\main.c      ****     UART_Start();                               /* Start UART */
 476              		.loc 1 152 0
 477 0010 FFF7FEFF 		bl	UART_Start
 478              	.LVL39:
ARM GAS  C:\Users\passw\AppData\Local\Temp\ccBuvBOj.s 			page 13


 153:.\main.c      ****     UART_BLE_Start();                           /* Start UART_BLE */
 479              		.loc 1 153 0
 480 0014 FFF7FEFF 		bl	UART_BLE_Start
 481              	.LVL40:
 154:.\main.c      ****     Timer_Start();                              /* Start Timer */
 482              		.loc 1 154 0
 483 0018 FFF7FEFF 		bl	Timer_Start
 484              	.LVL41:
 155:.\main.c      ****     Timer_ISR_Enable();                         /* Enable Timer interrupt service routine*/
 485              		.loc 1 155 0
 486 001c FFF7FEFF 		bl	Timer_ISR_Enable
 487              	.LVL42:
 156:.\main.c      ****     CySysPmSleep();                             /* Enter Sleep mode */
 488              		.loc 1 156 0
 489 0020 FFF7FEFF 		bl	CySysPmSleep
 490              	.LVL43:
 157:.\main.c      ****     return 0;
 158:.\main.c      **** }
 491              		.loc 1 158 0
 492 0024 0020     		mov	r0, #0
 493              		@ sp needed
 494 0026 08BD     		pop	{r3, pc}
 495              	.L35:
 496              		.align	2
 497              	.L34:
 498 0028 00000000 		.word	Timer_interrupt
 499 002c 00000000 		.word	RX_interrupt
 500              		.cfi_endproc
 501              	.LFE41:
 502              		.size	main, .-main
 503              		.global	counter
 504              		.comm	test_data,2,2
 505              		.comm	old,2,2
 506              		.comm	signed_data,2,2
 507              		.comm	diff,2,2
 508              		.global	j
 509              		.global	i
 510              		.global	value_out
 511              		.comm	value_in,2,2
 512              		.global	current_byte
 513              		.global	a_low
 514              		.global	b_low
 515              		.global	y_low
 516              		.global	x_low
 517              		.data
 518              		.align	3
 519              		.set	.LANCHOR1,. + 0
 520              		.type	b_low, %object
 521              		.size	b_low, 24
 522              	b_low:
 523 0000 BE30992A 		.word	714682558
 524 0004 1895943F 		.word	1066702104
 525 0008 BE30992A 		.word	714682558
 526 000c 1895A43F 		.word	1067750680
 527 0010 BE30992A 		.word	714682558
 528 0014 1895943F 		.word	1066702104
 529              		.type	a_low, %object
ARM GAS  C:\Users\passw\AppData\Local\Temp\ccBuvBOj.s 			page 14


 530              		.size	a_low, 24
 531              	a_low:
 532 0018 00000000 		.word	0
 533 001c 0000F03F 		.word	1072693248
 534 0020 60E5D022 		.word	584115552
 535 0024 DBF9F8BF 		.word	-1074202149
 536 0028 D8F0F44A 		.word	1257566424
 537 002c 5986E43F 		.word	1071941209
 538              		.bss
 539              		.align	3
 540              		.set	.LANCHOR0,. + 0
 541              		.type	counter, %object
 542              		.size	counter, 2
 543              	counter:
 544 0000 0000     		.space	2
 545 0002 00000000 		.space	6
 545      0000
 546              		.type	x_low, %object
 547              		.size	x_low, 24
 548              	x_low:
 549 0008 00000000 		.space	24
 549      00000000 
 549      00000000 
 549      00000000 
 549      00000000 
 550              		.type	y_low, %object
 551              		.size	y_low, 24
 552              	y_low:
 553 0020 00000000 		.space	24
 553      00000000 
 553      00000000 
 553      00000000 
 553      00000000 
 554              		.type	current_byte, %object
 555              		.size	current_byte, 1
 556              	current_byte:
 557 0038 00       		.space	1
 558 0039 000000   		.space	3
 559              		.type	value_out, %object
 560              		.size	value_out, 4
 561              	value_out:
 562 003c 00000000 		.space	4
 563              		.type	j, %object
 564              		.size	j, 2
 565              	j:
 566 0040 0000     		.space	2
 567              		.type	i, %object
 568              		.size	i, 2
 569              	i:
 570 0042 0000     		.space	2
 571 0044 00000000 		.text
 572              	.Letext0:
 573              		.file 2 "Generated_Source\\PSoC4/cytypes.h"
 574              		.file 3 "Generated_Source\\PSoC4/Timer.h"
 575              		.file 4 "Generated_Source\\PSoC4/UART_SPI_UART.h"
 576              		.file 5 "Generated_Source\\PSoC4/Measure_When_Low.h"
 577              		.file 6 "Generated_Source\\PSoC4/Timer_ISR.h"
ARM GAS  C:\Users\passw\AppData\Local\Temp\ccBuvBOj.s 			page 15


 578              		.file 7 "Generated_Source\\PSoC4/UART_RX_ISR.h"
 579              		.file 8 "Generated_Source\\PSoC4/UART.h"
 580              		.file 9 "Generated_Source\\PSoC4/UART_BLE.h"
 581              		.file 10 "Generated_Source\\PSoC4/cyPm.h"
 582              		.section	.debug_info,"",%progbits
 583              	.Ldebug_info0:
 584 0000 FD030000 		.4byte	0x3fd
 585 0004 0400     		.2byte	0x4
 586 0006 00000000 		.4byte	.Ldebug_abbrev0
 587 000a 04       		.byte	0x4
 588 000b 01       		.uleb128 0x1
 589 000c 1D020000 		.4byte	.LASF48
 590 0010 01       		.byte	0x1
 591 0011 27010000 		.4byte	.LASF49
 592 0015 C9000000 		.4byte	.LASF50
 593 0019 00000000 		.4byte	.Ldebug_ranges0+0
 594 001d 00000000 		.4byte	0
 595 0021 00000000 		.4byte	.Ldebug_line0
 596 0025 02       		.uleb128 0x2
 597 0026 08       		.byte	0x8
 598 0027 04       		.byte	0x4
 599 0028 13010000 		.4byte	.LASF0
 600 002c 02       		.uleb128 0x2
 601 002d 01       		.byte	0x1
 602 002e 06       		.byte	0x6
 603 002f E7020000 		.4byte	.LASF1
 604 0033 02       		.uleb128 0x2
 605 0034 01       		.byte	0x1
 606 0035 08       		.byte	0x8
 607 0036 82000000 		.4byte	.LASF2
 608 003a 02       		.uleb128 0x2
 609 003b 02       		.byte	0x2
 610 003c 05       		.byte	0x5
 611 003d AB020000 		.4byte	.LASF3
 612 0041 02       		.uleb128 0x2
 613 0042 02       		.byte	0x2
 614 0043 07       		.byte	0x7
 615 0044 43000000 		.4byte	.LASF4
 616 0048 02       		.uleb128 0x2
 617 0049 04       		.byte	0x4
 618 004a 05       		.byte	0x5
 619 004b D3020000 		.4byte	.LASF5
 620 004f 02       		.uleb128 0x2
 621 0050 04       		.byte	0x4
 622 0051 07       		.byte	0x7
 623 0052 A0000000 		.4byte	.LASF6
 624 0056 02       		.uleb128 0x2
 625 0057 08       		.byte	0x8
 626 0058 05       		.byte	0x5
 627 0059 C1010000 		.4byte	.LASF7
 628 005d 02       		.uleb128 0x2
 629 005e 08       		.byte	0x8
 630 005f 07       		.byte	0x7
 631 0060 66010000 		.4byte	.LASF8
 632 0064 03       		.uleb128 0x3
 633 0065 04       		.byte	0x4
 634 0066 05       		.byte	0x5
ARM GAS  C:\Users\passw\AppData\Local\Temp\ccBuvBOj.s 			page 16


 635 0067 696E7400 		.ascii	"int\000"
 636 006b 02       		.uleb128 0x2
 637 006c 04       		.byte	0x4
 638 006d 07       		.byte	0x7
 639 006e 4F010000 		.4byte	.LASF9
 640 0072 04       		.uleb128 0x4
 641 0073 B2000000 		.4byte	.LASF10
 642 0077 02       		.byte	0x2
 643 0078 3801     		.2byte	0x138
 644 007a 33000000 		.4byte	0x33
 645 007e 04       		.uleb128 0x4
 646 007f 30010000 		.4byte	.LASF11
 647 0083 02       		.byte	0x2
 648 0084 3901     		.2byte	0x139
 649 0086 41000000 		.4byte	0x41
 650 008a 04       		.uleb128 0x4
 651 008b 37010000 		.4byte	.LASF12
 652 008f 02       		.byte	0x2
 653 0090 3A01     		.2byte	0x13a
 654 0092 4F000000 		.4byte	0x4f
 655 0096 04       		.uleb128 0x4
 656 0097 9A000000 		.4byte	.LASF13
 657 009b 02       		.byte	0x2
 658 009c 3C01     		.2byte	0x13c
 659 009e 3A000000 		.4byte	0x3a
 660 00a2 02       		.uleb128 0x2
 661 00a3 04       		.byte	0x4
 662 00a4 04       		.byte	0x4
 663 00a5 77000000 		.4byte	.LASF14
 664 00a9 02       		.uleb128 0x2
 665 00aa 01       		.byte	0x1
 666 00ab 08       		.byte	0x8
 667 00ac DC020000 		.4byte	.LASF15
 668 00b0 04       		.uleb128 0x4
 669 00b1 14000000 		.4byte	.LASF16
 670 00b5 02       		.byte	0x2
 671 00b6 E401     		.2byte	0x1e4
 672 00b8 BC000000 		.4byte	0xbc
 673 00bc 05       		.uleb128 0x5
 674 00bd 8A000000 		.4byte	0x8a
 675 00c1 04       		.uleb128 0x4
 676 00c2 8F010000 		.4byte	.LASF17
 677 00c6 02       		.byte	0x2
 678 00c7 F401     		.2byte	0x1f4
 679 00c9 CD000000 		.4byte	0xcd
 680 00cd 06       		.uleb128 0x6
 681 00ce 04       		.byte	0x4
 682 00cf D3000000 		.4byte	0xd3
 683 00d3 07       		.uleb128 0x7
 684 00d4 02       		.uleb128 0x2
 685 00d5 04       		.byte	0x4
 686 00d6 07       		.byte	0x7
 687 00d7 B8010000 		.4byte	.LASF18
 688 00db 08       		.uleb128 0x8
 689 00dc 56000000 		.4byte	.LASF23
 690 00e0 01       		.byte	0x1
 691 00e1 8C       		.byte	0x8c
ARM GAS  C:\Users\passw\AppData\Local\Temp\ccBuvBOj.s 			page 17


 692 00e2 00000000 		.4byte	.LFB40
 693 00e6 10000000 		.4byte	.LFE40-.LFB40
 694 00ea 01       		.uleb128 0x1
 695 00eb 9C       		.byte	0x9c
 696 00ec FA000000 		.4byte	0xfa
 697 00f0 09       		.uleb128 0x9
 698 00f1 06000000 		.4byte	.LVL0
 699 00f5 7F030000 		.4byte	0x37f
 700 00f9 00       		.byte	0
 701 00fa 0A       		.uleb128 0xa
 702 00fb 02030000 		.4byte	.LASF19
 703 00ff 01       		.byte	0x1
 704 0100 1E       		.byte	0x1e
 705 0101 64000000 		.4byte	0x64
 706 0105 00000000 		.4byte	.LFB36
 707 0109 3C000000 		.4byte	.LFE36-.LFB36
 708 010d 01       		.uleb128 0x1
 709 010e 9C       		.byte	0x9c
 710 010f 21010000 		.4byte	0x121
 711 0113 0B       		.uleb128 0xb
 712 0114 7900     		.ascii	"y\000"
 713 0116 01       		.byte	0x1
 714 0117 1E       		.byte	0x1e
 715 0118 25000000 		.4byte	0x25
 716 011c 00000000 		.4byte	.LLST0
 717 0120 00       		.byte	0
 718 0121 0A       		.uleb128 0xa
 719 0122 F3020000 		.4byte	.LASF20
 720 0126 01       		.byte	0x1
 721 0127 27       		.byte	0x27
 722 0128 64000000 		.4byte	0x64
 723 012c 00000000 		.4byte	.LFB37
 724 0130 6C000000 		.4byte	.LFE37-.LFB37
 725 0134 01       		.uleb128 0x1
 726 0135 9C       		.byte	0x9c
 727 0136 4A010000 		.4byte	0x14a
 728 013a 0B       		.uleb128 0xb
 729 013b 6E657700 		.ascii	"new\000"
 730 013f 01       		.byte	0x1
 731 0140 27       		.byte	0x27
 732 0141 64000000 		.4byte	0x64
 733 0145 28000000 		.4byte	.LLST1
 734 0149 00       		.byte	0
 735 014a 0A       		.uleb128 0xa
 736 014b CF010000 		.4byte	.LASF21
 737 014f 01       		.byte	0x1
 738 0150 45       		.byte	0x45
 739 0151 64000000 		.4byte	0x64
 740 0155 00000000 		.4byte	.LFB38
 741 0159 B0000000 		.4byte	.LFE38-.LFB38
 742 015d 01       		.uleb128 0x1
 743 015e 9C       		.byte	0x9c
 744 015f 89010000 		.4byte	0x189
 745 0163 0C       		.uleb128 0xc
 746 0164 7D000000 		.4byte	.LASF22
 747 0168 01       		.byte	0x1
 748 0169 45       		.byte	0x45
ARM GAS  C:\Users\passw\AppData\Local\Temp\ccBuvBOj.s 			page 18


 749 016a 64000000 		.4byte	0x64
 750 016e 54000000 		.4byte	.LLST2
 751 0172 0D       		.uleb128 0xd
 752 0173 6900     		.ascii	"i\000"
 753 0175 01       		.byte	0x1
 754 0176 47       		.byte	0x47
 755 0177 64000000 		.4byte	0x64
 756 017b 75000000 		.4byte	.LLST3
 757 017f 09       		.uleb128 0x9
 758 0180 A4000000 		.4byte	.LVL27
 759 0184 FA000000 		.4byte	0xfa
 760 0188 00       		.byte	0
 761 0189 08       		.uleb128 0x8
 762 018a 30000000 		.4byte	.LASF24
 763 018e 01       		.byte	0x1
 764 018f 60       		.byte	0x60
 765 0190 00000000 		.4byte	.LFB39
 766 0194 90000000 		.4byte	.LFE39-.LFB39
 767 0198 01       		.uleb128 0x1
 768 0199 9C       		.byte	0x9c
 769 019a 00020000 		.4byte	0x200
 770 019e 0D       		.uleb128 0xd
 771 019f 636800   		.ascii	"ch\000"
 772 01a2 01       		.byte	0x1
 773 01a3 63       		.byte	0x63
 774 01a4 72000000 		.4byte	0x72
 775 01a8 AA000000 		.4byte	.LLST4
 776 01ac 09       		.uleb128 0x9
 777 01ad 06000000 		.4byte	.LVL28
 778 01b1 8B030000 		.4byte	0x38b
 779 01b5 0E       		.uleb128 0xe
 780 01b6 40000000 		.4byte	.LVL31
 781 01ba 97030000 		.4byte	0x397
 782 01be C8010000 		.4byte	0x1c8
 783 01c2 0F       		.uleb128 0xf
 784 01c3 01       		.uleb128 0x1
 785 01c4 50       		.byte	0x50
 786 01c5 01       		.uleb128 0x1
 787 01c6 30       		.byte	0x30
 788 01c7 00       		.byte	0
 789 01c8 09       		.uleb128 0x9
 790 01c9 48000000 		.4byte	.LVL32
 791 01cd 4A010000 		.4byte	0x14a
 792 01d1 09       		.uleb128 0x9
 793 01d2 54000000 		.4byte	.LVL33
 794 01d6 21010000 		.4byte	0x121
 795 01da 0E       		.uleb128 0xe
 796 01db 66000000 		.4byte	.LVL34
 797 01df 97030000 		.4byte	0x397
 798 01e3 ED010000 		.4byte	0x1ed
 799 01e7 0F       		.uleb128 0xf
 800 01e8 01       		.uleb128 0x1
 801 01e9 50       		.byte	0x50
 802 01ea 01       		.uleb128 0x1
 803 01eb 31       		.byte	0x31
 804 01ec 00       		.byte	0
 805 01ed 09       		.uleb128 0x9
ARM GAS  C:\Users\passw\AppData\Local\Temp\ccBuvBOj.s 			page 19


 806 01ee 6E000000 		.4byte	.LVL35
 807 01f2 A8030000 		.4byte	0x3a8
 808 01f6 09       		.uleb128 0x9
 809 01f7 78000000 		.4byte	.LVL36
 810 01fb A8030000 		.4byte	0x3a8
 811 01ff 00       		.byte	0
 812 0200 10       		.uleb128 0x10
 813 0201 3E010000 		.4byte	.LASF25
 814 0205 01       		.byte	0x1
 815 0206 92       		.byte	0x92
 816 0207 64000000 		.4byte	0x64
 817 020b 00000000 		.4byte	.LFB41
 818 020f 30000000 		.4byte	.LFE41-.LFB41
 819 0213 01       		.uleb128 0x1
 820 0214 9C       		.byte	0x9c
 821 0215 75020000 		.4byte	0x275
 822 0219 0E       		.uleb128 0xe
 823 021a 0A000000 		.4byte	.LVL37
 824 021e BA030000 		.4byte	0x3ba
 825 0222 30020000 		.4byte	0x230
 826 0226 0F       		.uleb128 0xf
 827 0227 01       		.uleb128 0x1
 828 0228 50       		.byte	0x50
 829 0229 05       		.uleb128 0x5
 830 022a 03       		.byte	0x3
 831 022b 00000000 		.4byte	Timer_interrupt
 832 022f 00       		.byte	0
 833 0230 0E       		.uleb128 0xe
 834 0231 10000000 		.4byte	.LVL38
 835 0235 CB030000 		.4byte	0x3cb
 836 0239 47020000 		.4byte	0x247
 837 023d 0F       		.uleb128 0xf
 838 023e 01       		.uleb128 0x1
 839 023f 50       		.byte	0x50
 840 0240 05       		.uleb128 0x5
 841 0241 03       		.byte	0x3
 842 0242 00000000 		.4byte	RX_interrupt
 843 0246 00       		.byte	0
 844 0247 09       		.uleb128 0x9
 845 0248 14000000 		.4byte	.LVL39
 846 024c DC030000 		.4byte	0x3dc
 847 0250 09       		.uleb128 0x9
 848 0251 18000000 		.4byte	.LVL40
 849 0255 E3030000 		.4byte	0x3e3
 850 0259 09       		.uleb128 0x9
 851 025a 1C000000 		.4byte	.LVL41
 852 025e EA030000 		.4byte	0x3ea
 853 0262 09       		.uleb128 0x9
 854 0263 20000000 		.4byte	.LVL42
 855 0267 F2030000 		.4byte	0x3f2
 856 026b 09       		.uleb128 0x9
 857 026c 24000000 		.4byte	.LVL43
 858 0270 F9030000 		.4byte	0x3f9
 859 0274 00       		.byte	0
 860 0275 11       		.uleb128 0x11
 861 0276 25000000 		.4byte	0x25
 862 027a 85020000 		.4byte	0x285
ARM GAS  C:\Users\passw\AppData\Local\Temp\ccBuvBOj.s 			page 20


 863 027e 12       		.uleb128 0x12
 864 027f D4000000 		.4byte	0xd4
 865 0283 02       		.byte	0x2
 866 0284 00       		.byte	0
 867 0285 13       		.uleb128 0x13
 868 0286 3D000000 		.4byte	.LASF26
 869 028a 01       		.byte	0x1
 870 028b 13       		.byte	0x13
 871 028c 75020000 		.4byte	0x275
 872 0290 05       		.uleb128 0x5
 873 0291 03       		.byte	0x3
 874 0292 00000000 		.4byte	x_low
 875 0296 13       		.uleb128 0x13
 876 0297 C3000000 		.4byte	.LASF27
 877 029b 01       		.byte	0x1
 878 029c 14       		.byte	0x14
 879 029d 75020000 		.4byte	0x275
 880 02a1 05       		.uleb128 0x5
 881 02a2 03       		.byte	0x3
 882 02a3 00000000 		.4byte	y_low
 883 02a7 13       		.uleb128 0x13
 884 02a8 E1020000 		.4byte	.LASF28
 885 02ac 01       		.byte	0x1
 886 02ad 15       		.byte	0x15
 887 02ae 75020000 		.4byte	0x275
 888 02b2 05       		.uleb128 0x5
 889 02b3 03       		.byte	0x3
 890 02b4 00000000 		.4byte	b_low
 891 02b8 13       		.uleb128 0x13
 892 02b9 9C010000 		.4byte	.LASF29
 893 02bd 01       		.byte	0x1
 894 02be 16       		.byte	0x16
 895 02bf 75020000 		.4byte	0x275
 896 02c3 05       		.uleb128 0x5
 897 02c4 03       		.byte	0x3
 898 02c5 00000000 		.4byte	a_low
 899 02c9 13       		.uleb128 0x13
 900 02ca 1A010000 		.4byte	.LASF30
 901 02ce 01       		.byte	0x1
 902 02cf 18       		.byte	0x18
 903 02d0 A9000000 		.4byte	0xa9
 904 02d4 05       		.uleb128 0x5
 905 02d5 03       		.byte	0x3
 906 02d6 00000000 		.4byte	current_byte
 907 02da 13       		.uleb128 0x13
 908 02db 1A000000 		.4byte	.LASF31
 909 02df 01       		.byte	0x1
 910 02e0 19       		.byte	0x19
 911 02e1 96000000 		.4byte	0x96
 912 02e5 05       		.uleb128 0x5
 913 02e6 03       		.byte	0x3
 914 02e7 00000000 		.4byte	value_in
 915 02eb 11       		.uleb128 0x11
 916 02ec 96000000 		.4byte	0x96
 917 02f0 FB020000 		.4byte	0x2fb
 918 02f4 12       		.uleb128 0x12
 919 02f5 D4000000 		.4byte	0xd4
ARM GAS  C:\Users\passw\AppData\Local\Temp\ccBuvBOj.s 			page 21


 920 02f9 01       		.byte	0x1
 921 02fa 00       		.byte	0
 922 02fb 13       		.uleb128 0x13
 923 02fc 5C010000 		.4byte	.LASF32
 924 0300 01       		.byte	0x1
 925 0301 19       		.byte	0x19
 926 0302 EB020000 		.4byte	0x2eb
 927 0306 05       		.uleb128 0x5
 928 0307 03       		.byte	0x3
 929 0308 00000000 		.4byte	value_out
 930 030c 14       		.uleb128 0x14
 931 030d 6900     		.ascii	"i\000"
 932 030f 01       		.byte	0x1
 933 0310 19       		.byte	0x19
 934 0311 96000000 		.4byte	0x96
 935 0315 05       		.uleb128 0x5
 936 0316 03       		.byte	0x3
 937 0317 00000000 		.4byte	i
 938 031b 14       		.uleb128 0x14
 939 031c 6A00     		.ascii	"j\000"
 940 031e 01       		.byte	0x1
 941 031f 19       		.byte	0x19
 942 0320 96000000 		.4byte	0x96
 943 0324 05       		.uleb128 0x5
 944 0325 03       		.byte	0x3
 945 0326 00000000 		.4byte	j
 946 032a 13       		.uleb128 0x13
 947 032b B3010000 		.4byte	.LASF33
 948 032f 01       		.byte	0x1
 949 0330 19       		.byte	0x19
 950 0331 96000000 		.4byte	0x96
 951 0335 05       		.uleb128 0x5
 952 0336 03       		.byte	0x3
 953 0337 00000000 		.4byte	diff
 954 033b 13       		.uleb128 0x13
 955 033c C7020000 		.4byte	.LASF34
 956 0340 01       		.byte	0x1
 957 0341 19       		.byte	0x19
 958 0342 96000000 		.4byte	0x96
 959 0346 05       		.uleb128 0x5
 960 0347 03       		.byte	0x3
 961 0348 00000000 		.4byte	signed_data
 962 034c 14       		.uleb128 0x14
 963 034d 6F6C6400 		.ascii	"old\000"
 964 0351 01       		.byte	0x1
 965 0352 19       		.byte	0x19
 966 0353 96000000 		.4byte	0x96
 967 0357 05       		.uleb128 0x5
 968 0358 03       		.byte	0x3
 969 0359 00000000 		.4byte	old
 970 035d 13       		.uleb128 0x13
 971 035e 90000000 		.4byte	.LASF35
 972 0362 01       		.byte	0x1
 973 0363 19       		.byte	0x19
 974 0364 96000000 		.4byte	0x96
 975 0368 05       		.uleb128 0x5
 976 0369 03       		.byte	0x3
ARM GAS  C:\Users\passw\AppData\Local\Temp\ccBuvBOj.s 			page 22


 977 036a 00000000 		.4byte	test_data
 978 036e 13       		.uleb128 0x13
 979 036f 0B010000 		.4byte	.LASF36
 980 0373 01       		.byte	0x1
 981 0374 1A       		.byte	0x1a
 982 0375 7E000000 		.4byte	0x7e
 983 0379 05       		.uleb128 0x5
 984 037a 03       		.byte	0x3
 985 037b 00000000 		.4byte	counter
 986 037f 15       		.uleb128 0x15
 987 0380 B5020000 		.4byte	.LASF37
 988 0384 03       		.byte	0x3
 989 0385 4D01     		.2byte	0x14d
 990 0387 8A000000 		.4byte	0x8a
 991 038b 15       		.uleb128 0x15
 992 038c A2010000 		.4byte	.LASF38
 993 0390 04       		.byte	0x4
 994 0391 6A01     		.2byte	0x16a
 995 0393 8A000000 		.4byte	0x8a
 996 0397 16       		.uleb128 0x16
 997 0398 DF010000 		.4byte	.LASF39
 998 039c 05       		.byte	0x5
 999 039d 27       		.byte	0x27
 1000 039e A8030000 		.4byte	0x3a8
 1001 03a2 17       		.uleb128 0x17
 1002 03a3 72000000 		.4byte	0x72
 1003 03a7 00       		.byte	0
 1004 03a8 18       		.uleb128 0x18
 1005 03a9 F6010000 		.4byte	.LASF40
 1006 03ad 04       		.byte	0x4
 1007 03ae 8C01     		.2byte	0x18c
 1008 03b0 BA030000 		.4byte	0x3ba
 1009 03b4 17       		.uleb128 0x17
 1010 03b5 8A000000 		.4byte	0x8a
 1011 03b9 00       		.byte	0
 1012 03ba 16       		.uleb128 0x16
 1013 03bb 7D010000 		.4byte	.LASF41
 1014 03bf 06       		.byte	0x6
 1015 03c0 18       		.byte	0x18
 1016 03c1 CB030000 		.4byte	0x3cb
 1017 03c5 17       		.uleb128 0x17
 1018 03c6 C1000000 		.4byte	0xc1
 1019 03ca 00       		.byte	0
 1020 03cb 16       		.uleb128 0x16
 1021 03cc 00000000 		.4byte	.LASF42
 1022 03d0 07       		.byte	0x7
 1023 03d1 18       		.byte	0x18
 1024 03d2 DC030000 		.4byte	0x3dc
 1025 03d6 17       		.uleb128 0x17
 1026 03d7 C1000000 		.4byte	0xc1
 1027 03db 00       		.byte	0
 1028 03dc 19       		.uleb128 0x19
 1029 03dd B8000000 		.4byte	.LASF43
 1030 03e1 08       		.byte	0x8
 1031 03e2 68       		.byte	0x68
 1032 03e3 19       		.uleb128 0x19
 1033 03e4 0E020000 		.4byte	.LASF44
ARM GAS  C:\Users\passw\AppData\Local\Temp\ccBuvBOj.s 			page 23


 1034 03e8 09       		.byte	0x9
 1035 03e9 68       		.byte	0x68
 1036 03ea 1A       		.uleb128 0x1a
 1037 03eb 43010000 		.4byte	.LASF45
 1038 03ef 03       		.byte	0x3
 1039 03f0 3201     		.2byte	0x132
 1040 03f2 19       		.uleb128 0x19
 1041 03f3 66000000 		.4byte	.LASF46
 1042 03f7 06       		.byte	0x6
 1043 03f8 23       		.byte	0x23
 1044 03f9 19       		.uleb128 0x19
 1045 03fa 23000000 		.4byte	.LASF47
 1046 03fe 0A       		.byte	0xa
 1047 03ff 1D       		.byte	0x1d
 1048 0400 00       		.byte	0
 1049              		.section	.debug_abbrev,"",%progbits
 1050              	.Ldebug_abbrev0:
 1051 0000 01       		.uleb128 0x1
 1052 0001 11       		.uleb128 0x11
 1053 0002 01       		.byte	0x1
 1054 0003 25       		.uleb128 0x25
 1055 0004 0E       		.uleb128 0xe
 1056 0005 13       		.uleb128 0x13
 1057 0006 0B       		.uleb128 0xb
 1058 0007 03       		.uleb128 0x3
 1059 0008 0E       		.uleb128 0xe
 1060 0009 1B       		.uleb128 0x1b
 1061 000a 0E       		.uleb128 0xe
 1062 000b 55       		.uleb128 0x55
 1063 000c 17       		.uleb128 0x17
 1064 000d 11       		.uleb128 0x11
 1065 000e 01       		.uleb128 0x1
 1066 000f 10       		.uleb128 0x10
 1067 0010 17       		.uleb128 0x17
 1068 0011 00       		.byte	0
 1069 0012 00       		.byte	0
 1070 0013 02       		.uleb128 0x2
 1071 0014 24       		.uleb128 0x24
 1072 0015 00       		.byte	0
 1073 0016 0B       		.uleb128 0xb
 1074 0017 0B       		.uleb128 0xb
 1075 0018 3E       		.uleb128 0x3e
 1076 0019 0B       		.uleb128 0xb
 1077 001a 03       		.uleb128 0x3
 1078 001b 0E       		.uleb128 0xe
 1079 001c 00       		.byte	0
 1080 001d 00       		.byte	0
 1081 001e 03       		.uleb128 0x3
 1082 001f 24       		.uleb128 0x24
 1083 0020 00       		.byte	0
 1084 0021 0B       		.uleb128 0xb
 1085 0022 0B       		.uleb128 0xb
 1086 0023 3E       		.uleb128 0x3e
 1087 0024 0B       		.uleb128 0xb
 1088 0025 03       		.uleb128 0x3
 1089 0026 08       		.uleb128 0x8
 1090 0027 00       		.byte	0
ARM GAS  C:\Users\passw\AppData\Local\Temp\ccBuvBOj.s 			page 24


 1091 0028 00       		.byte	0
 1092 0029 04       		.uleb128 0x4
 1093 002a 16       		.uleb128 0x16
 1094 002b 00       		.byte	0
 1095 002c 03       		.uleb128 0x3
 1096 002d 0E       		.uleb128 0xe
 1097 002e 3A       		.uleb128 0x3a
 1098 002f 0B       		.uleb128 0xb
 1099 0030 3B       		.uleb128 0x3b
 1100 0031 05       		.uleb128 0x5
 1101 0032 49       		.uleb128 0x49
 1102 0033 13       		.uleb128 0x13
 1103 0034 00       		.byte	0
 1104 0035 00       		.byte	0
 1105 0036 05       		.uleb128 0x5
 1106 0037 35       		.uleb128 0x35
 1107 0038 00       		.byte	0
 1108 0039 49       		.uleb128 0x49
 1109 003a 13       		.uleb128 0x13
 1110 003b 00       		.byte	0
 1111 003c 00       		.byte	0
 1112 003d 06       		.uleb128 0x6
 1113 003e 0F       		.uleb128 0xf
 1114 003f 00       		.byte	0
 1115 0040 0B       		.uleb128 0xb
 1116 0041 0B       		.uleb128 0xb
 1117 0042 49       		.uleb128 0x49
 1118 0043 13       		.uleb128 0x13
 1119 0044 00       		.byte	0
 1120 0045 00       		.byte	0
 1121 0046 07       		.uleb128 0x7
 1122 0047 15       		.uleb128 0x15
 1123 0048 00       		.byte	0
 1124 0049 27       		.uleb128 0x27
 1125 004a 19       		.uleb128 0x19
 1126 004b 00       		.byte	0
 1127 004c 00       		.byte	0
 1128 004d 08       		.uleb128 0x8
 1129 004e 2E       		.uleb128 0x2e
 1130 004f 01       		.byte	0x1
 1131 0050 3F       		.uleb128 0x3f
 1132 0051 19       		.uleb128 0x19
 1133 0052 03       		.uleb128 0x3
 1134 0053 0E       		.uleb128 0xe
 1135 0054 3A       		.uleb128 0x3a
 1136 0055 0B       		.uleb128 0xb
 1137 0056 3B       		.uleb128 0x3b
 1138 0057 0B       		.uleb128 0xb
 1139 0058 27       		.uleb128 0x27
 1140 0059 19       		.uleb128 0x19
 1141 005a 11       		.uleb128 0x11
 1142 005b 01       		.uleb128 0x1
 1143 005c 12       		.uleb128 0x12
 1144 005d 06       		.uleb128 0x6
 1145 005e 40       		.uleb128 0x40
 1146 005f 18       		.uleb128 0x18
 1147 0060 9742     		.uleb128 0x2117
ARM GAS  C:\Users\passw\AppData\Local\Temp\ccBuvBOj.s 			page 25


 1148 0062 19       		.uleb128 0x19
 1149 0063 01       		.uleb128 0x1
 1150 0064 13       		.uleb128 0x13
 1151 0065 00       		.byte	0
 1152 0066 00       		.byte	0
 1153 0067 09       		.uleb128 0x9
 1154 0068 898201   		.uleb128 0x4109
 1155 006b 00       		.byte	0
 1156 006c 11       		.uleb128 0x11
 1157 006d 01       		.uleb128 0x1
 1158 006e 31       		.uleb128 0x31
 1159 006f 13       		.uleb128 0x13
 1160 0070 00       		.byte	0
 1161 0071 00       		.byte	0
 1162 0072 0A       		.uleb128 0xa
 1163 0073 2E       		.uleb128 0x2e
 1164 0074 01       		.byte	0x1
 1165 0075 3F       		.uleb128 0x3f
 1166 0076 19       		.uleb128 0x19
 1167 0077 03       		.uleb128 0x3
 1168 0078 0E       		.uleb128 0xe
 1169 0079 3A       		.uleb128 0x3a
 1170 007a 0B       		.uleb128 0xb
 1171 007b 3B       		.uleb128 0x3b
 1172 007c 0B       		.uleb128 0xb
 1173 007d 27       		.uleb128 0x27
 1174 007e 19       		.uleb128 0x19
 1175 007f 49       		.uleb128 0x49
 1176 0080 13       		.uleb128 0x13
 1177 0081 11       		.uleb128 0x11
 1178 0082 01       		.uleb128 0x1
 1179 0083 12       		.uleb128 0x12
 1180 0084 06       		.uleb128 0x6
 1181 0085 40       		.uleb128 0x40
 1182 0086 18       		.uleb128 0x18
 1183 0087 9642     		.uleb128 0x2116
 1184 0089 19       		.uleb128 0x19
 1185 008a 01       		.uleb128 0x1
 1186 008b 13       		.uleb128 0x13
 1187 008c 00       		.byte	0
 1188 008d 00       		.byte	0
 1189 008e 0B       		.uleb128 0xb
 1190 008f 05       		.uleb128 0x5
 1191 0090 00       		.byte	0
 1192 0091 03       		.uleb128 0x3
 1193 0092 08       		.uleb128 0x8
 1194 0093 3A       		.uleb128 0x3a
 1195 0094 0B       		.uleb128 0xb
 1196 0095 3B       		.uleb128 0x3b
 1197 0096 0B       		.uleb128 0xb
 1198 0097 49       		.uleb128 0x49
 1199 0098 13       		.uleb128 0x13
 1200 0099 02       		.uleb128 0x2
 1201 009a 17       		.uleb128 0x17
 1202 009b 00       		.byte	0
 1203 009c 00       		.byte	0
 1204 009d 0C       		.uleb128 0xc
ARM GAS  C:\Users\passw\AppData\Local\Temp\ccBuvBOj.s 			page 26


 1205 009e 05       		.uleb128 0x5
 1206 009f 00       		.byte	0
 1207 00a0 03       		.uleb128 0x3
 1208 00a1 0E       		.uleb128 0xe
 1209 00a2 3A       		.uleb128 0x3a
 1210 00a3 0B       		.uleb128 0xb
 1211 00a4 3B       		.uleb128 0x3b
 1212 00a5 0B       		.uleb128 0xb
 1213 00a6 49       		.uleb128 0x49
 1214 00a7 13       		.uleb128 0x13
 1215 00a8 02       		.uleb128 0x2
 1216 00a9 17       		.uleb128 0x17
 1217 00aa 00       		.byte	0
 1218 00ab 00       		.byte	0
 1219 00ac 0D       		.uleb128 0xd
 1220 00ad 34       		.uleb128 0x34
 1221 00ae 00       		.byte	0
 1222 00af 03       		.uleb128 0x3
 1223 00b0 08       		.uleb128 0x8
 1224 00b1 3A       		.uleb128 0x3a
 1225 00b2 0B       		.uleb128 0xb
 1226 00b3 3B       		.uleb128 0x3b
 1227 00b4 0B       		.uleb128 0xb
 1228 00b5 49       		.uleb128 0x49
 1229 00b6 13       		.uleb128 0x13
 1230 00b7 02       		.uleb128 0x2
 1231 00b8 17       		.uleb128 0x17
 1232 00b9 00       		.byte	0
 1233 00ba 00       		.byte	0
 1234 00bb 0E       		.uleb128 0xe
 1235 00bc 898201   		.uleb128 0x4109
 1236 00bf 01       		.byte	0x1
 1237 00c0 11       		.uleb128 0x11
 1238 00c1 01       		.uleb128 0x1
 1239 00c2 31       		.uleb128 0x31
 1240 00c3 13       		.uleb128 0x13
 1241 00c4 01       		.uleb128 0x1
 1242 00c5 13       		.uleb128 0x13
 1243 00c6 00       		.byte	0
 1244 00c7 00       		.byte	0
 1245 00c8 0F       		.uleb128 0xf
 1246 00c9 8A8201   		.uleb128 0x410a
 1247 00cc 00       		.byte	0
 1248 00cd 02       		.uleb128 0x2
 1249 00ce 18       		.uleb128 0x18
 1250 00cf 9142     		.uleb128 0x2111
 1251 00d1 18       		.uleb128 0x18
 1252 00d2 00       		.byte	0
 1253 00d3 00       		.byte	0
 1254 00d4 10       		.uleb128 0x10
 1255 00d5 2E       		.uleb128 0x2e
 1256 00d6 01       		.byte	0x1
 1257 00d7 3F       		.uleb128 0x3f
 1258 00d8 19       		.uleb128 0x19
 1259 00d9 03       		.uleb128 0x3
 1260 00da 0E       		.uleb128 0xe
 1261 00db 3A       		.uleb128 0x3a
ARM GAS  C:\Users\passw\AppData\Local\Temp\ccBuvBOj.s 			page 27


 1262 00dc 0B       		.uleb128 0xb
 1263 00dd 3B       		.uleb128 0x3b
 1264 00de 0B       		.uleb128 0xb
 1265 00df 49       		.uleb128 0x49
 1266 00e0 13       		.uleb128 0x13
 1267 00e1 11       		.uleb128 0x11
 1268 00e2 01       		.uleb128 0x1
 1269 00e3 12       		.uleb128 0x12
 1270 00e4 06       		.uleb128 0x6
 1271 00e5 40       		.uleb128 0x40
 1272 00e6 18       		.uleb128 0x18
 1273 00e7 9742     		.uleb128 0x2117
 1274 00e9 19       		.uleb128 0x19
 1275 00ea 01       		.uleb128 0x1
 1276 00eb 13       		.uleb128 0x13
 1277 00ec 00       		.byte	0
 1278 00ed 00       		.byte	0
 1279 00ee 11       		.uleb128 0x11
 1280 00ef 01       		.uleb128 0x1
 1281 00f0 01       		.byte	0x1
 1282 00f1 49       		.uleb128 0x49
 1283 00f2 13       		.uleb128 0x13
 1284 00f3 01       		.uleb128 0x1
 1285 00f4 13       		.uleb128 0x13
 1286 00f5 00       		.byte	0
 1287 00f6 00       		.byte	0
 1288 00f7 12       		.uleb128 0x12
 1289 00f8 21       		.uleb128 0x21
 1290 00f9 00       		.byte	0
 1291 00fa 49       		.uleb128 0x49
 1292 00fb 13       		.uleb128 0x13
 1293 00fc 2F       		.uleb128 0x2f
 1294 00fd 0B       		.uleb128 0xb
 1295 00fe 00       		.byte	0
 1296 00ff 00       		.byte	0
 1297 0100 13       		.uleb128 0x13
 1298 0101 34       		.uleb128 0x34
 1299 0102 00       		.byte	0
 1300 0103 03       		.uleb128 0x3
 1301 0104 0E       		.uleb128 0xe
 1302 0105 3A       		.uleb128 0x3a
 1303 0106 0B       		.uleb128 0xb
 1304 0107 3B       		.uleb128 0x3b
 1305 0108 0B       		.uleb128 0xb
 1306 0109 49       		.uleb128 0x49
 1307 010a 13       		.uleb128 0x13
 1308 010b 3F       		.uleb128 0x3f
 1309 010c 19       		.uleb128 0x19
 1310 010d 02       		.uleb128 0x2
 1311 010e 18       		.uleb128 0x18
 1312 010f 00       		.byte	0
 1313 0110 00       		.byte	0
 1314 0111 14       		.uleb128 0x14
 1315 0112 34       		.uleb128 0x34
 1316 0113 00       		.byte	0
 1317 0114 03       		.uleb128 0x3
 1318 0115 08       		.uleb128 0x8
ARM GAS  C:\Users\passw\AppData\Local\Temp\ccBuvBOj.s 			page 28


 1319 0116 3A       		.uleb128 0x3a
 1320 0117 0B       		.uleb128 0xb
 1321 0118 3B       		.uleb128 0x3b
 1322 0119 0B       		.uleb128 0xb
 1323 011a 49       		.uleb128 0x49
 1324 011b 13       		.uleb128 0x13
 1325 011c 3F       		.uleb128 0x3f
 1326 011d 19       		.uleb128 0x19
 1327 011e 02       		.uleb128 0x2
 1328 011f 18       		.uleb128 0x18
 1329 0120 00       		.byte	0
 1330 0121 00       		.byte	0
 1331 0122 15       		.uleb128 0x15
 1332 0123 2E       		.uleb128 0x2e
 1333 0124 00       		.byte	0
 1334 0125 3F       		.uleb128 0x3f
 1335 0126 19       		.uleb128 0x19
 1336 0127 03       		.uleb128 0x3
 1337 0128 0E       		.uleb128 0xe
 1338 0129 3A       		.uleb128 0x3a
 1339 012a 0B       		.uleb128 0xb
 1340 012b 3B       		.uleb128 0x3b
 1341 012c 05       		.uleb128 0x5
 1342 012d 27       		.uleb128 0x27
 1343 012e 19       		.uleb128 0x19
 1344 012f 49       		.uleb128 0x49
 1345 0130 13       		.uleb128 0x13
 1346 0131 3C       		.uleb128 0x3c
 1347 0132 19       		.uleb128 0x19
 1348 0133 00       		.byte	0
 1349 0134 00       		.byte	0
 1350 0135 16       		.uleb128 0x16
 1351 0136 2E       		.uleb128 0x2e
 1352 0137 01       		.byte	0x1
 1353 0138 3F       		.uleb128 0x3f
 1354 0139 19       		.uleb128 0x19
 1355 013a 03       		.uleb128 0x3
 1356 013b 0E       		.uleb128 0xe
 1357 013c 3A       		.uleb128 0x3a
 1358 013d 0B       		.uleb128 0xb
 1359 013e 3B       		.uleb128 0x3b
 1360 013f 0B       		.uleb128 0xb
 1361 0140 27       		.uleb128 0x27
 1362 0141 19       		.uleb128 0x19
 1363 0142 3C       		.uleb128 0x3c
 1364 0143 19       		.uleb128 0x19
 1365 0144 01       		.uleb128 0x1
 1366 0145 13       		.uleb128 0x13
 1367 0146 00       		.byte	0
 1368 0147 00       		.byte	0
 1369 0148 17       		.uleb128 0x17
 1370 0149 05       		.uleb128 0x5
 1371 014a 00       		.byte	0
 1372 014b 49       		.uleb128 0x49
 1373 014c 13       		.uleb128 0x13
 1374 014d 00       		.byte	0
 1375 014e 00       		.byte	0
ARM GAS  C:\Users\passw\AppData\Local\Temp\ccBuvBOj.s 			page 29


 1376 014f 18       		.uleb128 0x18
 1377 0150 2E       		.uleb128 0x2e
 1378 0151 01       		.byte	0x1
 1379 0152 3F       		.uleb128 0x3f
 1380 0153 19       		.uleb128 0x19
 1381 0154 03       		.uleb128 0x3
 1382 0155 0E       		.uleb128 0xe
 1383 0156 3A       		.uleb128 0x3a
 1384 0157 0B       		.uleb128 0xb
 1385 0158 3B       		.uleb128 0x3b
 1386 0159 05       		.uleb128 0x5
 1387 015a 27       		.uleb128 0x27
 1388 015b 19       		.uleb128 0x19
 1389 015c 3C       		.uleb128 0x3c
 1390 015d 19       		.uleb128 0x19
 1391 015e 01       		.uleb128 0x1
 1392 015f 13       		.uleb128 0x13
 1393 0160 00       		.byte	0
 1394 0161 00       		.byte	0
 1395 0162 19       		.uleb128 0x19
 1396 0163 2E       		.uleb128 0x2e
 1397 0164 00       		.byte	0
 1398 0165 3F       		.uleb128 0x3f
 1399 0166 19       		.uleb128 0x19
 1400 0167 03       		.uleb128 0x3
 1401 0168 0E       		.uleb128 0xe
 1402 0169 3A       		.uleb128 0x3a
 1403 016a 0B       		.uleb128 0xb
 1404 016b 3B       		.uleb128 0x3b
 1405 016c 0B       		.uleb128 0xb
 1406 016d 27       		.uleb128 0x27
 1407 016e 19       		.uleb128 0x19
 1408 016f 3C       		.uleb128 0x3c
 1409 0170 19       		.uleb128 0x19
 1410 0171 00       		.byte	0
 1411 0172 00       		.byte	0
 1412 0173 1A       		.uleb128 0x1a
 1413 0174 2E       		.uleb128 0x2e
 1414 0175 00       		.byte	0
 1415 0176 3F       		.uleb128 0x3f
 1416 0177 19       		.uleb128 0x19
 1417 0178 03       		.uleb128 0x3
 1418 0179 0E       		.uleb128 0xe
 1419 017a 3A       		.uleb128 0x3a
 1420 017b 0B       		.uleb128 0xb
 1421 017c 3B       		.uleb128 0x3b
 1422 017d 05       		.uleb128 0x5
 1423 017e 27       		.uleb128 0x27
 1424 017f 19       		.uleb128 0x19
 1425 0180 3C       		.uleb128 0x3c
 1426 0181 19       		.uleb128 0x19
 1427 0182 00       		.byte	0
 1428 0183 00       		.byte	0
 1429 0184 00       		.byte	0
 1430              		.section	.debug_loc,"",%progbits
 1431              	.Ldebug_loc0:
 1432              	.LLST0:
ARM GAS  C:\Users\passw\AppData\Local\Temp\ccBuvBOj.s 			page 30


 1433 0000 00000000 		.4byte	.LVL1
 1434 0004 0D000000 		.4byte	.LVL2-1
 1435 0008 0600     		.2byte	0x6
 1436 000a 50       		.byte	0x50
 1437 000b 93       		.byte	0x93
 1438 000c 04       		.uleb128 0x4
 1439 000d 51       		.byte	0x51
 1440 000e 93       		.byte	0x93
 1441 000f 04       		.uleb128 0x4
 1442 0010 0D000000 		.4byte	.LVL2-1
 1443 0014 3C000000 		.4byte	.LFE36
 1444 0018 0600     		.2byte	0x6
 1445 001a F3       		.byte	0xf3
 1446 001b 03       		.uleb128 0x3
 1447 001c F5       		.byte	0xf5
 1448 001d 00       		.uleb128 0
 1449 001e 25       		.uleb128 0x25
 1450 001f 9F       		.byte	0x9f
 1451 0020 00000000 		.4byte	0
 1452 0024 00000000 		.4byte	0
 1453              	.LLST1:
 1454 0028 00000000 		.4byte	.LVL7
 1455 002c 0A000000 		.4byte	.LVL8
 1456 0030 0100     		.2byte	0x1
 1457 0032 50       		.byte	0x50
 1458 0033 0A000000 		.4byte	.LVL8
 1459 0037 58000000 		.4byte	.LVL12
 1460 003b 0100     		.2byte	0x1
 1461 003d 55       		.byte	0x55
 1462 003e 58000000 		.4byte	.LVL12
 1463 0042 6C000000 		.4byte	.LFE37
 1464 0046 0400     		.2byte	0x4
 1465 0048 F3       		.byte	0xf3
 1466 0049 01       		.uleb128 0x1
 1467 004a 50       		.byte	0x50
 1468 004b 9F       		.byte	0x9f
 1469 004c 00000000 		.4byte	0
 1470 0050 00000000 		.4byte	0
 1471              	.LLST2:
 1472 0054 00000000 		.4byte	.LVL13
 1473 0058 05000000 		.4byte	.LVL14-1
 1474 005c 0100     		.2byte	0x1
 1475 005e 50       		.byte	0x50
 1476 005f 05000000 		.4byte	.LVL14-1
 1477 0063 B0000000 		.4byte	.LFE38
 1478 0067 0400     		.2byte	0x4
 1479 0069 F3       		.byte	0xf3
 1480 006a 01       		.uleb128 0x1
 1481 006b 50       		.byte	0x50
 1482 006c 9F       		.byte	0x9f
 1483 006d 00000000 		.4byte	0
 1484 0071 00000000 		.4byte	0
 1485              	.LLST3:
 1486 0075 14000000 		.4byte	.LVL15
 1487 0079 18000000 		.4byte	.LVL16
 1488 007d 0200     		.2byte	0x2
 1489 007f 30       		.byte	0x30
ARM GAS  C:\Users\passw\AppData\Local\Temp\ccBuvBOj.s 			page 31


 1490 0080 9F       		.byte	0x9f
 1491 0081 18000000 		.4byte	.LVL16
 1492 0085 46000000 		.4byte	.LVL20
 1493 0089 0100     		.2byte	0x1
 1494 008b 54       		.byte	0x54
 1495 008c 48000000 		.4byte	.LVL21
 1496 0090 78000000 		.4byte	.LVL25
 1497 0094 0100     		.2byte	0x1
 1498 0096 54       		.byte	0x54
 1499 0097 78000000 		.4byte	.LVL25
 1500 009b A3000000 		.4byte	.LVL27-1
 1501 009f 0100     		.2byte	0x1
 1502 00a1 52       		.byte	0x52
 1503 00a2 00000000 		.4byte	0
 1504 00a6 00000000 		.4byte	0
 1505              	.LLST4:
 1506 00aa 08000000 		.4byte	.LVL29
 1507 00ae 2C000000 		.4byte	.LVL30
 1508 00b2 0100     		.2byte	0x1
 1509 00b4 50       		.byte	0x50
 1510 00b5 00000000 		.4byte	0
 1511 00b9 00000000 		.4byte	0
 1512              		.section	.debug_aranges,"",%progbits
 1513 0000 44000000 		.4byte	0x44
 1514 0004 0200     		.2byte	0x2
 1515 0006 00000000 		.4byte	.Ldebug_info0
 1516 000a 04       		.byte	0x4
 1517 000b 00       		.byte	0
 1518 000c 0000     		.2byte	0
 1519 000e 0000     		.2byte	0
 1520 0010 00000000 		.4byte	.LFB40
 1521 0014 10000000 		.4byte	.LFE40-.LFB40
 1522 0018 00000000 		.4byte	.LFB36
 1523 001c 3C000000 		.4byte	.LFE36-.LFB36
 1524 0020 00000000 		.4byte	.LFB37
 1525 0024 6C000000 		.4byte	.LFE37-.LFB37
 1526 0028 00000000 		.4byte	.LFB38
 1527 002c B0000000 		.4byte	.LFE38-.LFB38
 1528 0030 00000000 		.4byte	.LFB39
 1529 0034 90000000 		.4byte	.LFE39-.LFB39
 1530 0038 00000000 		.4byte	.LFB41
 1531 003c 30000000 		.4byte	.LFE41-.LFB41
 1532 0040 00000000 		.4byte	0
 1533 0044 00000000 		.4byte	0
 1534              		.section	.debug_ranges,"",%progbits
 1535              	.Ldebug_ranges0:
 1536 0000 00000000 		.4byte	.LFB40
 1537 0004 10000000 		.4byte	.LFE40
 1538 0008 00000000 		.4byte	.LFB36
 1539 000c 3C000000 		.4byte	.LFE36
 1540 0010 00000000 		.4byte	.LFB37
 1541 0014 6C000000 		.4byte	.LFE37
 1542 0018 00000000 		.4byte	.LFB38
 1543 001c B0000000 		.4byte	.LFE38
 1544 0020 00000000 		.4byte	.LFB39
 1545 0024 90000000 		.4byte	.LFE39
 1546 0028 00000000 		.4byte	.LFB41
ARM GAS  C:\Users\passw\AppData\Local\Temp\ccBuvBOj.s 			page 32


 1547 002c 30000000 		.4byte	.LFE41
 1548 0030 00000000 		.4byte	0
 1549 0034 00000000 		.4byte	0
 1550              		.section	.debug_line,"",%progbits
 1551              	.Ldebug_line0:
 1552 0000 8A010000 		.section	.debug_str,"MS",%progbits,1
 1552      0200B900 
 1552      00000201 
 1552      FB0E0D00 
 1552      01010101 
 1553              	.LASF42:
 1554 0000 55415254 		.ascii	"UART_RX_ISR_StartEx\000"
 1554      5F52585F 
 1554      4953525F 
 1554      53746172 
 1554      74457800 
 1555              	.LASF16:
 1556 0014 72656733 		.ascii	"reg32\000"
 1556      3200
 1557              	.LASF31:
 1558 001a 76616C75 		.ascii	"value_in\000"
 1558      655F696E 
 1558      00
 1559              	.LASF47:
 1560 0023 43795379 		.ascii	"CySysPmSleep\000"
 1560      73506D53 
 1560      6C656570 
 1560      00
 1561              	.LASF24:
 1562 0030 52585F69 		.ascii	"RX_interrupt\000"
 1562      6E746572 
 1562      72757074 
 1562      00
 1563              	.LASF26:
 1564 003d 785F6C6F 		.ascii	"x_low\000"
 1564      7700
 1565              	.LASF4:
 1566 0043 73686F72 		.ascii	"short unsigned int\000"
 1566      7420756E 
 1566      7369676E 
 1566      65642069 
 1566      6E7400
 1567              	.LASF23:
 1568 0056 54696D65 		.ascii	"Timer_interrupt\000"
 1568      725F696E 
 1568      74657272 
 1568      75707400 
 1569              	.LASF46:
 1570 0066 54696D65 		.ascii	"Timer_ISR_Enable\000"
 1570      725F4953 
 1570      525F456E 
 1570      61626C65 
 1570      00
 1571              	.LASF14:
 1572 0077 666C6F61 		.ascii	"float\000"
 1572      7400
 1573              	.LASF22:
ARM GAS  C:\Users\passw\AppData\Local\Temp\ccBuvBOj.s 			page 33


 1574 007d 64617461 		.ascii	"data\000"
 1574      00
 1575              	.LASF2:
 1576 0082 756E7369 		.ascii	"unsigned char\000"
 1576      676E6564 
 1576      20636861 
 1576      7200
 1577              	.LASF35:
 1578 0090 74657374 		.ascii	"test_data\000"
 1578      5F646174 
 1578      6100
 1579              	.LASF13:
 1580 009a 696E7431 		.ascii	"int16\000"
 1580      3600
 1581              	.LASF6:
 1582 00a0 6C6F6E67 		.ascii	"long unsigned int\000"
 1582      20756E73 
 1582      69676E65 
 1582      6420696E 
 1582      7400
 1583              	.LASF10:
 1584 00b2 75696E74 		.ascii	"uint8\000"
 1584      3800
 1585              	.LASF43:
 1586 00b8 55415254 		.ascii	"UART_Start\000"
 1586      5F537461 
 1586      727400
 1587              	.LASF27:
 1588 00c3 795F6C6F 		.ascii	"y_low\000"
 1588      7700
 1589              	.LASF50:
 1590 00c9 433A5C55 		.ascii	"C:\\Users\\passw\\Desktop\\EMG-test\\ECG Simulator\\"
 1590      73657273 
 1590      5C706173 
 1590      73775C44 
 1590      65736B74 
 1591 00f7 45434720 		.ascii	"ECG Simulator.cydsn\000"
 1591      53696D75 
 1591      6C61746F 
 1591      722E6379 
 1591      64736E00 
 1592              	.LASF36:
 1593 010b 636F756E 		.ascii	"counter\000"
 1593      74657200 
 1594              	.LASF0:
 1595 0113 646F7562 		.ascii	"double\000"
 1595      6C6500
 1596              	.LASF30:
 1597 011a 63757272 		.ascii	"current_byte\000"
 1597      656E745F 
 1597      62797465 
 1597      00
 1598              	.LASF49:
 1599 0127 2E5C6D61 		.ascii	".\\main.c\000"
 1599      696E2E63 
 1599      00
 1600              	.LASF11:
ARM GAS  C:\Users\passw\AppData\Local\Temp\ccBuvBOj.s 			page 34


 1601 0130 75696E74 		.ascii	"uint16\000"
 1601      313600
 1602              	.LASF12:
 1603 0137 75696E74 		.ascii	"uint32\000"
 1603      333200
 1604              	.LASF25:
 1605 013e 6D61696E 		.ascii	"main\000"
 1605      00
 1606              	.LASF45:
 1607 0143 54696D65 		.ascii	"Timer_Start\000"
 1607      725F5374 
 1607      61727400 
 1608              	.LASF9:
 1609 014f 756E7369 		.ascii	"unsigned int\000"
 1609      676E6564 
 1609      20696E74 
 1609      00
 1610              	.LASF32:
 1611 015c 76616C75 		.ascii	"value_out\000"
 1611      655F6F75 
 1611      7400
 1612              	.LASF8:
 1613 0166 6C6F6E67 		.ascii	"long long unsigned int\000"
 1613      206C6F6E 
 1613      6720756E 
 1613      7369676E 
 1613      65642069 
 1614              	.LASF41:
 1615 017d 54696D65 		.ascii	"Timer_ISR_StartEx\000"
 1615      725F4953 
 1615      525F5374 
 1615      61727445 
 1615      7800
 1616              	.LASF17:
 1617 018f 63796973 		.ascii	"cyisraddress\000"
 1617      72616464 
 1617      72657373 
 1617      00
 1618              	.LASF29:
 1619 019c 615F6C6F 		.ascii	"a_low\000"
 1619      7700
 1620              	.LASF38:
 1621 01a2 55415254 		.ascii	"UART_UartGetChar\000"
 1621      5F556172 
 1621      74476574 
 1621      43686172 
 1621      00
 1622              	.LASF33:
 1623 01b3 64696666 		.ascii	"diff\000"
 1623      00
 1624              	.LASF18:
 1625 01b8 73697A65 		.ascii	"sizetype\000"
 1625      74797065 
 1625      00
 1626              	.LASF7:
 1627 01c1 6C6F6E67 		.ascii	"long long int\000"
 1627      206C6F6E 
ARM GAS  C:\Users\passw\AppData\Local\Temp\ccBuvBOj.s 			page 35


 1627      6720696E 
 1627      7400
 1628              	.LASF21:
 1629 01cf 6C6F775F 		.ascii	"low_pass_filter\000"
 1629      70617373 
 1629      5F66696C 
 1629      74657200 
 1630              	.LASF39:
 1631 01df 4D656173 		.ascii	"Measure_When_Low_Write\000"
 1631      7572655F 
 1631      5768656E 
 1631      5F4C6F77 
 1631      5F577269 
 1632              	.LASF40:
 1633 01f6 55415254 		.ascii	"UART_SpiUartWriteTxData\000"
 1633      5F537069 
 1633      55617274 
 1633      57726974 
 1633      65547844 
 1634              	.LASF44:
 1635 020e 55415254 		.ascii	"UART_BLE_Start\000"
 1635      5F424C45 
 1635      5F537461 
 1635      727400
 1636              	.LASF48:
 1637 021d 474E5520 		.ascii	"GNU C 4.9.3 20150303 (release) [ARM/embedded-4_9-br"
 1637      4320342E 
 1637      392E3320 
 1637      32303135 
 1637      30333033 
 1638 0250 616E6368 		.ascii	"anch revision 221220] -mcpu=cortex-m0 -mthumb -g -O"
 1638      20726576 
 1638      6973696F 
 1638      6E203232 
 1638      31323230 
 1639 0283 67202D66 		.ascii	"g -ffunction-sections -ffat-lto-objects\000"
 1639      66756E63 
 1639      74696F6E 
 1639      2D736563 
 1639      74696F6E 
 1640              	.LASF3:
 1641 02ab 73686F72 		.ascii	"short int\000"
 1641      7420696E 
 1641      7400
 1642              	.LASF37:
 1643 02b5 54696D65 		.ascii	"Timer_ReadCapture\000"
 1643      725F5265 
 1643      61644361 
 1643      70747572 
 1643      6500
 1644              	.LASF34:
 1645 02c7 7369676E 		.ascii	"signed_data\000"
 1645      65645F64 
 1645      61746100 
 1646              	.LASF5:
 1647 02d3 6C6F6E67 		.ascii	"long int\000"
 1647      20696E74 
ARM GAS  C:\Users\passw\AppData\Local\Temp\ccBuvBOj.s 			page 36


 1647      00
 1648              	.LASF15:
 1649 02dc 63686172 		.ascii	"char\000"
 1649      00
 1650              	.LASF28:
 1651 02e1 625F6C6F 		.ascii	"b_low\000"
 1651      7700
 1652              	.LASF1:
 1653 02e7 7369676E 		.ascii	"signed char\000"
 1653      65642063 
 1653      68617200 
 1654              	.LASF20:
 1655 02f3 64696666 		.ascii	"differentiator\000"
 1655      6572656E 
 1655      74696174 
 1655      6F7200
 1656              	.LASF19:
 1657 0302 666C6F6F 		.ascii	"floor_and_convert\000"
 1657      725F616E 
 1657      645F636F 
 1657      6E766572 
 1657      7400
 1658              		.ident	"GCC: (GNU Tools for ARM Embedded Processors) 4.9.3 20150303 (release) [ARM/embedded-4_9-br
