ARM GAS  C:\Users\LINETT~1\AppData\Local\Temp\cclxEA1c.s 			page 1


   1              		.cpu cortex-m0
   2              		.fpu softvfp
   3              		.eabi_attribute 20, 1
   4              		.eabi_attribute 21, 1
   5              		.eabi_attribute 23, 3
   6              		.eabi_attribute 24, 1
   7              		.eabi_attribute 25, 1
   8              		.eabi_attribute 26, 1
   9              		.eabi_attribute 30, 6
  10              		.eabi_attribute 34, 0
  11              		.eabi_attribute 18, 4
  12              		.code	16
  13              		.file	"cyfitter_cfg.c"
  14              		.text
  15              	.Ltext0:
  16              		.cfi_sections	.debug_frame
  17              		.section	.text.CYMEMZERO,"ax",%progbits
  18              		.align	2
  19              		.code	16
  20              		.thumb_func
  21              		.type	CYMEMZERO, %function
  22              	CYMEMZERO:
  23              	.LFB2:
  24              		.file 1 ".\\Generated_Source\\PSoC4\\cyfitter_cfg.c"
   1:.\Generated_Source\PSoC4/cyfitter_cfg.c **** /*******************************************************************************
   2:.\Generated_Source\PSoC4/cyfitter_cfg.c **** * File Name: cyfitter_cfg.c
   3:.\Generated_Source\PSoC4/cyfitter_cfg.c **** * 
   4:.\Generated_Source\PSoC4/cyfitter_cfg.c **** * PSoC Creator  3.3 SP1
   5:.\Generated_Source\PSoC4/cyfitter_cfg.c **** *
   6:.\Generated_Source\PSoC4/cyfitter_cfg.c **** * Description:
   7:.\Generated_Source\PSoC4/cyfitter_cfg.c **** * This file contains device initialization code.
   8:.\Generated_Source\PSoC4/cyfitter_cfg.c **** * Except for the user defined sections in CyClockStartupError(), this file should not be modified.
   9:.\Generated_Source\PSoC4/cyfitter_cfg.c **** * This file is automatically generated by PSoC Creator.
  10:.\Generated_Source\PSoC4/cyfitter_cfg.c **** *
  11:.\Generated_Source\PSoC4/cyfitter_cfg.c **** ********************************************************************************
  12:.\Generated_Source\PSoC4/cyfitter_cfg.c **** * Copyright (c) 2007-2015 Cypress Semiconductor.  All rights reserved.
  13:.\Generated_Source\PSoC4/cyfitter_cfg.c **** * You may use this file only in accordance with the license, terms, conditions, 
  14:.\Generated_Source\PSoC4/cyfitter_cfg.c **** * disclaimers, and limitations in the end user license agreement accompanying 
  15:.\Generated_Source\PSoC4/cyfitter_cfg.c **** * the software package with which this file was provided.
  16:.\Generated_Source\PSoC4/cyfitter_cfg.c **** ********************************************************************************/
  17:.\Generated_Source\PSoC4/cyfitter_cfg.c **** 
  18:.\Generated_Source\PSoC4/cyfitter_cfg.c **** #include <string.h>
  19:.\Generated_Source\PSoC4/cyfitter_cfg.c **** #include "cytypes.h"
  20:.\Generated_Source\PSoC4/cyfitter_cfg.c **** #include "cydevice_trm.h"
  21:.\Generated_Source\PSoC4/cyfitter_cfg.c **** #include "cyfitter.h"
  22:.\Generated_Source\PSoC4/cyfitter_cfg.c **** #include "CyLib.h"
  23:.\Generated_Source\PSoC4/cyfitter_cfg.c **** #include "cyfitter_cfg.h"
  24:.\Generated_Source\PSoC4/cyfitter_cfg.c **** 
  25:.\Generated_Source\PSoC4/cyfitter_cfg.c **** 
  26:.\Generated_Source\PSoC4/cyfitter_cfg.c **** #if defined(__GNUC__) || defined(__ARMCC_VERSION)
  27:.\Generated_Source\PSoC4/cyfitter_cfg.c ****     #define CYPACKED 
  28:.\Generated_Source\PSoC4/cyfitter_cfg.c ****     #define CYPACKED_ATTR __attribute__ ((packed))
  29:.\Generated_Source\PSoC4/cyfitter_cfg.c ****     #define CYALIGNED __attribute__ ((aligned))
  30:.\Generated_Source\PSoC4/cyfitter_cfg.c ****     #define CY_CFG_UNUSED __attribute__ ((unused))
  31:.\Generated_Source\PSoC4/cyfitter_cfg.c ****     #ifndef CY_CFG_SECTION
  32:.\Generated_Source\PSoC4/cyfitter_cfg.c ****         #define CY_CFG_SECTION __attribute__ ((section(".psocinit")))
  33:.\Generated_Source\PSoC4/cyfitter_cfg.c ****     #endif
ARM GAS  C:\Users\LINETT~1\AppData\Local\Temp\cclxEA1c.s 			page 2


  34:.\Generated_Source\PSoC4/cyfitter_cfg.c ****     
  35:.\Generated_Source\PSoC4/cyfitter_cfg.c ****     #if defined(__ARMCC_VERSION)
  36:.\Generated_Source\PSoC4/cyfitter_cfg.c ****         #define CY_CFG_MEMORY_BARRIER() __memory_changed()
  37:.\Generated_Source\PSoC4/cyfitter_cfg.c ****     #else
  38:.\Generated_Source\PSoC4/cyfitter_cfg.c ****         #define CY_CFG_MEMORY_BARRIER() __sync_synchronize()
  39:.\Generated_Source\PSoC4/cyfitter_cfg.c ****     #endif
  40:.\Generated_Source\PSoC4/cyfitter_cfg.c ****     
  41:.\Generated_Source\PSoC4/cyfitter_cfg.c **** #elif defined(__ICCARM__)
  42:.\Generated_Source\PSoC4/cyfitter_cfg.c ****     #include <intrinsics.h>
  43:.\Generated_Source\PSoC4/cyfitter_cfg.c **** 
  44:.\Generated_Source\PSoC4/cyfitter_cfg.c ****     #define CYPACKED __packed
  45:.\Generated_Source\PSoC4/cyfitter_cfg.c ****     #define CYPACKED_ATTR 
  46:.\Generated_Source\PSoC4/cyfitter_cfg.c ****     #define CYALIGNED _Pragma("data_alignment=4")
  47:.\Generated_Source\PSoC4/cyfitter_cfg.c ****     #define CY_CFG_UNUSED _Pragma("diag_suppress=Pe177")
  48:.\Generated_Source\PSoC4/cyfitter_cfg.c ****     #define CY_CFG_SECTION _Pragma("location=\".psocinit\"")
  49:.\Generated_Source\PSoC4/cyfitter_cfg.c ****     
  50:.\Generated_Source\PSoC4/cyfitter_cfg.c ****     #define CY_CFG_MEMORY_BARRIER() __DMB()
  51:.\Generated_Source\PSoC4/cyfitter_cfg.c ****     
  52:.\Generated_Source\PSoC4/cyfitter_cfg.c **** #else
  53:.\Generated_Source\PSoC4/cyfitter_cfg.c ****     #error Unsupported toolchain
  54:.\Generated_Source\PSoC4/cyfitter_cfg.c **** #endif
  55:.\Generated_Source\PSoC4/cyfitter_cfg.c **** 
  56:.\Generated_Source\PSoC4/cyfitter_cfg.c **** 
  57:.\Generated_Source\PSoC4/cyfitter_cfg.c **** CY_CFG_UNUSED
  58:.\Generated_Source\PSoC4/cyfitter_cfg.c **** static void CYMEMZERO(void *s, size_t n);
  59:.\Generated_Source\PSoC4/cyfitter_cfg.c **** CY_CFG_UNUSED
  60:.\Generated_Source\PSoC4/cyfitter_cfg.c **** static void CYMEMZERO(void *s, size_t n)
  61:.\Generated_Source\PSoC4/cyfitter_cfg.c **** {
  25              		.loc 1 61 0
  26              		.cfi_startproc
  27 0000 80B5     		push	{r7, lr}
  28              		.cfi_def_cfa_offset 8
  29              		.cfi_offset 7, -8
  30              		.cfi_offset 14, -4
  31 0002 82B0     		sub	sp, sp, #8
  32              		.cfi_def_cfa_offset 16
  33 0004 00AF     		add	r7, sp, #0
  34              		.cfi_def_cfa_register 7
  35 0006 7860     		str	r0, [r7, #4]
  36 0008 3960     		str	r1, [r7]
  62:.\Generated_Source\PSoC4/cyfitter_cfg.c **** 	(void)memset(s, 0, n);
  37              		.loc 1 62 0
  38 000a 7A68     		ldr	r2, [r7, #4]
  39 000c 3B68     		ldr	r3, [r7]
  40 000e 101C     		mov	r0, r2
  41 0010 0021     		mov	r1, #0
  42 0012 1A1C     		mov	r2, r3
  43 0014 FFF7FEFF 		bl	memset
  63:.\Generated_Source\PSoC4/cyfitter_cfg.c **** }
  44              		.loc 1 63 0
  45 0018 BD46     		mov	sp, r7
  46 001a 02B0     		add	sp, sp, #8
  47              		@ sp needed
  48 001c 80BD     		pop	{r7, pc}
  49              		.cfi_endproc
  50              	.LFE2:
  51              		.size	CYMEMZERO, .-CYMEMZERO
ARM GAS  C:\Users\LINETT~1\AppData\Local\Temp\cclxEA1c.s 			page 3


  52 001e C046     		.section	.text.CYCONFIGCPY,"ax",%progbits
  53              		.align	2
  54              		.code	16
  55              		.thumb_func
  56              		.type	CYCONFIGCPY, %function
  57              	CYCONFIGCPY:
  58              	.LFB3:
  64:.\Generated_Source\PSoC4/cyfitter_cfg.c **** CY_CFG_UNUSED
  65:.\Generated_Source\PSoC4/cyfitter_cfg.c **** static void CYCONFIGCPY(void *dest, const void *src, size_t n);
  66:.\Generated_Source\PSoC4/cyfitter_cfg.c **** CY_CFG_UNUSED
  67:.\Generated_Source\PSoC4/cyfitter_cfg.c **** static void CYCONFIGCPY(void *dest, const void *src, size_t n)
  68:.\Generated_Source\PSoC4/cyfitter_cfg.c **** {
  59              		.loc 1 68 0
  60              		.cfi_startproc
  61 0000 80B5     		push	{r7, lr}
  62              		.cfi_def_cfa_offset 8
  63              		.cfi_offset 7, -8
  64              		.cfi_offset 14, -4
  65 0002 84B0     		sub	sp, sp, #16
  66              		.cfi_def_cfa_offset 24
  67 0004 00AF     		add	r7, sp, #0
  68              		.cfi_def_cfa_register 7
  69 0006 F860     		str	r0, [r7, #12]
  70 0008 B960     		str	r1, [r7, #8]
  71 000a 7A60     		str	r2, [r7, #4]
  69:.\Generated_Source\PSoC4/cyfitter_cfg.c **** 	(void)memcpy(dest, src, n);
  72              		.loc 1 69 0
  73 000c F968     		ldr	r1, [r7, #12]
  74 000e BA68     		ldr	r2, [r7, #8]
  75 0010 7B68     		ldr	r3, [r7, #4]
  76 0012 081C     		mov	r0, r1
  77 0014 111C     		mov	r1, r2
  78 0016 1A1C     		mov	r2, r3
  79 0018 FFF7FEFF 		bl	memcpy
  70:.\Generated_Source\PSoC4/cyfitter_cfg.c **** }
  80              		.loc 1 70 0
  81 001c BD46     		mov	sp, r7
  82 001e 04B0     		add	sp, sp, #16
  83              		@ sp needed
  84 0020 80BD     		pop	{r7, pc}
  85              		.cfi_endproc
  86              	.LFE3:
  87              		.size	CYCONFIGCPY, .-CYCONFIGCPY
  88 0022 C046     		.section	.text.CYCONFIGCPYCODE,"ax",%progbits
  89              		.align	2
  90              		.code	16
  91              		.thumb_func
  92              		.type	CYCONFIGCPYCODE, %function
  93              	CYCONFIGCPYCODE:
  94              	.LFB4:
  71:.\Generated_Source\PSoC4/cyfitter_cfg.c **** CY_CFG_UNUSED
  72:.\Generated_Source\PSoC4/cyfitter_cfg.c **** static void CYCONFIGCPYCODE(void *dest, const void *src, size_t n);
  73:.\Generated_Source\PSoC4/cyfitter_cfg.c **** CY_CFG_UNUSED
  74:.\Generated_Source\PSoC4/cyfitter_cfg.c **** static void CYCONFIGCPYCODE(void *dest, const void *src, size_t n)
  75:.\Generated_Source\PSoC4/cyfitter_cfg.c **** {
  95              		.loc 1 75 0
  96              		.cfi_startproc
ARM GAS  C:\Users\LINETT~1\AppData\Local\Temp\cclxEA1c.s 			page 4


  97 0000 80B5     		push	{r7, lr}
  98              		.cfi_def_cfa_offset 8
  99              		.cfi_offset 7, -8
 100              		.cfi_offset 14, -4
 101 0002 84B0     		sub	sp, sp, #16
 102              		.cfi_def_cfa_offset 24
 103 0004 00AF     		add	r7, sp, #0
 104              		.cfi_def_cfa_register 7
 105 0006 F860     		str	r0, [r7, #12]
 106 0008 B960     		str	r1, [r7, #8]
 107 000a 7A60     		str	r2, [r7, #4]
  76:.\Generated_Source\PSoC4/cyfitter_cfg.c **** 	(void)memcpy(dest, src, n);
 108              		.loc 1 76 0
 109 000c F968     		ldr	r1, [r7, #12]
 110 000e BA68     		ldr	r2, [r7, #8]
 111 0010 7B68     		ldr	r3, [r7, #4]
 112 0012 081C     		mov	r0, r1
 113 0014 111C     		mov	r1, r2
 114 0016 1A1C     		mov	r2, r3
 115 0018 FFF7FEFF 		bl	memcpy
  77:.\Generated_Source\PSoC4/cyfitter_cfg.c **** }
 116              		.loc 1 77 0
 117 001c BD46     		mov	sp, r7
 118 001e 04B0     		add	sp, sp, #16
 119              		@ sp needed
 120 0020 80BD     		pop	{r7, pc}
 121              		.cfi_endproc
 122              	.LFE4:
 123              		.size	CYCONFIGCPYCODE, .-CYCONFIGCPYCODE
 124 0022 C046     		.section	.text.cfg_write_bytes32,"ax",%progbits
 125              		.align	2
 126              		.code	16
 127              		.thumb_func
 128              		.type	cfg_write_bytes32, %function
 129              	cfg_write_bytes32:
 130              	.LFB5:
  78:.\Generated_Source\PSoC4/cyfitter_cfg.c **** 
  79:.\Generated_Source\PSoC4/cyfitter_cfg.c **** 
  80:.\Generated_Source\PSoC4/cyfitter_cfg.c **** 
  81:.\Generated_Source\PSoC4/cyfitter_cfg.c **** /* Clock startup error codes                                                   */
  82:.\Generated_Source\PSoC4/cyfitter_cfg.c **** #define CYCLOCKSTART_NO_ERROR    0u
  83:.\Generated_Source\PSoC4/cyfitter_cfg.c **** #define CYCLOCKSTART_XTAL_ERROR  1u
  84:.\Generated_Source\PSoC4/cyfitter_cfg.c **** #define CYCLOCKSTART_32KHZ_ERROR 2u
  85:.\Generated_Source\PSoC4/cyfitter_cfg.c **** #define CYCLOCKSTART_PLL_ERROR   3u
  86:.\Generated_Source\PSoC4/cyfitter_cfg.c **** 
  87:.\Generated_Source\PSoC4/cyfitter_cfg.c **** #ifdef CY_NEED_CYCLOCKSTARTUPERROR
  88:.\Generated_Source\PSoC4/cyfitter_cfg.c **** /*******************************************************************************
  89:.\Generated_Source\PSoC4/cyfitter_cfg.c **** * Function Name: CyClockStartupError
  90:.\Generated_Source\PSoC4/cyfitter_cfg.c **** ********************************************************************************
  91:.\Generated_Source\PSoC4/cyfitter_cfg.c **** * Summary:
  92:.\Generated_Source\PSoC4/cyfitter_cfg.c **** *  If an error is encountered during clock configuration (crystal startup error,
  93:.\Generated_Source\PSoC4/cyfitter_cfg.c **** *  PLL lock error, etc.), the system will end up here.  Unless reimplemented by
  94:.\Generated_Source\PSoC4/cyfitter_cfg.c **** *  the customer, this function will stop in an infinite loop.
  95:.\Generated_Source\PSoC4/cyfitter_cfg.c **** *
  96:.\Generated_Source\PSoC4/cyfitter_cfg.c **** * Parameters:
  97:.\Generated_Source\PSoC4/cyfitter_cfg.c **** *   void
  98:.\Generated_Source\PSoC4/cyfitter_cfg.c **** *
ARM GAS  C:\Users\LINETT~1\AppData\Local\Temp\cclxEA1c.s 			page 5


  99:.\Generated_Source\PSoC4/cyfitter_cfg.c **** * Return:
 100:.\Generated_Source\PSoC4/cyfitter_cfg.c **** *   void
 101:.\Generated_Source\PSoC4/cyfitter_cfg.c **** *
 102:.\Generated_Source\PSoC4/cyfitter_cfg.c **** *******************************************************************************/
 103:.\Generated_Source\PSoC4/cyfitter_cfg.c **** CY_CFG_UNUSED
 104:.\Generated_Source\PSoC4/cyfitter_cfg.c **** static void CyClockStartupError(uint8 errorCode);
 105:.\Generated_Source\PSoC4/cyfitter_cfg.c **** CY_CFG_UNUSED
 106:.\Generated_Source\PSoC4/cyfitter_cfg.c **** static void CyClockStartupError(uint8 errorCode)
 107:.\Generated_Source\PSoC4/cyfitter_cfg.c **** {
 108:.\Generated_Source\PSoC4/cyfitter_cfg.c ****     /* To remove the compiler warning if errorCode not used.                */
 109:.\Generated_Source\PSoC4/cyfitter_cfg.c ****     errorCode = errorCode;
 110:.\Generated_Source\PSoC4/cyfitter_cfg.c **** 
 111:.\Generated_Source\PSoC4/cyfitter_cfg.c ****     /* `#START CyClockStartupError` */
 112:.\Generated_Source\PSoC4/cyfitter_cfg.c **** 
 113:.\Generated_Source\PSoC4/cyfitter_cfg.c ****     /* If we have a clock startup error (bad MHz crystal, PLL lock, etc.),  */
 114:.\Generated_Source\PSoC4/cyfitter_cfg.c ****     /* we will end up here to allow the customer to implement something to  */
 115:.\Generated_Source\PSoC4/cyfitter_cfg.c ****     /* deal with the clock condition.                                       */
 116:.\Generated_Source\PSoC4/cyfitter_cfg.c **** 
 117:.\Generated_Source\PSoC4/cyfitter_cfg.c ****     /* `#END` */
 118:.\Generated_Source\PSoC4/cyfitter_cfg.c **** 
 119:.\Generated_Source\PSoC4/cyfitter_cfg.c ****     /* If nothing else, stop here since the clocks have not started         */
 120:.\Generated_Source\PSoC4/cyfitter_cfg.c ****     /* correctly.                                                           */
 121:.\Generated_Source\PSoC4/cyfitter_cfg.c ****     while(1) {}
 122:.\Generated_Source\PSoC4/cyfitter_cfg.c **** }
 123:.\Generated_Source\PSoC4/cyfitter_cfg.c **** #endif
 124:.\Generated_Source\PSoC4/cyfitter_cfg.c **** 
 125:.\Generated_Source\PSoC4/cyfitter_cfg.c **** #define CY_CFG_BASE_ADDR_COUNT 1u
 126:.\Generated_Source\PSoC4/cyfitter_cfg.c **** CYPACKED typedef struct
 127:.\Generated_Source\PSoC4/cyfitter_cfg.c **** {
 128:.\Generated_Source\PSoC4/cyfitter_cfg.c **** 	uint8 offset;
 129:.\Generated_Source\PSoC4/cyfitter_cfg.c **** 	uint8 value;
 130:.\Generated_Source\PSoC4/cyfitter_cfg.c **** } CYPACKED_ATTR cy_cfg_addrvalue_t;
 131:.\Generated_Source\PSoC4/cyfitter_cfg.c **** 
 132:.\Generated_Source\PSoC4/cyfitter_cfg.c **** 
 133:.\Generated_Source\PSoC4/cyfitter_cfg.c **** 
 134:.\Generated_Source\PSoC4/cyfitter_cfg.c **** /*******************************************************************************
 135:.\Generated_Source\PSoC4/cyfitter_cfg.c **** * Function Name: cfg_write_bytes32
 136:.\Generated_Source\PSoC4/cyfitter_cfg.c **** ********************************************************************************
 137:.\Generated_Source\PSoC4/cyfitter_cfg.c **** * Summary:
 138:.\Generated_Source\PSoC4/cyfitter_cfg.c **** *  This function is used for setting up the chip configuration areas that
 139:.\Generated_Source\PSoC4/cyfitter_cfg.c **** *  contain relatively sparse data.
 140:.\Generated_Source\PSoC4/cyfitter_cfg.c **** *
 141:.\Generated_Source\PSoC4/cyfitter_cfg.c **** * Parameters:
 142:.\Generated_Source\PSoC4/cyfitter_cfg.c **** *   void
 143:.\Generated_Source\PSoC4/cyfitter_cfg.c **** *
 144:.\Generated_Source\PSoC4/cyfitter_cfg.c **** * Return:
 145:.\Generated_Source\PSoC4/cyfitter_cfg.c **** *   void
 146:.\Generated_Source\PSoC4/cyfitter_cfg.c **** *
 147:.\Generated_Source\PSoC4/cyfitter_cfg.c **** *******************************************************************************/
 148:.\Generated_Source\PSoC4/cyfitter_cfg.c **** static void cfg_write_bytes32(const uint32 addr_table[], const cy_cfg_addrvalue_t data_table[]);
 149:.\Generated_Source\PSoC4/cyfitter_cfg.c **** static void cfg_write_bytes32(const uint32 addr_table[], const cy_cfg_addrvalue_t data_table[])
 150:.\Generated_Source\PSoC4/cyfitter_cfg.c **** {
 131              		.loc 1 150 0
 132              		.cfi_startproc
 133 0000 80B5     		push	{r7, lr}
 134              		.cfi_def_cfa_offset 8
 135              		.cfi_offset 7, -8
ARM GAS  C:\Users\LINETT~1\AppData\Local\Temp\cclxEA1c.s 			page 6


 136              		.cfi_offset 14, -4
 137 0002 86B0     		sub	sp, sp, #24
 138              		.cfi_def_cfa_offset 32
 139 0004 00AF     		add	r7, sp, #0
 140              		.cfi_def_cfa_register 7
 141 0006 7860     		str	r0, [r7, #4]
 142 0008 3960     		str	r1, [r7]
 151:.\Generated_Source\PSoC4/cyfitter_cfg.c **** 	/* For 32-bit little-endian architectures */
 152:.\Generated_Source\PSoC4/cyfitter_cfg.c **** 	uint32 i, j = 0u;
 143              		.loc 1 152 0
 144 000a 0023     		mov	r3, #0
 145 000c 3B61     		str	r3, [r7, #16]
 153:.\Generated_Source\PSoC4/cyfitter_cfg.c **** 	for (i = 0u; i < CY_CFG_BASE_ADDR_COUNT; i++)
 146              		.loc 1 153 0
 147 000e 0023     		mov	r3, #0
 148 0010 7B61     		str	r3, [r7, #20]
 149 0012 2FE0     		b	.L5
 150              	.L8:
 151              	.LBB2:
 154:.\Generated_Source\PSoC4/cyfitter_cfg.c **** 	{
 155:.\Generated_Source\PSoC4/cyfitter_cfg.c **** 		uint32 baseAddr = addr_table[i];
 152              		.loc 1 155 0
 153 0014 7B69     		ldr	r3, [r7, #20]
 154 0016 9B00     		lsl	r3, r3, #2
 155 0018 7A68     		ldr	r2, [r7, #4]
 156 001a D318     		add	r3, r2, r3
 157 001c 1B68     		ldr	r3, [r3]
 158 001e BB60     		str	r3, [r7, #8]
 156:.\Generated_Source\PSoC4/cyfitter_cfg.c **** 		uint8 count = (uint8)baseAddr;
 159              		.loc 1 156 0
 160 0020 0F23     		mov	r3, #15
 161 0022 FB18     		add	r3, r7, r3
 162 0024 BA68     		ldr	r2, [r7, #8]
 163 0026 1A70     		strb	r2, [r3]
 157:.\Generated_Source\PSoC4/cyfitter_cfg.c **** 		baseAddr &= 0xFFFFFF00u;
 164              		.loc 1 157 0
 165 0028 BB68     		ldr	r3, [r7, #8]
 166 002a FF22     		mov	r2, #255
 167 002c 9343     		bic	r3, r2
 168 002e BB60     		str	r3, [r7, #8]
 158:.\Generated_Source\PSoC4/cyfitter_cfg.c **** 		while (count != 0u)
 169              		.loc 1 158 0
 170 0030 18E0     		b	.L6
 171              	.L7:
 159:.\Generated_Source\PSoC4/cyfitter_cfg.c **** 		{
 160:.\Generated_Source\PSoC4/cyfitter_cfg.c **** 			CY_SET_XTND_REG8((void CYFAR *)(baseAddr + data_table[j].offset), data_table[j].value);
 172              		.loc 1 160 0
 173 0032 3B69     		ldr	r3, [r7, #16]
 174 0034 5B00     		lsl	r3, r3, #1
 175 0036 3A68     		ldr	r2, [r7]
 176 0038 D318     		add	r3, r2, r3
 177 003a 1B78     		ldrb	r3, [r3]
 178 003c 1A1C     		mov	r2, r3
 179 003e BB68     		ldr	r3, [r7, #8]
 180 0040 D318     		add	r3, r2, r3
 181 0042 191C     		mov	r1, r3
 182 0044 3B69     		ldr	r3, [r7, #16]
ARM GAS  C:\Users\LINETT~1\AppData\Local\Temp\cclxEA1c.s 			page 7


 183 0046 5B00     		lsl	r3, r3, #1
 184 0048 3A68     		ldr	r2, [r7]
 185 004a D318     		add	r3, r2, r3
 186 004c 5B78     		ldrb	r3, [r3, #1]
 187 004e 0B70     		strb	r3, [r1]
 161:.\Generated_Source\PSoC4/cyfitter_cfg.c **** 			j++;
 188              		.loc 1 161 0
 189 0050 3B69     		ldr	r3, [r7, #16]
 190 0052 0133     		add	r3, r3, #1
 191 0054 3B61     		str	r3, [r7, #16]
 162:.\Generated_Source\PSoC4/cyfitter_cfg.c **** 			count--;
 192              		.loc 1 162 0
 193 0056 0F23     		mov	r3, #15
 194 0058 FB18     		add	r3, r7, r3
 195 005a 1A78     		ldrb	r2, [r3]
 196 005c 0F23     		mov	r3, #15
 197 005e FB18     		add	r3, r7, r3
 198 0060 013A     		sub	r2, r2, #1
 199 0062 1A70     		strb	r2, [r3]
 200              	.L6:
 158:.\Generated_Source\PSoC4/cyfitter_cfg.c **** 		{
 201              		.loc 1 158 0
 202 0064 0F23     		mov	r3, #15
 203 0066 FB18     		add	r3, r7, r3
 204 0068 1B78     		ldrb	r3, [r3]
 205 006a 002B     		cmp	r3, #0
 206 006c E1D1     		bne	.L7
 207              	.LBE2:
 153:.\Generated_Source\PSoC4/cyfitter_cfg.c **** 	{
 208              		.loc 1 153 0 discriminator 2
 209 006e 7B69     		ldr	r3, [r7, #20]
 210 0070 0133     		add	r3, r3, #1
 211 0072 7B61     		str	r3, [r7, #20]
 212              	.L5:
 153:.\Generated_Source\PSoC4/cyfitter_cfg.c **** 	{
 213              		.loc 1 153 0 is_stmt 0 discriminator 1
 214 0074 7B69     		ldr	r3, [r7, #20]
 215 0076 002B     		cmp	r3, #0
 216 0078 CCD0     		beq	.L8
 163:.\Generated_Source\PSoC4/cyfitter_cfg.c **** 		}
 164:.\Generated_Source\PSoC4/cyfitter_cfg.c **** 	}
 165:.\Generated_Source\PSoC4/cyfitter_cfg.c **** }
 217              		.loc 1 165 0 is_stmt 1
 218 007a BD46     		mov	sp, r7
 219 007c 06B0     		add	sp, sp, #24
 220              		@ sp needed
 221 007e 80BD     		pop	{r7, pc}
 222              		.cfi_endproc
 223              	.LFE5:
 224              		.size	cfg_write_bytes32, .-cfg_write_bytes32
 225              		.section	.psocinit,"ax",%progbits
 226              		.align	2
 227              		.code	16
 228              		.thumb_func
 229              		.type	ClockSetup, %function
 230              	ClockSetup:
 231              	.LFB6:
ARM GAS  C:\Users\LINETT~1\AppData\Local\Temp\cclxEA1c.s 			page 8


 166:.\Generated_Source\PSoC4/cyfitter_cfg.c **** 
 167:.\Generated_Source\PSoC4/cyfitter_cfg.c **** 
 168:.\Generated_Source\PSoC4/cyfitter_cfg.c **** /*******************************************************************************
 169:.\Generated_Source\PSoC4/cyfitter_cfg.c **** * Function Name: ClockSetup
 170:.\Generated_Source\PSoC4/cyfitter_cfg.c **** ********************************************************************************
 171:.\Generated_Source\PSoC4/cyfitter_cfg.c **** *
 172:.\Generated_Source\PSoC4/cyfitter_cfg.c **** * Summary:
 173:.\Generated_Source\PSoC4/cyfitter_cfg.c **** *   Performs the initialization of all of the clocks in the device based on the
 174:.\Generated_Source\PSoC4/cyfitter_cfg.c **** *   settings in the Clock tab of the DWR.  This includes enabling the requested
 175:.\Generated_Source\PSoC4/cyfitter_cfg.c **** *   clocks and setting the necessary dividers to produce the desired frequency. 
 176:.\Generated_Source\PSoC4/cyfitter_cfg.c **** *
 177:.\Generated_Source\PSoC4/cyfitter_cfg.c **** * Parameters:
 178:.\Generated_Source\PSoC4/cyfitter_cfg.c **** *   void
 179:.\Generated_Source\PSoC4/cyfitter_cfg.c **** *
 180:.\Generated_Source\PSoC4/cyfitter_cfg.c **** * Return:
 181:.\Generated_Source\PSoC4/cyfitter_cfg.c **** *   void
 182:.\Generated_Source\PSoC4/cyfitter_cfg.c **** *
 183:.\Generated_Source\PSoC4/cyfitter_cfg.c **** *******************************************************************************/
 184:.\Generated_Source\PSoC4/cyfitter_cfg.c **** static void ClockSetup(void);
 185:.\Generated_Source\PSoC4/cyfitter_cfg.c **** CY_CFG_SECTION
 186:.\Generated_Source\PSoC4/cyfitter_cfg.c **** static void ClockSetup(void)
 187:.\Generated_Source\PSoC4/cyfitter_cfg.c **** {
 232              		.loc 1 187 0
 233              		.cfi_startproc
 234 0000 80B5     		push	{r7, lr}
 235              		.cfi_def_cfa_offset 8
 236              		.cfi_offset 7, -8
 237              		.cfi_offset 14, -4
 238 0002 00AF     		add	r7, sp, #0
 239              		.cfi_def_cfa_register 7
 188:.\Generated_Source\PSoC4/cyfitter_cfg.c **** 
 189:.\Generated_Source\PSoC4/cyfitter_cfg.c **** 	/* Set Flash Cycles based on max possible frequency in case a glitch occurs during ClockSetup(). *
 190:.\Generated_Source\PSoC4/cyfitter_cfg.c **** 	CY_SET_REG32((void CYXDATA *)(CYREG_CPUSS_FLASH_CTL), (0x0012u));
 240              		.loc 1 190 0
 241 0004 244B     		ldr	r3, .L10
 242 0006 1222     		mov	r2, #18
 243 0008 1A60     		str	r2, [r3]
 191:.\Generated_Source\PSoC4/cyfitter_cfg.c **** 
 192:.\Generated_Source\PSoC4/cyfitter_cfg.c **** 	/* Start the WCO */
 193:.\Generated_Source\PSoC4/cyfitter_cfg.c **** 	CySysClkWcoStart();
 244              		.loc 1 193 0
 245 000a FFF7FEFF 		bl	CySysClkWcoStart
 194:.\Generated_Source\PSoC4/cyfitter_cfg.c **** 	(void)CySysClkWcoSetPowerMode(CY_SYS_CLK_WCO_LPM);    /* Switch to the low power mode */
 246              		.loc 1 194 0
 247 000e 0120     		mov	r0, #1
 248 0010 FFF7FEFF 		bl	CySysClkWcoSetPowerMode
 195:.\Generated_Source\PSoC4/cyfitter_cfg.c **** 
 196:.\Generated_Source\PSoC4/cyfitter_cfg.c **** 	/* Setup and trim IMO based on desired frequency. */
 197:.\Generated_Source\PSoC4/cyfitter_cfg.c **** 	CySysClkWriteImoFreq(24u);
 249              		.loc 1 197 0
 250 0014 1820     		mov	r0, #24
 251 0016 FFF7FEFF 		bl	CySysClkWriteImoFreq
 198:.\Generated_Source\PSoC4/cyfitter_cfg.c **** 	/* CYDEV_CLK_ILO_CONFIG Starting address: CYDEV_CLK_ILO_CONFIG */
 199:.\Generated_Source\PSoC4/cyfitter_cfg.c **** 	CY_SET_XTND_REG32((void CYFAR *)(CYREG_CLK_ILO_CONFIG), 0x80000006u);
 252              		.loc 1 199 0
 253 001a 204B     		ldr	r3, .L10+4
 254 001c 204A     		ldr	r2, .L10+8
ARM GAS  C:\Users\LINETT~1\AppData\Local\Temp\cclxEA1c.s 			page 9


 255 001e 1A60     		str	r2, [r3]
 200:.\Generated_Source\PSoC4/cyfitter_cfg.c **** 
 201:.\Generated_Source\PSoC4/cyfitter_cfg.c **** 
 202:.\Generated_Source\PSoC4/cyfitter_cfg.c **** 	/* Enable fast start mode for XO */
 203:.\Generated_Source\PSoC4/cyfitter_cfg.c **** 	CY_SET_REG32((void*)CYREG_BLE_BLERD_BB_XO, CY_GET_REG32((void*)CYREG_BLE_BLERD_BB_XO) | (uint32)0x
 256              		.loc 1 203 0
 257 0020 204B     		ldr	r3, .L10+12
 258 0022 204A     		ldr	r2, .L10+12
 259 0024 1268     		ldr	r2, [r2]
 260 0026 0221     		mov	r1, #2
 261 0028 0A43     		orr	r2, r1
 262 002a 1A60     		str	r2, [r3]
 204:.\Generated_Source\PSoC4/cyfitter_cfg.c **** 	CY_SET_XTND_REG32((void CYFAR *)(CYREG_BLE_BLERD_BB_XO_CAPTRIM), 0x00003E2Du);
 263              		.loc 1 204 0
 264 002c 1E4B     		ldr	r3, .L10+16
 265 002e 1F4A     		ldr	r2, .L10+20
 266 0030 1A60     		str	r2, [r3]
 205:.\Generated_Source\PSoC4/cyfitter_cfg.c **** 	/* Disable Crystal Stable Interrupt before enabling ECO */
 206:.\Generated_Source\PSoC4/cyfitter_cfg.c **** 	CY_SET_REG32((void*)CYREG_BLE_BLESS_LL_DSM_CTRL, CY_GET_REG32((void*)CYREG_BLE_BLESS_LL_DSM_CTRL) 
 267              		.loc 1 206 0
 268 0032 1F4B     		ldr	r3, .L10+24
 269 0034 1E4A     		ldr	r2, .L10+24
 270 0036 1268     		ldr	r2, [r2]
 271 0038 0821     		mov	r1, #8
 272 003a 8A43     		bic	r2, r1
 273 003c 1A60     		str	r2, [r3]
 207:.\Generated_Source\PSoC4/cyfitter_cfg.c **** 	/* Start the ECO and do not check status since it is not needed for HFCLK */
 208:.\Generated_Source\PSoC4/cyfitter_cfg.c **** 	(void)CySysClkEcoStart(2000u);
 274              		.loc 1 208 0
 275 003e FA23     		mov	r3, #250
 276 0040 DB00     		lsl	r3, r3, #3
 277 0042 181C     		mov	r0, r3
 278 0044 FFF7FEFF 		bl	CySysClkEcoStart
 209:.\Generated_Source\PSoC4/cyfitter_cfg.c **** 	CyDelayUs(1500u); /* Wait to stabalize */
 279              		.loc 1 209 0
 280 0048 1A4B     		ldr	r3, .L10+28
 281 004a 181C     		mov	r0, r3
 282 004c FFF7FEFF 		bl	CyDelayUs
 210:.\Generated_Source\PSoC4/cyfitter_cfg.c **** 
 211:.\Generated_Source\PSoC4/cyfitter_cfg.c **** 	/* Setup phase aligned clocks */
 212:.\Generated_Source\PSoC4/cyfitter_cfg.c **** 	CY_SET_REG32((void *)CYREG_PERI_DIV_16_CTL1, 0x00000E00u);
 283              		.loc 1 212 0
 284 0050 194B     		ldr	r3, .L10+32
 285 0052 E022     		mov	r2, #224
 286 0054 1201     		lsl	r2, r2, #4
 287 0056 1A60     		str	r2, [r3]
 213:.\Generated_Source\PSoC4/cyfitter_cfg.c **** 	CY_SET_REG32((void *)CYREG_PERI_DIV_CMD, 0x8000FF41u);
 288              		.loc 1 213 0
 289 0058 184B     		ldr	r3, .L10+36
 290 005a 194A     		ldr	r2, .L10+40
 291 005c 1A60     		str	r2, [r3]
 214:.\Generated_Source\PSoC4/cyfitter_cfg.c **** 	CY_SET_REG32((void *)CYREG_PERI_DIV_16_CTL0, 0x00000C00u);
 292              		.loc 1 214 0
 293 005e 194B     		ldr	r3, .L10+44
 294 0060 C022     		mov	r2, #192
 295 0062 1201     		lsl	r2, r2, #4
 296 0064 1A60     		str	r2, [r3]
ARM GAS  C:\Users\LINETT~1\AppData\Local\Temp\cclxEA1c.s 			page 10


 215:.\Generated_Source\PSoC4/cyfitter_cfg.c **** 	CY_SET_REG32((void *)CYREG_PERI_DIV_CMD, 0x8000FF40u);
 297              		.loc 1 215 0
 298 0066 154B     		ldr	r3, .L10+36
 299 0068 174A     		ldr	r2, .L10+48
 300 006a 1A60     		str	r2, [r3]
 216:.\Generated_Source\PSoC4/cyfitter_cfg.c **** 
 217:.\Generated_Source\PSoC4/cyfitter_cfg.c **** 	/* CYDEV_CLK_IMO_CONFIG Starting address: CYDEV_CLK_IMO_CONFIG */
 218:.\Generated_Source\PSoC4/cyfitter_cfg.c **** 	CY_SET_XTND_REG32((void CYFAR *)(CYREG_CLK_IMO_CONFIG), 0x82000000u);
 301              		.loc 1 218 0
 302 006c 174B     		ldr	r3, .L10+52
 303 006e 8222     		mov	r2, #130
 304 0070 1206     		lsl	r2, r2, #24
 305 0072 1A60     		str	r2, [r3]
 219:.\Generated_Source\PSoC4/cyfitter_cfg.c **** 
 220:.\Generated_Source\PSoC4/cyfitter_cfg.c **** 	/* CYDEV_CLK_SELECT Starting address: CYDEV_CLK_SELECT */
 221:.\Generated_Source\PSoC4/cyfitter_cfg.c **** 	CY_SET_XTND_REG32((void CYFAR *)(CYREG_CLK_SELECT), 0x00000000u);
 306              		.loc 1 221 0
 307 0074 164B     		ldr	r3, .L10+56
 308 0076 0022     		mov	r2, #0
 309 0078 1A60     		str	r2, [r3]
 222:.\Generated_Source\PSoC4/cyfitter_cfg.c **** 
 223:.\Generated_Source\PSoC4/cyfitter_cfg.c **** 	/* CYDEV_PERI_PCLK_CTL6 Starting address: CYDEV_PERI_PCLK_CTL6 */
 224:.\Generated_Source\PSoC4/cyfitter_cfg.c **** 	CY_SET_XTND_REG32((void CYFAR *)(CYREG_PERI_PCLK_CTL6), 0x00000041u);
 310              		.loc 1 224 0
 311 007a 164B     		ldr	r3, .L10+60
 312 007c 4122     		mov	r2, #65
 313 007e 1A60     		str	r2, [r3]
 225:.\Generated_Source\PSoC4/cyfitter_cfg.c **** 
 226:.\Generated_Source\PSoC4/cyfitter_cfg.c **** 	/* CYDEV_PERI_PCLK_CTL1 Starting address: CYDEV_PERI_PCLK_CTL1 */
 227:.\Generated_Source\PSoC4/cyfitter_cfg.c **** 	CY_SET_XTND_REG32((void CYFAR *)(CYREG_PERI_PCLK_CTL1), 0x00000040u);
 314              		.loc 1 227 0
 315 0080 154B     		ldr	r3, .L10+64
 316 0082 4022     		mov	r2, #64
 317 0084 1A60     		str	r2, [r3]
 228:.\Generated_Source\PSoC4/cyfitter_cfg.c **** 
 229:.\Generated_Source\PSoC4/cyfitter_cfg.c **** 	CY_SET_XTND_REG32((void CYFAR *)(CYREG_WDT_CONFIG), 0x00000000u);
 318              		.loc 1 229 0
 319 0086 154B     		ldr	r3, .L10+68
 320 0088 0022     		mov	r2, #0
 321 008a 1A60     		str	r2, [r3]
 230:.\Generated_Source\PSoC4/cyfitter_cfg.c **** 	/* Set Flash Cycles based on newly configured 24.00MHz HFCLK. */
 231:.\Generated_Source\PSoC4/cyfitter_cfg.c **** 	CY_SET_REG32((void CYXDATA *)(CYREG_CPUSS_FLASH_CTL), (0x0011u));
 322              		.loc 1 231 0
 323 008c 024B     		ldr	r3, .L10
 324 008e 1122     		mov	r2, #17
 325 0090 1A60     		str	r2, [r3]
 232:.\Generated_Source\PSoC4/cyfitter_cfg.c **** }
 326              		.loc 1 232 0
 327 0092 BD46     		mov	sp, r7
 328              		@ sp needed
 329 0094 80BD     		pop	{r7, pc}
 330              	.L11:
 331 0096 C046     		.align	2
 332              	.L10:
 333 0098 30001040 		.word	1074790448
 334 009c 04010B40 		.word	1074462980
 335 00a0 06000080 		.word	-2147483642
ARM GAS  C:\Users\LINETT~1\AppData\Local\Temp\cclxEA1c.s 			page 11


 336 00a4 78002E40 		.word	1076756600
 337 00a8 7C002E40 		.word	1076756604
 338 00ac 2D3E0000 		.word	15917
 339 00b0 6CF02E40 		.word	1076818028
 340 00b4 DC050000 		.word	1500
 341 00b8 04030140 		.word	1073808132
 342 00bc 00000140 		.word	1073807360
 343 00c0 41FF0080 		.word	-2147418303
 344 00c4 00030140 		.word	1073808128
 345 00c8 40FF0080 		.word	-2147418304
 346 00cc 08010B40 		.word	1074462984
 347 00d0 00010B40 		.word	1074462976
 348 00d4 18010140 		.word	1073807640
 349 00d8 04010140 		.word	1073807620
 350 00dc 0C020B40 		.word	1074463244
 351              		.cfi_endproc
 352              	.LFE6:
 353              		.size	ClockSetup, .-ClockSetup
 354              		.section	.text.AnalogSetDefault,"ax",%progbits
 355              		.align	2
 356              		.code	16
 357              		.thumb_func
 358              		.type	AnalogSetDefault, %function
 359              	AnalogSetDefault:
 360              	.LFB7:
 233:.\Generated_Source\PSoC4/cyfitter_cfg.c **** 
 234:.\Generated_Source\PSoC4/cyfitter_cfg.c **** 
 235:.\Generated_Source\PSoC4/cyfitter_cfg.c **** /* Analog API Functions */
 236:.\Generated_Source\PSoC4/cyfitter_cfg.c **** 
 237:.\Generated_Source\PSoC4/cyfitter_cfg.c **** 
 238:.\Generated_Source\PSoC4/cyfitter_cfg.c **** /*******************************************************************************
 239:.\Generated_Source\PSoC4/cyfitter_cfg.c **** * Function Name: AnalogSetDefault
 240:.\Generated_Source\PSoC4/cyfitter_cfg.c **** ********************************************************************************
 241:.\Generated_Source\PSoC4/cyfitter_cfg.c **** *
 242:.\Generated_Source\PSoC4/cyfitter_cfg.c **** * Summary:
 243:.\Generated_Source\PSoC4/cyfitter_cfg.c **** *  Sets up the analog portions of the chip to default values based on chip
 244:.\Generated_Source\PSoC4/cyfitter_cfg.c **** *  configuration options from the project.
 245:.\Generated_Source\PSoC4/cyfitter_cfg.c **** *
 246:.\Generated_Source\PSoC4/cyfitter_cfg.c **** * Parameters:
 247:.\Generated_Source\PSoC4/cyfitter_cfg.c **** *  void
 248:.\Generated_Source\PSoC4/cyfitter_cfg.c **** *
 249:.\Generated_Source\PSoC4/cyfitter_cfg.c **** * Return:
 250:.\Generated_Source\PSoC4/cyfitter_cfg.c **** *  void
 251:.\Generated_Source\PSoC4/cyfitter_cfg.c **** *
 252:.\Generated_Source\PSoC4/cyfitter_cfg.c **** *******************************************************************************/
 253:.\Generated_Source\PSoC4/cyfitter_cfg.c **** static void AnalogSetDefault(void);
 254:.\Generated_Source\PSoC4/cyfitter_cfg.c **** static void AnalogSetDefault(void)
 255:.\Generated_Source\PSoC4/cyfitter_cfg.c **** {
 361              		.loc 1 255 0
 362              		.cfi_startproc
 363 0000 80B5     		push	{r7, lr}
 364              		.cfi_def_cfa_offset 8
 365              		.cfi_offset 7, -8
 366              		.cfi_offset 14, -4
 367 0002 00AF     		add	r7, sp, #0
 368              		.cfi_def_cfa_register 7
 256:.\Generated_Source\PSoC4/cyfitter_cfg.c **** 	CY_SET_XTND_REG32((void CYFAR *)CYREG_CTBM0_DFT_CTRL, 0x00000003u);
ARM GAS  C:\Users\LINETT~1\AppData\Local\Temp\cclxEA1c.s 			page 12


 369              		.loc 1 256 0
 370 0004 084B     		ldr	r3, .L13
 371 0006 0322     		mov	r2, #3
 372 0008 1A60     		str	r2, [r3]
 257:.\Generated_Source\PSoC4/cyfitter_cfg.c **** 	CY_SET_XTND_REG32((void CYFAR *)CYREG_CTBM1_DFT_CTRL, 0x00000003u);
 373              		.loc 1 257 0
 374 000a 084B     		ldr	r3, .L13+4
 375 000c 0322     		mov	r2, #3
 376 000e 1A60     		str	r2, [r3]
 258:.\Generated_Source\PSoC4/cyfitter_cfg.c **** 	CY_SET_XTND_REG32((void CYFAR *)CYREG_SAR_CTRL, 0x08000000u);
 377              		.loc 1 258 0
 378 0010 074B     		ldr	r3, .L13+8
 379 0012 8022     		mov	r2, #128
 380 0014 1205     		lsl	r2, r2, #20
 381 0016 1A60     		str	r2, [r3]
 259:.\Generated_Source\PSoC4/cyfitter_cfg.c **** 	CY_SET_XTND_REG32((void CYFAR *)CYREG_SAR_MUX_SWITCH0, 0x00000001u);
 382              		.loc 1 259 0
 383 0018 064B     		ldr	r3, .L13+12
 384 001a 0122     		mov	r2, #1
 385 001c 1A60     		str	r2, [r3]
 260:.\Generated_Source\PSoC4/cyfitter_cfg.c **** 	CY_SET_XTND_REG32((void CYFAR *)CYREG_PASS_DSAB_DSAB_CTRL, 0x00000000u);
 386              		.loc 1 260 0
 387 001e 064B     		ldr	r3, .L13+16
 388 0020 0022     		mov	r2, #0
 389 0022 1A60     		str	r2, [r3]
 261:.\Generated_Source\PSoC4/cyfitter_cfg.c **** }
 390              		.loc 1 261 0
 391 0024 BD46     		mov	sp, r7
 392              		@ sp needed
 393 0026 80BD     		pop	{r7, pc}
 394              	.L14:
 395              		.align	2
 396              	.L13:
 397 0028 30003040 		.word	1076887600
 398 002c 30003140 		.word	1076953136
 399 0030 00003A40 		.word	1077542912
 400 0034 00033A40 		.word	1077543680
 401 0038 000E3F40 		.word	1077874176
 402              		.cfi_endproc
 403              	.LFE7:
 404              		.size	AnalogSetDefault, .-AnalogSetDefault
 405              		.section	.psocinit
 406              		.align	2
 407              		.global	cyfitter_cfg
 408              		.code	16
 409              		.thumb_func
 410              		.type	cyfitter_cfg, %function
 411              	cyfitter_cfg:
 412              	.LFB8:
 262:.\Generated_Source\PSoC4/cyfitter_cfg.c **** 
 263:.\Generated_Source\PSoC4/cyfitter_cfg.c **** #define CY_AMUX_UNUSED CYREG_CM0_ROM_DWT
 264:.\Generated_Source\PSoC4/cyfitter_cfg.c **** 
 265:.\Generated_Source\PSoC4/cyfitter_cfg.c **** 
 266:.\Generated_Source\PSoC4/cyfitter_cfg.c **** /*******************************************************************************
 267:.\Generated_Source\PSoC4/cyfitter_cfg.c **** * Function Name: cyfitter_cfg
 268:.\Generated_Source\PSoC4/cyfitter_cfg.c **** ********************************************************************************
 269:.\Generated_Source\PSoC4/cyfitter_cfg.c **** * Summary:
ARM GAS  C:\Users\LINETT~1\AppData\Local\Temp\cclxEA1c.s 			page 13


 270:.\Generated_Source\PSoC4/cyfitter_cfg.c **** *  This function is called by the start-up code for the selected device. It
 271:.\Generated_Source\PSoC4/cyfitter_cfg.c **** *  performs all of the necessary device configuration based on the design
 272:.\Generated_Source\PSoC4/cyfitter_cfg.c **** *  settings.  This includes settings from the Design Wide Resources (DWR) such
 273:.\Generated_Source\PSoC4/cyfitter_cfg.c **** *  as Clocks and Pins as well as any component configuration that is necessary.
 274:.\Generated_Source\PSoC4/cyfitter_cfg.c **** *
 275:.\Generated_Source\PSoC4/cyfitter_cfg.c **** * Parameters:  
 276:.\Generated_Source\PSoC4/cyfitter_cfg.c **** *   void
 277:.\Generated_Source\PSoC4/cyfitter_cfg.c **** *
 278:.\Generated_Source\PSoC4/cyfitter_cfg.c **** * Return:
 279:.\Generated_Source\PSoC4/cyfitter_cfg.c **** *   void
 280:.\Generated_Source\PSoC4/cyfitter_cfg.c **** *
 281:.\Generated_Source\PSoC4/cyfitter_cfg.c **** *******************************************************************************/
 282:.\Generated_Source\PSoC4/cyfitter_cfg.c **** CY_CFG_SECTION
 283:.\Generated_Source\PSoC4/cyfitter_cfg.c **** void cyfitter_cfg(void)
 284:.\Generated_Source\PSoC4/cyfitter_cfg.c **** {
 413              		.loc 1 284 0
 414              		.cfi_startproc
 415 00e0 80B5     		push	{r7, lr}
 416              		.cfi_def_cfa_offset 8
 417              		.cfi_offset 7, -8
 418              		.cfi_offset 14, -4
 419 00e2 82B0     		sub	sp, sp, #8
 420              		.cfi_def_cfa_offset 16
 421 00e4 00AF     		add	r7, sp, #0
 422              		.cfi_def_cfa_register 7
 285:.\Generated_Source\PSoC4/cyfitter_cfg.c **** 	/* Disable interrupts by default. Let user enable if/when they want. */
 286:.\Generated_Source\PSoC4/cyfitter_cfg.c **** 	CyGlobalIntDisable;
 423              		.loc 1 286 0
 424              	@ 286 ".\Generated_Source\PSoC4\cyfitter_cfg.c" 1
 425 00e6 72B6     		CPSID   i
 426              	@ 0 "" 2
 287:.\Generated_Source\PSoC4/cyfitter_cfg.c **** 
 288:.\Generated_Source\PSoC4/cyfitter_cfg.c **** 	CY_SET_XTND_REG32((void CYFAR *)(CYREG_BLE_BLESS_LL_DSM_CTRL), 0x00000000u);
 427              		.loc 1 288 0
 428              		.code	16
 429 00e8 424B     		ldr	r3, .L18
 430 00ea 0022     		mov	r2, #0
 431 00ec 1A60     		str	r2, [r3]
 289:.\Generated_Source\PSoC4/cyfitter_cfg.c **** 
 290:.\Generated_Source\PSoC4/cyfitter_cfg.c **** 	/* Enable the clock in the interrupt controller for the routed interrupts */
 291:.\Generated_Source\PSoC4/cyfitter_cfg.c **** 	CY_SET_REG8((void *)CYREG_UDB_UDBIF_INT_CLK_CTL, 0x01u);
 432              		.loc 1 291 0
 433 00ee 424B     		ldr	r3, .L18+4
 434 00f0 0122     		mov	r2, #1
 435 00f2 1A70     		strb	r2, [r3]
 436              	.LBB3:
 292:.\Generated_Source\PSoC4/cyfitter_cfg.c **** 	{
 293:.\Generated_Source\PSoC4/cyfitter_cfg.c **** 		static const uint32 CYCODE cy_cfg_addr_table[] = {
 294:.\Generated_Source\PSoC4/cyfitter_cfg.c **** 			0x400F4104u, /* Base address: 0x400F4100 Count: 4 */
 295:.\Generated_Source\PSoC4/cyfitter_cfg.c **** 		};
 296:.\Generated_Source\PSoC4/cyfitter_cfg.c **** 
 297:.\Generated_Source\PSoC4/cyfitter_cfg.c **** 		static const cy_cfg_addrvalue_t CYCODE cy_cfg_data_table[] = {
 298:.\Generated_Source\PSoC4/cyfitter_cfg.c **** 			{0x2Fu, 0x08u},
 299:.\Generated_Source\PSoC4/cyfitter_cfg.c **** 			{0x6Fu, 0x08u},
 300:.\Generated_Source\PSoC4/cyfitter_cfg.c **** 			{0xCAu, 0x20u},
 301:.\Generated_Source\PSoC4/cyfitter_cfg.c **** 			{0xDAu, 0x80u},
 302:.\Generated_Source\PSoC4/cyfitter_cfg.c **** 		};
ARM GAS  C:\Users\LINETT~1\AppData\Local\Temp\cclxEA1c.s 			page 14


 303:.\Generated_Source\PSoC4/cyfitter_cfg.c **** 
 304:.\Generated_Source\PSoC4/cyfitter_cfg.c **** 
 305:.\Generated_Source\PSoC4/cyfitter_cfg.c **** 
 306:.\Generated_Source\PSoC4/cyfitter_cfg.c **** 		CYPACKED typedef struct {
 307:.\Generated_Source\PSoC4/cyfitter_cfg.c **** 			void CYFAR *address;
 308:.\Generated_Source\PSoC4/cyfitter_cfg.c **** 			uint16 size;
 309:.\Generated_Source\PSoC4/cyfitter_cfg.c **** 		} CYPACKED_ATTR cfg_memset_t;
 310:.\Generated_Source\PSoC4/cyfitter_cfg.c **** 
 311:.\Generated_Source\PSoC4/cyfitter_cfg.c **** 		static const cfg_memset_t CYCODE cfg_memset_list [] = {
 312:.\Generated_Source\PSoC4/cyfitter_cfg.c **** 			/* address, size */
 313:.\Generated_Source\PSoC4/cyfitter_cfg.c **** 			{(void CYFAR *)(CYDEV_UDB_P0_U0_BASE), 1024u},
 314:.\Generated_Source\PSoC4/cyfitter_cfg.c **** 			{(void CYFAR *)(CYDEV_UDB_DSI0_BASE), 1024u},
 315:.\Generated_Source\PSoC4/cyfitter_cfg.c **** 		};
 316:.\Generated_Source\PSoC4/cyfitter_cfg.c **** 
 317:.\Generated_Source\PSoC4/cyfitter_cfg.c **** 		uint8 CYDATA i;
 318:.\Generated_Source\PSoC4/cyfitter_cfg.c **** 
 319:.\Generated_Source\PSoC4/cyfitter_cfg.c **** 		/* Zero out critical memory blocks before beginning configuration */
 320:.\Generated_Source\PSoC4/cyfitter_cfg.c **** 		for (i = 0u; i < (sizeof(cfg_memset_list)/sizeof(cfg_memset_list[0])); i++)
 437              		.loc 1 320 0
 438 00f4 FB1D     		add	r3, r7, #7
 439 00f6 0022     		mov	r2, #0
 440 00f8 1A70     		strb	r2, [r3]
 441 00fa 23E0     		b	.L16
 442              	.L17:
 443              	.LBB4:
 321:.\Generated_Source\PSoC4/cyfitter_cfg.c **** 		{
 322:.\Generated_Source\PSoC4/cyfitter_cfg.c **** 			const cfg_memset_t CYCODE * CYDATA ms = &cfg_memset_list[i];
 444              		.loc 1 322 0 discriminator 3
 445 00fc FB1D     		add	r3, r7, #7
 446 00fe 1A78     		ldrb	r2, [r3]
 447 0100 131C     		mov	r3, r2
 448 0102 5B00     		lsl	r3, r3, #1
 449 0104 9B18     		add	r3, r3, r2
 450 0106 5B00     		lsl	r3, r3, #1
 451 0108 3C4A     		ldr	r2, .L18+8
 452 010a 9B18     		add	r3, r3, r2
 453 010c 3B60     		str	r3, [r7]
 323:.\Generated_Source\PSoC4/cyfitter_cfg.c **** 			CYMEMZERO(ms->address, (size_t)(uint32)(ms->size));
 454              		.loc 1 323 0 discriminator 3
 455 010e 3B68     		ldr	r3, [r7]
 456 0110 1A78     		ldrb	r2, [r3]
 457 0112 5978     		ldrb	r1, [r3, #1]
 458 0114 0902     		lsl	r1, r1, #8
 459 0116 0A43     		orr	r2, r1
 460 0118 9978     		ldrb	r1, [r3, #2]
 461 011a 0904     		lsl	r1, r1, #16
 462 011c 0A43     		orr	r2, r1
 463 011e DB78     		ldrb	r3, [r3, #3]
 464 0120 1B06     		lsl	r3, r3, #24
 465 0122 1343     		orr	r3, r2
 466 0124 191C     		mov	r1, r3
 467 0126 3B68     		ldr	r3, [r7]
 468 0128 1A79     		ldrb	r2, [r3, #4]
 469 012a 5B79     		ldrb	r3, [r3, #5]
 470 012c 1B02     		lsl	r3, r3, #8
 471 012e 1343     		orr	r3, r2
 472 0130 9BB2     		uxth	r3, r3
ARM GAS  C:\Users\LINETT~1\AppData\Local\Temp\cclxEA1c.s 			page 15


 473 0132 081C     		mov	r0, r1
 474 0134 191C     		mov	r1, r3
 475 0136 FFF7FEFF 		bl	CYMEMZERO
 476              	.LBE4:
 320:.\Generated_Source\PSoC4/cyfitter_cfg.c **** 		{
 477              		.loc 1 320 0 discriminator 3
 478 013a FB1D     		add	r3, r7, #7
 479 013c 1A78     		ldrb	r2, [r3]
 480 013e FB1D     		add	r3, r7, #7
 481 0140 0132     		add	r2, r2, #1
 482 0142 1A70     		strb	r2, [r3]
 483              	.L16:
 320:.\Generated_Source\PSoC4/cyfitter_cfg.c **** 		{
 484              		.loc 1 320 0 is_stmt 0 discriminator 1
 485 0144 FB1D     		add	r3, r7, #7
 486 0146 1B78     		ldrb	r3, [r3]
 487 0148 012B     		cmp	r3, #1
 488 014a D7D9     		bls	.L17
 324:.\Generated_Source\PSoC4/cyfitter_cfg.c **** 		}
 325:.\Generated_Source\PSoC4/cyfitter_cfg.c **** 
 326:.\Generated_Source\PSoC4/cyfitter_cfg.c **** 		cfg_write_bytes32(cy_cfg_addr_table, cy_cfg_data_table);
 489              		.loc 1 326 0 is_stmt 1
 490 014c 2C4A     		ldr	r2, .L18+12
 491 014e 2D4B     		ldr	r3, .L18+16
 492 0150 101C     		mov	r0, r2
 493 0152 191C     		mov	r1, r3
 494 0154 FFF7FEFF 		bl	cfg_write_bytes32
 327:.\Generated_Source\PSoC4/cyfitter_cfg.c **** 
 328:.\Generated_Source\PSoC4/cyfitter_cfg.c **** 		/* HSIOM Starting address: CYDEV_HSIOM_BASE */
 329:.\Generated_Source\PSoC4/cyfitter_cfg.c **** 		CY_SET_XTND_REG32((void CYFAR *)(CYDEV_HSIOM_BASE), 0xEE000000u);
 495              		.loc 1 329 0
 496 0158 2B4B     		ldr	r3, .L18+20
 497 015a EE22     		mov	r2, #238
 498 015c 1206     		lsl	r2, r2, #24
 499 015e 1A60     		str	r2, [r3]
 330:.\Generated_Source\PSoC4/cyfitter_cfg.c **** 		CY_SET_XTND_REG32((void CYFAR *)(CYREG_HSIOM_PORT_SEL1), 0x00990000u);
 500              		.loc 1 330 0
 501 0160 2A4B     		ldr	r3, .L18+24
 502 0162 9922     		mov	r2, #153
 503 0164 1204     		lsl	r2, r2, #16
 504 0166 1A60     		str	r2, [r3]
 331:.\Generated_Source\PSoC4/cyfitter_cfg.c **** 
 332:.\Generated_Source\PSoC4/cyfitter_cfg.c **** 		/* UDB_PA_0 Starting address: CYDEV_UDB_PA0_BASE */
 333:.\Generated_Source\PSoC4/cyfitter_cfg.c **** 		CY_SET_XTND_REG32((void CYFAR *)(CYDEV_UDB_PA0_BASE), 0x00990000u);
 505              		.loc 1 333 0
 506 0168 294B     		ldr	r3, .L18+28
 507 016a 9922     		mov	r2, #153
 508 016c 1204     		lsl	r2, r2, #16
 509 016e 1A60     		str	r2, [r3]
 334:.\Generated_Source\PSoC4/cyfitter_cfg.c **** 
 335:.\Generated_Source\PSoC4/cyfitter_cfg.c **** 		/* UDB_PA_1 Starting address: CYDEV_UDB_PA1_BASE */
 336:.\Generated_Source\PSoC4/cyfitter_cfg.c **** 		CY_SET_XTND_REG32((void CYFAR *)(CYDEV_UDB_PA1_BASE), 0x00990000u);
 510              		.loc 1 336 0
 511 0170 284B     		ldr	r3, .L18+32
 512 0172 9922     		mov	r2, #153
 513 0174 1204     		lsl	r2, r2, #16
 514 0176 1A60     		str	r2, [r3]
ARM GAS  C:\Users\LINETT~1\AppData\Local\Temp\cclxEA1c.s 			page 16


 337:.\Generated_Source\PSoC4/cyfitter_cfg.c **** 
 338:.\Generated_Source\PSoC4/cyfitter_cfg.c **** 		/* UDB_PA_3 Starting address: CYDEV_UDB_PA3_BASE */
 339:.\Generated_Source\PSoC4/cyfitter_cfg.c **** 		CY_SET_XTND_REG32((void CYFAR *)(CYDEV_UDB_PA3_BASE), 0x00990000u);
 515              		.loc 1 339 0
 516 0178 274B     		ldr	r3, .L18+36
 517 017a 9922     		mov	r2, #153
 518 017c 1204     		lsl	r2, r2, #16
 519 017e 1A60     		str	r2, [r3]
 340:.\Generated_Source\PSoC4/cyfitter_cfg.c **** 
 341:.\Generated_Source\PSoC4/cyfitter_cfg.c **** 		/* INT_SELECT Starting address: CYDEV_CPUSS_INT_SEL */
 342:.\Generated_Source\PSoC4/cyfitter_cfg.c **** 		CY_SET_XTND_REG32((void CYFAR *)(CYREG_CPUSS_INT_SEL), 0x00000002u);
 520              		.loc 1 342 0
 521 0180 264B     		ldr	r3, .L18+40
 522 0182 0222     		mov	r2, #2
 523 0184 1A60     		str	r2, [r3]
 343:.\Generated_Source\PSoC4/cyfitter_cfg.c **** 
 344:.\Generated_Source\PSoC4/cyfitter_cfg.c **** 		/* Enable digital routing */
 345:.\Generated_Source\PSoC4/cyfitter_cfg.c **** 		CY_SET_XTND_REG8((void *)CYREG_UDB_UDBIF_BANK_CTL, CY_GET_XTND_REG8((void *)CYREG_UDB_UDBIF_BANK_
 524              		.loc 1 345 0
 525 0186 264A     		ldr	r2, .L18+44
 526 0188 254B     		ldr	r3, .L18+44
 527 018a 1B78     		ldrb	r3, [r3]
 528 018c DBB2     		uxtb	r3, r3
 529 018e 0221     		mov	r1, #2
 530 0190 0B43     		orr	r3, r1
 531 0192 DBB2     		uxtb	r3, r3
 532 0194 1370     		strb	r3, [r2]
 346:.\Generated_Source\PSoC4/cyfitter_cfg.c **** 
 347:.\Generated_Source\PSoC4/cyfitter_cfg.c **** 		/* Enable UDB array */
 348:.\Generated_Source\PSoC4/cyfitter_cfg.c **** 		CY_SET_XTND_REG8((void *)CYREG_UDB_UDBIF_WAIT_CFG, (uint8)((CY_GET_XTND_REG8((void *)CYREG_UDB_UD
 533              		.loc 1 348 0
 534 0196 234A     		ldr	r2, .L18+48
 535 0198 224B     		ldr	r3, .L18+48
 536 019a 1B78     		ldrb	r3, [r3]
 537 019c DBB2     		uxtb	r3, r3
 538 019e 3C21     		mov	r1, #60
 539 01a0 8B43     		bic	r3, r1
 540 01a2 DBB2     		uxtb	r3, r3
 541 01a4 1421     		mov	r1, #20
 542 01a6 0B43     		orr	r3, r1
 543 01a8 DBB2     		uxtb	r3, r3
 544 01aa 1370     		strb	r3, [r2]
 349:.\Generated_Source\PSoC4/cyfitter_cfg.c **** 		CY_SET_XTND_REG8((void *)CYREG_UDB_UDBIF_BANK_CTL, (uint8)(CY_GET_XTND_REG8((void *)CYREG_UDB_UDB
 545              		.loc 1 349 0
 546 01ac 1C4A     		ldr	r2, .L18+44
 547 01ae 1C4B     		ldr	r3, .L18+44
 548 01b0 1B78     		ldrb	r3, [r3]
 549 01b2 DBB2     		uxtb	r3, r3
 550 01b4 1621     		mov	r1, #22
 551 01b6 0B43     		orr	r3, r1
 552 01b8 DBB2     		uxtb	r3, r3
 553 01ba 1370     		strb	r3, [r2]
 554              	.LBE3:
 350:.\Generated_Source\PSoC4/cyfitter_cfg.c **** 	}
 351:.\Generated_Source\PSoC4/cyfitter_cfg.c **** 
 352:.\Generated_Source\PSoC4/cyfitter_cfg.c **** 	/* Perform second pass device configuration. These items must be configured in specific order afte
 353:.\Generated_Source\PSoC4/cyfitter_cfg.c **** 	/* IOPINS0_0 Starting address: CYDEV_GPIO_PRT0_BASE */
ARM GAS  C:\Users\LINETT~1\AppData\Local\Temp\cclxEA1c.s 			page 17


 354:.\Generated_Source\PSoC4/cyfitter_cfg.c **** 	CY_SET_XTND_REG32((void CYFAR *)(CYREG_GPIO_PRT0_PC), 0x00D80000u);
 555              		.loc 1 354 0
 556 01bc 1A4B     		ldr	r3, .L18+52
 557 01be D822     		mov	r2, #216
 558 01c0 1204     		lsl	r2, r2, #16
 559 01c2 1A60     		str	r2, [r3]
 355:.\Generated_Source\PSoC4/cyfitter_cfg.c **** 
 356:.\Generated_Source\PSoC4/cyfitter_cfg.c **** 	/* IOPINS0_1 Starting address: CYDEV_GPIO_PRT1_BASE */
 357:.\Generated_Source\PSoC4/cyfitter_cfg.c **** 	CY_SET_XTND_REG32((void CYFAR *)(CYDEV_GPIO_PRT1_BASE), 0x00000020u);
 560              		.loc 1 357 0
 561 01c4 194B     		ldr	r3, .L18+56
 562 01c6 2022     		mov	r2, #32
 563 01c8 1A60     		str	r2, [r3]
 358:.\Generated_Source\PSoC4/cyfitter_cfg.c **** 	CY_SET_XTND_REG32((void CYFAR *)(CYREG_GPIO_PRT1_PC), 0x00031000u);
 564              		.loc 1 358 0
 565 01ca 194B     		ldr	r3, .L18+60
 566 01cc C422     		mov	r2, #196
 567 01ce 9202     		lsl	r2, r2, #10
 568 01d0 1A60     		str	r2, [r3]
 359:.\Generated_Source\PSoC4/cyfitter_cfg.c **** 	CY_SET_XTND_REG32((void CYFAR *)(CYREG_GPIO_PRT1_PC2), 0x00000020u);
 569              		.loc 1 359 0
 570 01d2 184B     		ldr	r3, .L18+64
 571 01d4 2022     		mov	r2, #32
 572 01d6 1A60     		str	r2, [r3]
 360:.\Generated_Source\PSoC4/cyfitter_cfg.c **** 
 361:.\Generated_Source\PSoC4/cyfitter_cfg.c **** 	/* IOPINS0_3 Starting address: CYDEV_GPIO_PRT3_BASE */
 362:.\Generated_Source\PSoC4/cyfitter_cfg.c **** 	CY_SET_XTND_REG32((void CYFAR *)(CYDEV_GPIO_PRT3_BASE), 0x00000001u);
 573              		.loc 1 362 0
 574 01d8 174B     		ldr	r3, .L18+68
 575 01da 0122     		mov	r2, #1
 576 01dc 1A60     		str	r2, [r3]
 363:.\Generated_Source\PSoC4/cyfitter_cfg.c **** 	CY_SET_XTND_REG32((void CYFAR *)(CYREG_GPIO_PRT3_PC2), 0x00000001u);
 577              		.loc 1 363 0
 578 01de 174B     		ldr	r3, .L18+72
 579 01e0 0122     		mov	r2, #1
 580 01e2 1A60     		str	r2, [r3]
 364:.\Generated_Source\PSoC4/cyfitter_cfg.c **** 
 365:.\Generated_Source\PSoC4/cyfitter_cfg.c **** 
 366:.\Generated_Source\PSoC4/cyfitter_cfg.c **** 	/* Setup clocks based on selections from Clock DWR */
 367:.\Generated_Source\PSoC4/cyfitter_cfg.c **** 	ClockSetup();
 581              		.loc 1 367 0
 582 01e4 FFF70CFF 		bl	ClockSetup
 368:.\Generated_Source\PSoC4/cyfitter_cfg.c **** 
 369:.\Generated_Source\PSoC4/cyfitter_cfg.c **** 	/* Perform basic analog initialization to defaults */
 370:.\Generated_Source\PSoC4/cyfitter_cfg.c **** 	AnalogSetDefault();
 583              		.loc 1 370 0
 584 01e8 FFF7FEFF 		bl	AnalogSetDefault
 371:.\Generated_Source\PSoC4/cyfitter_cfg.c **** 
 372:.\Generated_Source\PSoC4/cyfitter_cfg.c **** }
 585              		.loc 1 372 0
 586 01ec BD46     		mov	sp, r7
 587 01ee 02B0     		add	sp, sp, #8
 588              		@ sp needed
 589 01f0 80BD     		pop	{r7, pc}
 590              	.L19:
 591 01f2 C046     		.align	2
 592              	.L18:
ARM GAS  C:\Users\LINETT~1\AppData\Local\Temp\cclxEA1c.s 			page 18


 593 01f4 6CF02E40 		.word	1076818028
 594 01f8 1C700F40 		.word	1074753564
 595 01fc 00000000 		.word	cfg_memset_list.4765
 596 0200 0C000000 		.word	cy_cfg_addr_table.4759
 597 0204 10000000 		.word	cy_cfg_data_table.4760
 598 0208 00000240 		.word	1073872896
 599 020c 00010240 		.word	1073873152
 600 0210 00500F40 		.word	1074745344
 601 0214 10500F40 		.word	1074745360
 602 0218 30500F40 		.word	1074745392
 603 021c 20001040 		.word	1074790432
 604 0220 00700F40 		.word	1074753536
 605 0224 01700F40 		.word	1074753537
 606 0228 08000440 		.word	1074003976
 607 022c 00010440 		.word	1074004224
 608 0230 08010440 		.word	1074004232
 609 0234 18010440 		.word	1074004248
 610 0238 00030440 		.word	1074004736
 611 023c 18030440 		.word	1074004760
 612              		.cfi_endproc
 613              	.LFE8:
 614              		.size	cyfitter_cfg, .-cyfitter_cfg
 615              		.section	.rodata
 616              		.align	2
 617              		.type	cfg_memset_list.4765, %object
 618              		.size	cfg_memset_list.4765, 12
 619              	cfg_memset_list.4765:
 620 0000 00300F40 		.word	1074737152
 621 0004 0004     		.short	1024
 622 0006 00400F40 		.4byte	1074741248
 623 000a 0004     		.short	1024
 624              		.align	2
 625              		.type	cy_cfg_addr_table.4759, %object
 626              		.size	cy_cfg_addr_table.4759, 4
 627              	cy_cfg_addr_table.4759:
 628 000c 04410F40 		.word	1074741508
 629              		.align	2
 630              		.type	cy_cfg_data_table.4760, %object
 631              		.size	cy_cfg_data_table.4760, 8
 632              	cy_cfg_data_table.4760:
 633 0010 2F       		.byte	47
 634 0011 08       		.byte	8
 635 0012 6F       		.byte	111
 636 0013 08       		.byte	8
 637 0014 CA       		.byte	-54
 638 0015 20       		.byte	32
 639 0016 DA       		.byte	-38
 640 0017 80       		.byte	-128
 641              		.text
 642              	.Letext0:
 643              		.file 2 "c:\\program files (x86)\\cypress\\psoc creator\\3.3\\psoc creator\\import\\gnu\\arm\\4.9.
 644              		.file 3 ".\\Generated_Source\\PSoC4\\cytypes.h"
 645              		.section	.debug_info,"",%progbits
 646              	.Ldebug_info0:
 647 0000 52030000 		.4byte	0x352
 648 0004 0400     		.2byte	0x4
 649 0006 00000000 		.4byte	.Ldebug_abbrev0
ARM GAS  C:\Users\LINETT~1\AppData\Local\Temp\cclxEA1c.s 			page 19


 650 000a 04       		.byte	0x4
 651 000b 01       		.uleb128 0x1
 652 000c F8000000 		.4byte	.LASF39
 653 0010 01       		.byte	0x1
 654 0011 1F020000 		.4byte	.LASF40
 655 0015 B2010000 		.4byte	.LASF41
 656 0019 00000000 		.4byte	.Ldebug_ranges0+0
 657 001d 00000000 		.4byte	0
 658 0021 00000000 		.4byte	.Ldebug_line0
 659 0025 02       		.uleb128 0x2
 660 0026 04       		.byte	0x4
 661 0027 05       		.byte	0x5
 662 0028 696E7400 		.ascii	"int\000"
 663 002c 03       		.uleb128 0x3
 664 002d 06000000 		.4byte	.LASF11
 665 0031 02       		.byte	0x2
 666 0032 D4       		.byte	0xd4
 667 0033 37000000 		.4byte	0x37
 668 0037 04       		.uleb128 0x4
 669 0038 04       		.byte	0x4
 670 0039 07       		.byte	0x7
 671 003a 86010000 		.4byte	.LASF0
 672 003e 04       		.uleb128 0x4
 673 003f 01       		.byte	0x1
 674 0040 06       		.byte	0x6
 675 0041 87020000 		.4byte	.LASF1
 676 0045 04       		.uleb128 0x4
 677 0046 01       		.byte	0x1
 678 0047 08       		.byte	0x8
 679 0048 A0000000 		.4byte	.LASF2
 680 004c 04       		.uleb128 0x4
 681 004d 02       		.byte	0x2
 682 004e 05       		.byte	0x5
 683 004f 74020000 		.4byte	.LASF3
 684 0053 04       		.uleb128 0x4
 685 0054 02       		.byte	0x2
 686 0055 07       		.byte	0x7
 687 0056 93020000 		.4byte	.LASF4
 688 005a 04       		.uleb128 0x4
 689 005b 04       		.byte	0x4
 690 005c 05       		.byte	0x5
 691 005d 7E020000 		.4byte	.LASF5
 692 0061 04       		.uleb128 0x4
 693 0062 04       		.byte	0x4
 694 0063 07       		.byte	0x7
 695 0064 7E000000 		.4byte	.LASF6
 696 0068 04       		.uleb128 0x4
 697 0069 08       		.byte	0x8
 698 006a 05       		.byte	0x5
 699 006b 47020000 		.4byte	.LASF7
 700 006f 04       		.uleb128 0x4
 701 0070 08       		.byte	0x8
 702 0071 07       		.byte	0x7
 703 0072 9B010000 		.4byte	.LASF8
 704 0076 04       		.uleb128 0x4
 705 0077 04       		.byte	0x4
 706 0078 07       		.byte	0x7
ARM GAS  C:\Users\LINETT~1\AppData\Local\Temp\cclxEA1c.s 			page 20


 707 0079 09020000 		.4byte	.LASF9
 708 007d 05       		.uleb128 0x5
 709 007e 04       		.byte	0x4
 710 007f 04       		.uleb128 0x4
 711 0080 01       		.byte	0x1
 712 0081 08       		.byte	0x8
 713 0082 55020000 		.4byte	.LASF10
 714 0086 06       		.uleb128 0x6
 715 0087 90000000 		.4byte	.LASF12
 716 008b 03       		.byte	0x3
 717 008c 3801     		.2byte	0x138
 718 008e 45000000 		.4byte	0x45
 719 0092 06       		.uleb128 0x6
 720 0093 DF000000 		.4byte	.LASF13
 721 0097 03       		.byte	0x3
 722 0098 3901     		.2byte	0x139
 723 009a 53000000 		.4byte	0x53
 724 009e 06       		.uleb128 0x6
 725 009f F1000000 		.4byte	.LASF14
 726 00a3 03       		.byte	0x3
 727 00a4 3A01     		.2byte	0x13a
 728 00a6 61000000 		.4byte	0x61
 729 00aa 04       		.uleb128 0x4
 730 00ab 04       		.byte	0x4
 731 00ac 04       		.byte	0x4
 732 00ad 59000000 		.4byte	.LASF15
 733 00b1 04       		.uleb128 0x4
 734 00b2 08       		.byte	0x8
 735 00b3 04       		.byte	0x4
 736 00b4 AE000000 		.4byte	.LASF16
 737 00b8 06       		.uleb128 0x6
 738 00b9 79000000 		.4byte	.LASF17
 739 00bd 03       		.byte	0x3
 740 00be E201     		.2byte	0x1e2
 741 00c0 C4000000 		.4byte	0xc4
 742 00c4 07       		.uleb128 0x7
 743 00c5 86000000 		.4byte	0x86
 744 00c9 06       		.uleb128 0x6
 745 00ca 00000000 		.4byte	.LASF18
 746 00ce 03       		.byte	0x3
 747 00cf E401     		.2byte	0x1e4
 748 00d1 D5000000 		.4byte	0xd5
 749 00d5 07       		.uleb128 0x7
 750 00d6 9E000000 		.4byte	0x9e
 751 00da 08       		.uleb128 0x8
 752 00db 02       		.byte	0x2
 753 00dc 01       		.byte	0x1
 754 00dd 7E       		.byte	0x7e
 755 00de FB000000 		.4byte	0xfb
 756 00e2 09       		.uleb128 0x9
 757 00e3 6D020000 		.4byte	.LASF19
 758 00e7 01       		.byte	0x1
 759 00e8 80       		.byte	0x80
 760 00e9 86000000 		.4byte	0x86
 761 00ed 00       		.byte	0
 762 00ee 09       		.uleb128 0x9
 763 00ef 1E000000 		.4byte	.LASF20
ARM GAS  C:\Users\LINETT~1\AppData\Local\Temp\cclxEA1c.s 			page 21


 764 00f3 01       		.byte	0x1
 765 00f4 81       		.byte	0x81
 766 00f5 86000000 		.4byte	0x86
 767 00f9 01       		.byte	0x1
 768 00fa 00       		.byte	0
 769 00fb 03       		.uleb128 0x3
 770 00fc 5A020000 		.4byte	.LASF21
 771 0100 01       		.byte	0x1
 772 0101 82       		.byte	0x82
 773 0102 DA000000 		.4byte	0xda
 774 0106 0A       		.uleb128 0xa
 775 0107 96000000 		.4byte	.LASF22
 776 010b 01       		.byte	0x1
 777 010c 3C       		.byte	0x3c
 778 010d 00000000 		.4byte	.LFB2
 779 0111 1E000000 		.4byte	.LFE2-.LFB2
 780 0115 01       		.uleb128 0x1
 781 0116 9C       		.byte	0x9c
 782 0117 34010000 		.4byte	0x134
 783 011b 0B       		.uleb128 0xb
 784 011c 7300     		.ascii	"s\000"
 785 011e 01       		.byte	0x1
 786 011f 3C       		.byte	0x3c
 787 0120 7D000000 		.4byte	0x7d
 788 0124 02       		.uleb128 0x2
 789 0125 91       		.byte	0x91
 790 0126 74       		.sleb128 -12
 791 0127 0B       		.uleb128 0xb
 792 0128 6E00     		.ascii	"n\000"
 793 012a 01       		.byte	0x1
 794 012b 3C       		.byte	0x3c
 795 012c 2C000000 		.4byte	0x2c
 796 0130 02       		.uleb128 0x2
 797 0131 91       		.byte	0x91
 798 0132 70       		.sleb128 -16
 799 0133 00       		.byte	0
 800 0134 0A       		.uleb128 0xa
 801 0135 B6020000 		.4byte	.LASF23
 802 0139 01       		.byte	0x1
 803 013a 43       		.byte	0x43
 804 013b 00000000 		.4byte	.LFB3
 805 013f 22000000 		.4byte	.LFE3-.LFB3
 806 0143 01       		.uleb128 0x1
 807 0144 9C       		.byte	0x9c
 808 0145 72010000 		.4byte	0x172
 809 0149 0C       		.uleb128 0xc
 810 014a 5F000000 		.4byte	.LASF24
 811 014e 01       		.byte	0x1
 812 014f 43       		.byte	0x43
 813 0150 7D000000 		.4byte	0x7d
 814 0154 02       		.uleb128 0x2
 815 0155 91       		.byte	0x91
 816 0156 74       		.sleb128 -12
 817 0157 0B       		.uleb128 0xb
 818 0158 73726300 		.ascii	"src\000"
 819 015c 01       		.byte	0x1
 820 015d 43       		.byte	0x43
ARM GAS  C:\Users\LINETT~1\AppData\Local\Temp\cclxEA1c.s 			page 22


 821 015e 72010000 		.4byte	0x172
 822 0162 02       		.uleb128 0x2
 823 0163 91       		.byte	0x91
 824 0164 70       		.sleb128 -16
 825 0165 0B       		.uleb128 0xb
 826 0166 6E00     		.ascii	"n\000"
 827 0168 01       		.byte	0x1
 828 0169 43       		.byte	0x43
 829 016a 2C000000 		.4byte	0x2c
 830 016e 02       		.uleb128 0x2
 831 016f 91       		.byte	0x91
 832 0170 6C       		.sleb128 -20
 833 0171 00       		.byte	0
 834 0172 0D       		.uleb128 0xd
 835 0173 04       		.byte	0x4
 836 0174 78010000 		.4byte	0x178
 837 0178 0E       		.uleb128 0xe
 838 0179 0A       		.uleb128 0xa
 839 017a A6020000 		.4byte	.LASF25
 840 017e 01       		.byte	0x1
 841 017f 4A       		.byte	0x4a
 842 0180 00000000 		.4byte	.LFB4
 843 0184 22000000 		.4byte	.LFE4-.LFB4
 844 0188 01       		.uleb128 0x1
 845 0189 9C       		.byte	0x9c
 846 018a B7010000 		.4byte	0x1b7
 847 018e 0C       		.uleb128 0xc
 848 018f 5F000000 		.4byte	.LASF24
 849 0193 01       		.byte	0x1
 850 0194 4A       		.byte	0x4a
 851 0195 7D000000 		.4byte	0x7d
 852 0199 02       		.uleb128 0x2
 853 019a 91       		.byte	0x91
 854 019b 74       		.sleb128 -12
 855 019c 0B       		.uleb128 0xb
 856 019d 73726300 		.ascii	"src\000"
 857 01a1 01       		.byte	0x1
 858 01a2 4A       		.byte	0x4a
 859 01a3 72010000 		.4byte	0x172
 860 01a7 02       		.uleb128 0x2
 861 01a8 91       		.byte	0x91
 862 01a9 70       		.sleb128 -16
 863 01aa 0B       		.uleb128 0xb
 864 01ab 6E00     		.ascii	"n\000"
 865 01ad 01       		.byte	0x1
 866 01ae 4A       		.byte	0x4a
 867 01af 2C000000 		.4byte	0x2c
 868 01b3 02       		.uleb128 0x2
 869 01b4 91       		.byte	0x91
 870 01b5 6C       		.sleb128 -20
 871 01b6 00       		.byte	0
 872 01b7 0F       		.uleb128 0xf
 873 01b8 B5000000 		.4byte	.LASF26
 874 01bc 01       		.byte	0x1
 875 01bd 95       		.byte	0x95
 876 01be 00000000 		.4byte	.LFB5
 877 01c2 80000000 		.4byte	.LFE5-.LFB5
ARM GAS  C:\Users\LINETT~1\AppData\Local\Temp\cclxEA1c.s 			page 23


 878 01c6 01       		.uleb128 0x1
 879 01c7 9C       		.byte	0x9c
 880 01c8 27020000 		.4byte	0x227
 881 01cc 0C       		.uleb128 0xc
 882 01cd D4000000 		.4byte	.LASF27
 883 01d1 01       		.byte	0x1
 884 01d2 95       		.byte	0x95
 885 01d3 27020000 		.4byte	0x227
 886 01d7 02       		.uleb128 0x2
 887 01d8 91       		.byte	0x91
 888 01d9 64       		.sleb128 -28
 889 01da 0C       		.uleb128 0xc
 890 01db E6000000 		.4byte	.LASF28
 891 01df 01       		.byte	0x1
 892 01e0 95       		.byte	0x95
 893 01e1 32020000 		.4byte	0x232
 894 01e5 02       		.uleb128 0x2
 895 01e6 91       		.byte	0x91
 896 01e7 60       		.sleb128 -32
 897 01e8 10       		.uleb128 0x10
 898 01e9 6900     		.ascii	"i\000"
 899 01eb 01       		.byte	0x1
 900 01ec 98       		.byte	0x98
 901 01ed 9E000000 		.4byte	0x9e
 902 01f1 02       		.uleb128 0x2
 903 01f2 91       		.byte	0x91
 904 01f3 74       		.sleb128 -12
 905 01f4 10       		.uleb128 0x10
 906 01f5 6A00     		.ascii	"j\000"
 907 01f7 01       		.byte	0x1
 908 01f8 98       		.byte	0x98
 909 01f9 9E000000 		.4byte	0x9e
 910 01fd 02       		.uleb128 0x2
 911 01fe 91       		.byte	0x91
 912 01ff 70       		.sleb128 -16
 913 0200 11       		.uleb128 0x11
 914 0201 14000000 		.4byte	.LBB2
 915 0205 5A000000 		.4byte	.LBE2-.LBB2
 916 0209 12       		.uleb128 0x12
 917 020a 00020000 		.4byte	.LASF29
 918 020e 01       		.byte	0x1
 919 020f 9B       		.byte	0x9b
 920 0210 9E000000 		.4byte	0x9e
 921 0214 02       		.uleb128 0x2
 922 0215 91       		.byte	0x91
 923 0216 68       		.sleb128 -24
 924 0217 12       		.uleb128 0x12
 925 0218 24000000 		.4byte	.LASF30
 926 021c 01       		.byte	0x1
 927 021d 9C       		.byte	0x9c
 928 021e 86000000 		.4byte	0x86
 929 0222 02       		.uleb128 0x2
 930 0223 91       		.byte	0x91
 931 0224 6F       		.sleb128 -17
 932 0225 00       		.byte	0
 933 0226 00       		.byte	0
 934 0227 0D       		.uleb128 0xd
ARM GAS  C:\Users\LINETT~1\AppData\Local\Temp\cclxEA1c.s 			page 24


 935 0228 04       		.byte	0x4
 936 0229 2D020000 		.4byte	0x22d
 937 022d 13       		.uleb128 0x13
 938 022e 9E000000 		.4byte	0x9e
 939 0232 0D       		.uleb128 0xd
 940 0233 04       		.byte	0x4
 941 0234 38020000 		.4byte	0x238
 942 0238 13       		.uleb128 0x13
 943 0239 FB000000 		.4byte	0xfb
 944 023d 14       		.uleb128 0x14
 945 023e 2A000000 		.4byte	.LASF31
 946 0242 01       		.byte	0x1
 947 0243 BA       		.byte	0xba
 948 0244 00000000 		.4byte	.LFB6
 949 0248 E0000000 		.4byte	.LFE6-.LFB6
 950 024c 01       		.uleb128 0x1
 951 024d 9C       		.byte	0x9c
 952 024e 15       		.uleb128 0x15
 953 024f 0D000000 		.4byte	.LASF32
 954 0253 01       		.byte	0x1
 955 0254 FE       		.byte	0xfe
 956 0255 00000000 		.4byte	.LFB7
 957 0259 3C000000 		.4byte	.LFE7-.LFB7
 958 025d 01       		.uleb128 0x1
 959 025e 9C       		.byte	0x9c
 960 025f 16       		.uleb128 0x16
 961 0260 C7000000 		.4byte	.LASF42
 962 0264 01       		.byte	0x1
 963 0265 1B01     		.2byte	0x11b
 964 0267 E0000000 		.4byte	.LFB8
 965 026b 60010000 		.4byte	.LFE8-.LFB8
 966 026f 01       		.uleb128 0x1
 967 0270 9C       		.byte	0x9c
 968 0271 2B030000 		.4byte	0x32b
 969 0275 11       		.uleb128 0x11
 970 0276 F4000000 		.4byte	.LBB3
 971 027a C8000000 		.4byte	.LBE3-.LBB3
 972 027e 17       		.uleb128 0x17
 973 027f 35000000 		.4byte	.LASF33
 974 0283 01       		.byte	0x1
 975 0284 2501     		.2byte	0x125
 976 0286 3B030000 		.4byte	0x33b
 977 028a 05       		.uleb128 0x5
 978 028b 03       		.byte	0x3
 979 028c 0C000000 		.4byte	cy_cfg_addr_table.4759
 980 0290 17       		.uleb128 0x17
 981 0291 47000000 		.4byte	.LASF34
 982 0295 01       		.byte	0x1
 983 0296 2901     		.2byte	0x129
 984 0298 50030000 		.4byte	0x350
 985 029c 05       		.uleb128 0x5
 986 029d 03       		.byte	0x3
 987 029e 10000000 		.4byte	cy_cfg_data_table.4760
 988 02a2 18       		.uleb128 0x18
 989 02a3 06       		.byte	0x6
 990 02a4 01       		.byte	0x1
 991 02a5 3201     		.2byte	0x132
ARM GAS  C:\Users\LINETT~1\AppData\Local\Temp\cclxEA1c.s 			page 25


 992 02a7 C6020000 		.4byte	0x2c6
 993 02ab 19       		.uleb128 0x19
 994 02ac 93010000 		.4byte	.LASF35
 995 02b0 01       		.byte	0x1
 996 02b1 3301     		.2byte	0x133
 997 02b3 7D000000 		.4byte	0x7d
 998 02b7 00       		.byte	0
 999 02b8 19       		.uleb128 0x19
 1000 02b9 74000000 		.4byte	.LASF36
 1001 02bd 01       		.byte	0x1
 1002 02be 3401     		.2byte	0x134
 1003 02c0 92000000 		.4byte	0x92
 1004 02c4 04       		.byte	0x4
 1005 02c5 00       		.byte	0
 1006 02c6 06       		.uleb128 0x6
 1007 02c7 12020000 		.4byte	.LASF37
 1008 02cb 01       		.byte	0x1
 1009 02cc 3501     		.2byte	0x135
 1010 02ce A2020000 		.4byte	0x2a2
 1011 02d2 1A       		.uleb128 0x1a
 1012 02d3 C6020000 		.4byte	0x2c6
 1013 02d7 E2020000 		.4byte	0x2e2
 1014 02db 1B       		.uleb128 0x1b
 1015 02dc 76000000 		.4byte	0x76
 1016 02e0 01       		.byte	0x1
 1017 02e1 00       		.byte	0
 1018 02e2 17       		.uleb128 0x17
 1019 02e3 64000000 		.4byte	.LASF38
 1020 02e7 01       		.byte	0x1
 1021 02e8 3701     		.2byte	0x137
 1022 02ea F4020000 		.4byte	0x2f4
 1023 02ee 05       		.uleb128 0x5
 1024 02ef 03       		.byte	0x3
 1025 02f0 00000000 		.4byte	cfg_memset_list.4765
 1026 02f4 13       		.uleb128 0x13
 1027 02f5 D2020000 		.4byte	0x2d2
 1028 02f9 1C       		.uleb128 0x1c
 1029 02fa 6900     		.ascii	"i\000"
 1030 02fc 01       		.byte	0x1
 1031 02fd 3D01     		.2byte	0x13d
 1032 02ff 86000000 		.4byte	0x86
 1033 0303 02       		.uleb128 0x2
 1034 0304 91       		.byte	0x91
 1035 0305 77       		.sleb128 -9
 1036 0306 11       		.uleb128 0x11
 1037 0307 FC000000 		.4byte	.LBB4
 1038 030b 3E000000 		.4byte	.LBE4-.LBB4
 1039 030f 1C       		.uleb128 0x1c
 1040 0310 6D7300   		.ascii	"ms\000"
 1041 0313 01       		.byte	0x1
 1042 0314 4201     		.2byte	0x142
 1043 0316 1D030000 		.4byte	0x31d
 1044 031a 02       		.uleb128 0x2
 1045 031b 91       		.byte	0x91
 1046 031c 70       		.sleb128 -16
 1047 031d 0D       		.uleb128 0xd
 1048 031e 04       		.byte	0x4
ARM GAS  C:\Users\LINETT~1\AppData\Local\Temp\cclxEA1c.s 			page 26


 1049 031f 23030000 		.4byte	0x323
 1050 0323 13       		.uleb128 0x13
 1051 0324 C6020000 		.4byte	0x2c6
 1052 0328 00       		.byte	0
 1053 0329 00       		.byte	0
 1054 032a 00       		.byte	0
 1055 032b 1A       		.uleb128 0x1a
 1056 032c 9E000000 		.4byte	0x9e
 1057 0330 3B030000 		.4byte	0x33b
 1058 0334 1B       		.uleb128 0x1b
 1059 0335 76000000 		.4byte	0x76
 1060 0339 00       		.byte	0
 1061 033a 00       		.byte	0
 1062 033b 13       		.uleb128 0x13
 1063 033c 2B030000 		.4byte	0x32b
 1064 0340 1A       		.uleb128 0x1a
 1065 0341 FB000000 		.4byte	0xfb
 1066 0345 50030000 		.4byte	0x350
 1067 0349 1B       		.uleb128 0x1b
 1068 034a 76000000 		.4byte	0x76
 1069 034e 03       		.byte	0x3
 1070 034f 00       		.byte	0
 1071 0350 13       		.uleb128 0x13
 1072 0351 40030000 		.4byte	0x340
 1073 0355 00       		.byte	0
 1074              		.section	.debug_abbrev,"",%progbits
 1075              	.Ldebug_abbrev0:
 1076 0000 01       		.uleb128 0x1
 1077 0001 11       		.uleb128 0x11
 1078 0002 01       		.byte	0x1
 1079 0003 25       		.uleb128 0x25
 1080 0004 0E       		.uleb128 0xe
 1081 0005 13       		.uleb128 0x13
 1082 0006 0B       		.uleb128 0xb
 1083 0007 03       		.uleb128 0x3
 1084 0008 0E       		.uleb128 0xe
 1085 0009 1B       		.uleb128 0x1b
 1086 000a 0E       		.uleb128 0xe
 1087 000b 55       		.uleb128 0x55
 1088 000c 17       		.uleb128 0x17
 1089 000d 11       		.uleb128 0x11
 1090 000e 01       		.uleb128 0x1
 1091 000f 10       		.uleb128 0x10
 1092 0010 17       		.uleb128 0x17
 1093 0011 00       		.byte	0
 1094 0012 00       		.byte	0
 1095 0013 02       		.uleb128 0x2
 1096 0014 24       		.uleb128 0x24
 1097 0015 00       		.byte	0
 1098 0016 0B       		.uleb128 0xb
 1099 0017 0B       		.uleb128 0xb
 1100 0018 3E       		.uleb128 0x3e
 1101 0019 0B       		.uleb128 0xb
 1102 001a 03       		.uleb128 0x3
 1103 001b 08       		.uleb128 0x8
 1104 001c 00       		.byte	0
 1105 001d 00       		.byte	0
ARM GAS  C:\Users\LINETT~1\AppData\Local\Temp\cclxEA1c.s 			page 27


 1106 001e 03       		.uleb128 0x3
 1107 001f 16       		.uleb128 0x16
 1108 0020 00       		.byte	0
 1109 0021 03       		.uleb128 0x3
 1110 0022 0E       		.uleb128 0xe
 1111 0023 3A       		.uleb128 0x3a
 1112 0024 0B       		.uleb128 0xb
 1113 0025 3B       		.uleb128 0x3b
 1114 0026 0B       		.uleb128 0xb
 1115 0027 49       		.uleb128 0x49
 1116 0028 13       		.uleb128 0x13
 1117 0029 00       		.byte	0
 1118 002a 00       		.byte	0
 1119 002b 04       		.uleb128 0x4
 1120 002c 24       		.uleb128 0x24
 1121 002d 00       		.byte	0
 1122 002e 0B       		.uleb128 0xb
 1123 002f 0B       		.uleb128 0xb
 1124 0030 3E       		.uleb128 0x3e
 1125 0031 0B       		.uleb128 0xb
 1126 0032 03       		.uleb128 0x3
 1127 0033 0E       		.uleb128 0xe
 1128 0034 00       		.byte	0
 1129 0035 00       		.byte	0
 1130 0036 05       		.uleb128 0x5
 1131 0037 0F       		.uleb128 0xf
 1132 0038 00       		.byte	0
 1133 0039 0B       		.uleb128 0xb
 1134 003a 0B       		.uleb128 0xb
 1135 003b 00       		.byte	0
 1136 003c 00       		.byte	0
 1137 003d 06       		.uleb128 0x6
 1138 003e 16       		.uleb128 0x16
 1139 003f 00       		.byte	0
 1140 0040 03       		.uleb128 0x3
 1141 0041 0E       		.uleb128 0xe
 1142 0042 3A       		.uleb128 0x3a
 1143 0043 0B       		.uleb128 0xb
 1144 0044 3B       		.uleb128 0x3b
 1145 0045 05       		.uleb128 0x5
 1146 0046 49       		.uleb128 0x49
 1147 0047 13       		.uleb128 0x13
 1148 0048 00       		.byte	0
 1149 0049 00       		.byte	0
 1150 004a 07       		.uleb128 0x7
 1151 004b 35       		.uleb128 0x35
 1152 004c 00       		.byte	0
 1153 004d 49       		.uleb128 0x49
 1154 004e 13       		.uleb128 0x13
 1155 004f 00       		.byte	0
 1156 0050 00       		.byte	0
 1157 0051 08       		.uleb128 0x8
 1158 0052 13       		.uleb128 0x13
 1159 0053 01       		.byte	0x1
 1160 0054 0B       		.uleb128 0xb
 1161 0055 0B       		.uleb128 0xb
 1162 0056 3A       		.uleb128 0x3a
ARM GAS  C:\Users\LINETT~1\AppData\Local\Temp\cclxEA1c.s 			page 28


 1163 0057 0B       		.uleb128 0xb
 1164 0058 3B       		.uleb128 0x3b
 1165 0059 0B       		.uleb128 0xb
 1166 005a 01       		.uleb128 0x1
 1167 005b 13       		.uleb128 0x13
 1168 005c 00       		.byte	0
 1169 005d 00       		.byte	0
 1170 005e 09       		.uleb128 0x9
 1171 005f 0D       		.uleb128 0xd
 1172 0060 00       		.byte	0
 1173 0061 03       		.uleb128 0x3
 1174 0062 0E       		.uleb128 0xe
 1175 0063 3A       		.uleb128 0x3a
 1176 0064 0B       		.uleb128 0xb
 1177 0065 3B       		.uleb128 0x3b
 1178 0066 0B       		.uleb128 0xb
 1179 0067 49       		.uleb128 0x49
 1180 0068 13       		.uleb128 0x13
 1181 0069 38       		.uleb128 0x38
 1182 006a 0B       		.uleb128 0xb
 1183 006b 00       		.byte	0
 1184 006c 00       		.byte	0
 1185 006d 0A       		.uleb128 0xa
 1186 006e 2E       		.uleb128 0x2e
 1187 006f 01       		.byte	0x1
 1188 0070 03       		.uleb128 0x3
 1189 0071 0E       		.uleb128 0xe
 1190 0072 3A       		.uleb128 0x3a
 1191 0073 0B       		.uleb128 0xb
 1192 0074 3B       		.uleb128 0x3b
 1193 0075 0B       		.uleb128 0xb
 1194 0076 27       		.uleb128 0x27
 1195 0077 19       		.uleb128 0x19
 1196 0078 11       		.uleb128 0x11
 1197 0079 01       		.uleb128 0x1
 1198 007a 12       		.uleb128 0x12
 1199 007b 06       		.uleb128 0x6
 1200 007c 40       		.uleb128 0x40
 1201 007d 18       		.uleb128 0x18
 1202 007e 9642     		.uleb128 0x2116
 1203 0080 19       		.uleb128 0x19
 1204 0081 01       		.uleb128 0x1
 1205 0082 13       		.uleb128 0x13
 1206 0083 00       		.byte	0
 1207 0084 00       		.byte	0
 1208 0085 0B       		.uleb128 0xb
 1209 0086 05       		.uleb128 0x5
 1210 0087 00       		.byte	0
 1211 0088 03       		.uleb128 0x3
 1212 0089 08       		.uleb128 0x8
 1213 008a 3A       		.uleb128 0x3a
 1214 008b 0B       		.uleb128 0xb
 1215 008c 3B       		.uleb128 0x3b
 1216 008d 0B       		.uleb128 0xb
 1217 008e 49       		.uleb128 0x49
 1218 008f 13       		.uleb128 0x13
 1219 0090 02       		.uleb128 0x2
ARM GAS  C:\Users\LINETT~1\AppData\Local\Temp\cclxEA1c.s 			page 29


 1220 0091 18       		.uleb128 0x18
 1221 0092 00       		.byte	0
 1222 0093 00       		.byte	0
 1223 0094 0C       		.uleb128 0xc
 1224 0095 05       		.uleb128 0x5
 1225 0096 00       		.byte	0
 1226 0097 03       		.uleb128 0x3
 1227 0098 0E       		.uleb128 0xe
 1228 0099 3A       		.uleb128 0x3a
 1229 009a 0B       		.uleb128 0xb
 1230 009b 3B       		.uleb128 0x3b
 1231 009c 0B       		.uleb128 0xb
 1232 009d 49       		.uleb128 0x49
 1233 009e 13       		.uleb128 0x13
 1234 009f 02       		.uleb128 0x2
 1235 00a0 18       		.uleb128 0x18
 1236 00a1 00       		.byte	0
 1237 00a2 00       		.byte	0
 1238 00a3 0D       		.uleb128 0xd
 1239 00a4 0F       		.uleb128 0xf
 1240 00a5 00       		.byte	0
 1241 00a6 0B       		.uleb128 0xb
 1242 00a7 0B       		.uleb128 0xb
 1243 00a8 49       		.uleb128 0x49
 1244 00a9 13       		.uleb128 0x13
 1245 00aa 00       		.byte	0
 1246 00ab 00       		.byte	0
 1247 00ac 0E       		.uleb128 0xe
 1248 00ad 26       		.uleb128 0x26
 1249 00ae 00       		.byte	0
 1250 00af 00       		.byte	0
 1251 00b0 00       		.byte	0
 1252 00b1 0F       		.uleb128 0xf
 1253 00b2 2E       		.uleb128 0x2e
 1254 00b3 01       		.byte	0x1
 1255 00b4 03       		.uleb128 0x3
 1256 00b5 0E       		.uleb128 0xe
 1257 00b6 3A       		.uleb128 0x3a
 1258 00b7 0B       		.uleb128 0xb
 1259 00b8 3B       		.uleb128 0x3b
 1260 00b9 0B       		.uleb128 0xb
 1261 00ba 27       		.uleb128 0x27
 1262 00bb 19       		.uleb128 0x19
 1263 00bc 11       		.uleb128 0x11
 1264 00bd 01       		.uleb128 0x1
 1265 00be 12       		.uleb128 0x12
 1266 00bf 06       		.uleb128 0x6
 1267 00c0 40       		.uleb128 0x40
 1268 00c1 18       		.uleb128 0x18
 1269 00c2 9742     		.uleb128 0x2117
 1270 00c4 19       		.uleb128 0x19
 1271 00c5 01       		.uleb128 0x1
 1272 00c6 13       		.uleb128 0x13
 1273 00c7 00       		.byte	0
 1274 00c8 00       		.byte	0
 1275 00c9 10       		.uleb128 0x10
 1276 00ca 34       		.uleb128 0x34
ARM GAS  C:\Users\LINETT~1\AppData\Local\Temp\cclxEA1c.s 			page 30


 1277 00cb 00       		.byte	0
 1278 00cc 03       		.uleb128 0x3
 1279 00cd 08       		.uleb128 0x8
 1280 00ce 3A       		.uleb128 0x3a
 1281 00cf 0B       		.uleb128 0xb
 1282 00d0 3B       		.uleb128 0x3b
 1283 00d1 0B       		.uleb128 0xb
 1284 00d2 49       		.uleb128 0x49
 1285 00d3 13       		.uleb128 0x13
 1286 00d4 02       		.uleb128 0x2
 1287 00d5 18       		.uleb128 0x18
 1288 00d6 00       		.byte	0
 1289 00d7 00       		.byte	0
 1290 00d8 11       		.uleb128 0x11
 1291 00d9 0B       		.uleb128 0xb
 1292 00da 01       		.byte	0x1
 1293 00db 11       		.uleb128 0x11
 1294 00dc 01       		.uleb128 0x1
 1295 00dd 12       		.uleb128 0x12
 1296 00de 06       		.uleb128 0x6
 1297 00df 00       		.byte	0
 1298 00e0 00       		.byte	0
 1299 00e1 12       		.uleb128 0x12
 1300 00e2 34       		.uleb128 0x34
 1301 00e3 00       		.byte	0
 1302 00e4 03       		.uleb128 0x3
 1303 00e5 0E       		.uleb128 0xe
 1304 00e6 3A       		.uleb128 0x3a
 1305 00e7 0B       		.uleb128 0xb
 1306 00e8 3B       		.uleb128 0x3b
 1307 00e9 0B       		.uleb128 0xb
 1308 00ea 49       		.uleb128 0x49
 1309 00eb 13       		.uleb128 0x13
 1310 00ec 02       		.uleb128 0x2
 1311 00ed 18       		.uleb128 0x18
 1312 00ee 00       		.byte	0
 1313 00ef 00       		.byte	0
 1314 00f0 13       		.uleb128 0x13
 1315 00f1 26       		.uleb128 0x26
 1316 00f2 00       		.byte	0
 1317 00f3 49       		.uleb128 0x49
 1318 00f4 13       		.uleb128 0x13
 1319 00f5 00       		.byte	0
 1320 00f6 00       		.byte	0
 1321 00f7 14       		.uleb128 0x14
 1322 00f8 2E       		.uleb128 0x2e
 1323 00f9 00       		.byte	0
 1324 00fa 03       		.uleb128 0x3
 1325 00fb 0E       		.uleb128 0xe
 1326 00fc 3A       		.uleb128 0x3a
 1327 00fd 0B       		.uleb128 0xb
 1328 00fe 3B       		.uleb128 0x3b
 1329 00ff 0B       		.uleb128 0xb
 1330 0100 27       		.uleb128 0x27
 1331 0101 19       		.uleb128 0x19
 1332 0102 11       		.uleb128 0x11
 1333 0103 01       		.uleb128 0x1
ARM GAS  C:\Users\LINETT~1\AppData\Local\Temp\cclxEA1c.s 			page 31


 1334 0104 12       		.uleb128 0x12
 1335 0105 06       		.uleb128 0x6
 1336 0106 40       		.uleb128 0x40
 1337 0107 18       		.uleb128 0x18
 1338 0108 9642     		.uleb128 0x2116
 1339 010a 19       		.uleb128 0x19
 1340 010b 00       		.byte	0
 1341 010c 00       		.byte	0
 1342 010d 15       		.uleb128 0x15
 1343 010e 2E       		.uleb128 0x2e
 1344 010f 00       		.byte	0
 1345 0110 03       		.uleb128 0x3
 1346 0111 0E       		.uleb128 0xe
 1347 0112 3A       		.uleb128 0x3a
 1348 0113 0B       		.uleb128 0xb
 1349 0114 3B       		.uleb128 0x3b
 1350 0115 0B       		.uleb128 0xb
 1351 0116 27       		.uleb128 0x27
 1352 0117 19       		.uleb128 0x19
 1353 0118 11       		.uleb128 0x11
 1354 0119 01       		.uleb128 0x1
 1355 011a 12       		.uleb128 0x12
 1356 011b 06       		.uleb128 0x6
 1357 011c 40       		.uleb128 0x40
 1358 011d 18       		.uleb128 0x18
 1359 011e 9742     		.uleb128 0x2117
 1360 0120 19       		.uleb128 0x19
 1361 0121 00       		.byte	0
 1362 0122 00       		.byte	0
 1363 0123 16       		.uleb128 0x16
 1364 0124 2E       		.uleb128 0x2e
 1365 0125 01       		.byte	0x1
 1366 0126 3F       		.uleb128 0x3f
 1367 0127 19       		.uleb128 0x19
 1368 0128 03       		.uleb128 0x3
 1369 0129 0E       		.uleb128 0xe
 1370 012a 3A       		.uleb128 0x3a
 1371 012b 0B       		.uleb128 0xb
 1372 012c 3B       		.uleb128 0x3b
 1373 012d 05       		.uleb128 0x5
 1374 012e 27       		.uleb128 0x27
 1375 012f 19       		.uleb128 0x19
 1376 0130 11       		.uleb128 0x11
 1377 0131 01       		.uleb128 0x1
 1378 0132 12       		.uleb128 0x12
 1379 0133 06       		.uleb128 0x6
 1380 0134 40       		.uleb128 0x40
 1381 0135 18       		.uleb128 0x18
 1382 0136 9642     		.uleb128 0x2116
 1383 0138 19       		.uleb128 0x19
 1384 0139 01       		.uleb128 0x1
 1385 013a 13       		.uleb128 0x13
 1386 013b 00       		.byte	0
 1387 013c 00       		.byte	0
 1388 013d 17       		.uleb128 0x17
 1389 013e 34       		.uleb128 0x34
 1390 013f 00       		.byte	0
ARM GAS  C:\Users\LINETT~1\AppData\Local\Temp\cclxEA1c.s 			page 32


 1391 0140 03       		.uleb128 0x3
 1392 0141 0E       		.uleb128 0xe
 1393 0142 3A       		.uleb128 0x3a
 1394 0143 0B       		.uleb128 0xb
 1395 0144 3B       		.uleb128 0x3b
 1396 0145 05       		.uleb128 0x5
 1397 0146 49       		.uleb128 0x49
 1398 0147 13       		.uleb128 0x13
 1399 0148 02       		.uleb128 0x2
 1400 0149 18       		.uleb128 0x18
 1401 014a 00       		.byte	0
 1402 014b 00       		.byte	0
 1403 014c 18       		.uleb128 0x18
 1404 014d 13       		.uleb128 0x13
 1405 014e 01       		.byte	0x1
 1406 014f 0B       		.uleb128 0xb
 1407 0150 0B       		.uleb128 0xb
 1408 0151 3A       		.uleb128 0x3a
 1409 0152 0B       		.uleb128 0xb
 1410 0153 3B       		.uleb128 0x3b
 1411 0154 05       		.uleb128 0x5
 1412 0155 01       		.uleb128 0x1
 1413 0156 13       		.uleb128 0x13
 1414 0157 00       		.byte	0
 1415 0158 00       		.byte	0
 1416 0159 19       		.uleb128 0x19
 1417 015a 0D       		.uleb128 0xd
 1418 015b 00       		.byte	0
 1419 015c 03       		.uleb128 0x3
 1420 015d 0E       		.uleb128 0xe
 1421 015e 3A       		.uleb128 0x3a
 1422 015f 0B       		.uleb128 0xb
 1423 0160 3B       		.uleb128 0x3b
 1424 0161 05       		.uleb128 0x5
 1425 0162 49       		.uleb128 0x49
 1426 0163 13       		.uleb128 0x13
 1427 0164 38       		.uleb128 0x38
 1428 0165 0B       		.uleb128 0xb
 1429 0166 00       		.byte	0
 1430 0167 00       		.byte	0
 1431 0168 1A       		.uleb128 0x1a
 1432 0169 01       		.uleb128 0x1
 1433 016a 01       		.byte	0x1
 1434 016b 49       		.uleb128 0x49
 1435 016c 13       		.uleb128 0x13
 1436 016d 01       		.uleb128 0x1
 1437 016e 13       		.uleb128 0x13
 1438 016f 00       		.byte	0
 1439 0170 00       		.byte	0
 1440 0171 1B       		.uleb128 0x1b
 1441 0172 21       		.uleb128 0x21
 1442 0173 00       		.byte	0
 1443 0174 49       		.uleb128 0x49
 1444 0175 13       		.uleb128 0x13
 1445 0176 2F       		.uleb128 0x2f
 1446 0177 0B       		.uleb128 0xb
 1447 0178 00       		.byte	0
ARM GAS  C:\Users\LINETT~1\AppData\Local\Temp\cclxEA1c.s 			page 33


 1448 0179 00       		.byte	0
 1449 017a 1C       		.uleb128 0x1c
 1450 017b 34       		.uleb128 0x34
 1451 017c 00       		.byte	0
 1452 017d 03       		.uleb128 0x3
 1453 017e 08       		.uleb128 0x8
 1454 017f 3A       		.uleb128 0x3a
 1455 0180 0B       		.uleb128 0xb
 1456 0181 3B       		.uleb128 0x3b
 1457 0182 05       		.uleb128 0x5
 1458 0183 49       		.uleb128 0x49
 1459 0184 13       		.uleb128 0x13
 1460 0185 02       		.uleb128 0x2
 1461 0186 18       		.uleb128 0x18
 1462 0187 00       		.byte	0
 1463 0188 00       		.byte	0
 1464 0189 00       		.byte	0
 1465              		.section	.debug_aranges,"",%progbits
 1466 0000 4C000000 		.4byte	0x4c
 1467 0004 0200     		.2byte	0x2
 1468 0006 00000000 		.4byte	.Ldebug_info0
 1469 000a 04       		.byte	0x4
 1470 000b 00       		.byte	0
 1471 000c 0000     		.2byte	0
 1472 000e 0000     		.2byte	0
 1473 0010 00000000 		.4byte	.LFB2
 1474 0014 1E000000 		.4byte	.LFE2-.LFB2
 1475 0018 00000000 		.4byte	.LFB3
 1476 001c 22000000 		.4byte	.LFE3-.LFB3
 1477 0020 00000000 		.4byte	.LFB4
 1478 0024 22000000 		.4byte	.LFE4-.LFB4
 1479 0028 00000000 		.4byte	.LFB5
 1480 002c 80000000 		.4byte	.LFE5-.LFB5
 1481 0030 00000000 		.4byte	.LFB6
 1482 0034 E0000000 		.4byte	.LFE6-.LFB6
 1483 0038 00000000 		.4byte	.LFB7
 1484 003c 3C000000 		.4byte	.LFE7-.LFB7
 1485 0040 E0000000 		.4byte	.LFB8
 1486 0044 60010000 		.4byte	.LFE8-.LFB8
 1487 0048 00000000 		.4byte	0
 1488 004c 00000000 		.4byte	0
 1489              		.section	.debug_ranges,"",%progbits
 1490              	.Ldebug_ranges0:
 1491 0000 00000000 		.4byte	.LFB2
 1492 0004 1E000000 		.4byte	.LFE2
 1493 0008 00000000 		.4byte	.LFB3
 1494 000c 22000000 		.4byte	.LFE3
 1495 0010 00000000 		.4byte	.LFB4
 1496 0014 22000000 		.4byte	.LFE4
 1497 0018 00000000 		.4byte	.LFB5
 1498 001c 80000000 		.4byte	.LFE5
 1499 0020 00000000 		.4byte	.LFB6
 1500 0024 E0000000 		.4byte	.LFE6
 1501 0028 00000000 		.4byte	.LFB7
 1502 002c 3C000000 		.4byte	.LFE7
 1503 0030 E0000000 		.4byte	.LFB8
 1504 0034 40020000 		.4byte	.LFE8
ARM GAS  C:\Users\LINETT~1\AppData\Local\Temp\cclxEA1c.s 			page 34


 1505 0038 00000000 		.4byte	0
 1506 003c 00000000 		.4byte	0
 1507              		.section	.debug_line,"",%progbits
 1508              	.Ldebug_line0:
 1509 0000 A1010000 		.section	.debug_str,"MS",%progbits,1
 1509      0200CD00 
 1509      00000201 
 1509      FB0E0D00 
 1509      01010101 
 1510              	.LASF18:
 1511 0000 72656733 		.ascii	"reg32\000"
 1511      3200
 1512              	.LASF11:
 1513 0006 73697A65 		.ascii	"size_t\000"
 1513      5F7400
 1514              	.LASF32:
 1515 000d 416E616C 		.ascii	"AnalogSetDefault\000"
 1515      6F675365 
 1515      74446566 
 1515      61756C74 
 1515      00
 1516              	.LASF20:
 1517 001e 76616C75 		.ascii	"value\000"
 1517      6500
 1518              	.LASF30:
 1519 0024 636F756E 		.ascii	"count\000"
 1519      7400
 1520              	.LASF31:
 1521 002a 436C6F63 		.ascii	"ClockSetup\000"
 1521      6B536574 
 1521      757000
 1522              	.LASF33:
 1523 0035 63795F63 		.ascii	"cy_cfg_addr_table\000"
 1523      66675F61 
 1523      6464725F 
 1523      7461626C 
 1523      6500
 1524              	.LASF34:
 1525 0047 63795F63 		.ascii	"cy_cfg_data_table\000"
 1525      66675F64 
 1525      6174615F 
 1525      7461626C 
 1525      6500
 1526              	.LASF15:
 1527 0059 666C6F61 		.ascii	"float\000"
 1527      7400
 1528              	.LASF24:
 1529 005f 64657374 		.ascii	"dest\000"
 1529      00
 1530              	.LASF38:
 1531 0064 6366675F 		.ascii	"cfg_memset_list\000"
 1531      6D656D73 
 1531      65745F6C 
 1531      69737400 
 1532              	.LASF36:
 1533 0074 73697A65 		.ascii	"size\000"
 1533      00
ARM GAS  C:\Users\LINETT~1\AppData\Local\Temp\cclxEA1c.s 			page 35


 1534              	.LASF17:
 1535 0079 72656738 		.ascii	"reg8\000"
 1535      00
 1536              	.LASF6:
 1537 007e 6C6F6E67 		.ascii	"long unsigned int\000"
 1537      20756E73 
 1537      69676E65 
 1537      6420696E 
 1537      7400
 1538              	.LASF12:
 1539 0090 75696E74 		.ascii	"uint8\000"
 1539      3800
 1540              	.LASF22:
 1541 0096 43594D45 		.ascii	"CYMEMZERO\000"
 1541      4D5A4552 
 1541      4F00
 1542              	.LASF2:
 1543 00a0 756E7369 		.ascii	"unsigned char\000"
 1543      676E6564 
 1543      20636861 
 1543      7200
 1544              	.LASF16:
 1545 00ae 646F7562 		.ascii	"double\000"
 1545      6C6500
 1546              	.LASF26:
 1547 00b5 6366675F 		.ascii	"cfg_write_bytes32\000"
 1547      77726974 
 1547      655F6279 
 1547      74657333 
 1547      3200
 1548              	.LASF42:
 1549 00c7 63796669 		.ascii	"cyfitter_cfg\000"
 1549      74746572 
 1549      5F636667 
 1549      00
 1550              	.LASF27:
 1551 00d4 61646472 		.ascii	"addr_table\000"
 1551      5F746162 
 1551      6C6500
 1552              	.LASF13:
 1553 00df 75696E74 		.ascii	"uint16\000"
 1553      313600
 1554              	.LASF28:
 1555 00e6 64617461 		.ascii	"data_table\000"
 1555      5F746162 
 1555      6C6500
 1556              	.LASF14:
 1557 00f1 75696E74 		.ascii	"uint32\000"
 1557      333200
 1558              	.LASF39:
 1559 00f8 474E5520 		.ascii	"GNU C 4.9.3 20150303 (release) [ARM/embedded-4_9-br"
 1559      4320342E 
 1559      392E3320 
 1559      32303135 
 1559      30333033 
 1560 012b 616E6368 		.ascii	"anch revision 221220] -mcpu=cortex-m0 -mthumb -g -O"
 1560      20726576 
ARM GAS  C:\Users\LINETT~1\AppData\Local\Temp\cclxEA1c.s 			page 36


 1560      6973696F 
 1560      6E203232 
 1560      31323230 
 1561 015e 30202D66 		.ascii	"0 -ffunction-sections -ffat-lto-objects\000"
 1561      66756E63 
 1561      74696F6E 
 1561      2D736563 
 1561      74696F6E 
 1562              	.LASF0:
 1563 0186 756E7369 		.ascii	"unsigned int\000"
 1563      676E6564 
 1563      20696E74 
 1563      00
 1564              	.LASF35:
 1565 0193 61646472 		.ascii	"address\000"
 1565      65737300 
 1566              	.LASF8:
 1567 019b 6C6F6E67 		.ascii	"long long unsigned int\000"
 1567      206C6F6E 
 1567      6720756E 
 1567      7369676E 
 1567      65642069 
 1568              	.LASF41:
 1569 01b2 433A5C55 		.ascii	"C:\\Users\\Linette Helena\\Desktop\\Det pisse meget"
 1569      73657273 
 1569      5C4C696E 
 1569      65747465 
 1569      2048656C 
 1570 01e1 20726967 		.ascii	" rigtigt!\\ADC_med_filtre.cydsn\000"
 1570      74696774 
 1570      215C4144 
 1570      435F6D65 
 1570      645F6669 
 1571              	.LASF29:
 1572 0200 62617365 		.ascii	"baseAddr\000"
 1572      41646472 
 1572      00
 1573              	.LASF9:
 1574 0209 73697A65 		.ascii	"sizetype\000"
 1574      74797065 
 1574      00
 1575              	.LASF37:
 1576 0212 6366675F 		.ascii	"cfg_memset_t\000"
 1576      6D656D73 
 1576      65745F74 
 1576      00
 1577              	.LASF40:
 1578 021f 2E5C4765 		.ascii	".\\Generated_Source\\PSoC4\\cyfitter_cfg.c\000"
 1578      6E657261 
 1578      7465645F 
 1578      536F7572 
 1578      63655C50 
 1579              	.LASF7:
 1580 0247 6C6F6E67 		.ascii	"long long int\000"
 1580      206C6F6E 
 1580      6720696E 
 1580      7400
ARM GAS  C:\Users\LINETT~1\AppData\Local\Temp\cclxEA1c.s 			page 37


 1581              	.LASF10:
 1582 0255 63686172 		.ascii	"char\000"
 1582      00
 1583              	.LASF21:
 1584 025a 63795F63 		.ascii	"cy_cfg_addrvalue_t\000"
 1584      66675F61 
 1584      64647276 
 1584      616C7565 
 1584      5F7400
 1585              	.LASF19:
 1586 026d 6F666673 		.ascii	"offset\000"
 1586      657400
 1587              	.LASF3:
 1588 0274 73686F72 		.ascii	"short int\000"
 1588      7420696E 
 1588      7400
 1589              	.LASF5:
 1590 027e 6C6F6E67 		.ascii	"long int\000"
 1590      20696E74 
 1590      00
 1591              	.LASF1:
 1592 0287 7369676E 		.ascii	"signed char\000"
 1592      65642063 
 1592      68617200 
 1593              	.LASF4:
 1594 0293 73686F72 		.ascii	"short unsigned int\000"
 1594      7420756E 
 1594      7369676E 
 1594      65642069 
 1594      6E7400
 1595              	.LASF25:
 1596 02a6 4359434F 		.ascii	"CYCONFIGCPYCODE\000"
 1596      4E464947 
 1596      43505943 
 1596      4F444500 
 1597              	.LASF23:
 1598 02b6 4359434F 		.ascii	"CYCONFIGCPY\000"
 1598      4E464947 
 1598      43505900 
 1599              		.ident	"GCC: (GNU Tools for ARM Embedded Processors) 4.9.3 20150303 (release) [ARM/embedded-4_9-br
