\BOOKMARK [0][-]{indhold.0}{Indholdsfortegnelse}{}% 1
\BOOKMARK [0][-]{chapter.1}{Indledning}{}% 2
\BOOKMARK [1][-]{section.1.1}{Initierende problemstilling}{chapter.1}% 3
\BOOKMARK [0][-]{chapter.2}{Metode}{}% 4
\BOOKMARK [1][-]{section.2.1}{Vidensindsamling}{chapter.2}% 5
\BOOKMARK [1][-]{section.2.2}{Opbygning af rapporten}{chapter.2}% 6
\BOOKMARK [0][-]{chapter.3}{Problemanalyse}{}% 7
\BOOKMARK [1][-]{section.3.1}{Kronisk obstruktiv lungesygdom}{chapter.3}% 8
\BOOKMARK [2][-]{subsection.3.1.1}{Symptomer}{section.3.1}% 9
\BOOKMARK [2][-]{subsection.3.1.2}{Diagnose}{section.3.1}% 10
\BOOKMARK [2][-]{subsection.3.1.3}{Behandling}{section.3.1}% 11
\BOOKMARK [2][-]{subsection.3.1.4}{Prognose}{section.3.1}% 12
\BOOKMARK [1][-]{section.3.2}{Rehabilitering af KOL-patienter}{chapter.3}% 13
\BOOKMARK [2][-]{subsection.3.2.1}{Rehabiliteringsforl\370b}{section.3.2}% 14
\BOOKMARK [1][-]{section.3.3}{Efter rehabiliteringsforl\370b}{chapter.3}% 15
\BOOKMARK [1][-]{section.3.4}{Projektafgr\346nsning}{chapter.3}% 16
\BOOKMARK [1][-]{section.3.5}{Problemformulering}{chapter.3}% 17
\BOOKMARK [0][-]{chapter.4}{Metode}{}% 18
\BOOKMARK [1][-]{section.4.1}{Objektorienteret programmering}{chapter.4}% 19
\BOOKMARK [1][-]{section.4.2}{Unified Modellig Language}{chapter.4}% 20
\BOOKMARK [2][-]{subsection.4.2.1}{Use-case diagrammer}{section.4.2}% 21
\BOOKMARK [2][-]{subsection.4.2.2}{Aktivitetsdiagrammer}{section.4.2}% 22
\BOOKMARK [2][-]{subsection.4.2.3}{Klassediagrammer}{section.4.2}% 23
\BOOKMARK [1][-]{section.4.3}{Software Development Lifecycle}{chapter.4}% 24
\BOOKMARK [2][-]{subsection.4.3.1}{Vandfaldsmodel}{section.4.3}% 25
\BOOKMARK [0][-]{chapter.5}{Systemudvikling}{}% 26
\BOOKMARK [1][-]{section.5.1}{Systembeskrivelse}{chapter.5}% 27
\BOOKMARK [0][-]{section*.21}{Litteratur}{}% 28
