ARM GAS  C:\Users\LINETT~1\AppData\Local\Temp\cceX8uRb.s 			page 1


   1              		.cpu cortex-m0
   2              		.fpu softvfp
   3              		.eabi_attribute 20, 1
   4              		.eabi_attribute 21, 1
   5              		.eabi_attribute 23, 3
   6              		.eabi_attribute 24, 1
   7              		.eabi_attribute 25, 1
   8              		.eabi_attribute 26, 1
   9              		.eabi_attribute 30, 6
  10              		.eabi_attribute 34, 0
  11              		.eabi_attribute 18, 4
  12              		.code	16
  13              		.file	"cyfitter_cfg.c"
  14              		.text
  15              	.Ltext0:
  16              		.cfi_sections	.debug_frame
  17              		.section	.text.CYMEMZERO,"ax",%progbits
  18              		.align	2
  19              		.code	16
  20              		.thumb_func
  21              		.type	CYMEMZERO, %function
  22              	CYMEMZERO:
  23              	.LFB2:
  24              		.file 1 ".\\Generated_Source\\PSoC4\\cyfitter_cfg.c"
   1:.\Generated_Source\PSoC4/cyfitter_cfg.c **** /*******************************************************************************
   2:.\Generated_Source\PSoC4/cyfitter_cfg.c **** * File Name: cyfitter_cfg.c
   3:.\Generated_Source\PSoC4/cyfitter_cfg.c **** * 
   4:.\Generated_Source\PSoC4/cyfitter_cfg.c **** * PSoC Creator  3.3 SP1
   5:.\Generated_Source\PSoC4/cyfitter_cfg.c **** *
   6:.\Generated_Source\PSoC4/cyfitter_cfg.c **** * Description:
   7:.\Generated_Source\PSoC4/cyfitter_cfg.c **** * This file contains device initialization code.
   8:.\Generated_Source\PSoC4/cyfitter_cfg.c **** * Except for the user defined sections in CyClockStartupError(), this file should not be modified.
   9:.\Generated_Source\PSoC4/cyfitter_cfg.c **** * This file is automatically generated by PSoC Creator.
  10:.\Generated_Source\PSoC4/cyfitter_cfg.c **** *
  11:.\Generated_Source\PSoC4/cyfitter_cfg.c **** ********************************************************************************
  12:.\Generated_Source\PSoC4/cyfitter_cfg.c **** * Copyright (c) 2007-2015 Cypress Semiconductor.  All rights reserved.
  13:.\Generated_Source\PSoC4/cyfitter_cfg.c **** * You may use this file only in accordance with the license, terms, conditions, 
  14:.\Generated_Source\PSoC4/cyfitter_cfg.c **** * disclaimers, and limitations in the end user license agreement accompanying 
  15:.\Generated_Source\PSoC4/cyfitter_cfg.c **** * the software package with which this file was provided.
  16:.\Generated_Source\PSoC4/cyfitter_cfg.c **** ********************************************************************************/
  17:.\Generated_Source\PSoC4/cyfitter_cfg.c **** 
  18:.\Generated_Source\PSoC4/cyfitter_cfg.c **** #include <string.h>
  19:.\Generated_Source\PSoC4/cyfitter_cfg.c **** #include "cytypes.h"
  20:.\Generated_Source\PSoC4/cyfitter_cfg.c **** #include "cydevice_trm.h"
  21:.\Generated_Source\PSoC4/cyfitter_cfg.c **** #include "cyfitter.h"
  22:.\Generated_Source\PSoC4/cyfitter_cfg.c **** #include "CyLib.h"
  23:.\Generated_Source\PSoC4/cyfitter_cfg.c **** #include "cyfitter_cfg.h"
  24:.\Generated_Source\PSoC4/cyfitter_cfg.c **** 
  25:.\Generated_Source\PSoC4/cyfitter_cfg.c **** 
  26:.\Generated_Source\PSoC4/cyfitter_cfg.c **** #if defined(__GNUC__) || defined(__ARMCC_VERSION)
  27:.\Generated_Source\PSoC4/cyfitter_cfg.c ****     #define CYPACKED 
  28:.\Generated_Source\PSoC4/cyfitter_cfg.c ****     #define CYPACKED_ATTR __attribute__ ((packed))
  29:.\Generated_Source\PSoC4/cyfitter_cfg.c ****     #define CYALIGNED __attribute__ ((aligned))
  30:.\Generated_Source\PSoC4/cyfitter_cfg.c ****     #define CY_CFG_UNUSED __attribute__ ((unused))
  31:.\Generated_Source\PSoC4/cyfitter_cfg.c ****     #ifndef CY_CFG_SECTION
  32:.\Generated_Source\PSoC4/cyfitter_cfg.c ****         #define CY_CFG_SECTION __attribute__ ((section(".psocinit")))
  33:.\Generated_Source\PSoC4/cyfitter_cfg.c ****     #endif
ARM GAS  C:\Users\LINETT~1\AppData\Local\Temp\cceX8uRb.s 			page 2


  34:.\Generated_Source\PSoC4/cyfitter_cfg.c ****     
  35:.\Generated_Source\PSoC4/cyfitter_cfg.c ****     #if defined(__ARMCC_VERSION)
  36:.\Generated_Source\PSoC4/cyfitter_cfg.c ****         #define CY_CFG_MEMORY_BARRIER() __memory_changed()
  37:.\Generated_Source\PSoC4/cyfitter_cfg.c ****     #else
  38:.\Generated_Source\PSoC4/cyfitter_cfg.c ****         #define CY_CFG_MEMORY_BARRIER() __sync_synchronize()
  39:.\Generated_Source\PSoC4/cyfitter_cfg.c ****     #endif
  40:.\Generated_Source\PSoC4/cyfitter_cfg.c ****     
  41:.\Generated_Source\PSoC4/cyfitter_cfg.c **** #elif defined(__ICCARM__)
  42:.\Generated_Source\PSoC4/cyfitter_cfg.c ****     #include <intrinsics.h>
  43:.\Generated_Source\PSoC4/cyfitter_cfg.c **** 
  44:.\Generated_Source\PSoC4/cyfitter_cfg.c ****     #define CYPACKED __packed
  45:.\Generated_Source\PSoC4/cyfitter_cfg.c ****     #define CYPACKED_ATTR 
  46:.\Generated_Source\PSoC4/cyfitter_cfg.c ****     #define CYALIGNED _Pragma("data_alignment=4")
  47:.\Generated_Source\PSoC4/cyfitter_cfg.c ****     #define CY_CFG_UNUSED _Pragma("diag_suppress=Pe177")
  48:.\Generated_Source\PSoC4/cyfitter_cfg.c ****     #define CY_CFG_SECTION _Pragma("location=\".psocinit\"")
  49:.\Generated_Source\PSoC4/cyfitter_cfg.c ****     
  50:.\Generated_Source\PSoC4/cyfitter_cfg.c ****     #define CY_CFG_MEMORY_BARRIER() __DMB()
  51:.\Generated_Source\PSoC4/cyfitter_cfg.c ****     
  52:.\Generated_Source\PSoC4/cyfitter_cfg.c **** #else
  53:.\Generated_Source\PSoC4/cyfitter_cfg.c ****     #error Unsupported toolchain
  54:.\Generated_Source\PSoC4/cyfitter_cfg.c **** #endif
  55:.\Generated_Source\PSoC4/cyfitter_cfg.c **** 
  56:.\Generated_Source\PSoC4/cyfitter_cfg.c **** 
  57:.\Generated_Source\PSoC4/cyfitter_cfg.c **** CY_CFG_UNUSED
  58:.\Generated_Source\PSoC4/cyfitter_cfg.c **** static void CYMEMZERO(void *s, size_t n);
  59:.\Generated_Source\PSoC4/cyfitter_cfg.c **** CY_CFG_UNUSED
  60:.\Generated_Source\PSoC4/cyfitter_cfg.c **** static void CYMEMZERO(void *s, size_t n)
  61:.\Generated_Source\PSoC4/cyfitter_cfg.c **** {
  25              		.loc 1 61 0
  26              		.cfi_startproc
  27 0000 80B5     		push	{r7, lr}
  28              		.cfi_def_cfa_offset 8
  29              		.cfi_offset 7, -8
  30              		.cfi_offset 14, -4
  31 0002 82B0     		sub	sp, sp, #8
  32              		.cfi_def_cfa_offset 16
  33 0004 00AF     		add	r7, sp, #0
  34              		.cfi_def_cfa_register 7
  35 0006 7860     		str	r0, [r7, #4]
  36 0008 3960     		str	r1, [r7]
  62:.\Generated_Source\PSoC4/cyfitter_cfg.c **** 	(void)memset(s, 0, n);
  37              		.loc 1 62 0
  38 000a 7A68     		ldr	r2, [r7, #4]
  39 000c 3B68     		ldr	r3, [r7]
  40 000e 101C     		mov	r0, r2
  41 0010 0021     		mov	r1, #0
  42 0012 1A1C     		mov	r2, r3
  43 0014 FFF7FEFF 		bl	memset
  63:.\Generated_Source\PSoC4/cyfitter_cfg.c **** }
  44              		.loc 1 63 0
  45 0018 BD46     		mov	sp, r7
  46 001a 02B0     		add	sp, sp, #8
  47              		@ sp needed
  48 001c 80BD     		pop	{r7, pc}
  49              		.cfi_endproc
  50              	.LFE2:
  51              		.size	CYMEMZERO, .-CYMEMZERO
ARM GAS  C:\Users\LINETT~1\AppData\Local\Temp\cceX8uRb.s 			page 3


  52 001e C046     		.section	.text.CYCONFIGCPY,"ax",%progbits
  53              		.align	2
  54              		.code	16
  55              		.thumb_func
  56              		.type	CYCONFIGCPY, %function
  57              	CYCONFIGCPY:
  58              	.LFB3:
  64:.\Generated_Source\PSoC4/cyfitter_cfg.c **** CY_CFG_UNUSED
  65:.\Generated_Source\PSoC4/cyfitter_cfg.c **** static void CYCONFIGCPY(void *dest, const void *src, size_t n);
  66:.\Generated_Source\PSoC4/cyfitter_cfg.c **** CY_CFG_UNUSED
  67:.\Generated_Source\PSoC4/cyfitter_cfg.c **** static void CYCONFIGCPY(void *dest, const void *src, size_t n)
  68:.\Generated_Source\PSoC4/cyfitter_cfg.c **** {
  59              		.loc 1 68 0
  60              		.cfi_startproc
  61 0000 80B5     		push	{r7, lr}
  62              		.cfi_def_cfa_offset 8
  63              		.cfi_offset 7, -8
  64              		.cfi_offset 14, -4
  65 0002 84B0     		sub	sp, sp, #16
  66              		.cfi_def_cfa_offset 24
  67 0004 00AF     		add	r7, sp, #0
  68              		.cfi_def_cfa_register 7
  69 0006 F860     		str	r0, [r7, #12]
  70 0008 B960     		str	r1, [r7, #8]
  71 000a 7A60     		str	r2, [r7, #4]
  69:.\Generated_Source\PSoC4/cyfitter_cfg.c **** 	(void)memcpy(dest, src, n);
  72              		.loc 1 69 0
  73 000c F968     		ldr	r1, [r7, #12]
  74 000e BA68     		ldr	r2, [r7, #8]
  75 0010 7B68     		ldr	r3, [r7, #4]
  76 0012 081C     		mov	r0, r1
  77 0014 111C     		mov	r1, r2
  78 0016 1A1C     		mov	r2, r3
  79 0018 FFF7FEFF 		bl	memcpy
  70:.\Generated_Source\PSoC4/cyfitter_cfg.c **** }
  80              		.loc 1 70 0
  81 001c BD46     		mov	sp, r7
  82 001e 04B0     		add	sp, sp, #16
  83              		@ sp needed
  84 0020 80BD     		pop	{r7, pc}
  85              		.cfi_endproc
  86              	.LFE3:
  87              		.size	CYCONFIGCPY, .-CYCONFIGCPY
  88 0022 C046     		.section	.text.CYCONFIGCPYCODE,"ax",%progbits
  89              		.align	2
  90              		.code	16
  91              		.thumb_func
  92              		.type	CYCONFIGCPYCODE, %function
  93              	CYCONFIGCPYCODE:
  94              	.LFB4:
  71:.\Generated_Source\PSoC4/cyfitter_cfg.c **** CY_CFG_UNUSED
  72:.\Generated_Source\PSoC4/cyfitter_cfg.c **** static void CYCONFIGCPYCODE(void *dest, const void *src, size_t n);
  73:.\Generated_Source\PSoC4/cyfitter_cfg.c **** CY_CFG_UNUSED
  74:.\Generated_Source\PSoC4/cyfitter_cfg.c **** static void CYCONFIGCPYCODE(void *dest, const void *src, size_t n)
  75:.\Generated_Source\PSoC4/cyfitter_cfg.c **** {
  95              		.loc 1 75 0
  96              		.cfi_startproc
ARM GAS  C:\Users\LINETT~1\AppData\Local\Temp\cceX8uRb.s 			page 4


  97 0000 80B5     		push	{r7, lr}
  98              		.cfi_def_cfa_offset 8
  99              		.cfi_offset 7, -8
 100              		.cfi_offset 14, -4
 101 0002 84B0     		sub	sp, sp, #16
 102              		.cfi_def_cfa_offset 24
 103 0004 00AF     		add	r7, sp, #0
 104              		.cfi_def_cfa_register 7
 105 0006 F860     		str	r0, [r7, #12]
 106 0008 B960     		str	r1, [r7, #8]
 107 000a 7A60     		str	r2, [r7, #4]
  76:.\Generated_Source\PSoC4/cyfitter_cfg.c **** 	(void)memcpy(dest, src, n);
 108              		.loc 1 76 0
 109 000c F968     		ldr	r1, [r7, #12]
 110 000e BA68     		ldr	r2, [r7, #8]
 111 0010 7B68     		ldr	r3, [r7, #4]
 112 0012 081C     		mov	r0, r1
 113 0014 111C     		mov	r1, r2
 114 0016 1A1C     		mov	r2, r3
 115 0018 FFF7FEFF 		bl	memcpy
  77:.\Generated_Source\PSoC4/cyfitter_cfg.c **** }
 116              		.loc 1 77 0
 117 001c BD46     		mov	sp, r7
 118 001e 04B0     		add	sp, sp, #16
 119              		@ sp needed
 120 0020 80BD     		pop	{r7, pc}
 121              		.cfi_endproc
 122              	.LFE4:
 123              		.size	CYCONFIGCPYCODE, .-CYCONFIGCPYCODE
 124 0022 C046     		.section	.text.cfg_write_bytes32,"ax",%progbits
 125              		.align	2
 126              		.code	16
 127              		.thumb_func
 128              		.type	cfg_write_bytes32, %function
 129              	cfg_write_bytes32:
 130              	.LFB5:
  78:.\Generated_Source\PSoC4/cyfitter_cfg.c **** 
  79:.\Generated_Source\PSoC4/cyfitter_cfg.c **** 
  80:.\Generated_Source\PSoC4/cyfitter_cfg.c **** 
  81:.\Generated_Source\PSoC4/cyfitter_cfg.c **** /* Clock startup error codes                                                   */
  82:.\Generated_Source\PSoC4/cyfitter_cfg.c **** #define CYCLOCKSTART_NO_ERROR    0u
  83:.\Generated_Source\PSoC4/cyfitter_cfg.c **** #define CYCLOCKSTART_XTAL_ERROR  1u
  84:.\Generated_Source\PSoC4/cyfitter_cfg.c **** #define CYCLOCKSTART_32KHZ_ERROR 2u
  85:.\Generated_Source\PSoC4/cyfitter_cfg.c **** #define CYCLOCKSTART_PLL_ERROR   3u
  86:.\Generated_Source\PSoC4/cyfitter_cfg.c **** 
  87:.\Generated_Source\PSoC4/cyfitter_cfg.c **** #ifdef CY_NEED_CYCLOCKSTARTUPERROR
  88:.\Generated_Source\PSoC4/cyfitter_cfg.c **** /*******************************************************************************
  89:.\Generated_Source\PSoC4/cyfitter_cfg.c **** * Function Name: CyClockStartupError
  90:.\Generated_Source\PSoC4/cyfitter_cfg.c **** ********************************************************************************
  91:.\Generated_Source\PSoC4/cyfitter_cfg.c **** * Summary:
  92:.\Generated_Source\PSoC4/cyfitter_cfg.c **** *  If an error is encountered during clock configuration (crystal startup error,
  93:.\Generated_Source\PSoC4/cyfitter_cfg.c **** *  PLL lock error, etc.), the system will end up here.  Unless reimplemented by
  94:.\Generated_Source\PSoC4/cyfitter_cfg.c **** *  the customer, this function will stop in an infinite loop.
  95:.\Generated_Source\PSoC4/cyfitter_cfg.c **** *
  96:.\Generated_Source\PSoC4/cyfitter_cfg.c **** * Parameters:
  97:.\Generated_Source\PSoC4/cyfitter_cfg.c **** *   void
  98:.\Generated_Source\PSoC4/cyfitter_cfg.c **** *
ARM GAS  C:\Users\LINETT~1\AppData\Local\Temp\cceX8uRb.s 			page 5


  99:.\Generated_Source\PSoC4/cyfitter_cfg.c **** * Return:
 100:.\Generated_Source\PSoC4/cyfitter_cfg.c **** *   void
 101:.\Generated_Source\PSoC4/cyfitter_cfg.c **** *
 102:.\Generated_Source\PSoC4/cyfitter_cfg.c **** *******************************************************************************/
 103:.\Generated_Source\PSoC4/cyfitter_cfg.c **** CY_CFG_UNUSED
 104:.\Generated_Source\PSoC4/cyfitter_cfg.c **** static void CyClockStartupError(uint8 errorCode);
 105:.\Generated_Source\PSoC4/cyfitter_cfg.c **** CY_CFG_UNUSED
 106:.\Generated_Source\PSoC4/cyfitter_cfg.c **** static void CyClockStartupError(uint8 errorCode)
 107:.\Generated_Source\PSoC4/cyfitter_cfg.c **** {
 108:.\Generated_Source\PSoC4/cyfitter_cfg.c ****     /* To remove the compiler warning if errorCode not used.                */
 109:.\Generated_Source\PSoC4/cyfitter_cfg.c ****     errorCode = errorCode;
 110:.\Generated_Source\PSoC4/cyfitter_cfg.c **** 
 111:.\Generated_Source\PSoC4/cyfitter_cfg.c ****     /* `#START CyClockStartupError` */
 112:.\Generated_Source\PSoC4/cyfitter_cfg.c **** 
 113:.\Generated_Source\PSoC4/cyfitter_cfg.c ****     /* If we have a clock startup error (bad MHz crystal, PLL lock, etc.),  */
 114:.\Generated_Source\PSoC4/cyfitter_cfg.c ****     /* we will end up here to allow the customer to implement something to  */
 115:.\Generated_Source\PSoC4/cyfitter_cfg.c ****     /* deal with the clock condition.                                       */
 116:.\Generated_Source\PSoC4/cyfitter_cfg.c **** 
 117:.\Generated_Source\PSoC4/cyfitter_cfg.c ****     /* `#END` */
 118:.\Generated_Source\PSoC4/cyfitter_cfg.c **** 
 119:.\Generated_Source\PSoC4/cyfitter_cfg.c ****     /* If nothing else, stop here since the clocks have not started         */
 120:.\Generated_Source\PSoC4/cyfitter_cfg.c ****     /* correctly.                                                           */
 121:.\Generated_Source\PSoC4/cyfitter_cfg.c ****     while(1) {}
 122:.\Generated_Source\PSoC4/cyfitter_cfg.c **** }
 123:.\Generated_Source\PSoC4/cyfitter_cfg.c **** #endif
 124:.\Generated_Source\PSoC4/cyfitter_cfg.c **** 
 125:.\Generated_Source\PSoC4/cyfitter_cfg.c **** #define CY_CFG_BASE_ADDR_COUNT 5u
 126:.\Generated_Source\PSoC4/cyfitter_cfg.c **** CYPACKED typedef struct
 127:.\Generated_Source\PSoC4/cyfitter_cfg.c **** {
 128:.\Generated_Source\PSoC4/cyfitter_cfg.c **** 	uint8 offset;
 129:.\Generated_Source\PSoC4/cyfitter_cfg.c **** 	uint8 value;
 130:.\Generated_Source\PSoC4/cyfitter_cfg.c **** } CYPACKED_ATTR cy_cfg_addrvalue_t;
 131:.\Generated_Source\PSoC4/cyfitter_cfg.c **** 
 132:.\Generated_Source\PSoC4/cyfitter_cfg.c **** 
 133:.\Generated_Source\PSoC4/cyfitter_cfg.c **** 
 134:.\Generated_Source\PSoC4/cyfitter_cfg.c **** /*******************************************************************************
 135:.\Generated_Source\PSoC4/cyfitter_cfg.c **** * Function Name: cfg_write_bytes32
 136:.\Generated_Source\PSoC4/cyfitter_cfg.c **** ********************************************************************************
 137:.\Generated_Source\PSoC4/cyfitter_cfg.c **** * Summary:
 138:.\Generated_Source\PSoC4/cyfitter_cfg.c **** *  This function is used for setting up the chip configuration areas that
 139:.\Generated_Source\PSoC4/cyfitter_cfg.c **** *  contain relatively sparse data.
 140:.\Generated_Source\PSoC4/cyfitter_cfg.c **** *
 141:.\Generated_Source\PSoC4/cyfitter_cfg.c **** * Parameters:
 142:.\Generated_Source\PSoC4/cyfitter_cfg.c **** *   void
 143:.\Generated_Source\PSoC4/cyfitter_cfg.c **** *
 144:.\Generated_Source\PSoC4/cyfitter_cfg.c **** * Return:
 145:.\Generated_Source\PSoC4/cyfitter_cfg.c **** *   void
 146:.\Generated_Source\PSoC4/cyfitter_cfg.c **** *
 147:.\Generated_Source\PSoC4/cyfitter_cfg.c **** *******************************************************************************/
 148:.\Generated_Source\PSoC4/cyfitter_cfg.c **** static void cfg_write_bytes32(const uint32 addr_table[], const cy_cfg_addrvalue_t data_table[]);
 149:.\Generated_Source\PSoC4/cyfitter_cfg.c **** static void cfg_write_bytes32(const uint32 addr_table[], const cy_cfg_addrvalue_t data_table[])
 150:.\Generated_Source\PSoC4/cyfitter_cfg.c **** {
 131              		.loc 1 150 0
 132              		.cfi_startproc
 133 0000 80B5     		push	{r7, lr}
 134              		.cfi_def_cfa_offset 8
 135              		.cfi_offset 7, -8
ARM GAS  C:\Users\LINETT~1\AppData\Local\Temp\cceX8uRb.s 			page 6


 136              		.cfi_offset 14, -4
 137 0002 86B0     		sub	sp, sp, #24
 138              		.cfi_def_cfa_offset 32
 139 0004 00AF     		add	r7, sp, #0
 140              		.cfi_def_cfa_register 7
 141 0006 7860     		str	r0, [r7, #4]
 142 0008 3960     		str	r1, [r7]
 151:.\Generated_Source\PSoC4/cyfitter_cfg.c **** 	/* For 32-bit little-endian architectures */
 152:.\Generated_Source\PSoC4/cyfitter_cfg.c **** 	uint32 i, j = 0u;
 143              		.loc 1 152 0
 144 000a 0023     		mov	r3, #0
 145 000c 3B61     		str	r3, [r7, #16]
 153:.\Generated_Source\PSoC4/cyfitter_cfg.c **** 	for (i = 0u; i < CY_CFG_BASE_ADDR_COUNT; i++)
 146              		.loc 1 153 0
 147 000e 0023     		mov	r3, #0
 148 0010 7B61     		str	r3, [r7, #20]
 149 0012 2FE0     		b	.L5
 150              	.L8:
 151              	.LBB2:
 154:.\Generated_Source\PSoC4/cyfitter_cfg.c **** 	{
 155:.\Generated_Source\PSoC4/cyfitter_cfg.c **** 		uint32 baseAddr = addr_table[i];
 152              		.loc 1 155 0
 153 0014 7B69     		ldr	r3, [r7, #20]
 154 0016 9B00     		lsl	r3, r3, #2
 155 0018 7A68     		ldr	r2, [r7, #4]
 156 001a D318     		add	r3, r2, r3
 157 001c 1B68     		ldr	r3, [r3]
 158 001e BB60     		str	r3, [r7, #8]
 156:.\Generated_Source\PSoC4/cyfitter_cfg.c **** 		uint8 count = (uint8)baseAddr;
 159              		.loc 1 156 0
 160 0020 0F23     		mov	r3, #15
 161 0022 FB18     		add	r3, r7, r3
 162 0024 BA68     		ldr	r2, [r7, #8]
 163 0026 1A70     		strb	r2, [r3]
 157:.\Generated_Source\PSoC4/cyfitter_cfg.c **** 		baseAddr &= 0xFFFFFF00u;
 164              		.loc 1 157 0
 165 0028 BB68     		ldr	r3, [r7, #8]
 166 002a FF22     		mov	r2, #255
 167 002c 9343     		bic	r3, r2
 168 002e BB60     		str	r3, [r7, #8]
 158:.\Generated_Source\PSoC4/cyfitter_cfg.c **** 		while (count != 0u)
 169              		.loc 1 158 0
 170 0030 18E0     		b	.L6
 171              	.L7:
 159:.\Generated_Source\PSoC4/cyfitter_cfg.c **** 		{
 160:.\Generated_Source\PSoC4/cyfitter_cfg.c **** 			CY_SET_XTND_REG8((void CYFAR *)(baseAddr + data_table[j].offset), data_table[j].value);
 172              		.loc 1 160 0
 173 0032 3B69     		ldr	r3, [r7, #16]
 174 0034 5B00     		lsl	r3, r3, #1
 175 0036 3A68     		ldr	r2, [r7]
 176 0038 D318     		add	r3, r2, r3
 177 003a 1B78     		ldrb	r3, [r3]
 178 003c 1A1C     		mov	r2, r3
 179 003e BB68     		ldr	r3, [r7, #8]
 180 0040 D318     		add	r3, r2, r3
 181 0042 191C     		mov	r1, r3
 182 0044 3B69     		ldr	r3, [r7, #16]
ARM GAS  C:\Users\LINETT~1\AppData\Local\Temp\cceX8uRb.s 			page 7


 183 0046 5B00     		lsl	r3, r3, #1
 184 0048 3A68     		ldr	r2, [r7]
 185 004a D318     		add	r3, r2, r3
 186 004c 5B78     		ldrb	r3, [r3, #1]
 187 004e 0B70     		strb	r3, [r1]
 161:.\Generated_Source\PSoC4/cyfitter_cfg.c **** 			j++;
 188              		.loc 1 161 0
 189 0050 3B69     		ldr	r3, [r7, #16]
 190 0052 0133     		add	r3, r3, #1
 191 0054 3B61     		str	r3, [r7, #16]
 162:.\Generated_Source\PSoC4/cyfitter_cfg.c **** 			count--;
 192              		.loc 1 162 0
 193 0056 0F23     		mov	r3, #15
 194 0058 FB18     		add	r3, r7, r3
 195 005a 1A78     		ldrb	r2, [r3]
 196 005c 0F23     		mov	r3, #15
 197 005e FB18     		add	r3, r7, r3
 198 0060 013A     		sub	r2, r2, #1
 199 0062 1A70     		strb	r2, [r3]
 200              	.L6:
 158:.\Generated_Source\PSoC4/cyfitter_cfg.c **** 		{
 201              		.loc 1 158 0
 202 0064 0F23     		mov	r3, #15
 203 0066 FB18     		add	r3, r7, r3
 204 0068 1B78     		ldrb	r3, [r3]
 205 006a 002B     		cmp	r3, #0
 206 006c E1D1     		bne	.L7
 207              	.LBE2:
 153:.\Generated_Source\PSoC4/cyfitter_cfg.c **** 	{
 208              		.loc 1 153 0 discriminator 2
 209 006e 7B69     		ldr	r3, [r7, #20]
 210 0070 0133     		add	r3, r3, #1
 211 0072 7B61     		str	r3, [r7, #20]
 212              	.L5:
 153:.\Generated_Source\PSoC4/cyfitter_cfg.c **** 	{
 213              		.loc 1 153 0 is_stmt 0 discriminator 1
 214 0074 7B69     		ldr	r3, [r7, #20]
 215 0076 042B     		cmp	r3, #4
 216 0078 CCD9     		bls	.L8
 163:.\Generated_Source\PSoC4/cyfitter_cfg.c **** 		}
 164:.\Generated_Source\PSoC4/cyfitter_cfg.c **** 	}
 165:.\Generated_Source\PSoC4/cyfitter_cfg.c **** }
 217              		.loc 1 165 0 is_stmt 1
 218 007a BD46     		mov	sp, r7
 219 007c 06B0     		add	sp, sp, #24
 220              		@ sp needed
 221 007e 80BD     		pop	{r7, pc}
 222              		.cfi_endproc
 223              	.LFE5:
 224              		.size	cfg_write_bytes32, .-cfg_write_bytes32
 225              		.section	.psocinit,"ax",%progbits
 226              		.align	2
 227              		.code	16
 228              		.thumb_func
 229              		.type	ClockSetup, %function
 230              	ClockSetup:
 231              	.LFB6:
ARM GAS  C:\Users\LINETT~1\AppData\Local\Temp\cceX8uRb.s 			page 8


 166:.\Generated_Source\PSoC4/cyfitter_cfg.c **** 
 167:.\Generated_Source\PSoC4/cyfitter_cfg.c **** 
 168:.\Generated_Source\PSoC4/cyfitter_cfg.c **** /*******************************************************************************
 169:.\Generated_Source\PSoC4/cyfitter_cfg.c **** * Function Name: ClockSetup
 170:.\Generated_Source\PSoC4/cyfitter_cfg.c **** ********************************************************************************
 171:.\Generated_Source\PSoC4/cyfitter_cfg.c **** *
 172:.\Generated_Source\PSoC4/cyfitter_cfg.c **** * Summary:
 173:.\Generated_Source\PSoC4/cyfitter_cfg.c **** *   Performs the initialization of all of the clocks in the device based on the
 174:.\Generated_Source\PSoC4/cyfitter_cfg.c **** *   settings in the Clock tab of the DWR.  This includes enabling the requested
 175:.\Generated_Source\PSoC4/cyfitter_cfg.c **** *   clocks and setting the necessary dividers to produce the desired frequency. 
 176:.\Generated_Source\PSoC4/cyfitter_cfg.c **** *
 177:.\Generated_Source\PSoC4/cyfitter_cfg.c **** * Parameters:
 178:.\Generated_Source\PSoC4/cyfitter_cfg.c **** *   void
 179:.\Generated_Source\PSoC4/cyfitter_cfg.c **** *
 180:.\Generated_Source\PSoC4/cyfitter_cfg.c **** * Return:
 181:.\Generated_Source\PSoC4/cyfitter_cfg.c **** *   void
 182:.\Generated_Source\PSoC4/cyfitter_cfg.c **** *
 183:.\Generated_Source\PSoC4/cyfitter_cfg.c **** *******************************************************************************/
 184:.\Generated_Source\PSoC4/cyfitter_cfg.c **** static void ClockSetup(void);
 185:.\Generated_Source\PSoC4/cyfitter_cfg.c **** CY_CFG_SECTION
 186:.\Generated_Source\PSoC4/cyfitter_cfg.c **** static void ClockSetup(void)
 187:.\Generated_Source\PSoC4/cyfitter_cfg.c **** {
 232              		.loc 1 187 0
 233              		.cfi_startproc
 234 0000 80B5     		push	{r7, lr}
 235              		.cfi_def_cfa_offset 8
 236              		.cfi_offset 7, -8
 237              		.cfi_offset 14, -4
 238 0002 00AF     		add	r7, sp, #0
 239              		.cfi_def_cfa_register 7
 188:.\Generated_Source\PSoC4/cyfitter_cfg.c **** 
 189:.\Generated_Source\PSoC4/cyfitter_cfg.c **** 	/* Set Flash Cycles based on max possible frequency in case a glitch occurs during ClockSetup(). *
 190:.\Generated_Source\PSoC4/cyfitter_cfg.c **** 	CY_SET_REG32((void CYXDATA *)(CYREG_CPUSS_FLASH_CTL), (0x0012u));
 240              		.loc 1 190 0
 241 0004 244B     		ldr	r3, .L10
 242 0006 1222     		mov	r2, #18
 243 0008 1A60     		str	r2, [r3]
 191:.\Generated_Source\PSoC4/cyfitter_cfg.c **** 
 192:.\Generated_Source\PSoC4/cyfitter_cfg.c **** 	/* Start the WCO */
 193:.\Generated_Source\PSoC4/cyfitter_cfg.c **** 	CySysClkWcoStart();
 244              		.loc 1 193 0
 245 000a FFF7FEFF 		bl	CySysClkWcoStart
 194:.\Generated_Source\PSoC4/cyfitter_cfg.c **** 	(void)CySysClkWcoSetPowerMode(CY_SYS_CLK_WCO_LPM);    /* Switch to the low power mode */
 246              		.loc 1 194 0
 247 000e 0120     		mov	r0, #1
 248 0010 FFF7FEFF 		bl	CySysClkWcoSetPowerMode
 195:.\Generated_Source\PSoC4/cyfitter_cfg.c **** 
 196:.\Generated_Source\PSoC4/cyfitter_cfg.c **** 	/* Setup and trim IMO based on desired frequency. */
 197:.\Generated_Source\PSoC4/cyfitter_cfg.c **** 	CySysClkWriteImoFreq(24u);
 249              		.loc 1 197 0
 250 0014 1820     		mov	r0, #24
 251 0016 FFF7FEFF 		bl	CySysClkWriteImoFreq
 198:.\Generated_Source\PSoC4/cyfitter_cfg.c **** 	/* CYDEV_CLK_ILO_CONFIG Starting address: CYDEV_CLK_ILO_CONFIG */
 199:.\Generated_Source\PSoC4/cyfitter_cfg.c **** 	CY_SET_XTND_REG32((void CYFAR *)(CYREG_CLK_ILO_CONFIG), 0x80000006u);
 252              		.loc 1 199 0
 253 001a 204B     		ldr	r3, .L10+4
 254 001c 204A     		ldr	r2, .L10+8
ARM GAS  C:\Users\LINETT~1\AppData\Local\Temp\cceX8uRb.s 			page 9


 255 001e 1A60     		str	r2, [r3]
 200:.\Generated_Source\PSoC4/cyfitter_cfg.c **** 
 201:.\Generated_Source\PSoC4/cyfitter_cfg.c **** 
 202:.\Generated_Source\PSoC4/cyfitter_cfg.c **** 	/* Enable fast start mode for XO */
 203:.\Generated_Source\PSoC4/cyfitter_cfg.c **** 	CY_SET_REG32((void*)CYREG_BLE_BLERD_BB_XO, CY_GET_REG32((void*)CYREG_BLE_BLERD_BB_XO) | (uint32)0x
 256              		.loc 1 203 0
 257 0020 204B     		ldr	r3, .L10+12
 258 0022 204A     		ldr	r2, .L10+12
 259 0024 1268     		ldr	r2, [r2]
 260 0026 0221     		mov	r1, #2
 261 0028 0A43     		orr	r2, r1
 262 002a 1A60     		str	r2, [r3]
 204:.\Generated_Source\PSoC4/cyfitter_cfg.c **** 	CY_SET_XTND_REG32((void CYFAR *)(CYREG_BLE_BLERD_BB_XO_CAPTRIM), 0x00003E2Du);
 263              		.loc 1 204 0
 264 002c 1E4B     		ldr	r3, .L10+16
 265 002e 1F4A     		ldr	r2, .L10+20
 266 0030 1A60     		str	r2, [r3]
 205:.\Generated_Source\PSoC4/cyfitter_cfg.c **** 	/* Disable Crystal Stable Interrupt before enabling ECO */
 206:.\Generated_Source\PSoC4/cyfitter_cfg.c **** 	CY_SET_REG32((void*)CYREG_BLE_BLESS_LL_DSM_CTRL, CY_GET_REG32((void*)CYREG_BLE_BLESS_LL_DSM_CTRL) 
 267              		.loc 1 206 0
 268 0032 1F4B     		ldr	r3, .L10+24
 269 0034 1E4A     		ldr	r2, .L10+24
 270 0036 1268     		ldr	r2, [r2]
 271 0038 0821     		mov	r1, #8
 272 003a 8A43     		bic	r2, r1
 273 003c 1A60     		str	r2, [r3]
 207:.\Generated_Source\PSoC4/cyfitter_cfg.c **** 	/* Start the ECO and do not check status since it is not needed for HFCLK */
 208:.\Generated_Source\PSoC4/cyfitter_cfg.c **** 	(void)CySysClkEcoStart(2000u);
 274              		.loc 1 208 0
 275 003e FA23     		mov	r3, #250
 276 0040 DB00     		lsl	r3, r3, #3
 277 0042 181C     		mov	r0, r3
 278 0044 FFF7FEFF 		bl	CySysClkEcoStart
 209:.\Generated_Source\PSoC4/cyfitter_cfg.c **** 	CyDelayUs(1500u); /* Wait to stabalize */
 279              		.loc 1 209 0
 280 0048 1A4B     		ldr	r3, .L10+28
 281 004a 181C     		mov	r0, r3
 282 004c FFF7FEFF 		bl	CyDelayUs
 210:.\Generated_Source\PSoC4/cyfitter_cfg.c **** 
 211:.\Generated_Source\PSoC4/cyfitter_cfg.c **** 	/* Setup phase aligned clocks */
 212:.\Generated_Source\PSoC4/cyfitter_cfg.c **** 	CY_SET_REG32((void *)CYREG_PERI_DIV_16_CTL1, 0x00000E00u);
 283              		.loc 1 212 0
 284 0050 194B     		ldr	r3, .L10+32
 285 0052 E022     		mov	r2, #224
 286 0054 1201     		lsl	r2, r2, #4
 287 0056 1A60     		str	r2, [r3]
 213:.\Generated_Source\PSoC4/cyfitter_cfg.c **** 	CY_SET_REG32((void *)CYREG_PERI_DIV_CMD, 0x8000FF41u);
 288              		.loc 1 213 0
 289 0058 184B     		ldr	r3, .L10+36
 290 005a 194A     		ldr	r2, .L10+40
 291 005c 1A60     		str	r2, [r3]
 214:.\Generated_Source\PSoC4/cyfitter_cfg.c **** 	CY_SET_REG32((void *)CYREG_PERI_DIV_16_CTL0, 0x00000C00u);
 292              		.loc 1 214 0
 293 005e 194B     		ldr	r3, .L10+44
 294 0060 C022     		mov	r2, #192
 295 0062 1201     		lsl	r2, r2, #4
 296 0064 1A60     		str	r2, [r3]
ARM GAS  C:\Users\LINETT~1\AppData\Local\Temp\cceX8uRb.s 			page 10


 215:.\Generated_Source\PSoC4/cyfitter_cfg.c **** 	CY_SET_REG32((void *)CYREG_PERI_DIV_CMD, 0x8000FF40u);
 297              		.loc 1 215 0
 298 0066 154B     		ldr	r3, .L10+36
 299 0068 174A     		ldr	r2, .L10+48
 300 006a 1A60     		str	r2, [r3]
 216:.\Generated_Source\PSoC4/cyfitter_cfg.c **** 
 217:.\Generated_Source\PSoC4/cyfitter_cfg.c **** 	/* CYDEV_CLK_IMO_CONFIG Starting address: CYDEV_CLK_IMO_CONFIG */
 218:.\Generated_Source\PSoC4/cyfitter_cfg.c **** 	CY_SET_XTND_REG32((void CYFAR *)(CYREG_CLK_IMO_CONFIG), 0x82000000u);
 301              		.loc 1 218 0
 302 006c 174B     		ldr	r3, .L10+52
 303 006e 8222     		mov	r2, #130
 304 0070 1206     		lsl	r2, r2, #24
 305 0072 1A60     		str	r2, [r3]
 219:.\Generated_Source\PSoC4/cyfitter_cfg.c **** 
 220:.\Generated_Source\PSoC4/cyfitter_cfg.c **** 	/* CYDEV_CLK_SELECT Starting address: CYDEV_CLK_SELECT */
 221:.\Generated_Source\PSoC4/cyfitter_cfg.c **** 	CY_SET_XTND_REG32((void CYFAR *)(CYREG_CLK_SELECT), 0x00000000u);
 306              		.loc 1 221 0
 307 0074 164B     		ldr	r3, .L10+56
 308 0076 0022     		mov	r2, #0
 309 0078 1A60     		str	r2, [r3]
 222:.\Generated_Source\PSoC4/cyfitter_cfg.c **** 
 223:.\Generated_Source\PSoC4/cyfitter_cfg.c **** 	/* CYDEV_PERI_PCLK_CTL6 Starting address: CYDEV_PERI_PCLK_CTL6 */
 224:.\Generated_Source\PSoC4/cyfitter_cfg.c **** 	CY_SET_XTND_REG32((void CYFAR *)(CYREG_PERI_PCLK_CTL6), 0x00000041u);
 310              		.loc 1 224 0
 311 007a 164B     		ldr	r3, .L10+60
 312 007c 4122     		mov	r2, #65
 313 007e 1A60     		str	r2, [r3]
 225:.\Generated_Source\PSoC4/cyfitter_cfg.c **** 
 226:.\Generated_Source\PSoC4/cyfitter_cfg.c **** 	/* CYDEV_PERI_PCLK_CTL1 Starting address: CYDEV_PERI_PCLK_CTL1 */
 227:.\Generated_Source\PSoC4/cyfitter_cfg.c **** 	CY_SET_XTND_REG32((void CYFAR *)(CYREG_PERI_PCLK_CTL1), 0x00000040u);
 314              		.loc 1 227 0
 315 0080 154B     		ldr	r3, .L10+64
 316 0082 4022     		mov	r2, #64
 317 0084 1A60     		str	r2, [r3]
 228:.\Generated_Source\PSoC4/cyfitter_cfg.c **** 
 229:.\Generated_Source\PSoC4/cyfitter_cfg.c **** 	CY_SET_XTND_REG32((void CYFAR *)(CYREG_WDT_CONFIG), 0x00000000u);
 318              		.loc 1 229 0
 319 0086 154B     		ldr	r3, .L10+68
 320 0088 0022     		mov	r2, #0
 321 008a 1A60     		str	r2, [r3]
 230:.\Generated_Source\PSoC4/cyfitter_cfg.c **** 	/* Set Flash Cycles based on newly configured 24.00MHz HFCLK. */
 231:.\Generated_Source\PSoC4/cyfitter_cfg.c **** 	CY_SET_REG32((void CYXDATA *)(CYREG_CPUSS_FLASH_CTL), (0x0011u));
 322              		.loc 1 231 0
 323 008c 024B     		ldr	r3, .L10
 324 008e 1122     		mov	r2, #17
 325 0090 1A60     		str	r2, [r3]
 232:.\Generated_Source\PSoC4/cyfitter_cfg.c **** }
 326              		.loc 1 232 0
 327 0092 BD46     		mov	sp, r7
 328              		@ sp needed
 329 0094 80BD     		pop	{r7, pc}
 330              	.L11:
 331 0096 C046     		.align	2
 332              	.L10:
 333 0098 30001040 		.word	1074790448
 334 009c 04010B40 		.word	1074462980
 335 00a0 06000080 		.word	-2147483642
ARM GAS  C:\Users\LINETT~1\AppData\Local\Temp\cceX8uRb.s 			page 11


 336 00a4 78002E40 		.word	1076756600
 337 00a8 7C002E40 		.word	1076756604
 338 00ac 2D3E0000 		.word	15917
 339 00b0 6CF02E40 		.word	1076818028
 340 00b4 DC050000 		.word	1500
 341 00b8 04030140 		.word	1073808132
 342 00bc 00000140 		.word	1073807360
 343 00c0 41FF0080 		.word	-2147418303
 344 00c4 00030140 		.word	1073808128
 345 00c8 40FF0080 		.word	-2147418304
 346 00cc 08010B40 		.word	1074462984
 347 00d0 00010B40 		.word	1074462976
 348 00d4 18010140 		.word	1073807640
 349 00d8 04010140 		.word	1073807620
 350 00dc 0C020B40 		.word	1074463244
 351              		.cfi_endproc
 352              	.LFE6:
 353              		.size	ClockSetup, .-ClockSetup
 354              		.section	.text.AnalogSetDefault,"ax",%progbits
 355              		.align	2
 356              		.code	16
 357              		.thumb_func
 358              		.type	AnalogSetDefault, %function
 359              	AnalogSetDefault:
 360              	.LFB7:
 233:.\Generated_Source\PSoC4/cyfitter_cfg.c **** 
 234:.\Generated_Source\PSoC4/cyfitter_cfg.c **** 
 235:.\Generated_Source\PSoC4/cyfitter_cfg.c **** /* Analog API Functions */
 236:.\Generated_Source\PSoC4/cyfitter_cfg.c **** 
 237:.\Generated_Source\PSoC4/cyfitter_cfg.c **** 
 238:.\Generated_Source\PSoC4/cyfitter_cfg.c **** /*******************************************************************************
 239:.\Generated_Source\PSoC4/cyfitter_cfg.c **** * Function Name: AnalogSetDefault
 240:.\Generated_Source\PSoC4/cyfitter_cfg.c **** ********************************************************************************
 241:.\Generated_Source\PSoC4/cyfitter_cfg.c **** *
 242:.\Generated_Source\PSoC4/cyfitter_cfg.c **** * Summary:
 243:.\Generated_Source\PSoC4/cyfitter_cfg.c **** *  Sets up the analog portions of the chip to default values based on chip
 244:.\Generated_Source\PSoC4/cyfitter_cfg.c **** *  configuration options from the project.
 245:.\Generated_Source\PSoC4/cyfitter_cfg.c **** *
 246:.\Generated_Source\PSoC4/cyfitter_cfg.c **** * Parameters:
 247:.\Generated_Source\PSoC4/cyfitter_cfg.c **** *  void
 248:.\Generated_Source\PSoC4/cyfitter_cfg.c **** *
 249:.\Generated_Source\PSoC4/cyfitter_cfg.c **** * Return:
 250:.\Generated_Source\PSoC4/cyfitter_cfg.c **** *  void
 251:.\Generated_Source\PSoC4/cyfitter_cfg.c **** *
 252:.\Generated_Source\PSoC4/cyfitter_cfg.c **** *******************************************************************************/
 253:.\Generated_Source\PSoC4/cyfitter_cfg.c **** static void AnalogSetDefault(void);
 254:.\Generated_Source\PSoC4/cyfitter_cfg.c **** static void AnalogSetDefault(void)
 255:.\Generated_Source\PSoC4/cyfitter_cfg.c **** {
 361              		.loc 1 255 0
 362              		.cfi_startproc
 363 0000 80B5     		push	{r7, lr}
 364              		.cfi_def_cfa_offset 8
 365              		.cfi_offset 7, -8
 366              		.cfi_offset 14, -4
 367 0002 00AF     		add	r7, sp, #0
 368              		.cfi_def_cfa_register 7
 256:.\Generated_Source\PSoC4/cyfitter_cfg.c **** 	CY_SET_XTND_REG32((void CYFAR *)CYREG_HSIOM_AMUX_SPLIT_CTL2, 0x00000030u);
ARM GAS  C:\Users\LINETT~1\AppData\Local\Temp\cceX8uRb.s 			page 12


 369              		.loc 1 256 0
 370 0004 0B4B     		ldr	r3, .L13
 371 0006 3022     		mov	r2, #48
 372 0008 1A60     		str	r2, [r3]
 257:.\Generated_Source\PSoC4/cyfitter_cfg.c **** 	CY_SET_XTND_REG32((void CYFAR *)CYREG_CTBM0_DFT_CTRL, 0x00000003u);
 373              		.loc 1 257 0
 374 000a 0B4B     		ldr	r3, .L13+4
 375 000c 0322     		mov	r2, #3
 376 000e 1A60     		str	r2, [r3]
 258:.\Generated_Source\PSoC4/cyfitter_cfg.c **** 	CY_SET_XTND_REG32((void CYFAR *)CYREG_CTBM1_DFT_CTRL, 0x00000003u);
 377              		.loc 1 258 0
 378 0010 0A4B     		ldr	r3, .L13+8
 379 0012 0322     		mov	r2, #3
 380 0014 1A60     		str	r2, [r3]
 259:.\Generated_Source\PSoC4/cyfitter_cfg.c **** 	CY_SET_XTND_REG32((void CYFAR *)CYREG_SAR_CTRL, 0x08000000u);
 381              		.loc 1 259 0
 382 0016 0A4B     		ldr	r3, .L13+12
 383 0018 8022     		mov	r2, #128
 384 001a 1205     		lsl	r2, r2, #20
 385 001c 1A60     		str	r2, [r3]
 260:.\Generated_Source\PSoC4/cyfitter_cfg.c **** 	CY_SET_XTND_REG32((void CYFAR *)CYREG_SAR_MUX_SWITCH0, 0x0008003Fu);
 386              		.loc 1 260 0
 387 001e 094B     		ldr	r3, .L13+16
 388 0020 094A     		ldr	r2, .L13+20
 389 0022 1A60     		str	r2, [r3]
 261:.\Generated_Source\PSoC4/cyfitter_cfg.c **** 	CY_SET_XTND_REG32((void CYFAR *)CYREG_SAR_MUX_SWITCH_HW_CTRL, 0x0008003Fu);
 390              		.loc 1 261 0
 391 0024 094B     		ldr	r3, .L13+24
 392 0026 084A     		ldr	r2, .L13+20
 393 0028 1A60     		str	r2, [r3]
 262:.\Generated_Source\PSoC4/cyfitter_cfg.c **** 	CY_SET_XTND_REG32((void CYFAR *)CYREG_PASS_DSAB_DSAB_CTRL, 0x00000000u);
 394              		.loc 1 262 0
 395 002a 094B     		ldr	r3, .L13+28
 396 002c 0022     		mov	r2, #0
 397 002e 1A60     		str	r2, [r3]
 263:.\Generated_Source\PSoC4/cyfitter_cfg.c **** }
 398              		.loc 1 263 0
 399 0030 BD46     		mov	sp, r7
 400              		@ sp needed
 401 0032 80BD     		pop	{r7, pc}
 402              	.L14:
 403              		.align	2
 404              	.L13:
 405 0034 08210240 		.word	1073881352
 406 0038 30003040 		.word	1076887600
 407 003c 30003140 		.word	1076953136
 408 0040 00003A40 		.word	1077542912
 409 0044 00033A40 		.word	1077543680
 410 0048 3F000800 		.word	524351
 411 004c 40033A40 		.word	1077543744
 412 0050 000E3F40 		.word	1077874176
 413              		.cfi_endproc
 414              	.LFE7:
 415              		.size	AnalogSetDefault, .-AnalogSetDefault
 416              		.section	.psocinit
 417              		.align	2
 418              		.global	cyfitter_cfg
ARM GAS  C:\Users\LINETT~1\AppData\Local\Temp\cceX8uRb.s 			page 13


 419              		.code	16
 420              		.thumb_func
 421              		.type	cyfitter_cfg, %function
 422              	cyfitter_cfg:
 423              	.LFB8:
 264:.\Generated_Source\PSoC4/cyfitter_cfg.c **** 
 265:.\Generated_Source\PSoC4/cyfitter_cfg.c **** #define CY_AMUX_UNUSED CYREG_CM0_ROM_DWT
 266:.\Generated_Source\PSoC4/cyfitter_cfg.c **** 
 267:.\Generated_Source\PSoC4/cyfitter_cfg.c **** 
 268:.\Generated_Source\PSoC4/cyfitter_cfg.c **** /*******************************************************************************
 269:.\Generated_Source\PSoC4/cyfitter_cfg.c **** * Function Name: cyfitter_cfg
 270:.\Generated_Source\PSoC4/cyfitter_cfg.c **** ********************************************************************************
 271:.\Generated_Source\PSoC4/cyfitter_cfg.c **** * Summary:
 272:.\Generated_Source\PSoC4/cyfitter_cfg.c **** *  This function is called by the start-up code for the selected device. It
 273:.\Generated_Source\PSoC4/cyfitter_cfg.c **** *  performs all of the necessary device configuration based on the design
 274:.\Generated_Source\PSoC4/cyfitter_cfg.c **** *  settings.  This includes settings from the Design Wide Resources (DWR) such
 275:.\Generated_Source\PSoC4/cyfitter_cfg.c **** *  as Clocks and Pins as well as any component configuration that is necessary.
 276:.\Generated_Source\PSoC4/cyfitter_cfg.c **** *
 277:.\Generated_Source\PSoC4/cyfitter_cfg.c **** * Parameters:  
 278:.\Generated_Source\PSoC4/cyfitter_cfg.c **** *   void
 279:.\Generated_Source\PSoC4/cyfitter_cfg.c **** *
 280:.\Generated_Source\PSoC4/cyfitter_cfg.c **** * Return:
 281:.\Generated_Source\PSoC4/cyfitter_cfg.c **** *   void
 282:.\Generated_Source\PSoC4/cyfitter_cfg.c **** *
 283:.\Generated_Source\PSoC4/cyfitter_cfg.c **** *******************************************************************************/
 284:.\Generated_Source\PSoC4/cyfitter_cfg.c **** CY_CFG_SECTION
 285:.\Generated_Source\PSoC4/cyfitter_cfg.c **** void cyfitter_cfg(void)
 286:.\Generated_Source\PSoC4/cyfitter_cfg.c **** {
 424              		.loc 1 286 0
 425              		.cfi_startproc
 426 00e0 80B5     		push	{r7, lr}
 427              		.cfi_def_cfa_offset 8
 428              		.cfi_offset 7, -8
 429              		.cfi_offset 14, -4
 430 00e2 82B0     		sub	sp, sp, #8
 431              		.cfi_def_cfa_offset 16
 432 00e4 00AF     		add	r7, sp, #0
 433              		.cfi_def_cfa_register 7
 287:.\Generated_Source\PSoC4/cyfitter_cfg.c **** 	/* Disable interrupts by default. Let user enable if/when they want. */
 288:.\Generated_Source\PSoC4/cyfitter_cfg.c **** 	CyGlobalIntDisable;
 434              		.loc 1 288 0
 435              	@ 288 ".\Generated_Source\PSoC4\cyfitter_cfg.c" 1
 436 00e6 72B6     		CPSID   i
 437              	@ 0 "" 2
 289:.\Generated_Source\PSoC4/cyfitter_cfg.c **** 
 290:.\Generated_Source\PSoC4/cyfitter_cfg.c **** 	CY_SET_XTND_REG32((void CYFAR *)(CYREG_BLE_BLESS_LL_DSM_CTRL), 0x00000000u);
 438              		.loc 1 290 0
 439              		.code	16
 440 00e8 434B     		ldr	r3, .L18
 441 00ea 0022     		mov	r2, #0
 442 00ec 1A60     		str	r2, [r3]
 443              	.LBB3:
 291:.\Generated_Source\PSoC4/cyfitter_cfg.c **** 
 292:.\Generated_Source\PSoC4/cyfitter_cfg.c **** 	{
 293:.\Generated_Source\PSoC4/cyfitter_cfg.c **** 		static const uint32 CYCODE cy_cfg_addr_table[] = {
 294:.\Generated_Source\PSoC4/cyfitter_cfg.c **** 			0x400F3004u, /* Base address: 0x400F3000 Count: 4 */
 295:.\Generated_Source\PSoC4/cyfitter_cfg.c **** 			0x400F3101u, /* Base address: 0x400F3100 Count: 1 */
ARM GAS  C:\Users\LINETT~1\AppData\Local\Temp\cceX8uRb.s 			page 14


 296:.\Generated_Source\PSoC4/cyfitter_cfg.c **** 			0x400F3301u, /* Base address: 0x400F3300 Count: 1 */
 297:.\Generated_Source\PSoC4/cyfitter_cfg.c **** 			0x400F4002u, /* Base address: 0x400F4000 Count: 2 */
 298:.\Generated_Source\PSoC4/cyfitter_cfg.c **** 			0x400F4102u, /* Base address: 0x400F4100 Count: 2 */
 299:.\Generated_Source\PSoC4/cyfitter_cfg.c **** 		};
 300:.\Generated_Source\PSoC4/cyfitter_cfg.c **** 
 301:.\Generated_Source\PSoC4/cyfitter_cfg.c **** 		static const cy_cfg_addrvalue_t CYCODE cy_cfg_data_table[] = {
 302:.\Generated_Source\PSoC4/cyfitter_cfg.c **** 			{0x32u, 0x01u},
 303:.\Generated_Source\PSoC4/cyfitter_cfg.c **** 			{0x3Eu, 0x04u},
 304:.\Generated_Source\PSoC4/cyfitter_cfg.c **** 			{0x58u, 0x04u},
 305:.\Generated_Source\PSoC4/cyfitter_cfg.c **** 			{0x5Fu, 0x01u},
 306:.\Generated_Source\PSoC4/cyfitter_cfg.c **** 			{0x1Bu, 0x04u},
 307:.\Generated_Source\PSoC4/cyfitter_cfg.c **** 			{0xABu, 0x04u},
 308:.\Generated_Source\PSoC4/cyfitter_cfg.c **** 			{0x53u, 0x20u},
 309:.\Generated_Source\PSoC4/cyfitter_cfg.c **** 			{0xD4u, 0x20u},
 310:.\Generated_Source\PSoC4/cyfitter_cfg.c **** 			{0xABu, 0x20u},
 311:.\Generated_Source\PSoC4/cyfitter_cfg.c **** 			{0xEEu, 0x20u},
 312:.\Generated_Source\PSoC4/cyfitter_cfg.c **** 		};
 313:.\Generated_Source\PSoC4/cyfitter_cfg.c **** 
 314:.\Generated_Source\PSoC4/cyfitter_cfg.c **** 
 315:.\Generated_Source\PSoC4/cyfitter_cfg.c **** 
 316:.\Generated_Source\PSoC4/cyfitter_cfg.c **** 		CYPACKED typedef struct {
 317:.\Generated_Source\PSoC4/cyfitter_cfg.c **** 			void CYFAR *address;
 318:.\Generated_Source\PSoC4/cyfitter_cfg.c **** 			uint16 size;
 319:.\Generated_Source\PSoC4/cyfitter_cfg.c **** 		} CYPACKED_ATTR cfg_memset_t;
 320:.\Generated_Source\PSoC4/cyfitter_cfg.c **** 
 321:.\Generated_Source\PSoC4/cyfitter_cfg.c **** 		static const cfg_memset_t CYCODE cfg_memset_list [] = {
 322:.\Generated_Source\PSoC4/cyfitter_cfg.c **** 			/* address, size */
 323:.\Generated_Source\PSoC4/cyfitter_cfg.c **** 			{(void CYFAR *)(CYDEV_UDB_P0_U0_BASE), 1024u},
 324:.\Generated_Source\PSoC4/cyfitter_cfg.c **** 			{(void CYFAR *)(CYDEV_UDB_DSI0_BASE), 1024u},
 325:.\Generated_Source\PSoC4/cyfitter_cfg.c **** 		};
 326:.\Generated_Source\PSoC4/cyfitter_cfg.c **** 
 327:.\Generated_Source\PSoC4/cyfitter_cfg.c **** 		uint8 CYDATA i;
 328:.\Generated_Source\PSoC4/cyfitter_cfg.c **** 
 329:.\Generated_Source\PSoC4/cyfitter_cfg.c **** 		/* Zero out critical memory blocks before beginning configuration */
 330:.\Generated_Source\PSoC4/cyfitter_cfg.c **** 		for (i = 0u; i < (sizeof(cfg_memset_list)/sizeof(cfg_memset_list[0])); i++)
 444              		.loc 1 330 0
 445 00ee FB1D     		add	r3, r7, #7
 446 00f0 0022     		mov	r2, #0
 447 00f2 1A70     		strb	r2, [r3]
 448 00f4 23E0     		b	.L16
 449              	.L17:
 450              	.LBB4:
 331:.\Generated_Source\PSoC4/cyfitter_cfg.c **** 		{
 332:.\Generated_Source\PSoC4/cyfitter_cfg.c **** 			const cfg_memset_t CYCODE * CYDATA ms = &cfg_memset_list[i];
 451              		.loc 1 332 0 discriminator 3
 452 00f6 FB1D     		add	r3, r7, #7
 453 00f8 1A78     		ldrb	r2, [r3]
 454 00fa 131C     		mov	r3, r2
 455 00fc 5B00     		lsl	r3, r3, #1
 456 00fe 9B18     		add	r3, r3, r2
 457 0100 5B00     		lsl	r3, r3, #1
 458 0102 3E4A     		ldr	r2, .L18+4
 459 0104 9B18     		add	r3, r3, r2
 460 0106 3B60     		str	r3, [r7]
 333:.\Generated_Source\PSoC4/cyfitter_cfg.c **** 			CYMEMZERO(ms->address, (size_t)(uint32)(ms->size));
 461              		.loc 1 333 0 discriminator 3
 462 0108 3B68     		ldr	r3, [r7]
ARM GAS  C:\Users\LINETT~1\AppData\Local\Temp\cceX8uRb.s 			page 15


 463 010a 1A78     		ldrb	r2, [r3]
 464 010c 5978     		ldrb	r1, [r3, #1]
 465 010e 0902     		lsl	r1, r1, #8
 466 0110 0A43     		orr	r2, r1
 467 0112 9978     		ldrb	r1, [r3, #2]
 468 0114 0904     		lsl	r1, r1, #16
 469 0116 0A43     		orr	r2, r1
 470 0118 DB78     		ldrb	r3, [r3, #3]
 471 011a 1B06     		lsl	r3, r3, #24
 472 011c 1343     		orr	r3, r2
 473 011e 191C     		mov	r1, r3
 474 0120 3B68     		ldr	r3, [r7]
 475 0122 1A79     		ldrb	r2, [r3, #4]
 476 0124 5B79     		ldrb	r3, [r3, #5]
 477 0126 1B02     		lsl	r3, r3, #8
 478 0128 1343     		orr	r3, r2
 479 012a 9BB2     		uxth	r3, r3
 480 012c 081C     		mov	r0, r1
 481 012e 191C     		mov	r1, r3
 482 0130 FFF7FEFF 		bl	CYMEMZERO
 483              	.LBE4:
 330:.\Generated_Source\PSoC4/cyfitter_cfg.c **** 		{
 484              		.loc 1 330 0 discriminator 3
 485 0134 FB1D     		add	r3, r7, #7
 486 0136 1A78     		ldrb	r2, [r3]
 487 0138 FB1D     		add	r3, r7, #7
 488 013a 0132     		add	r2, r2, #1
 489 013c 1A70     		strb	r2, [r3]
 490              	.L16:
 330:.\Generated_Source\PSoC4/cyfitter_cfg.c **** 		{
 491              		.loc 1 330 0 is_stmt 0 discriminator 1
 492 013e FB1D     		add	r3, r7, #7
 493 0140 1B78     		ldrb	r3, [r3]
 494 0142 012B     		cmp	r3, #1
 495 0144 D7D9     		bls	.L17
 334:.\Generated_Source\PSoC4/cyfitter_cfg.c **** 		}
 335:.\Generated_Source\PSoC4/cyfitter_cfg.c **** 
 336:.\Generated_Source\PSoC4/cyfitter_cfg.c **** 		cfg_write_bytes32(cy_cfg_addr_table, cy_cfg_data_table);
 496              		.loc 1 336 0 is_stmt 1
 497 0146 2E4A     		ldr	r2, .L18+8
 498 0148 2E4B     		ldr	r3, .L18+12
 499 014a 101C     		mov	r0, r2
 500 014c 191C     		mov	r1, r3
 501 014e FFF7FEFF 		bl	cfg_write_bytes32
 337:.\Generated_Source\PSoC4/cyfitter_cfg.c **** 
 338:.\Generated_Source\PSoC4/cyfitter_cfg.c **** 		/* HSIOM Starting address: CYDEV_HSIOM_BASE */
 339:.\Generated_Source\PSoC4/cyfitter_cfg.c **** 		CY_SET_XTND_REG32((void CYFAR *)(CYDEV_HSIOM_BASE), 0xEE000007u);
 502              		.loc 1 339 0
 503 0152 2D4B     		ldr	r3, .L18+16
 504 0154 2D4A     		ldr	r2, .L18+20
 505 0156 1A60     		str	r2, [r3]
 340:.\Generated_Source\PSoC4/cyfitter_cfg.c **** 		CY_SET_XTND_REG32((void CYFAR *)(CYREG_HSIOM_PORT_SEL1), 0x00990000u);
 506              		.loc 1 340 0
 507 0158 2D4B     		ldr	r3, .L18+24
 508 015a 9922     		mov	r2, #153
 509 015c 1204     		lsl	r2, r2, #16
 510 015e 1A60     		str	r2, [r3]
ARM GAS  C:\Users\LINETT~1\AppData\Local\Temp\cceX8uRb.s 			page 16


 341:.\Generated_Source\PSoC4/cyfitter_cfg.c **** 
 342:.\Generated_Source\PSoC4/cyfitter_cfg.c **** 		/* UDB_PA_0 Starting address: CYDEV_UDB_PA0_BASE */
 343:.\Generated_Source\PSoC4/cyfitter_cfg.c **** 		CY_SET_XTND_REG32((void CYFAR *)(CYDEV_UDB_PA0_BASE), 0x00990000u);
 511              		.loc 1 343 0
 512 0160 2C4B     		ldr	r3, .L18+28
 513 0162 9922     		mov	r2, #153
 514 0164 1204     		lsl	r2, r2, #16
 515 0166 1A60     		str	r2, [r3]
 344:.\Generated_Source\PSoC4/cyfitter_cfg.c **** 		CY_SET_XTND_REG32((void CYFAR *)(CYREG_UDB_PA0_CFG8), 0x00540000u);
 516              		.loc 1 344 0
 517 0168 2B4B     		ldr	r3, .L18+32
 518 016a A822     		mov	r2, #168
 519 016c D203     		lsl	r2, r2, #15
 520 016e 1A60     		str	r2, [r3]
 345:.\Generated_Source\PSoC4/cyfitter_cfg.c **** 
 346:.\Generated_Source\PSoC4/cyfitter_cfg.c **** 		/* UDB_PA_1 Starting address: CYDEV_UDB_PA1_BASE */
 347:.\Generated_Source\PSoC4/cyfitter_cfg.c **** 		CY_SET_XTND_REG32((void CYFAR *)(CYDEV_UDB_PA1_BASE), 0x00990000u);
 521              		.loc 1 347 0
 522 0170 2A4B     		ldr	r3, .L18+36
 523 0172 9922     		mov	r2, #153
 524 0174 1204     		lsl	r2, r2, #16
 525 0176 1A60     		str	r2, [r3]
 348:.\Generated_Source\PSoC4/cyfitter_cfg.c **** 
 349:.\Generated_Source\PSoC4/cyfitter_cfg.c **** 		/* UDB_PA_3 Starting address: CYDEV_UDB_PA3_BASE */
 350:.\Generated_Source\PSoC4/cyfitter_cfg.c **** 		CY_SET_XTND_REG32((void CYFAR *)(CYDEV_UDB_PA3_BASE), 0x00990000u);
 526              		.loc 1 350 0
 527 0178 294B     		ldr	r3, .L18+40
 528 017a 9922     		mov	r2, #153
 529 017c 1204     		lsl	r2, r2, #16
 530 017e 1A60     		str	r2, [r3]
 351:.\Generated_Source\PSoC4/cyfitter_cfg.c **** 
 352:.\Generated_Source\PSoC4/cyfitter_cfg.c **** 		/* Enable digital routing */
 353:.\Generated_Source\PSoC4/cyfitter_cfg.c **** 		CY_SET_XTND_REG8((void *)CYREG_UDB_UDBIF_BANK_CTL, CY_GET_XTND_REG8((void *)CYREG_UDB_UDBIF_BANK_
 531              		.loc 1 353 0
 532 0180 284A     		ldr	r2, .L18+44
 533 0182 284B     		ldr	r3, .L18+44
 534 0184 1B78     		ldrb	r3, [r3]
 535 0186 DBB2     		uxtb	r3, r3
 536 0188 0221     		mov	r1, #2
 537 018a 0B43     		orr	r3, r1
 538 018c DBB2     		uxtb	r3, r3
 539 018e 1370     		strb	r3, [r2]
 354:.\Generated_Source\PSoC4/cyfitter_cfg.c **** 
 355:.\Generated_Source\PSoC4/cyfitter_cfg.c **** 		/* Enable UDB array */
 356:.\Generated_Source\PSoC4/cyfitter_cfg.c **** 		CY_SET_XTND_REG8((void *)CYREG_UDB_UDBIF_WAIT_CFG, (uint8)((CY_GET_XTND_REG8((void *)CYREG_UDB_UD
 540              		.loc 1 356 0
 541 0190 254A     		ldr	r2, .L18+48
 542 0192 254B     		ldr	r3, .L18+48
 543 0194 1B78     		ldrb	r3, [r3]
 544 0196 DBB2     		uxtb	r3, r3
 545 0198 3C21     		mov	r1, #60
 546 019a 8B43     		bic	r3, r1
 547 019c DBB2     		uxtb	r3, r3
 548 019e 1421     		mov	r1, #20
 549 01a0 0B43     		orr	r3, r1
 550 01a2 DBB2     		uxtb	r3, r3
 551 01a4 1370     		strb	r3, [r2]
ARM GAS  C:\Users\LINETT~1\AppData\Local\Temp\cceX8uRb.s 			page 17


 357:.\Generated_Source\PSoC4/cyfitter_cfg.c **** 		CY_SET_XTND_REG8((void *)CYREG_UDB_UDBIF_BANK_CTL, (uint8)(CY_GET_XTND_REG8((void *)CYREG_UDB_UDB
 552              		.loc 1 357 0
 553 01a6 1F4A     		ldr	r2, .L18+44
 554 01a8 1E4B     		ldr	r3, .L18+44
 555 01aa 1B78     		ldrb	r3, [r3]
 556 01ac DBB2     		uxtb	r3, r3
 557 01ae 1621     		mov	r1, #22
 558 01b0 0B43     		orr	r3, r1
 559 01b2 DBB2     		uxtb	r3, r3
 560 01b4 1370     		strb	r3, [r2]
 561              	.LBE3:
 358:.\Generated_Source\PSoC4/cyfitter_cfg.c **** 	}
 359:.\Generated_Source\PSoC4/cyfitter_cfg.c **** 
 360:.\Generated_Source\PSoC4/cyfitter_cfg.c **** 	/* Perform second pass device configuration. These items must be configured in specific order afte
 361:.\Generated_Source\PSoC4/cyfitter_cfg.c **** 	/* IOPINS0_0 Starting address: CYDEV_GPIO_PRT0_BASE */
 362:.\Generated_Source\PSoC4/cyfitter_cfg.c **** 	CY_SET_XTND_REG32((void CYFAR *)(CYDEV_GPIO_PRT0_BASE), 0x00000001u);
 562              		.loc 1 362 0
 563 01b6 1D4B     		ldr	r3, .L18+52
 564 01b8 0122     		mov	r2, #1
 565 01ba 1A60     		str	r2, [r3]
 363:.\Generated_Source\PSoC4/cyfitter_cfg.c **** 	CY_SET_XTND_REG32((void CYFAR *)(CYREG_GPIO_PRT0_PC), 0x00D80000u);
 566              		.loc 1 363 0
 567 01bc 1C4B     		ldr	r3, .L18+56
 568 01be D822     		mov	r2, #216
 569 01c0 1204     		lsl	r2, r2, #16
 570 01c2 1A60     		str	r2, [r3]
 364:.\Generated_Source\PSoC4/cyfitter_cfg.c **** 	CY_SET_XTND_REG32((void CYFAR *)(CYREG_GPIO_PRT0_PC2), 0x00000001u);
 571              		.loc 1 364 0
 572 01c4 1B4B     		ldr	r3, .L18+60
 573 01c6 0122     		mov	r2, #1
 574 01c8 1A60     		str	r2, [r3]
 365:.\Generated_Source\PSoC4/cyfitter_cfg.c **** 
 366:.\Generated_Source\PSoC4/cyfitter_cfg.c **** 	/* IOPINS0_1 Starting address: CYDEV_GPIO_PRT1_BASE */
 367:.\Generated_Source\PSoC4/cyfitter_cfg.c **** 	CY_SET_XTND_REG32((void CYFAR *)(CYDEV_GPIO_PRT1_BASE), 0x00000020u);
 575              		.loc 1 367 0
 576 01ca 1B4B     		ldr	r3, .L18+64
 577 01cc 2022     		mov	r2, #32
 578 01ce 1A60     		str	r2, [r3]
 368:.\Generated_Source\PSoC4/cyfitter_cfg.c **** 	CY_SET_XTND_REG32((void CYFAR *)(CYREG_GPIO_PRT1_PC), 0x00031000u);
 579              		.loc 1 368 0
 580 01d0 1A4B     		ldr	r3, .L18+68
 581 01d2 C422     		mov	r2, #196
 582 01d4 9202     		lsl	r2, r2, #10
 583 01d6 1A60     		str	r2, [r3]
 369:.\Generated_Source\PSoC4/cyfitter_cfg.c **** 	CY_SET_XTND_REG32((void CYFAR *)(CYREG_GPIO_PRT1_PC2), 0x00000020u);
 584              		.loc 1 369 0
 585 01d8 194B     		ldr	r3, .L18+72
 586 01da 2022     		mov	r2, #32
 587 01dc 1A60     		str	r2, [r3]
 370:.\Generated_Source\PSoC4/cyfitter_cfg.c **** 
 371:.\Generated_Source\PSoC4/cyfitter_cfg.c **** 	/* IOPINS0_3 Starting address: CYDEV_GPIO_PRT3_BASE */
 372:.\Generated_Source\PSoC4/cyfitter_cfg.c **** 	CY_SET_XTND_REG32((void CYFAR *)(CYDEV_GPIO_PRT3_BASE), 0x0000003Fu);
 588              		.loc 1 372 0
 589 01de 194B     		ldr	r3, .L18+76
 590 01e0 3F22     		mov	r2, #63
 591 01e2 1A60     		str	r2, [r3]
 373:.\Generated_Source\PSoC4/cyfitter_cfg.c **** 	CY_SET_XTND_REG32((void CYFAR *)(CYREG_GPIO_PRT3_PC2), 0x0000003Fu);
ARM GAS  C:\Users\LINETT~1\AppData\Local\Temp\cceX8uRb.s 			page 18


 592              		.loc 1 373 0
 593 01e4 184B     		ldr	r3, .L18+80
 594 01e6 3F22     		mov	r2, #63
 595 01e8 1A60     		str	r2, [r3]
 374:.\Generated_Source\PSoC4/cyfitter_cfg.c **** 
 375:.\Generated_Source\PSoC4/cyfitter_cfg.c **** 
 376:.\Generated_Source\PSoC4/cyfitter_cfg.c **** 	/* Setup clocks based on selections from Clock DWR */
 377:.\Generated_Source\PSoC4/cyfitter_cfg.c **** 	ClockSetup();
 596              		.loc 1 377 0
 597 01ea FFF709FF 		bl	ClockSetup
 378:.\Generated_Source\PSoC4/cyfitter_cfg.c **** 
 379:.\Generated_Source\PSoC4/cyfitter_cfg.c **** 	/* Perform basic analog initialization to defaults */
 380:.\Generated_Source\PSoC4/cyfitter_cfg.c **** 	AnalogSetDefault();
 598              		.loc 1 380 0
 599 01ee FFF7FEFF 		bl	AnalogSetDefault
 381:.\Generated_Source\PSoC4/cyfitter_cfg.c **** 
 382:.\Generated_Source\PSoC4/cyfitter_cfg.c **** }
 600              		.loc 1 382 0
 601 01f2 BD46     		mov	sp, r7
 602 01f4 02B0     		add	sp, sp, #8
 603              		@ sp needed
 604 01f6 80BD     		pop	{r7, pc}
 605              	.L19:
 606              		.align	2
 607              	.L18:
 608 01f8 6CF02E40 		.word	1076818028
 609 01fc 00000000 		.word	cfg_memset_list.4765
 610 0200 0C000000 		.word	cy_cfg_addr_table.4759
 611 0204 20000000 		.word	cy_cfg_data_table.4760
 612 0208 00000240 		.word	1073872896
 613 020c 070000EE 		.word	-301989881
 614 0210 00010240 		.word	1073873152
 615 0214 00500F40 		.word	1074745344
 616 0218 08500F40 		.word	1074745352
 617 021c 10500F40 		.word	1074745360
 618 0220 30500F40 		.word	1074745392
 619 0224 00700F40 		.word	1074753536
 620 0228 01700F40 		.word	1074753537
 621 022c 00000440 		.word	1074003968
 622 0230 08000440 		.word	1074003976
 623 0234 18000440 		.word	1074003992
 624 0238 00010440 		.word	1074004224
 625 023c 08010440 		.word	1074004232
 626 0240 18010440 		.word	1074004248
 627 0244 00030440 		.word	1074004736
 628 0248 18030440 		.word	1074004760
 629              		.cfi_endproc
 630              	.LFE8:
 631              		.size	cyfitter_cfg, .-cyfitter_cfg
 632              		.section	.rodata
 633              		.align	2
 634              		.type	cfg_memset_list.4765, %object
 635              		.size	cfg_memset_list.4765, 12
 636              	cfg_memset_list.4765:
 637 0000 00300F40 		.word	1074737152
 638 0004 0004     		.short	1024
 639 0006 00400F40 		.4byte	1074741248
ARM GAS  C:\Users\LINETT~1\AppData\Local\Temp\cceX8uRb.s 			page 19


 640 000a 0004     		.short	1024
 641              		.align	2
 642              		.type	cy_cfg_addr_table.4759, %object
 643              		.size	cy_cfg_addr_table.4759, 20
 644              	cy_cfg_addr_table.4759:
 645 000c 04300F40 		.word	1074737156
 646 0010 01310F40 		.word	1074737409
 647 0014 01330F40 		.word	1074737921
 648 0018 02400F40 		.word	1074741250
 649 001c 02410F40 		.word	1074741506
 650              		.align	2
 651              		.type	cy_cfg_data_table.4760, %object
 652              		.size	cy_cfg_data_table.4760, 20
 653              	cy_cfg_data_table.4760:
 654 0020 32       		.byte	50
 655 0021 01       		.byte	1
 656 0022 3E       		.byte	62
 657 0023 04       		.byte	4
 658 0024 58       		.byte	88
 659 0025 04       		.byte	4
 660 0026 5F       		.byte	95
 661 0027 01       		.byte	1
 662 0028 1B       		.byte	27
 663 0029 04       		.byte	4
 664 002a AB       		.byte	-85
 665 002b 04       		.byte	4
 666 002c 53       		.byte	83
 667 002d 20       		.byte	32
 668 002e D4       		.byte	-44
 669 002f 20       		.byte	32
 670 0030 AB       		.byte	-85
 671 0031 20       		.byte	32
 672 0032 EE       		.byte	-18
 673 0033 20       		.byte	32
 674              		.text
 675              	.Letext0:
 676              		.file 2 "c:\\program files (x86)\\cypress\\psoc creator\\3.3\\psoc creator\\import\\gnu\\arm\\4.9.
 677              		.file 3 ".\\Generated_Source\\PSoC4\\cytypes.h"
 678              		.section	.debug_info,"",%progbits
 679              	.Ldebug_info0:
 680 0000 52030000 		.4byte	0x352
 681 0004 0400     		.2byte	0x4
 682 0006 00000000 		.4byte	.Ldebug_abbrev0
 683 000a 04       		.byte	0x4
 684 000b 01       		.uleb128 0x1
 685 000c F8000000 		.4byte	.LASF39
 686 0010 01       		.byte	0x1
 687 0011 0A020000 		.4byte	.LASF40
 688 0015 D1010000 		.4byte	.LASF41
 689 0019 00000000 		.4byte	.Ldebug_ranges0+0
 690 001d 00000000 		.4byte	0
 691 0021 00000000 		.4byte	.Ldebug_line0
 692 0025 02       		.uleb128 0x2
 693 0026 04       		.byte	0x4
 694 0027 05       		.byte	0x5
 695 0028 696E7400 		.ascii	"int\000"
 696 002c 03       		.uleb128 0x3
ARM GAS  C:\Users\LINETT~1\AppData\Local\Temp\cceX8uRb.s 			page 20


 697 002d 06000000 		.4byte	.LASF11
 698 0031 02       		.byte	0x2
 699 0032 D4       		.byte	0xd4
 700 0033 37000000 		.4byte	0x37
 701 0037 04       		.uleb128 0x4
 702 0038 04       		.byte	0x4
 703 0039 07       		.byte	0x7
 704 003a 86010000 		.4byte	.LASF0
 705 003e 04       		.uleb128 0x4
 706 003f 01       		.byte	0x1
 707 0040 06       		.byte	0x6
 708 0041 72020000 		.4byte	.LASF1
 709 0045 04       		.uleb128 0x4
 710 0046 01       		.byte	0x1
 711 0047 08       		.byte	0x8
 712 0048 A0000000 		.4byte	.LASF2
 713 004c 04       		.uleb128 0x4
 714 004d 02       		.byte	0x2
 715 004e 05       		.byte	0x5
 716 004f 5F020000 		.4byte	.LASF3
 717 0053 04       		.uleb128 0x4
 718 0054 02       		.byte	0x2
 719 0055 07       		.byte	0x7
 720 0056 7E020000 		.4byte	.LASF4
 721 005a 04       		.uleb128 0x4
 722 005b 04       		.byte	0x4
 723 005c 05       		.byte	0x5
 724 005d 69020000 		.4byte	.LASF5
 725 0061 04       		.uleb128 0x4
 726 0062 04       		.byte	0x4
 727 0063 07       		.byte	0x7
 728 0064 7E000000 		.4byte	.LASF6
 729 0068 04       		.uleb128 0x4
 730 0069 08       		.byte	0x8
 731 006a 05       		.byte	0x5
 732 006b 32020000 		.4byte	.LASF7
 733 006f 04       		.uleb128 0x4
 734 0070 08       		.byte	0x8
 735 0071 07       		.byte	0x7
 736 0072 9B010000 		.4byte	.LASF8
 737 0076 04       		.uleb128 0x4
 738 0077 04       		.byte	0x4
 739 0078 07       		.byte	0x7
 740 0079 C8010000 		.4byte	.LASF9
 741 007d 05       		.uleb128 0x5
 742 007e 04       		.byte	0x4
 743 007f 04       		.uleb128 0x4
 744 0080 01       		.byte	0x1
 745 0081 08       		.byte	0x8
 746 0082 40020000 		.4byte	.LASF10
 747 0086 06       		.uleb128 0x6
 748 0087 90000000 		.4byte	.LASF12
 749 008b 03       		.byte	0x3
 750 008c 3801     		.2byte	0x138
 751 008e 45000000 		.4byte	0x45
 752 0092 06       		.uleb128 0x6
 753 0093 DF000000 		.4byte	.LASF13
ARM GAS  C:\Users\LINETT~1\AppData\Local\Temp\cceX8uRb.s 			page 21


 754 0097 03       		.byte	0x3
 755 0098 3901     		.2byte	0x139
 756 009a 53000000 		.4byte	0x53
 757 009e 06       		.uleb128 0x6
 758 009f F1000000 		.4byte	.LASF14
 759 00a3 03       		.byte	0x3
 760 00a4 3A01     		.2byte	0x13a
 761 00a6 61000000 		.4byte	0x61
 762 00aa 04       		.uleb128 0x4
 763 00ab 04       		.byte	0x4
 764 00ac 04       		.byte	0x4
 765 00ad 59000000 		.4byte	.LASF15
 766 00b1 04       		.uleb128 0x4
 767 00b2 08       		.byte	0x8
 768 00b3 04       		.byte	0x4
 769 00b4 AE000000 		.4byte	.LASF16
 770 00b8 06       		.uleb128 0x6
 771 00b9 79000000 		.4byte	.LASF17
 772 00bd 03       		.byte	0x3
 773 00be E201     		.2byte	0x1e2
 774 00c0 C4000000 		.4byte	0xc4
 775 00c4 07       		.uleb128 0x7
 776 00c5 86000000 		.4byte	0x86
 777 00c9 06       		.uleb128 0x6
 778 00ca 00000000 		.4byte	.LASF18
 779 00ce 03       		.byte	0x3
 780 00cf E401     		.2byte	0x1e4
 781 00d1 D5000000 		.4byte	0xd5
 782 00d5 07       		.uleb128 0x7
 783 00d6 9E000000 		.4byte	0x9e
 784 00da 08       		.uleb128 0x8
 785 00db 02       		.byte	0x2
 786 00dc 01       		.byte	0x1
 787 00dd 7E       		.byte	0x7e
 788 00de FB000000 		.4byte	0xfb
 789 00e2 09       		.uleb128 0x9
 790 00e3 58020000 		.4byte	.LASF19
 791 00e7 01       		.byte	0x1
 792 00e8 80       		.byte	0x80
 793 00e9 86000000 		.4byte	0x86
 794 00ed 00       		.byte	0
 795 00ee 09       		.uleb128 0x9
 796 00ef 1E000000 		.4byte	.LASF20
 797 00f3 01       		.byte	0x1
 798 00f4 81       		.byte	0x81
 799 00f5 86000000 		.4byte	0x86
 800 00f9 01       		.byte	0x1
 801 00fa 00       		.byte	0
 802 00fb 03       		.uleb128 0x3
 803 00fc 45020000 		.4byte	.LASF21
 804 0100 01       		.byte	0x1
 805 0101 82       		.byte	0x82
 806 0102 DA000000 		.4byte	0xda
 807 0106 0A       		.uleb128 0xa
 808 0107 96000000 		.4byte	.LASF22
 809 010b 01       		.byte	0x1
 810 010c 3C       		.byte	0x3c
ARM GAS  C:\Users\LINETT~1\AppData\Local\Temp\cceX8uRb.s 			page 22


 811 010d 00000000 		.4byte	.LFB2
 812 0111 1E000000 		.4byte	.LFE2-.LFB2
 813 0115 01       		.uleb128 0x1
 814 0116 9C       		.byte	0x9c
 815 0117 34010000 		.4byte	0x134
 816 011b 0B       		.uleb128 0xb
 817 011c 7300     		.ascii	"s\000"
 818 011e 01       		.byte	0x1
 819 011f 3C       		.byte	0x3c
 820 0120 7D000000 		.4byte	0x7d
 821 0124 02       		.uleb128 0x2
 822 0125 91       		.byte	0x91
 823 0126 74       		.sleb128 -12
 824 0127 0B       		.uleb128 0xb
 825 0128 6E00     		.ascii	"n\000"
 826 012a 01       		.byte	0x1
 827 012b 3C       		.byte	0x3c
 828 012c 2C000000 		.4byte	0x2c
 829 0130 02       		.uleb128 0x2
 830 0131 91       		.byte	0x91
 831 0132 70       		.sleb128 -16
 832 0133 00       		.byte	0
 833 0134 0A       		.uleb128 0xa
 834 0135 A1020000 		.4byte	.LASF23
 835 0139 01       		.byte	0x1
 836 013a 43       		.byte	0x43
 837 013b 00000000 		.4byte	.LFB3
 838 013f 22000000 		.4byte	.LFE3-.LFB3
 839 0143 01       		.uleb128 0x1
 840 0144 9C       		.byte	0x9c
 841 0145 72010000 		.4byte	0x172
 842 0149 0C       		.uleb128 0xc
 843 014a 5F000000 		.4byte	.LASF24
 844 014e 01       		.byte	0x1
 845 014f 43       		.byte	0x43
 846 0150 7D000000 		.4byte	0x7d
 847 0154 02       		.uleb128 0x2
 848 0155 91       		.byte	0x91
 849 0156 74       		.sleb128 -12
 850 0157 0B       		.uleb128 0xb
 851 0158 73726300 		.ascii	"src\000"
 852 015c 01       		.byte	0x1
 853 015d 43       		.byte	0x43
 854 015e 72010000 		.4byte	0x172
 855 0162 02       		.uleb128 0x2
 856 0163 91       		.byte	0x91
 857 0164 70       		.sleb128 -16
 858 0165 0B       		.uleb128 0xb
 859 0166 6E00     		.ascii	"n\000"
 860 0168 01       		.byte	0x1
 861 0169 43       		.byte	0x43
 862 016a 2C000000 		.4byte	0x2c
 863 016e 02       		.uleb128 0x2
 864 016f 91       		.byte	0x91
 865 0170 6C       		.sleb128 -20
 866 0171 00       		.byte	0
 867 0172 0D       		.uleb128 0xd
ARM GAS  C:\Users\LINETT~1\AppData\Local\Temp\cceX8uRb.s 			page 23


 868 0173 04       		.byte	0x4
 869 0174 78010000 		.4byte	0x178
 870 0178 0E       		.uleb128 0xe
 871 0179 0A       		.uleb128 0xa
 872 017a 91020000 		.4byte	.LASF25
 873 017e 01       		.byte	0x1
 874 017f 4A       		.byte	0x4a
 875 0180 00000000 		.4byte	.LFB4
 876 0184 22000000 		.4byte	.LFE4-.LFB4
 877 0188 01       		.uleb128 0x1
 878 0189 9C       		.byte	0x9c
 879 018a B7010000 		.4byte	0x1b7
 880 018e 0C       		.uleb128 0xc
 881 018f 5F000000 		.4byte	.LASF24
 882 0193 01       		.byte	0x1
 883 0194 4A       		.byte	0x4a
 884 0195 7D000000 		.4byte	0x7d
 885 0199 02       		.uleb128 0x2
 886 019a 91       		.byte	0x91
 887 019b 74       		.sleb128 -12
 888 019c 0B       		.uleb128 0xb
 889 019d 73726300 		.ascii	"src\000"
 890 01a1 01       		.byte	0x1
 891 01a2 4A       		.byte	0x4a
 892 01a3 72010000 		.4byte	0x172
 893 01a7 02       		.uleb128 0x2
 894 01a8 91       		.byte	0x91
 895 01a9 70       		.sleb128 -16
 896 01aa 0B       		.uleb128 0xb
 897 01ab 6E00     		.ascii	"n\000"
 898 01ad 01       		.byte	0x1
 899 01ae 4A       		.byte	0x4a
 900 01af 2C000000 		.4byte	0x2c
 901 01b3 02       		.uleb128 0x2
 902 01b4 91       		.byte	0x91
 903 01b5 6C       		.sleb128 -20
 904 01b6 00       		.byte	0
 905 01b7 0F       		.uleb128 0xf
 906 01b8 B5000000 		.4byte	.LASF26
 907 01bc 01       		.byte	0x1
 908 01bd 95       		.byte	0x95
 909 01be 00000000 		.4byte	.LFB5
 910 01c2 80000000 		.4byte	.LFE5-.LFB5
 911 01c6 01       		.uleb128 0x1
 912 01c7 9C       		.byte	0x9c
 913 01c8 27020000 		.4byte	0x227
 914 01cc 0C       		.uleb128 0xc
 915 01cd D4000000 		.4byte	.LASF27
 916 01d1 01       		.byte	0x1
 917 01d2 95       		.byte	0x95
 918 01d3 27020000 		.4byte	0x227
 919 01d7 02       		.uleb128 0x2
 920 01d8 91       		.byte	0x91
 921 01d9 64       		.sleb128 -28
 922 01da 0C       		.uleb128 0xc
 923 01db E6000000 		.4byte	.LASF28
 924 01df 01       		.byte	0x1
ARM GAS  C:\Users\LINETT~1\AppData\Local\Temp\cceX8uRb.s 			page 24


 925 01e0 95       		.byte	0x95
 926 01e1 32020000 		.4byte	0x232
 927 01e5 02       		.uleb128 0x2
 928 01e6 91       		.byte	0x91
 929 01e7 60       		.sleb128 -32
 930 01e8 10       		.uleb128 0x10
 931 01e9 6900     		.ascii	"i\000"
 932 01eb 01       		.byte	0x1
 933 01ec 98       		.byte	0x98
 934 01ed 9E000000 		.4byte	0x9e
 935 01f1 02       		.uleb128 0x2
 936 01f2 91       		.byte	0x91
 937 01f3 74       		.sleb128 -12
 938 01f4 10       		.uleb128 0x10
 939 01f5 6A00     		.ascii	"j\000"
 940 01f7 01       		.byte	0x1
 941 01f8 98       		.byte	0x98
 942 01f9 9E000000 		.4byte	0x9e
 943 01fd 02       		.uleb128 0x2
 944 01fe 91       		.byte	0x91
 945 01ff 70       		.sleb128 -16
 946 0200 11       		.uleb128 0x11
 947 0201 14000000 		.4byte	.LBB2
 948 0205 5A000000 		.4byte	.LBE2-.LBB2
 949 0209 12       		.uleb128 0x12
 950 020a BF010000 		.4byte	.LASF29
 951 020e 01       		.byte	0x1
 952 020f 9B       		.byte	0x9b
 953 0210 9E000000 		.4byte	0x9e
 954 0214 02       		.uleb128 0x2
 955 0215 91       		.byte	0x91
 956 0216 68       		.sleb128 -24
 957 0217 12       		.uleb128 0x12
 958 0218 24000000 		.4byte	.LASF30
 959 021c 01       		.byte	0x1
 960 021d 9C       		.byte	0x9c
 961 021e 86000000 		.4byte	0x86
 962 0222 02       		.uleb128 0x2
 963 0223 91       		.byte	0x91
 964 0224 6F       		.sleb128 -17
 965 0225 00       		.byte	0
 966 0226 00       		.byte	0
 967 0227 0D       		.uleb128 0xd
 968 0228 04       		.byte	0x4
 969 0229 2D020000 		.4byte	0x22d
 970 022d 13       		.uleb128 0x13
 971 022e 9E000000 		.4byte	0x9e
 972 0232 0D       		.uleb128 0xd
 973 0233 04       		.byte	0x4
 974 0234 38020000 		.4byte	0x238
 975 0238 13       		.uleb128 0x13
 976 0239 FB000000 		.4byte	0xfb
 977 023d 14       		.uleb128 0x14
 978 023e 2A000000 		.4byte	.LASF31
 979 0242 01       		.byte	0x1
 980 0243 BA       		.byte	0xba
 981 0244 00000000 		.4byte	.LFB6
ARM GAS  C:\Users\LINETT~1\AppData\Local\Temp\cceX8uRb.s 			page 25


 982 0248 E0000000 		.4byte	.LFE6-.LFB6
 983 024c 01       		.uleb128 0x1
 984 024d 9C       		.byte	0x9c
 985 024e 15       		.uleb128 0x15
 986 024f 0D000000 		.4byte	.LASF32
 987 0253 01       		.byte	0x1
 988 0254 FE       		.byte	0xfe
 989 0255 00000000 		.4byte	.LFB7
 990 0259 54000000 		.4byte	.LFE7-.LFB7
 991 025d 01       		.uleb128 0x1
 992 025e 9C       		.byte	0x9c
 993 025f 16       		.uleb128 0x16
 994 0260 C7000000 		.4byte	.LASF42
 995 0264 01       		.byte	0x1
 996 0265 1D01     		.2byte	0x11d
 997 0267 E0000000 		.4byte	.LFB8
 998 026b 6C010000 		.4byte	.LFE8-.LFB8
 999 026f 01       		.uleb128 0x1
 1000 0270 9C       		.byte	0x9c
 1001 0271 2B030000 		.4byte	0x32b
 1002 0275 11       		.uleb128 0x11
 1003 0276 EE000000 		.4byte	.LBB3
 1004 027a C8000000 		.4byte	.LBE3-.LBB3
 1005 027e 17       		.uleb128 0x17
 1006 027f 35000000 		.4byte	.LASF33
 1007 0283 01       		.byte	0x1
 1008 0284 2501     		.2byte	0x125
 1009 0286 3B030000 		.4byte	0x33b
 1010 028a 05       		.uleb128 0x5
 1011 028b 03       		.byte	0x3
 1012 028c 0C000000 		.4byte	cy_cfg_addr_table.4759
 1013 0290 17       		.uleb128 0x17
 1014 0291 47000000 		.4byte	.LASF34
 1015 0295 01       		.byte	0x1
 1016 0296 2D01     		.2byte	0x12d
 1017 0298 50030000 		.4byte	0x350
 1018 029c 05       		.uleb128 0x5
 1019 029d 03       		.byte	0x3
 1020 029e 20000000 		.4byte	cy_cfg_data_table.4760
 1021 02a2 18       		.uleb128 0x18
 1022 02a3 06       		.byte	0x6
 1023 02a4 01       		.byte	0x1
 1024 02a5 3C01     		.2byte	0x13c
 1025 02a7 C6020000 		.4byte	0x2c6
 1026 02ab 19       		.uleb128 0x19
 1027 02ac 93010000 		.4byte	.LASF35
 1028 02b0 01       		.byte	0x1
 1029 02b1 3D01     		.2byte	0x13d
 1030 02b3 7D000000 		.4byte	0x7d
 1031 02b7 00       		.byte	0
 1032 02b8 19       		.uleb128 0x19
 1033 02b9 74000000 		.4byte	.LASF36
 1034 02bd 01       		.byte	0x1
 1035 02be 3E01     		.2byte	0x13e
 1036 02c0 92000000 		.4byte	0x92
 1037 02c4 04       		.byte	0x4
 1038 02c5 00       		.byte	0
ARM GAS  C:\Users\LINETT~1\AppData\Local\Temp\cceX8uRb.s 			page 26


 1039 02c6 06       		.uleb128 0x6
 1040 02c7 B2010000 		.4byte	.LASF37
 1041 02cb 01       		.byte	0x1
 1042 02cc 3F01     		.2byte	0x13f
 1043 02ce A2020000 		.4byte	0x2a2
 1044 02d2 1A       		.uleb128 0x1a
 1045 02d3 C6020000 		.4byte	0x2c6
 1046 02d7 E2020000 		.4byte	0x2e2
 1047 02db 1B       		.uleb128 0x1b
 1048 02dc 76000000 		.4byte	0x76
 1049 02e0 01       		.byte	0x1
 1050 02e1 00       		.byte	0
 1051 02e2 17       		.uleb128 0x17
 1052 02e3 64000000 		.4byte	.LASF38
 1053 02e7 01       		.byte	0x1
 1054 02e8 4101     		.2byte	0x141
 1055 02ea F4020000 		.4byte	0x2f4
 1056 02ee 05       		.uleb128 0x5
 1057 02ef 03       		.byte	0x3
 1058 02f0 00000000 		.4byte	cfg_memset_list.4765
 1059 02f4 13       		.uleb128 0x13
 1060 02f5 D2020000 		.4byte	0x2d2
 1061 02f9 1C       		.uleb128 0x1c
 1062 02fa 6900     		.ascii	"i\000"
 1063 02fc 01       		.byte	0x1
 1064 02fd 4701     		.2byte	0x147
 1065 02ff 86000000 		.4byte	0x86
 1066 0303 02       		.uleb128 0x2
 1067 0304 91       		.byte	0x91
 1068 0305 77       		.sleb128 -9
 1069 0306 11       		.uleb128 0x11
 1070 0307 F6000000 		.4byte	.LBB4
 1071 030b 3E000000 		.4byte	.LBE4-.LBB4
 1072 030f 1C       		.uleb128 0x1c
 1073 0310 6D7300   		.ascii	"ms\000"
 1074 0313 01       		.byte	0x1
 1075 0314 4C01     		.2byte	0x14c
 1076 0316 1D030000 		.4byte	0x31d
 1077 031a 02       		.uleb128 0x2
 1078 031b 91       		.byte	0x91
 1079 031c 70       		.sleb128 -16
 1080 031d 0D       		.uleb128 0xd
 1081 031e 04       		.byte	0x4
 1082 031f 23030000 		.4byte	0x323
 1083 0323 13       		.uleb128 0x13
 1084 0324 C6020000 		.4byte	0x2c6
 1085 0328 00       		.byte	0
 1086 0329 00       		.byte	0
 1087 032a 00       		.byte	0
 1088 032b 1A       		.uleb128 0x1a
 1089 032c 9E000000 		.4byte	0x9e
 1090 0330 3B030000 		.4byte	0x33b
 1091 0334 1B       		.uleb128 0x1b
 1092 0335 76000000 		.4byte	0x76
 1093 0339 04       		.byte	0x4
 1094 033a 00       		.byte	0
 1095 033b 13       		.uleb128 0x13
ARM GAS  C:\Users\LINETT~1\AppData\Local\Temp\cceX8uRb.s 			page 27


 1096 033c 2B030000 		.4byte	0x32b
 1097 0340 1A       		.uleb128 0x1a
 1098 0341 FB000000 		.4byte	0xfb
 1099 0345 50030000 		.4byte	0x350
 1100 0349 1B       		.uleb128 0x1b
 1101 034a 76000000 		.4byte	0x76
 1102 034e 09       		.byte	0x9
 1103 034f 00       		.byte	0
 1104 0350 13       		.uleb128 0x13
 1105 0351 40030000 		.4byte	0x340
 1106 0355 00       		.byte	0
 1107              		.section	.debug_abbrev,"",%progbits
 1108              	.Ldebug_abbrev0:
 1109 0000 01       		.uleb128 0x1
 1110 0001 11       		.uleb128 0x11
 1111 0002 01       		.byte	0x1
 1112 0003 25       		.uleb128 0x25
 1113 0004 0E       		.uleb128 0xe
 1114 0005 13       		.uleb128 0x13
 1115 0006 0B       		.uleb128 0xb
 1116 0007 03       		.uleb128 0x3
 1117 0008 0E       		.uleb128 0xe
 1118 0009 1B       		.uleb128 0x1b
 1119 000a 0E       		.uleb128 0xe
 1120 000b 55       		.uleb128 0x55
 1121 000c 17       		.uleb128 0x17
 1122 000d 11       		.uleb128 0x11
 1123 000e 01       		.uleb128 0x1
 1124 000f 10       		.uleb128 0x10
 1125 0010 17       		.uleb128 0x17
 1126 0011 00       		.byte	0
 1127 0012 00       		.byte	0
 1128 0013 02       		.uleb128 0x2
 1129 0014 24       		.uleb128 0x24
 1130 0015 00       		.byte	0
 1131 0016 0B       		.uleb128 0xb
 1132 0017 0B       		.uleb128 0xb
 1133 0018 3E       		.uleb128 0x3e
 1134 0019 0B       		.uleb128 0xb
 1135 001a 03       		.uleb128 0x3
 1136 001b 08       		.uleb128 0x8
 1137 001c 00       		.byte	0
 1138 001d 00       		.byte	0
 1139 001e 03       		.uleb128 0x3
 1140 001f 16       		.uleb128 0x16
 1141 0020 00       		.byte	0
 1142 0021 03       		.uleb128 0x3
 1143 0022 0E       		.uleb128 0xe
 1144 0023 3A       		.uleb128 0x3a
 1145 0024 0B       		.uleb128 0xb
 1146 0025 3B       		.uleb128 0x3b
 1147 0026 0B       		.uleb128 0xb
 1148 0027 49       		.uleb128 0x49
 1149 0028 13       		.uleb128 0x13
 1150 0029 00       		.byte	0
 1151 002a 00       		.byte	0
 1152 002b 04       		.uleb128 0x4
ARM GAS  C:\Users\LINETT~1\AppData\Local\Temp\cceX8uRb.s 			page 28


 1153 002c 24       		.uleb128 0x24
 1154 002d 00       		.byte	0
 1155 002e 0B       		.uleb128 0xb
 1156 002f 0B       		.uleb128 0xb
 1157 0030 3E       		.uleb128 0x3e
 1158 0031 0B       		.uleb128 0xb
 1159 0032 03       		.uleb128 0x3
 1160 0033 0E       		.uleb128 0xe
 1161 0034 00       		.byte	0
 1162 0035 00       		.byte	0
 1163 0036 05       		.uleb128 0x5
 1164 0037 0F       		.uleb128 0xf
 1165 0038 00       		.byte	0
 1166 0039 0B       		.uleb128 0xb
 1167 003a 0B       		.uleb128 0xb
 1168 003b 00       		.byte	0
 1169 003c 00       		.byte	0
 1170 003d 06       		.uleb128 0x6
 1171 003e 16       		.uleb128 0x16
 1172 003f 00       		.byte	0
 1173 0040 03       		.uleb128 0x3
 1174 0041 0E       		.uleb128 0xe
 1175 0042 3A       		.uleb128 0x3a
 1176 0043 0B       		.uleb128 0xb
 1177 0044 3B       		.uleb128 0x3b
 1178 0045 05       		.uleb128 0x5
 1179 0046 49       		.uleb128 0x49
 1180 0047 13       		.uleb128 0x13
 1181 0048 00       		.byte	0
 1182 0049 00       		.byte	0
 1183 004a 07       		.uleb128 0x7
 1184 004b 35       		.uleb128 0x35
 1185 004c 00       		.byte	0
 1186 004d 49       		.uleb128 0x49
 1187 004e 13       		.uleb128 0x13
 1188 004f 00       		.byte	0
 1189 0050 00       		.byte	0
 1190 0051 08       		.uleb128 0x8
 1191 0052 13       		.uleb128 0x13
 1192 0053 01       		.byte	0x1
 1193 0054 0B       		.uleb128 0xb
 1194 0055 0B       		.uleb128 0xb
 1195 0056 3A       		.uleb128 0x3a
 1196 0057 0B       		.uleb128 0xb
 1197 0058 3B       		.uleb128 0x3b
 1198 0059 0B       		.uleb128 0xb
 1199 005a 01       		.uleb128 0x1
 1200 005b 13       		.uleb128 0x13
 1201 005c 00       		.byte	0
 1202 005d 00       		.byte	0
 1203 005e 09       		.uleb128 0x9
 1204 005f 0D       		.uleb128 0xd
 1205 0060 00       		.byte	0
 1206 0061 03       		.uleb128 0x3
 1207 0062 0E       		.uleb128 0xe
 1208 0063 3A       		.uleb128 0x3a
 1209 0064 0B       		.uleb128 0xb
ARM GAS  C:\Users\LINETT~1\AppData\Local\Temp\cceX8uRb.s 			page 29


 1210 0065 3B       		.uleb128 0x3b
 1211 0066 0B       		.uleb128 0xb
 1212 0067 49       		.uleb128 0x49
 1213 0068 13       		.uleb128 0x13
 1214 0069 38       		.uleb128 0x38
 1215 006a 0B       		.uleb128 0xb
 1216 006b 00       		.byte	0
 1217 006c 00       		.byte	0
 1218 006d 0A       		.uleb128 0xa
 1219 006e 2E       		.uleb128 0x2e
 1220 006f 01       		.byte	0x1
 1221 0070 03       		.uleb128 0x3
 1222 0071 0E       		.uleb128 0xe
 1223 0072 3A       		.uleb128 0x3a
 1224 0073 0B       		.uleb128 0xb
 1225 0074 3B       		.uleb128 0x3b
 1226 0075 0B       		.uleb128 0xb
 1227 0076 27       		.uleb128 0x27
 1228 0077 19       		.uleb128 0x19
 1229 0078 11       		.uleb128 0x11
 1230 0079 01       		.uleb128 0x1
 1231 007a 12       		.uleb128 0x12
 1232 007b 06       		.uleb128 0x6
 1233 007c 40       		.uleb128 0x40
 1234 007d 18       		.uleb128 0x18
 1235 007e 9642     		.uleb128 0x2116
 1236 0080 19       		.uleb128 0x19
 1237 0081 01       		.uleb128 0x1
 1238 0082 13       		.uleb128 0x13
 1239 0083 00       		.byte	0
 1240 0084 00       		.byte	0
 1241 0085 0B       		.uleb128 0xb
 1242 0086 05       		.uleb128 0x5
 1243 0087 00       		.byte	0
 1244 0088 03       		.uleb128 0x3
 1245 0089 08       		.uleb128 0x8
 1246 008a 3A       		.uleb128 0x3a
 1247 008b 0B       		.uleb128 0xb
 1248 008c 3B       		.uleb128 0x3b
 1249 008d 0B       		.uleb128 0xb
 1250 008e 49       		.uleb128 0x49
 1251 008f 13       		.uleb128 0x13
 1252 0090 02       		.uleb128 0x2
 1253 0091 18       		.uleb128 0x18
 1254 0092 00       		.byte	0
 1255 0093 00       		.byte	0
 1256 0094 0C       		.uleb128 0xc
 1257 0095 05       		.uleb128 0x5
 1258 0096 00       		.byte	0
 1259 0097 03       		.uleb128 0x3
 1260 0098 0E       		.uleb128 0xe
 1261 0099 3A       		.uleb128 0x3a
 1262 009a 0B       		.uleb128 0xb
 1263 009b 3B       		.uleb128 0x3b
 1264 009c 0B       		.uleb128 0xb
 1265 009d 49       		.uleb128 0x49
 1266 009e 13       		.uleb128 0x13
ARM GAS  C:\Users\LINETT~1\AppData\Local\Temp\cceX8uRb.s 			page 30


 1267 009f 02       		.uleb128 0x2
 1268 00a0 18       		.uleb128 0x18
 1269 00a1 00       		.byte	0
 1270 00a2 00       		.byte	0
 1271 00a3 0D       		.uleb128 0xd
 1272 00a4 0F       		.uleb128 0xf
 1273 00a5 00       		.byte	0
 1274 00a6 0B       		.uleb128 0xb
 1275 00a7 0B       		.uleb128 0xb
 1276 00a8 49       		.uleb128 0x49
 1277 00a9 13       		.uleb128 0x13
 1278 00aa 00       		.byte	0
 1279 00ab 00       		.byte	0
 1280 00ac 0E       		.uleb128 0xe
 1281 00ad 26       		.uleb128 0x26
 1282 00ae 00       		.byte	0
 1283 00af 00       		.byte	0
 1284 00b0 00       		.byte	0
 1285 00b1 0F       		.uleb128 0xf
 1286 00b2 2E       		.uleb128 0x2e
 1287 00b3 01       		.byte	0x1
 1288 00b4 03       		.uleb128 0x3
 1289 00b5 0E       		.uleb128 0xe
 1290 00b6 3A       		.uleb128 0x3a
 1291 00b7 0B       		.uleb128 0xb
 1292 00b8 3B       		.uleb128 0x3b
 1293 00b9 0B       		.uleb128 0xb
 1294 00ba 27       		.uleb128 0x27
 1295 00bb 19       		.uleb128 0x19
 1296 00bc 11       		.uleb128 0x11
 1297 00bd 01       		.uleb128 0x1
 1298 00be 12       		.uleb128 0x12
 1299 00bf 06       		.uleb128 0x6
 1300 00c0 40       		.uleb128 0x40
 1301 00c1 18       		.uleb128 0x18
 1302 00c2 9742     		.uleb128 0x2117
 1303 00c4 19       		.uleb128 0x19
 1304 00c5 01       		.uleb128 0x1
 1305 00c6 13       		.uleb128 0x13
 1306 00c7 00       		.byte	0
 1307 00c8 00       		.byte	0
 1308 00c9 10       		.uleb128 0x10
 1309 00ca 34       		.uleb128 0x34
 1310 00cb 00       		.byte	0
 1311 00cc 03       		.uleb128 0x3
 1312 00cd 08       		.uleb128 0x8
 1313 00ce 3A       		.uleb128 0x3a
 1314 00cf 0B       		.uleb128 0xb
 1315 00d0 3B       		.uleb128 0x3b
 1316 00d1 0B       		.uleb128 0xb
 1317 00d2 49       		.uleb128 0x49
 1318 00d3 13       		.uleb128 0x13
 1319 00d4 02       		.uleb128 0x2
 1320 00d5 18       		.uleb128 0x18
 1321 00d6 00       		.byte	0
 1322 00d7 00       		.byte	0
 1323 00d8 11       		.uleb128 0x11
ARM GAS  C:\Users\LINETT~1\AppData\Local\Temp\cceX8uRb.s 			page 31


 1324 00d9 0B       		.uleb128 0xb
 1325 00da 01       		.byte	0x1
 1326 00db 11       		.uleb128 0x11
 1327 00dc 01       		.uleb128 0x1
 1328 00dd 12       		.uleb128 0x12
 1329 00de 06       		.uleb128 0x6
 1330 00df 00       		.byte	0
 1331 00e0 00       		.byte	0
 1332 00e1 12       		.uleb128 0x12
 1333 00e2 34       		.uleb128 0x34
 1334 00e3 00       		.byte	0
 1335 00e4 03       		.uleb128 0x3
 1336 00e5 0E       		.uleb128 0xe
 1337 00e6 3A       		.uleb128 0x3a
 1338 00e7 0B       		.uleb128 0xb
 1339 00e8 3B       		.uleb128 0x3b
 1340 00e9 0B       		.uleb128 0xb
 1341 00ea 49       		.uleb128 0x49
 1342 00eb 13       		.uleb128 0x13
 1343 00ec 02       		.uleb128 0x2
 1344 00ed 18       		.uleb128 0x18
 1345 00ee 00       		.byte	0
 1346 00ef 00       		.byte	0
 1347 00f0 13       		.uleb128 0x13
 1348 00f1 26       		.uleb128 0x26
 1349 00f2 00       		.byte	0
 1350 00f3 49       		.uleb128 0x49
 1351 00f4 13       		.uleb128 0x13
 1352 00f5 00       		.byte	0
 1353 00f6 00       		.byte	0
 1354 00f7 14       		.uleb128 0x14
 1355 00f8 2E       		.uleb128 0x2e
 1356 00f9 00       		.byte	0
 1357 00fa 03       		.uleb128 0x3
 1358 00fb 0E       		.uleb128 0xe
 1359 00fc 3A       		.uleb128 0x3a
 1360 00fd 0B       		.uleb128 0xb
 1361 00fe 3B       		.uleb128 0x3b
 1362 00ff 0B       		.uleb128 0xb
 1363 0100 27       		.uleb128 0x27
 1364 0101 19       		.uleb128 0x19
 1365 0102 11       		.uleb128 0x11
 1366 0103 01       		.uleb128 0x1
 1367 0104 12       		.uleb128 0x12
 1368 0105 06       		.uleb128 0x6
 1369 0106 40       		.uleb128 0x40
 1370 0107 18       		.uleb128 0x18
 1371 0108 9642     		.uleb128 0x2116
 1372 010a 19       		.uleb128 0x19
 1373 010b 00       		.byte	0
 1374 010c 00       		.byte	0
 1375 010d 15       		.uleb128 0x15
 1376 010e 2E       		.uleb128 0x2e
 1377 010f 00       		.byte	0
 1378 0110 03       		.uleb128 0x3
 1379 0111 0E       		.uleb128 0xe
 1380 0112 3A       		.uleb128 0x3a
ARM GAS  C:\Users\LINETT~1\AppData\Local\Temp\cceX8uRb.s 			page 32


 1381 0113 0B       		.uleb128 0xb
 1382 0114 3B       		.uleb128 0x3b
 1383 0115 0B       		.uleb128 0xb
 1384 0116 27       		.uleb128 0x27
 1385 0117 19       		.uleb128 0x19
 1386 0118 11       		.uleb128 0x11
 1387 0119 01       		.uleb128 0x1
 1388 011a 12       		.uleb128 0x12
 1389 011b 06       		.uleb128 0x6
 1390 011c 40       		.uleb128 0x40
 1391 011d 18       		.uleb128 0x18
 1392 011e 9742     		.uleb128 0x2117
 1393 0120 19       		.uleb128 0x19
 1394 0121 00       		.byte	0
 1395 0122 00       		.byte	0
 1396 0123 16       		.uleb128 0x16
 1397 0124 2E       		.uleb128 0x2e
 1398 0125 01       		.byte	0x1
 1399 0126 3F       		.uleb128 0x3f
 1400 0127 19       		.uleb128 0x19
 1401 0128 03       		.uleb128 0x3
 1402 0129 0E       		.uleb128 0xe
 1403 012a 3A       		.uleb128 0x3a
 1404 012b 0B       		.uleb128 0xb
 1405 012c 3B       		.uleb128 0x3b
 1406 012d 05       		.uleb128 0x5
 1407 012e 27       		.uleb128 0x27
 1408 012f 19       		.uleb128 0x19
 1409 0130 11       		.uleb128 0x11
 1410 0131 01       		.uleb128 0x1
 1411 0132 12       		.uleb128 0x12
 1412 0133 06       		.uleb128 0x6
 1413 0134 40       		.uleb128 0x40
 1414 0135 18       		.uleb128 0x18
 1415 0136 9642     		.uleb128 0x2116
 1416 0138 19       		.uleb128 0x19
 1417 0139 01       		.uleb128 0x1
 1418 013a 13       		.uleb128 0x13
 1419 013b 00       		.byte	0
 1420 013c 00       		.byte	0
 1421 013d 17       		.uleb128 0x17
 1422 013e 34       		.uleb128 0x34
 1423 013f 00       		.byte	0
 1424 0140 03       		.uleb128 0x3
 1425 0141 0E       		.uleb128 0xe
 1426 0142 3A       		.uleb128 0x3a
 1427 0143 0B       		.uleb128 0xb
 1428 0144 3B       		.uleb128 0x3b
 1429 0145 05       		.uleb128 0x5
 1430 0146 49       		.uleb128 0x49
 1431 0147 13       		.uleb128 0x13
 1432 0148 02       		.uleb128 0x2
 1433 0149 18       		.uleb128 0x18
 1434 014a 00       		.byte	0
 1435 014b 00       		.byte	0
 1436 014c 18       		.uleb128 0x18
 1437 014d 13       		.uleb128 0x13
ARM GAS  C:\Users\LINETT~1\AppData\Local\Temp\cceX8uRb.s 			page 33


 1438 014e 01       		.byte	0x1
 1439 014f 0B       		.uleb128 0xb
 1440 0150 0B       		.uleb128 0xb
 1441 0151 3A       		.uleb128 0x3a
 1442 0152 0B       		.uleb128 0xb
 1443 0153 3B       		.uleb128 0x3b
 1444 0154 05       		.uleb128 0x5
 1445 0155 01       		.uleb128 0x1
 1446 0156 13       		.uleb128 0x13
 1447 0157 00       		.byte	0
 1448 0158 00       		.byte	0
 1449 0159 19       		.uleb128 0x19
 1450 015a 0D       		.uleb128 0xd
 1451 015b 00       		.byte	0
 1452 015c 03       		.uleb128 0x3
 1453 015d 0E       		.uleb128 0xe
 1454 015e 3A       		.uleb128 0x3a
 1455 015f 0B       		.uleb128 0xb
 1456 0160 3B       		.uleb128 0x3b
 1457 0161 05       		.uleb128 0x5
 1458 0162 49       		.uleb128 0x49
 1459 0163 13       		.uleb128 0x13
 1460 0164 38       		.uleb128 0x38
 1461 0165 0B       		.uleb128 0xb
 1462 0166 00       		.byte	0
 1463 0167 00       		.byte	0
 1464 0168 1A       		.uleb128 0x1a
 1465 0169 01       		.uleb128 0x1
 1466 016a 01       		.byte	0x1
 1467 016b 49       		.uleb128 0x49
 1468 016c 13       		.uleb128 0x13
 1469 016d 01       		.uleb128 0x1
 1470 016e 13       		.uleb128 0x13
 1471 016f 00       		.byte	0
 1472 0170 00       		.byte	0
 1473 0171 1B       		.uleb128 0x1b
 1474 0172 21       		.uleb128 0x21
 1475 0173 00       		.byte	0
 1476 0174 49       		.uleb128 0x49
 1477 0175 13       		.uleb128 0x13
 1478 0176 2F       		.uleb128 0x2f
 1479 0177 0B       		.uleb128 0xb
 1480 0178 00       		.byte	0
 1481 0179 00       		.byte	0
 1482 017a 1C       		.uleb128 0x1c
 1483 017b 34       		.uleb128 0x34
 1484 017c 00       		.byte	0
 1485 017d 03       		.uleb128 0x3
 1486 017e 08       		.uleb128 0x8
 1487 017f 3A       		.uleb128 0x3a
 1488 0180 0B       		.uleb128 0xb
 1489 0181 3B       		.uleb128 0x3b
 1490 0182 05       		.uleb128 0x5
 1491 0183 49       		.uleb128 0x49
 1492 0184 13       		.uleb128 0x13
 1493 0185 02       		.uleb128 0x2
 1494 0186 18       		.uleb128 0x18
ARM GAS  C:\Users\LINETT~1\AppData\Local\Temp\cceX8uRb.s 			page 34


 1495 0187 00       		.byte	0
 1496 0188 00       		.byte	0
 1497 0189 00       		.byte	0
 1498              		.section	.debug_aranges,"",%progbits
 1499 0000 4C000000 		.4byte	0x4c
 1500 0004 0200     		.2byte	0x2
 1501 0006 00000000 		.4byte	.Ldebug_info0
 1502 000a 04       		.byte	0x4
 1503 000b 00       		.byte	0
 1504 000c 0000     		.2byte	0
 1505 000e 0000     		.2byte	0
 1506 0010 00000000 		.4byte	.LFB2
 1507 0014 1E000000 		.4byte	.LFE2-.LFB2
 1508 0018 00000000 		.4byte	.LFB3
 1509 001c 22000000 		.4byte	.LFE3-.LFB3
 1510 0020 00000000 		.4byte	.LFB4
 1511 0024 22000000 		.4byte	.LFE4-.LFB4
 1512 0028 00000000 		.4byte	.LFB5
 1513 002c 80000000 		.4byte	.LFE5-.LFB5
 1514 0030 00000000 		.4byte	.LFB6
 1515 0034 E0000000 		.4byte	.LFE6-.LFB6
 1516 0038 00000000 		.4byte	.LFB7
 1517 003c 54000000 		.4byte	.LFE7-.LFB7
 1518 0040 E0000000 		.4byte	.LFB8
 1519 0044 6C010000 		.4byte	.LFE8-.LFB8
 1520 0048 00000000 		.4byte	0
 1521 004c 00000000 		.4byte	0
 1522              		.section	.debug_ranges,"",%progbits
 1523              	.Ldebug_ranges0:
 1524 0000 00000000 		.4byte	.LFB2
 1525 0004 1E000000 		.4byte	.LFE2
 1526 0008 00000000 		.4byte	.LFB3
 1527 000c 22000000 		.4byte	.LFE3
 1528 0010 00000000 		.4byte	.LFB4
 1529 0014 22000000 		.4byte	.LFE4
 1530 0018 00000000 		.4byte	.LFB5
 1531 001c 80000000 		.4byte	.LFE5
 1532 0020 00000000 		.4byte	.LFB6
 1533 0024 E0000000 		.4byte	.LFE6
 1534 0028 00000000 		.4byte	.LFB7
 1535 002c 54000000 		.4byte	.LFE7
 1536 0030 E0000000 		.4byte	.LFB8
 1537 0034 4C020000 		.4byte	.LFE8
 1538 0038 00000000 		.4byte	0
 1539 003c 00000000 		.4byte	0
 1540              		.section	.debug_line,"",%progbits
 1541              	.Ldebug_line0:
 1542 0000 A4010000 		.section	.debug_str,"MS",%progbits,1
 1542      0200CD00 
 1542      00000201 
 1542      FB0E0D00 
 1542      01010101 
 1543              	.LASF18:
 1544 0000 72656733 		.ascii	"reg32\000"
 1544      3200
 1545              	.LASF11:
 1546 0006 73697A65 		.ascii	"size_t\000"
ARM GAS  C:\Users\LINETT~1\AppData\Local\Temp\cceX8uRb.s 			page 35


 1546      5F7400
 1547              	.LASF32:
 1548 000d 416E616C 		.ascii	"AnalogSetDefault\000"
 1548      6F675365 
 1548      74446566 
 1548      61756C74 
 1548      00
 1549              	.LASF20:
 1550 001e 76616C75 		.ascii	"value\000"
 1550      6500
 1551              	.LASF30:
 1552 0024 636F756E 		.ascii	"count\000"
 1552      7400
 1553              	.LASF31:
 1554 002a 436C6F63 		.ascii	"ClockSetup\000"
 1554      6B536574 
 1554      757000
 1555              	.LASF33:
 1556 0035 63795F63 		.ascii	"cy_cfg_addr_table\000"
 1556      66675F61 
 1556      6464725F 
 1556      7461626C 
 1556      6500
 1557              	.LASF34:
 1558 0047 63795F63 		.ascii	"cy_cfg_data_table\000"
 1558      66675F64 
 1558      6174615F 
 1558      7461626C 
 1558      6500
 1559              	.LASF15:
 1560 0059 666C6F61 		.ascii	"float\000"
 1560      7400
 1561              	.LASF24:
 1562 005f 64657374 		.ascii	"dest\000"
 1562      00
 1563              	.LASF38:
 1564 0064 6366675F 		.ascii	"cfg_memset_list\000"
 1564      6D656D73 
 1564      65745F6C 
 1564      69737400 
 1565              	.LASF36:
 1566 0074 73697A65 		.ascii	"size\000"
 1566      00
 1567              	.LASF17:
 1568 0079 72656738 		.ascii	"reg8\000"
 1568      00
 1569              	.LASF6:
 1570 007e 6C6F6E67 		.ascii	"long unsigned int\000"
 1570      20756E73 
 1570      69676E65 
 1570      6420696E 
 1570      7400
 1571              	.LASF12:
 1572 0090 75696E74 		.ascii	"uint8\000"
 1572      3800
 1573              	.LASF22:
 1574 0096 43594D45 		.ascii	"CYMEMZERO\000"
ARM GAS  C:\Users\LINETT~1\AppData\Local\Temp\cceX8uRb.s 			page 36


 1574      4D5A4552 
 1574      4F00
 1575              	.LASF2:
 1576 00a0 756E7369 		.ascii	"unsigned char\000"
 1576      676E6564 
 1576      20636861 
 1576      7200
 1577              	.LASF16:
 1578 00ae 646F7562 		.ascii	"double\000"
 1578      6C6500
 1579              	.LASF26:
 1580 00b5 6366675F 		.ascii	"cfg_write_bytes32\000"
 1580      77726974 
 1580      655F6279 
 1580      74657333 
 1580      3200
 1581              	.LASF42:
 1582 00c7 63796669 		.ascii	"cyfitter_cfg\000"
 1582      74746572 
 1582      5F636667 
 1582      00
 1583              	.LASF27:
 1584 00d4 61646472 		.ascii	"addr_table\000"
 1584      5F746162 
 1584      6C6500
 1585              	.LASF13:
 1586 00df 75696E74 		.ascii	"uint16\000"
 1586      313600
 1587              	.LASF28:
 1588 00e6 64617461 		.ascii	"data_table\000"
 1588      5F746162 
 1588      6C6500
 1589              	.LASF14:
 1590 00f1 75696E74 		.ascii	"uint32\000"
 1590      333200
 1591              	.LASF39:
 1592 00f8 474E5520 		.ascii	"GNU C 4.9.3 20150303 (release) [ARM/embedded-4_9-br"
 1592      4320342E 
 1592      392E3320 
 1592      32303135 
 1592      30333033 
 1593 012b 616E6368 		.ascii	"anch revision 221220] -mcpu=cortex-m0 -mthumb -g -O"
 1593      20726576 
 1593      6973696F 
 1593      6E203232 
 1593      31323230 
 1594 015e 30202D66 		.ascii	"0 -ffunction-sections -ffat-lto-objects\000"
 1594      66756E63 
 1594      74696F6E 
 1594      2D736563 
 1594      74696F6E 
 1595              	.LASF0:
 1596 0186 756E7369 		.ascii	"unsigned int\000"
 1596      676E6564 
 1596      20696E74 
 1596      00
 1597              	.LASF35:
ARM GAS  C:\Users\LINETT~1\AppData\Local\Temp\cceX8uRb.s 			page 37


 1598 0193 61646472 		.ascii	"address\000"
 1598      65737300 
 1599              	.LASF8:
 1600 019b 6C6F6E67 		.ascii	"long long unsigned int\000"
 1600      206C6F6E 
 1600      6720756E 
 1600      7369676E 
 1600      65642069 
 1601              	.LASF37:
 1602 01b2 6366675F 		.ascii	"cfg_memset_t\000"
 1602      6D656D73 
 1602      65745F74 
 1602      00
 1603              	.LASF29:
 1604 01bf 62617365 		.ascii	"baseAddr\000"
 1604      41646472 
 1604      00
 1605              	.LASF9:
 1606 01c8 73697A65 		.ascii	"sizetype\000"
 1606      74797065 
 1606      00
 1607              	.LASF41:
 1608 01d1 433A5C55 		.ascii	"C:\\Users\\Linette Helena\\Desktop\\store_kit_7kana"
 1608      73657273 
 1608      5C4C696E 
 1608      65747465 
 1608      2048656C 
 1609 0200 6C65722E 		.ascii	"ler.cydsn\000"
 1609      63796473 
 1609      6E00
 1610              	.LASF40:
 1611 020a 2E5C4765 		.ascii	".\\Generated_Source\\PSoC4\\cyfitter_cfg.c\000"
 1611      6E657261 
 1611      7465645F 
 1611      536F7572 
 1611      63655C50 
 1612              	.LASF7:
 1613 0232 6C6F6E67 		.ascii	"long long int\000"
 1613      206C6F6E 
 1613      6720696E 
 1613      7400
 1614              	.LASF10:
 1615 0240 63686172 		.ascii	"char\000"
 1615      00
 1616              	.LASF21:
 1617 0245 63795F63 		.ascii	"cy_cfg_addrvalue_t\000"
 1617      66675F61 
 1617      64647276 
 1617      616C7565 
 1617      5F7400
 1618              	.LASF19:
 1619 0258 6F666673 		.ascii	"offset\000"
 1619      657400
 1620              	.LASF3:
 1621 025f 73686F72 		.ascii	"short int\000"
 1621      7420696E 
 1621      7400
ARM GAS  C:\Users\LINETT~1\AppData\Local\Temp\cceX8uRb.s 			page 38


 1622              	.LASF5:
 1623 0269 6C6F6E67 		.ascii	"long int\000"
 1623      20696E74 
 1623      00
 1624              	.LASF1:
 1625 0272 7369676E 		.ascii	"signed char\000"
 1625      65642063 
 1625      68617200 
 1626              	.LASF4:
 1627 027e 73686F72 		.ascii	"short unsigned int\000"
 1627      7420756E 
 1627      7369676E 
 1627      65642069 
 1627      6E7400
 1628              	.LASF25:
 1629 0291 4359434F 		.ascii	"CYCONFIGCPYCODE\000"
 1629      4E464947 
 1629      43505943 
 1629      4F444500 
 1630              	.LASF23:
 1631 02a1 4359434F 		.ascii	"CYCONFIGCPY\000"
 1631      4E464947 
 1631      43505900 
 1632              		.ident	"GCC: (GNU Tools for ARM Embedded Processors) 4.9.3 20150303 (release) [ARM/embedded-4_9-br
