ARM GAS  C:\Users\LINETT~1\AppData\Local\Temp\ccsQ0wR0.s 			page 1


   1              		.cpu cortex-m0
   2              		.fpu softvfp
   3              		.eabi_attribute 20, 1
   4              		.eabi_attribute 21, 1
   5              		.eabi_attribute 23, 3
   6              		.eabi_attribute 24, 1
   7              		.eabi_attribute 25, 1
   8              		.eabi_attribute 26, 1
   9              		.eabi_attribute 30, 6
  10              		.eabi_attribute 34, 0
  11              		.eabi_attribute 18, 4
  12              		.code	16
  13              		.file	"main.c"
  14              		.text
  15              	.Ltext0:
  16              		.cfi_sections	.debug_frame
  17              		.global	result
  18              		.bss
  19              		.align	2
  20              		.type	result, %object
  21              		.size	result, 14
  22              	result:
  23 0000 00000000 		.space	14
  23      00000000 
  23      00000000 
  23      0000
  24              		.global	data_ready
  25              		.type	data_ready, %object
  26              		.size	data_ready, 1
  27              	data_ready:
  28 000e 00       		.space	1
  29 000f 00       		.section	.text.main,"ax",%progbits
  30              		.align	2
  31              		.global	main
  32              		.code	16
  33              		.thumb_func
  34              		.type	main, %function
  35              	main:
  36              	.LFB37:
  37              		.file 1 ".\\main.c"
   1:.\main.c      **** /*******************************************************************************
   2:.\main.c      **** * File Name: main.c
   3:.\main.c      **** *
   4:.\main.c      **** * Version: 1.10
   5:.\main.c      **** *
   6:.\main.c      **** * Description:
   7:.\main.c      **** *  This example project demonstrates the basic operation of the SCB component
   8:.\main.c      **** *  in the UART mode. The polling method is used to wait for received character.
   9:.\main.c      **** *  As soon as character is received it is transmitted back. The serial terminal
  10:.\main.c      **** *  can be used on the PC to send characters and get them back.
  11:.\main.c      **** *  The example will echo every received character.
  12:.\main.c      **** *
  13:.\main.c      **** ********************************************************************************
  14:.\main.c      **** * Copyright 2014-2015, Cypress Semiconductor Corporation. All rights reserved.
  15:.\main.c      **** * This software is owned by Cypress Semiconductor Corporation and is protected
  16:.\main.c      **** * by and subject to worldwide patent and copyright laws and treaties.
  17:.\main.c      **** * Therefore, you may use this software only as provided in the license agreement
ARM GAS  C:\Users\LINETT~1\AppData\Local\Temp\ccsQ0wR0.s 			page 2


  18:.\main.c      **** * accompanying the software package from which you obtained this software.
  19:.\main.c      **** * CYPRESS AND ITS SUPPLIERS MAKE NO WARRANTY OF ANY KIND, EXPRESS OR IMPLIED,
  20:.\main.c      **** * WITH REGARD TO THIS SOFTWARE, INCLUDING, BUT NOT LIMITED TO, NONINFRINGEMENT,
  21:.\main.c      **** * IMPLIED WARRANTIES OF MERCHANTABILITY AND FITNESS FOR A PARTICULAR PURPOSE.
  22:.\main.c      **** *******************************************************************************/
  23:.\main.c      **** 
  24:.\main.c      **** #include <project.h>
  25:.\main.c      **** #include <my_defines.h>
  26:.\main.c      **** int16 result[num_of_channels] = {0};
  27:.\main.c      **** uint8 data_ready = FALSE;
  28:.\main.c      **** 
  29:.\main.c      **** /*******************************************************************************
  30:.\main.c      **** * Function Name: main
  31:.\main.c      **** ********************************************************************************
  32:.\main.c      **** * Summary:
  33:.\main.c      **** *  The main function performs the following actions:
  34:.\main.c      **** *   1. Sets up UART component.
  35:.\main.c      **** *   2. UART sends text header into the serial terminal.
  36:.\main.c      **** *   3. UART waits for the characters to send them back to the serial terminal.
  37:.\main.c      **** *
  38:.\main.c      **** * Parameters:
  39:.\main.c      **** *  None
  40:.\main.c      **** *
  41:.\main.c      **** * Return:
  42:.\main.c      **** *  None
  43:.\main.c      **** *
  44:.\main.c      **** *******************************************************************************/
  45:.\main.c      **** int main()
  46:.\main.c      **** {
  38              		.loc 1 46 0
  39              		.cfi_startproc
  40 0000 80B5     		push	{r7, lr}
  41              		.cfi_def_cfa_offset 8
  42              		.cfi_offset 7, -8
  43              		.cfi_offset 14, -4
  44 0002 82B0     		sub	sp, sp, #8
  45              		.cfi_def_cfa_offset 16
  46 0004 00AF     		add	r7, sp, #0
  47              		.cfi_def_cfa_register 7
  47:.\main.c      ****     uint32 ch;
  48:.\main.c      ****     uint16 i;
  49:.\main.c      ****     
  50:.\main.c      ****     
  51:.\main.c      ****     
  52:.\main.c      ****     /* Start SCB (UART mode) operation */
  53:.\main.c      ****     UART_Start();
  48              		.loc 1 53 0
  49 0006 FFF7FEFF 		bl	UART_Start
  54:.\main.c      ****     CyGlobalIntEnable;
  50              		.loc 1 54 0
  51              	@ 54 ".\main.c" 1
  52 000a 62B6     		CPSIE   i
  53              	@ 0 "" 2
  55:.\main.c      ****     ADC_Start(); /* Initialize ADC */
  54              		.loc 1 55 0
  55              		.code	16
  56 000c FFF7FEFF 		bl	ADC_Start
ARM GAS  C:\Users\LINETT~1\AppData\Local\Temp\ccsQ0wR0.s 			page 3


  56:.\main.c      ****     ADC_IRQ_Enable(); /* Enable ADC interrupts */
  57              		.loc 1 56 0
  58 0010 FFF7FEFF 		bl	ADC_IRQ_Enable
  59              	.L7:
  57:.\main.c      ****     //ADC_StartConvert(); /* Start ADC conversions */
  58:.\main.c      ****     
  59:.\main.c      ****     for (;;)
  60:.\main.c      ****     {
  61:.\main.c      ****         /* Get received character or zero if nothing has been received yet */
  62:.\main.c      ****         ch = UART_UartGetChar();
  60              		.loc 1 62 0
  61 0014 FFF7FEFF 		bl	UART_UartGetChar
  62 0018 031C     		mov	r3, r0
  63 001a 3B60     		str	r3, [r7]
  63:.\main.c      **** 
  64:.\main.c      ****         if (0u != ch)
  64              		.loc 1 64 0
  65 001c 3B68     		ldr	r3, [r7]
  66 001e 002B     		cmp	r3, #0
  67 0020 09D0     		beq	.L2
  65:.\main.c      ****         {
  66:.\main.c      ****             /* Transmit the data through UART.
  67:.\main.c      ****             * This functions is blocking and waits until there is a place in
  68:.\main.c      ****             * the buffer.
  69:.\main.c      ****             */
  70:.\main.c      ****             if(ch == 'S')
  68              		.loc 1 70 0
  69 0022 3B68     		ldr	r3, [r7]
  70 0024 532B     		cmp	r3, #83
  71 0026 01D1     		bne	.L3
  71:.\main.c      ****             {
  72:.\main.c      ****                 ADC_StartConvert();
  72              		.loc 1 72 0
  73 0028 FFF7FEFF 		bl	ADC_StartConvert
  74              	.L3:
  73:.\main.c      ****             }
  74:.\main.c      ****             if(ch == 'E')
  75              		.loc 1 74 0
  76 002c 3B68     		ldr	r3, [r7]
  77 002e 452B     		cmp	r3, #69
  78 0030 01D1     		bne	.L2
  75:.\main.c      ****             {
  76:.\main.c      ****                ADC_StopConvert();
  79              		.loc 1 76 0
  80 0032 FFF7FEFF 		bl	ADC_StopConvert
  81              	.L2:
  77:.\main.c      ****             }
  78:.\main.c      ****         }
  79:.\main.c      ****         
  80:.\main.c      ****         if(data_ready)
  82              		.loc 1 80 0
  83 0036 154B     		ldr	r3, .L8
  84 0038 1B78     		ldrb	r3, [r3]
  85 003a 002B     		cmp	r3, #0
  86 003c 24D0     		beq	.L4
  81:.\main.c      ****         {
  82:.\main.c      ****             for(i=0;i<num_of_channels;i++)
ARM GAS  C:\Users\LINETT~1\AppData\Local\Temp\ccsQ0wR0.s 			page 4


  87              		.loc 1 82 0
  88 003e BB1D     		add	r3, r7, #6
  89 0040 0022     		mov	r2, #0
  90 0042 1A80     		strh	r2, [r3]
  91 0044 19E0     		b	.L5
  92              	.L6:
  83:.\main.c      ****             {
  84:.\main.c      ****                 UART_UartPutChar(result[i]);
  93              		.loc 1 84 0 discriminator 3
  94 0046 BB1D     		add	r3, r7, #6
  95 0048 1A88     		ldrh	r2, [r3]
  96 004a 114B     		ldr	r3, .L8+4
  97 004c 5200     		lsl	r2, r2, #1
  98 004e D35A     		ldrh	r3, [r2, r3]
  99 0050 1BB2     		sxth	r3, r3
 100 0052 181C     		mov	r0, r3
 101 0054 FFF7FEFF 		bl	UART_SpiUartWriteTxData
  85:.\main.c      ****                 UART_UartPutChar((result[i]>>8));
 102              		.loc 1 85 0 discriminator 3
 103 0058 BB1D     		add	r3, r7, #6
 104 005a 1A88     		ldrh	r2, [r3]
 105 005c 0C4B     		ldr	r3, .L8+4
 106 005e 5200     		lsl	r2, r2, #1
 107 0060 D35A     		ldrh	r3, [r2, r3]
 108 0062 1BB2     		sxth	r3, r3
 109 0064 1B12     		asr	r3, r3, #8
 110 0066 9BB2     		uxth	r3, r3
 111 0068 1BB2     		sxth	r3, r3
 112 006a 181C     		mov	r0, r3
 113 006c FFF7FEFF 		bl	UART_SpiUartWriteTxData
  82:.\main.c      ****             {
 114              		.loc 1 82 0 discriminator 3
 115 0070 BB1D     		add	r3, r7, #6
 116 0072 1A88     		ldrh	r2, [r3]
 117 0074 BB1D     		add	r3, r7, #6
 118 0076 0132     		add	r2, r2, #1
 119 0078 1A80     		strh	r2, [r3]
 120              	.L5:
  82:.\main.c      ****             {
 121              		.loc 1 82 0 is_stmt 0 discriminator 1
 122 007a BB1D     		add	r3, r7, #6
 123 007c 1B88     		ldrh	r3, [r3]
 124 007e 062B     		cmp	r3, #6
 125 0080 E1D9     		bls	.L6
  86:.\main.c      ****             }
  87:.\main.c      ****             data_ready = FALSE;
 126              		.loc 1 87 0 is_stmt 1
 127 0082 024B     		ldr	r3, .L8
 128 0084 0022     		mov	r2, #0
 129 0086 1A70     		strb	r2, [r3]
 130              	.L4:
  88:.\main.c      ****         }
  89:.\main.c      **** 
  90:.\main.c      ****     }
 131              		.loc 1 90 0
 132 0088 C4E7     		b	.L7
 133              	.L9:
ARM GAS  C:\Users\LINETT~1\AppData\Local\Temp\ccsQ0wR0.s 			page 5


 134 008a C046     		.align	2
 135              	.L8:
 136 008c 00000000 		.word	data_ready
 137 0090 00000000 		.word	result
 138              		.cfi_endproc
 139              	.LFE37:
 140              		.size	main, .-main
 141              		.text
 142              	.Letext0:
 143              		.file 2 "Generated_Source\\PSoC4/cytypes.h"
 144              		.section	.debug_info,"",%progbits
 145              	.Ldebug_info0:
 146 0000 19010000 		.4byte	0x119
 147 0004 0400     		.2byte	0x4
 148 0006 00000000 		.4byte	.Ldebug_abbrev0
 149 000a 04       		.byte	0x4
 150 000b 01       		.uleb128 0x1
 151 000c 8F000000 		.4byte	.LASF19
 152 0010 01       		.byte	0x1
 153 0011 87010000 		.4byte	.LASF20
 154 0015 27000000 		.4byte	.LASF21
 155 0019 00000000 		.4byte	.Ldebug_ranges0+0
 156 001d 00000000 		.4byte	0
 157 0021 00000000 		.4byte	.Ldebug_line0
 158 0025 02       		.uleb128 0x2
 159 0026 01       		.byte	0x1
 160 0027 06       		.byte	0x6
 161 0028 6F010000 		.4byte	.LASF0
 162 002c 02       		.uleb128 0x2
 163 002d 01       		.byte	0x1
 164 002e 08       		.byte	0x8
 165 002f 1D010000 		.4byte	.LASF1
 166 0033 02       		.uleb128 0x2
 167 0034 02       		.byte	0x2
 168 0035 05       		.byte	0x5
 169 0036 4B010000 		.4byte	.LASF2
 170 003a 02       		.uleb128 0x2
 171 003b 02       		.byte	0x2
 172 003c 07       		.byte	0x7
 173 003d 5C010000 		.4byte	.LASF3
 174 0041 02       		.uleb128 0x2
 175 0042 04       		.byte	0x4
 176 0043 05       		.byte	0x5
 177 0044 37010000 		.4byte	.LASF4
 178 0048 02       		.uleb128 0x2
 179 0049 04       		.byte	0x4
 180 004a 07       		.byte	0x7
 181 004b 66000000 		.4byte	.LASF5
 182 004f 02       		.uleb128 0x2
 183 0050 08       		.byte	0x8
 184 0051 05       		.byte	0x5
 185 0052 00000000 		.4byte	.LASF6
 186 0056 02       		.uleb128 0x2
 187 0057 08       		.byte	0x8
 188 0058 07       		.byte	0x7
 189 0059 78000000 		.4byte	.LASF7
 190 005d 03       		.uleb128 0x3
ARM GAS  C:\Users\LINETT~1\AppData\Local\Temp\ccsQ0wR0.s 			page 6


 191 005e 04       		.byte	0x4
 192 005f 05       		.byte	0x5
 193 0060 696E7400 		.ascii	"int\000"
 194 0064 02       		.uleb128 0x2
 195 0065 04       		.byte	0x4
 196 0066 07       		.byte	0x7
 197 0067 15000000 		.4byte	.LASF8
 198 006b 04       		.uleb128 0x4
 199 006c 60000000 		.4byte	.LASF9
 200 0070 02       		.byte	0x2
 201 0071 3801     		.2byte	0x138
 202 0073 2C000000 		.4byte	0x2c
 203 0077 04       		.uleb128 0x4
 204 0078 90010000 		.4byte	.LASF10
 205 007c 02       		.byte	0x2
 206 007d 3901     		.2byte	0x139
 207 007f 3A000000 		.4byte	0x3a
 208 0083 04       		.uleb128 0x4
 209 0084 0E000000 		.4byte	.LASF11
 210 0088 02       		.byte	0x2
 211 0089 3A01     		.2byte	0x13a
 212 008b 48000000 		.4byte	0x48
 213 008f 04       		.uleb128 0x4
 214 0090 81010000 		.4byte	.LASF12
 215 0094 02       		.byte	0x2
 216 0095 3C01     		.2byte	0x13c
 217 0097 33000000 		.4byte	0x33
 218 009b 02       		.uleb128 0x2
 219 009c 04       		.byte	0x4
 220 009d 04       		.byte	0x4
 221 009e 7B010000 		.4byte	.LASF13
 222 00a2 02       		.uleb128 0x2
 223 00a3 08       		.byte	0x8
 224 00a4 04       		.byte	0x4
 225 00a5 55010000 		.4byte	.LASF14
 226 00a9 02       		.uleb128 0x2
 227 00aa 01       		.byte	0x1
 228 00ab 08       		.byte	0x8
 229 00ac 2B010000 		.4byte	.LASF15
 230 00b0 02       		.uleb128 0x2
 231 00b1 04       		.byte	0x4
 232 00b2 07       		.byte	0x7
 233 00b3 97010000 		.4byte	.LASF16
 234 00b7 05       		.uleb128 0x5
 235 00b8 22000000 		.4byte	.LASF22
 236 00bc 01       		.byte	0x1
 237 00bd 2D       		.byte	0x2d
 238 00be 5D000000 		.4byte	0x5d
 239 00c2 00000000 		.4byte	.LFB37
 240 00c6 94000000 		.4byte	.LFE37-.LFB37
 241 00ca 01       		.uleb128 0x1
 242 00cb 9C       		.byte	0x9c
 243 00cc EA000000 		.4byte	0xea
 244 00d0 06       		.uleb128 0x6
 245 00d1 636800   		.ascii	"ch\000"
 246 00d4 01       		.byte	0x1
 247 00d5 2F       		.byte	0x2f
ARM GAS  C:\Users\LINETT~1\AppData\Local\Temp\ccsQ0wR0.s 			page 7


 248 00d6 83000000 		.4byte	0x83
 249 00da 02       		.uleb128 0x2
 250 00db 91       		.byte	0x91
 251 00dc 70       		.sleb128 -16
 252 00dd 06       		.uleb128 0x6
 253 00de 6900     		.ascii	"i\000"
 254 00e0 01       		.byte	0x1
 255 00e1 30       		.byte	0x30
 256 00e2 77000000 		.4byte	0x77
 257 00e6 02       		.uleb128 0x2
 258 00e7 91       		.byte	0x91
 259 00e8 76       		.sleb128 -10
 260 00e9 00       		.byte	0
 261 00ea 07       		.uleb128 0x7
 262 00eb 8F000000 		.4byte	0x8f
 263 00ef FA000000 		.4byte	0xfa
 264 00f3 08       		.uleb128 0x8
 265 00f4 B0000000 		.4byte	0xb0
 266 00f8 06       		.byte	0x6
 267 00f9 00       		.byte	0
 268 00fa 09       		.uleb128 0x9
 269 00fb 30010000 		.4byte	.LASF17
 270 00ff 01       		.byte	0x1
 271 0100 1A       		.byte	0x1a
 272 0101 EA000000 		.4byte	0xea
 273 0105 05       		.uleb128 0x5
 274 0106 03       		.byte	0x3
 275 0107 00000000 		.4byte	result
 276 010b 09       		.uleb128 0x9
 277 010c 40010000 		.4byte	.LASF18
 278 0110 01       		.byte	0x1
 279 0111 1B       		.byte	0x1b
 280 0112 6B000000 		.4byte	0x6b
 281 0116 05       		.uleb128 0x5
 282 0117 03       		.byte	0x3
 283 0118 00000000 		.4byte	data_ready
 284 011c 00       		.byte	0
 285              		.section	.debug_abbrev,"",%progbits
 286              	.Ldebug_abbrev0:
 287 0000 01       		.uleb128 0x1
 288 0001 11       		.uleb128 0x11
 289 0002 01       		.byte	0x1
 290 0003 25       		.uleb128 0x25
 291 0004 0E       		.uleb128 0xe
 292 0005 13       		.uleb128 0x13
 293 0006 0B       		.uleb128 0xb
 294 0007 03       		.uleb128 0x3
 295 0008 0E       		.uleb128 0xe
 296 0009 1B       		.uleb128 0x1b
 297 000a 0E       		.uleb128 0xe
 298 000b 55       		.uleb128 0x55
 299 000c 17       		.uleb128 0x17
 300 000d 11       		.uleb128 0x11
 301 000e 01       		.uleb128 0x1
 302 000f 10       		.uleb128 0x10
 303 0010 17       		.uleb128 0x17
 304 0011 00       		.byte	0
ARM GAS  C:\Users\LINETT~1\AppData\Local\Temp\ccsQ0wR0.s 			page 8


 305 0012 00       		.byte	0
 306 0013 02       		.uleb128 0x2
 307 0014 24       		.uleb128 0x24
 308 0015 00       		.byte	0
 309 0016 0B       		.uleb128 0xb
 310 0017 0B       		.uleb128 0xb
 311 0018 3E       		.uleb128 0x3e
 312 0019 0B       		.uleb128 0xb
 313 001a 03       		.uleb128 0x3
 314 001b 0E       		.uleb128 0xe
 315 001c 00       		.byte	0
 316 001d 00       		.byte	0
 317 001e 03       		.uleb128 0x3
 318 001f 24       		.uleb128 0x24
 319 0020 00       		.byte	0
 320 0021 0B       		.uleb128 0xb
 321 0022 0B       		.uleb128 0xb
 322 0023 3E       		.uleb128 0x3e
 323 0024 0B       		.uleb128 0xb
 324 0025 03       		.uleb128 0x3
 325 0026 08       		.uleb128 0x8
 326 0027 00       		.byte	0
 327 0028 00       		.byte	0
 328 0029 04       		.uleb128 0x4
 329 002a 16       		.uleb128 0x16
 330 002b 00       		.byte	0
 331 002c 03       		.uleb128 0x3
 332 002d 0E       		.uleb128 0xe
 333 002e 3A       		.uleb128 0x3a
 334 002f 0B       		.uleb128 0xb
 335 0030 3B       		.uleb128 0x3b
 336 0031 05       		.uleb128 0x5
 337 0032 49       		.uleb128 0x49
 338 0033 13       		.uleb128 0x13
 339 0034 00       		.byte	0
 340 0035 00       		.byte	0
 341 0036 05       		.uleb128 0x5
 342 0037 2E       		.uleb128 0x2e
 343 0038 01       		.byte	0x1
 344 0039 3F       		.uleb128 0x3f
 345 003a 19       		.uleb128 0x19
 346 003b 03       		.uleb128 0x3
 347 003c 0E       		.uleb128 0xe
 348 003d 3A       		.uleb128 0x3a
 349 003e 0B       		.uleb128 0xb
 350 003f 3B       		.uleb128 0x3b
 351 0040 0B       		.uleb128 0xb
 352 0041 49       		.uleb128 0x49
 353 0042 13       		.uleb128 0x13
 354 0043 11       		.uleb128 0x11
 355 0044 01       		.uleb128 0x1
 356 0045 12       		.uleb128 0x12
 357 0046 06       		.uleb128 0x6
 358 0047 40       		.uleb128 0x40
 359 0048 18       		.uleb128 0x18
 360 0049 9642     		.uleb128 0x2116
 361 004b 19       		.uleb128 0x19
ARM GAS  C:\Users\LINETT~1\AppData\Local\Temp\ccsQ0wR0.s 			page 9


 362 004c 01       		.uleb128 0x1
 363 004d 13       		.uleb128 0x13
 364 004e 00       		.byte	0
 365 004f 00       		.byte	0
 366 0050 06       		.uleb128 0x6
 367 0051 34       		.uleb128 0x34
 368 0052 00       		.byte	0
 369 0053 03       		.uleb128 0x3
 370 0054 08       		.uleb128 0x8
 371 0055 3A       		.uleb128 0x3a
 372 0056 0B       		.uleb128 0xb
 373 0057 3B       		.uleb128 0x3b
 374 0058 0B       		.uleb128 0xb
 375 0059 49       		.uleb128 0x49
 376 005a 13       		.uleb128 0x13
 377 005b 02       		.uleb128 0x2
 378 005c 18       		.uleb128 0x18
 379 005d 00       		.byte	0
 380 005e 00       		.byte	0
 381 005f 07       		.uleb128 0x7
 382 0060 01       		.uleb128 0x1
 383 0061 01       		.byte	0x1
 384 0062 49       		.uleb128 0x49
 385 0063 13       		.uleb128 0x13
 386 0064 01       		.uleb128 0x1
 387 0065 13       		.uleb128 0x13
 388 0066 00       		.byte	0
 389 0067 00       		.byte	0
 390 0068 08       		.uleb128 0x8
 391 0069 21       		.uleb128 0x21
 392 006a 00       		.byte	0
 393 006b 49       		.uleb128 0x49
 394 006c 13       		.uleb128 0x13
 395 006d 2F       		.uleb128 0x2f
 396 006e 0B       		.uleb128 0xb
 397 006f 00       		.byte	0
 398 0070 00       		.byte	0
 399 0071 09       		.uleb128 0x9
 400 0072 34       		.uleb128 0x34
 401 0073 00       		.byte	0
 402 0074 03       		.uleb128 0x3
 403 0075 0E       		.uleb128 0xe
 404 0076 3A       		.uleb128 0x3a
 405 0077 0B       		.uleb128 0xb
 406 0078 3B       		.uleb128 0x3b
 407 0079 0B       		.uleb128 0xb
 408 007a 49       		.uleb128 0x49
 409 007b 13       		.uleb128 0x13
 410 007c 3F       		.uleb128 0x3f
 411 007d 19       		.uleb128 0x19
 412 007e 02       		.uleb128 0x2
 413 007f 18       		.uleb128 0x18
 414 0080 00       		.byte	0
 415 0081 00       		.byte	0
 416 0082 00       		.byte	0
 417              		.section	.debug_aranges,"",%progbits
 418 0000 1C000000 		.4byte	0x1c
ARM GAS  C:\Users\LINETT~1\AppData\Local\Temp\ccsQ0wR0.s 			page 10


 419 0004 0200     		.2byte	0x2
 420 0006 00000000 		.4byte	.Ldebug_info0
 421 000a 04       		.byte	0x4
 422 000b 00       		.byte	0
 423 000c 0000     		.2byte	0
 424 000e 0000     		.2byte	0
 425 0010 00000000 		.4byte	.LFB37
 426 0014 94000000 		.4byte	.LFE37-.LFB37
 427 0018 00000000 		.4byte	0
 428 001c 00000000 		.4byte	0
 429              		.section	.debug_ranges,"",%progbits
 430              	.Ldebug_ranges0:
 431 0000 00000000 		.4byte	.LFB37
 432 0004 94000000 		.4byte	.LFE37
 433 0008 00000000 		.4byte	0
 434 000c 00000000 		.4byte	0
 435              		.section	.debug_line,"",%progbits
 436              	.Ldebug_line0:
 437 0000 7C000000 		.section	.debug_str,"MS",%progbits,1
 437      02004300 
 437      00000201 
 437      FB0E0D00 
 437      01010101 
 438              	.LASF6:
 439 0000 6C6F6E67 		.ascii	"long long int\000"
 439      206C6F6E 
 439      6720696E 
 439      7400
 440              	.LASF11:
 441 000e 75696E74 		.ascii	"uint32\000"
 441      333200
 442              	.LASF8:
 443 0015 756E7369 		.ascii	"unsigned int\000"
 443      676E6564 
 443      20696E74 
 443      00
 444              	.LASF22:
 445 0022 6D61696E 		.ascii	"main\000"
 445      00
 446              	.LASF21:
 447 0027 433A5C55 		.ascii	"C:\\Users\\Linette Helena\\Desktop\\store_kit_7kana"
 447      73657273 
 447      5C4C696E 
 447      65747465 
 447      2048656C 
 448 0056 6C65722E 		.ascii	"ler.cydsn\000"
 448      63796473 
 448      6E00
 449              	.LASF9:
 450 0060 75696E74 		.ascii	"uint8\000"
 450      3800
 451              	.LASF5:
 452 0066 6C6F6E67 		.ascii	"long unsigned int\000"
 452      20756E73 
 452      69676E65 
 452      6420696E 
 452      7400
ARM GAS  C:\Users\LINETT~1\AppData\Local\Temp\ccsQ0wR0.s 			page 11


 453              	.LASF7:
 454 0078 6C6F6E67 		.ascii	"long long unsigned int\000"
 454      206C6F6E 
 454      6720756E 
 454      7369676E 
 454      65642069 
 455              	.LASF19:
 456 008f 474E5520 		.ascii	"GNU C 4.9.3 20150303 (release) [ARM/embedded-4_9-br"
 456      4320342E 
 456      392E3320 
 456      32303135 
 456      30333033 
 457 00c2 616E6368 		.ascii	"anch revision 221220] -mcpu=cortex-m0 -mthumb -g -O"
 457      20726576 
 457      6973696F 
 457      6E203232 
 457      31323230 
 458 00f5 30202D66 		.ascii	"0 -ffunction-sections -ffat-lto-objects\000"
 458      66756E63 
 458      74696F6E 
 458      2D736563 
 458      74696F6E 
 459              	.LASF1:
 460 011d 756E7369 		.ascii	"unsigned char\000"
 460      676E6564 
 460      20636861 
 460      7200
 461              	.LASF15:
 462 012b 63686172 		.ascii	"char\000"
 462      00
 463              	.LASF17:
 464 0130 72657375 		.ascii	"result\000"
 464      6C7400
 465              	.LASF4:
 466 0137 6C6F6E67 		.ascii	"long int\000"
 466      20696E74 
 466      00
 467              	.LASF18:
 468 0140 64617461 		.ascii	"data_ready\000"
 468      5F726561 
 468      647900
 469              	.LASF2:
 470 014b 73686F72 		.ascii	"short int\000"
 470      7420696E 
 470      7400
 471              	.LASF14:
 472 0155 646F7562 		.ascii	"double\000"
 472      6C6500
 473              	.LASF3:
 474 015c 73686F72 		.ascii	"short unsigned int\000"
 474      7420756E 
 474      7369676E 
 474      65642069 
 474      6E7400
 475              	.LASF0:
 476 016f 7369676E 		.ascii	"signed char\000"
 476      65642063 
ARM GAS  C:\Users\LINETT~1\AppData\Local\Temp\ccsQ0wR0.s 			page 12


 476      68617200 
 477              	.LASF13:
 478 017b 666C6F61 		.ascii	"float\000"
 478      7400
 479              	.LASF12:
 480 0181 696E7431 		.ascii	"int16\000"
 480      3600
 481              	.LASF20:
 482 0187 2E5C6D61 		.ascii	".\\main.c\000"
 482      696E2E63 
 482      00
 483              	.LASF10:
 484 0190 75696E74 		.ascii	"uint16\000"
 484      313600
 485              	.LASF16:
 486 0197 73697A65 		.ascii	"sizetype\000"
 486      74797065 
 486      00
 487              		.ident	"GCC: (GNU Tools for ARM Embedded Processors) 4.9.3 20150303 (release) [ARM/embedded-4_9-br
