--------------- Rebuild Started: 05/16/2016 15:22:18 Project: ADC_filtre_samlet_grader, Configuration: ARM GCC 4.9-2015-q1-update Debug ---------------
Deleting file ".\CortexM0\ARM_GCC_493\Debug\main.o"
Deleting file ".\CortexM0\ARM_GCC_493\Debug\cyfitter_cfg.o"
Deleting file ".\CortexM0\ARM_GCC_493\Debug\cymetadata.o"
Deleting file ".\CortexM0\ARM_GCC_493\Debug\UART.o"
Deleting file ".\CortexM0\ARM_GCC_493\Debug\UART_SPI_UART.o"
Deleting file ".\CortexM0\ARM_GCC_493\Debug\UART_SPI_UART_INT.o"
Deleting file ".\CortexM0\ARM_GCC_493\Debug\UART_PM.o"
Deleting file ".\CortexM0\ARM_GCC_493\Debug\UART_UART.o"
Deleting file ".\CortexM0\ARM_GCC_493\Debug\UART_BOOT.o"
Deleting file ".\CortexM0\ARM_GCC_493\Debug\UART_UART_BOOT.o"
Deleting file ".\CortexM0\ARM_GCC_493\Debug\ADC.o"
Deleting file ".\CortexM0\ARM_GCC_493\Debug\ADC_PM.o"
Deleting file ".\CortexM0\ARM_GCC_493\Debug\ADC_INT.o"
Deleting file ".\CortexM0\ARM_GCC_493\Debug\Y1.o"
Deleting file ".\CortexM0\ARM_GCC_493\Debug\Y1_PM.o"
Deleting file ".\CortexM0\ARM_GCC_493\Debug\EMG.o"
Deleting file ".\CortexM0\ARM_GCC_493\Debug\EMG_PM.o"
Deleting file ".\CortexM0\ARM_GCC_493\Debug\Y2.o"
Deleting file ".\CortexM0\ARM_GCC_493\Debug\Y2_PM.o"
Deleting file ".\CortexM0\ARM_GCC_493\Debug\UART_RX_ISR.o"
Deleting file ".\CortexM0\ARM_GCC_493\Debug\ADC_ISR.o"
Deleting file ".\CortexM0\ARM_GCC_493\Debug\UART_SCBCLK.o"
Deleting file ".\CortexM0\ARM_GCC_493\Debug\UART_tx.o"
Deleting file ".\CortexM0\ARM_GCC_493\Debug\UART_tx_PM.o"
Deleting file ".\CortexM0\ARM_GCC_493\Debug\UART_rx.o"
Deleting file ".\CortexM0\ARM_GCC_493\Debug\UART_rx_PM.o"
Deleting file ".\CortexM0\ARM_GCC_493\Debug\ADC_IRQ.o"
Deleting file ".\CortexM0\ARM_GCC_493\Debug\ADC_intClock.o"
Deleting file ".\CortexM0\ARM_GCC_493\Debug\Cm0Start.o"
Deleting file ".\CortexM0\ARM_GCC_493\Debug\CyBootAsmGnu.o"
Deleting file ".\CortexM0\ARM_GCC_493\Debug\CyFlash.o"
Deleting file ".\CortexM0\ARM_GCC_493\Debug\CyLib.o"
Deleting file ".\CortexM0\ARM_GCC_493\Debug\cyPm.o"
Deleting file ".\CortexM0\ARM_GCC_493\Debug\cyutils.o"
Deleting file ".\CortexM0\ARM_GCC_493\Debug\CyLFClk.o"
Deleting file ".\CortexM0\ARM_GCC_493\Debug\Pin_Red.o"
Deleting file ".\CortexM0\ARM_GCC_493\Debug\Pin_Red_PM.o"
Deleting file ".\CortexM0\ARM_GCC_493\Debug\Pin_SW2.o"
Deleting file ".\CortexM0\ARM_GCC_493\Debug\Pin_SW2_PM.o"
Deleting file ".\CortexM0\ARM_GCC_493\Debug\pin_SW2_int.o"
Deleting file ".\CortexM0\ARM_GCC_493\Debug\Pin_Green.o"
Deleting file ".\CortexM0\ARM_GCC_493\Debug\Pin_Green_PM.o"
Deleting file ".\CortexM0\ARM_GCC_493\Debug\Debug.o"
Deleting file ".\CortexM0\ARM_GCC_493\Debug\Debug_PM.o"
Deleting file ".\CortexM0\ARM_GCC_493\Debug\ADC_filtre_samlet_grader.hex"
Deleting file ".\CortexM0\ARM_GCC_493\Debug\ADC_filtre_samlet_grader.elf"
Deleting file ".\CortexM0\ARM_GCC_493\Debug\ADC_filtre_samlet_grader.map"
Deleting file ".\ADC_filtre_samlet_grader.cycdx"
Deleting file ".\ADC_filtre_samlet_grader.svd"
Deleting file ".\ADC_filtre_samlet_grader.rpt"
Deleting file ".\ADC_filtre_samlet_grader_timing.html"
Deleting file ".\CortexM0\ARM_GCC_493\Debug\.deps\C_FILE.P"
Deleting file ".\CortexM0\ARM_GCC_493\Debug\.deps\ARM_C_FILE.P"
Deleting file ".\CortexM0\ARM_GCC_493\Debug\.deps\GNU_ARM_ASM_FILE.P"
cydsfit.exe -.appdatapath "C:\Users\Linette Helena\AppData\Local\Cypress Semiconductor\PSoC Creator\3.3" -.fdsnotice -.fdswarpdepfile=warp_dependencies.txt -.fdselabdepfile=elab_dependencies.txt -.fdsbldfile=generated_files.txt -p "C:\Users\Linette Helena\Desktop\ADC_filtre_samlet_grader.cydsn\ADC_filtre_samlet_grader.cyprj" -d CY8C4247LQI-BL483 -s "C:\Users\Linette Helena\Desktop\ADC_filtre_samlet_grader.cydsn\Generated_Source\PSoC4" -- -yv2 -q10 -ygs -o2 -v3 -.fftcfgtype=LE
Elaborating Design...
HDL Generation ...
Synthesis ...
Place and Route ...
Tech mapping ...
Info: mpr.M0053: Information from the design wide resources Pin Editor has overridden the control file entry for "\UART:tx(0)\". (App=cydsfit)
Info: mpr.M0053: Information from the design wide resources Pin Editor has overridden the control file entry for "\UART:rx(0)\". (App=cydsfit)
Analog Placement ...
Analog Routing ...
Analog Code Generation ...
Digital Placement ...
Digital Routing ...
Bitstream Generation ...
Static timing analysis ...
API Generation ...
Dependency Generation ...
Clean Temporary Files ...
arm-none-eabi-gcc.exe -mcpu=cortex-m0 -mthumb -Wno-main -I. -IGenerated_Source\PSoC4 -Wa,-alh=.\CortexM0\ARM_GCC_493\Debug/main.lst -g -D DEBUG -Wall -ffunction-sections -O0 -ffat-lto-objects -c .\main.c -o .\CortexM0\ARM_GCC_493\Debug\main.o
arm-none-eabi-gcc.exe -mcpu=cortex-m0 -mthumb -Wno-main -I. -IGenerated_Source\PSoC4 -Wa,-alh=.\CortexM0\ARM_GCC_493\Debug/cyfitter_cfg.lst -g -D DEBUG -Wall -ffunction-sections -O0 -ffat-lto-objects -c .\Generated_Source\PSoC4\cyfitter_cfg.c -o .\CortexM0\ARM_GCC_493\Debug\cyfitter_cfg.o
arm-none-eabi-gcc.exe -mcpu=cortex-m0 -mthumb -Wno-main -I. -IGenerated_Source\PSoC4 -Wa,-alh=.\CortexM0\ARM_GCC_493\Debug/cymetadata.lst -g -D DEBUG -Wall -ffunction-sections -O0 -ffat-lto-objects -c .\Generated_Source\PSoC4\cymetadata.c -o .\CortexM0\ARM_GCC_493\Debug\cymetadata.o
arm-none-eabi-gcc.exe -mcpu=cortex-m0 -mthumb -Wno-main -I. -IGenerated_Source\PSoC4 -Wa,-alh=.\CortexM0\ARM_GCC_493\Debug/UART.lst -g -D DEBUG -Wall -ffunction-sections -O0 -ffat-lto-objects -c .\Generated_Source\PSoC4\UART.c -o .\CortexM0\ARM_GCC_493\Debug\UART.o
arm-none-eabi-gcc.exe -mcpu=cortex-m0 -mthumb -Wno-main -I. -IGenerated_Source\PSoC4 -Wa,-alh=.\CortexM0\ARM_GCC_493\Debug/UART_SPI_UART.lst -g -D DEBUG -Wall -ffunction-sections -O0 -ffat-lto-objects -c .\Generated_Source\PSoC4\UART_SPI_UART.c -o .\CortexM0\ARM_GCC_493\Debug\UART_SPI_UART.o
arm-none-eabi-gcc.exe -mcpu=cortex-m0 -mthumb -Wno-main -I. -IGenerated_Source\PSoC4 -Wa,-alh=.\CortexM0\ARM_GCC_493\Debug/UART_SPI_UART_INT.lst -g -D DEBUG -Wall -ffunction-sections -O0 -ffat-lto-objects -c .\Generated_Source\PSoC4\UART_SPI_UART_INT.c -o .\CortexM0\ARM_GCC_493\Debug\UART_SPI_UART_INT.o
arm-none-eabi-gcc.exe -mcpu=cortex-m0 -mthumb -Wno-main -I. -IGenerated_Source\PSoC4 -Wa,-alh=.\CortexM0\ARM_GCC_493\Debug/UART_PM.lst -g -D DEBUG -Wall -ffunction-sections -O0 -ffat-lto-objects -c .\Generated_Source\PSoC4\UART_PM.c -o .\CortexM0\ARM_GCC_493\Debug\UART_PM.o
arm-none-eabi-gcc.exe -mcpu=cortex-m0 -mthumb -Wno-main -I. -IGenerated_Source\PSoC4 -Wa,-alh=.\CortexM0\ARM_GCC_493\Debug/UART_UART.lst -g -D DEBUG -Wall -ffunction-sections -O0 -ffat-lto-objects -c .\Generated_Source\PSoC4\UART_UART.c -o .\CortexM0\ARM_GCC_493\Debug\UART_UART.o
arm-none-eabi-gcc.exe -mcpu=cortex-m0 -mthumb -Wno-main -I. -IGenerated_Source\PSoC4 -Wa,-alh=.\CortexM0\ARM_GCC_493\Debug/UART_BOOT.lst -g -D DEBUG -Wall -ffunction-sections -O0 -ffat-lto-objects -c .\Generated_Source\PSoC4\UART_BOOT.c -o .\CortexM0\ARM_GCC_493\Debug\UART_BOOT.o
arm-none-eabi-gcc.exe -mcpu=cortex-m0 -mthumb -Wno-main -I. -IGenerated_Source\PSoC4 -Wa,-alh=.\CortexM0\ARM_GCC_493\Debug/UART_UART_BOOT.lst -g -D DEBUG -Wall -ffunction-sections -O0 -ffat-lto-objects -c .\Generated_Source\PSoC4\UART_UART_BOOT.c -o .\CortexM0\ARM_GCC_493\Debug\UART_UART_BOOT.o
arm-none-eabi-gcc.exe -mcpu=cortex-m0 -mthumb -Wno-main -I. -IGenerated_Source\PSoC4 -Wa,-alh=.\CortexM0\ARM_GCC_493\Debug/ADC.lst -g -D DEBUG -Wall -ffunction-sections -O0 -ffat-lto-objects -c .\Generated_Source\PSoC4\ADC.c -o .\CortexM0\ARM_GCC_493\Debug\ADC.o
arm-none-eabi-gcc.exe -mcpu=cortex-m0 -mthumb -Wno-main -I. -IGenerated_Source\PSoC4 -Wa,-alh=.\CortexM0\ARM_GCC_493\Debug/ADC_PM.lst -g -D DEBUG -Wall -ffunction-sections -O0 -ffat-lto-objects -c .\Generated_Source\PSoC4\ADC_PM.c -o .\CortexM0\ARM_GCC_493\Debug\ADC_PM.o
arm-none-eabi-gcc.exe -mcpu=cortex-m0 -mthumb -Wno-main -I. -IGenerated_Source\PSoC4 -Wa,-alh=.\CortexM0\ARM_GCC_493\Debug/ADC_INT.lst -g -D DEBUG -Wall -ffunction-sections -O0 -ffat-lto-objects -c .\Generated_Source\PSoC4\ADC_INT.c -o .\CortexM0\ARM_GCC_493\Debug\ADC_INT.o
arm-none-eabi-gcc.exe -mcpu=cortex-m0 -mthumb -Wno-main -I. -IGenerated_Source\PSoC4 -Wa,-alh=.\CortexM0\ARM_GCC_493\Debug/Y1.lst -g -D DEBUG -Wall -ffunction-sections -O0 -ffat-lto-objects -c .\Generated_Source\PSoC4\Y1.c -o .\CortexM0\ARM_GCC_493\Debug\Y1.o
arm-none-eabi-gcc.exe -mcpu=cortex-m0 -mthumb -Wno-main -I. -IGenerated_Source\PSoC4 -Wa,-alh=.\CortexM0\ARM_GCC_493\Debug/Y1_PM.lst -g -D DEBUG -Wall -ffunction-sections -O0 -ffat-lto-objects -c .\Generated_Source\PSoC4\Y1_PM.c -o .\CortexM0\ARM_GCC_493\Debug\Y1_PM.o
arm-none-eabi-gcc.exe -mcpu=cortex-m0 -mthumb -Wno-main -I. -IGenerated_Source\PSoC4 -Wa,-alh=.\CortexM0\ARM_GCC_493\Debug/EMG.lst -g -D DEBUG -Wall -ffunction-sections -O0 -ffat-lto-objects -c .\Generated_Source\PSoC4\EMG.c -o .\CortexM0\ARM_GCC_493\Debug\EMG.o
arm-none-eabi-gcc.exe -mcpu=cortex-m0 -mthumb -Wno-main -I. -IGenerated_Source\PSoC4 -Wa,-alh=.\CortexM0\ARM_GCC_493\Debug/EMG_PM.lst -g -D DEBUG -Wall -ffunction-sections -O0 -ffat-lto-objects -c .\Generated_Source\PSoC4\EMG_PM.c -o .\CortexM0\ARM_GCC_493\Debug\EMG_PM.o
arm-none-eabi-gcc.exe -mcpu=cortex-m0 -mthumb -Wno-main -I. -IGenerated_Source\PSoC4 -Wa,-alh=.\CortexM0\ARM_GCC_493\Debug/Y2.lst -g -D DEBUG -Wall -ffunction-sections -O0 -ffat-lto-objects -c .\Generated_Source\PSoC4\Y2.c -o .\CortexM0\ARM_GCC_493\Debug\Y2.o
arm-none-eabi-gcc.exe -mcpu=cortex-m0 -mthumb -Wno-main -I. -IGenerated_Source\PSoC4 -Wa,-alh=.\CortexM0\ARM_GCC_493\Debug/Y2_PM.lst -g -D DEBUG -Wall -ffunction-sections -O0 -ffat-lto-objects -c .\Generated_Source\PSoC4\Y2_PM.c -o .\CortexM0\ARM_GCC_493\Debug\Y2_PM.o
arm-none-eabi-gcc.exe -mcpu=cortex-m0 -mthumb -Wno-main -I. -IGenerated_Source\PSoC4 -Wa,-alh=.\CortexM0\ARM_GCC_493\Debug/UART_RX_ISR.lst -g -D DEBUG -Wall -ffunction-sections -O0 -ffat-lto-objects -c .\Generated_Source\PSoC4\UART_RX_ISR.c -o .\CortexM0\ARM_GCC_493\Debug\UART_RX_ISR.o
arm-none-eabi-gcc.exe -mcpu=cortex-m0 -mthumb -Wno-main -I. -IGenerated_Source\PSoC4 -Wa,-alh=.\CortexM0\ARM_GCC_493\Debug/ADC_ISR.lst -g -D DEBUG -Wall -ffunction-sections -O0 -ffat-lto-objects -c .\Generated_Source\PSoC4\ADC_ISR.c -o .\CortexM0\ARM_GCC_493\Debug\ADC_ISR.o
arm-none-eabi-gcc.exe -mcpu=cortex-m0 -mthumb -Wno-main -I. -IGenerated_Source\PSoC4 -Wa,-alh=.\CortexM0\ARM_GCC_493\Debug/UART_SCBCLK.lst -g -D DEBUG -Wall -ffunction-sections -O0 -ffat-lto-objects -c .\Generated_Source\PSoC4\UART_SCBCLK.c -o .\CortexM0\ARM_GCC_493\Debug\UART_SCBCLK.o
arm-none-eabi-gcc.exe -mcpu=cortex-m0 -mthumb -Wno-main -I. -IGenerated_Source\PSoC4 -Wa,-alh=.\CortexM0\ARM_GCC_493\Debug/UART_tx.lst -g -D DEBUG -Wall -ffunction-sections -O0 -ffat-lto-objects -c .\Generated_Source\PSoC4\UART_tx.c -o .\CortexM0\ARM_GCC_493\Debug\UART_tx.o
arm-none-eabi-gcc.exe -mcpu=cortex-m0 -mthumb -Wno-main -I. -IGenerated_Source\PSoC4 -Wa,-alh=.\CortexM0\ARM_GCC_493\Debug/UART_tx_PM.lst -g -D DEBUG -Wall -ffunction-sections -O0 -ffat-lto-objects -c .\Generated_Source\PSoC4\UART_tx_PM.c -o .\CortexM0\ARM_GCC_493\Debug\UART_tx_PM.o
arm-none-eabi-gcc.exe -mcpu=cortex-m0 -mthumb -Wno-main -I. -IGenerated_Source\PSoC4 -Wa,-alh=.\CortexM0\ARM_GCC_493\Debug/UART_rx.lst -g -D DEBUG -Wall -ffunction-sections -O0 -ffat-lto-objects -c .\Generated_Source\PSoC4\UART_rx.c -o .\CortexM0\ARM_GCC_493\Debug\UART_rx.o
arm-none-eabi-gcc.exe -mcpu=cortex-m0 -mthumb -Wno-main -I. -IGenerated_Source\PSoC4 -Wa,-alh=.\CortexM0\ARM_GCC_493\Debug/UART_rx_PM.lst -g -D DEBUG -Wall -ffunction-sections -O0 -ffat-lto-objects -c .\Generated_Source\PSoC4\UART_rx_PM.c -o .\CortexM0\ARM_GCC_493\Debug\UART_rx_PM.o
arm-none-eabi-gcc.exe -mcpu=cortex-m0 -mthumb -Wno-main -I. -IGenerated_Source\PSoC4 -Wa,-alh=.\CortexM0\ARM_GCC_493\Debug/ADC_IRQ.lst -g -D DEBUG -Wall -ffunction-sections -O0 -ffat-lto-objects -c .\Generated_Source\PSoC4\ADC_IRQ.c -o .\CortexM0\ARM_GCC_493\Debug\ADC_IRQ.o
arm-none-eabi-gcc.exe -mcpu=cortex-m0 -mthumb -Wno-main -I. -IGenerated_Source\PSoC4 -Wa,-alh=.\CortexM0\ARM_GCC_493\Debug/ADC_intClock.lst -g -D DEBUG -Wall -ffunction-sections -O0 -ffat-lto-objects -c .\Generated_Source\PSoC4\ADC_intClock.c -o .\CortexM0\ARM_GCC_493\Debug\ADC_intClock.o
arm-none-eabi-gcc.exe -mcpu=cortex-m0 -mthumb -Wno-main -I. -IGenerated_Source\PSoC4 -Wa,-alh=.\CortexM0\ARM_GCC_493\Debug/Cm0Start.lst -g -D DEBUG -Wall -ffunction-sections -O0 -ffat-lto-objects -c .\Generated_Source\PSoC4\Cm0Start.c -o .\CortexM0\ARM_GCC_493\Debug\Cm0Start.o
arm-none-eabi-as.exe -mcpu=cortex-m0 -mthumb -I. -IGenerated_Source\PSoC4 -alh=.\CortexM0\ARM_GCC_493\Debug/CyBootAsmGnu.lst -g -o .\CortexM0\ARM_GCC_493\Debug\CyBootAsmGnu.o .\Generated_Source\PSoC4\CyBootAsmGnu.s
arm-none-eabi-gcc.exe -mcpu=cortex-m0 -mthumb -Wno-main -I. -IGenerated_Source\PSoC4 -Wa,-alh=.\CortexM0\ARM_GCC_493\Debug/CyFlash.lst -g -D DEBUG -Wall -ffunction-sections -O0 -ffat-lto-objects -c .\Generated_Source\PSoC4\CyFlash.c -o .\CortexM0\ARM_GCC_493\Debug\CyFlash.o
arm-none-eabi-gcc.exe -mcpu=cortex-m0 -mthumb -Wno-main -I. -IGenerated_Source\PSoC4 -Wa,-alh=.\CortexM0\ARM_GCC_493\Debug/CyLib.lst -g -D DEBUG -Wall -ffunction-sections -O0 -ffat-lto-objects -c .\Generated_Source\PSoC4\CyLib.c -o .\CortexM0\ARM_GCC_493\Debug\CyLib.o
arm-none-eabi-gcc.exe -mcpu=cortex-m0 -mthumb -Wno-main -I. -IGenerated_Source\PSoC4 -Wa,-alh=.\CortexM0\ARM_GCC_493\Debug/cyPm.lst -g -D DEBUG -Wall -ffunction-sections -O0 -ffat-lto-objects -c .\Generated_Source\PSoC4\cyPm.c -o .\CortexM0\ARM_GCC_493\Debug\cyPm.o
arm-none-eabi-gcc.exe -mcpu=cortex-m0 -mthumb -Wno-main -I. -IGenerated_Source\PSoC4 -Wa,-alh=.\CortexM0\ARM_GCC_493\Debug/cyutils.lst -g -D DEBUG -Wall -ffunction-sections -O0 -ffat-lto-objects -c .\Generated_Source\PSoC4\cyutils.c -o .\CortexM0\ARM_GCC_493\Debug\cyutils.o
arm-none-eabi-gcc.exe -mcpu=cortex-m0 -mthumb -Wno-main -I. -IGenerated_Source\PSoC4 -Wa,-alh=.\CortexM0\ARM_GCC_493\Debug/CyLFClk.lst -g -D DEBUG -Wall -ffunction-sections -O0 -ffat-lto-objects -c .\Generated_Source\PSoC4\CyLFClk.c -o .\CortexM0\ARM_GCC_493\Debug\CyLFClk.o
arm-none-eabi-gcc.exe -mcpu=cortex-m0 -mthumb -Wno-main -I. -IGenerated_Source\PSoC4 -Wa,-alh=.\CortexM0\ARM_GCC_493\Debug/Pin_Red.lst -g -D DEBUG -Wall -ffunction-sections -O0 -ffat-lto-objects -c .\Generated_Source\PSoC4\Pin_Red.c -o .\CortexM0\ARM_GCC_493\Debug\Pin_Red.o
arm-none-eabi-gcc.exe -mcpu=cortex-m0 -mthumb -Wno-main -I. -IGenerated_Source\PSoC4 -Wa,-alh=.\CortexM0\ARM_GCC_493\Debug/Pin_Red_PM.lst -g -D DEBUG -Wall -ffunction-sections -O0 -ffat-lto-objects -c .\Generated_Source\PSoC4\Pin_Red_PM.c -o .\CortexM0\ARM_GCC_493\Debug\Pin_Red_PM.o
arm-none-eabi-gcc.exe -mcpu=cortex-m0 -mthumb -Wno-main -I. -IGenerated_Source\PSoC4 -Wa,-alh=.\CortexM0\ARM_GCC_493\Debug/Pin_SW2.lst -g -D DEBUG -Wall -ffunction-sections -O0 -ffat-lto-objects -c .\Generated_Source\PSoC4\Pin_SW2.c -o .\CortexM0\ARM_GCC_493\Debug\Pin_SW2.o
arm-none-eabi-gcc.exe -mcpu=cortex-m0 -mthumb -Wno-main -I. -IGenerated_Source\PSoC4 -Wa,-alh=.\CortexM0\ARM_GCC_493\Debug/Pin_SW2_PM.lst -g -D DEBUG -Wall -ffunction-sections -O0 -ffat-lto-objects -c .\Generated_Source\PSoC4\Pin_SW2_PM.c -o .\CortexM0\ARM_GCC_493\Debug\Pin_SW2_PM.o
arm-none-eabi-gcc.exe -mcpu=cortex-m0 -mthumb -Wno-main -I. -IGenerated_Source\PSoC4 -Wa,-alh=.\CortexM0\ARM_GCC_493\Debug/pin_SW2_int.lst -g -D DEBUG -Wall -ffunction-sections -O0 -ffat-lto-objects -c .\Generated_Source\PSoC4\pin_SW2_int.c -o .\CortexM0\ARM_GCC_493\Debug\pin_SW2_int.o
arm-none-eabi-gcc.exe -mcpu=cortex-m0 -mthumb -Wno-main -I. -IGenerated_Source\PSoC4 -Wa,-alh=.\CortexM0\ARM_GCC_493\Debug/Pin_Green.lst -g -D DEBUG -Wall -ffunction-sections -O0 -ffat-lto-objects -c .\Generated_Source\PSoC4\Pin_Green.c -o .\CortexM0\ARM_GCC_493\Debug\Pin_Green.o
arm-none-eabi-gcc.exe -mcpu=cortex-m0 -mthumb -Wno-main -I. -IGenerated_Source\PSoC4 -Wa,-alh=.\CortexM0\ARM_GCC_493\Debug/Pin_Green_PM.lst -g -D DEBUG -Wall -ffunction-sections -O0 -ffat-lto-objects -c .\Generated_Source\PSoC4\Pin_Green_PM.c -o .\CortexM0\ARM_GCC_493\Debug\Pin_Green_PM.o
arm-none-eabi-gcc.exe -mcpu=cortex-m0 -mthumb -Wno-main -I. -IGenerated_Source\PSoC4 -Wa,-alh=.\CortexM0\ARM_GCC_493\Debug/Debug.lst -g -D DEBUG -Wall -ffunction-sections -O0 -ffat-lto-objects -c .\Generated_Source\PSoC4\Debug.c -o .\CortexM0\ARM_GCC_493\Debug\Debug.o
arm-none-eabi-gcc.exe -mcpu=cortex-m0 -mthumb -Wno-main -I. -IGenerated_Source\PSoC4 -Wa,-alh=.\CortexM0\ARM_GCC_493\Debug/Debug_PM.lst -g -D DEBUG -Wall -ffunction-sections -O0 -ffat-lto-objects -c .\Generated_Source\PSoC4\Debug_PM.c -o .\CortexM0\ARM_GCC_493\Debug\Debug_PM.o
arm-none-eabi-ar.exe -rs .\CortexM0\ARM_GCC_493\Debug\ADC_filtre_samlet_grader.a .\CortexM0\ARM_GCC_493\Debug\cyfitter_cfg.o .\CortexM0\ARM_GCC_493\Debug\UART.o .\CortexM0\ARM_GCC_493\Debug\UART_SPI_UART.o .\CortexM0\ARM_GCC_493\Debug\UART_SPI_UART_INT.o .\CortexM0\ARM_GCC_493\Debug\UART_PM.o .\CortexM0\ARM_GCC_493\Debug\UART_UART.o .\CortexM0\ARM_GCC_493\Debug\UART_BOOT.o .\CortexM0\ARM_GCC_493\Debug\UART_UART_BOOT.o .\CortexM0\ARM_GCC_493\Debug\ADC.o .\CortexM0\ARM_GCC_493\Debug\ADC_PM.o .\CortexM0\ARM_GCC_493\Debug\ADC_INT.o .\CortexM0\ARM_GCC_493\Debug\Y1.o .\CortexM0\ARM_GCC_493\Debug\Y1_PM.o .\CortexM0\ARM_GCC_493\Debug\EMG.o .\CortexM0\ARM_GCC_493\Debug\EMG_PM.o .\CortexM0\ARM_GCC_493\Debug\Y2.o .\CortexM0\ARM_GCC_493\Debug\Y2_PM.o .\CortexM0\ARM_GCC_493\Debug\UART_RX_ISR.o .\CortexM0\ARM_GCC_493\Debug\ADC_ISR.o .\CortexM0\ARM_GCC_493\Debug\UART_SCBCLK.o .\CortexM0\ARM_GCC_493\Debug\UART_tx.o .\CortexM0\ARM_GCC_493\Debug\UART_tx_PM.o .\CortexM0\ARM_GCC_493\Debug\UART_rx.o .\CortexM0\ARM_GCC_493\Debug\UART_rx_PM.o .\CortexM0\ARM_GCC_493\Debug\ADC_IRQ.o .\CortexM0\ARM_GCC_493\Debug\ADC_intClock.o .\CortexM0\ARM_GCC_493\Debug\CyBootAsmGnu.o .\CortexM0\ARM_GCC_493\Debug\CyFlash.o .\CortexM0\ARM_GCC_493\Debug\CyLib.o .\CortexM0\ARM_GCC_493\Debug\cyPm.o .\CortexM0\ARM_GCC_493\Debug\cyutils.o .\CortexM0\ARM_GCC_493\Debug\CyLFClk.o .\CortexM0\ARM_GCC_493\Debug\Pin_Red.o .\CortexM0\ARM_GCC_493\Debug\Pin_Red_PM.o .\CortexM0\ARM_GCC_493\Debug\Pin_SW2.o .\CortexM0\ARM_GCC_493\Debug\Pin_SW2_PM.o .\CortexM0\ARM_GCC_493\Debug\pin_SW2_int.o .\CortexM0\ARM_GCC_493\Debug\Pin_Green.o .\CortexM0\ARM_GCC_493\Debug\Pin_Green_PM.o .\CortexM0\ARM_GCC_493\Debug\Debug.o .\CortexM0\ARM_GCC_493\Debug\Debug_PM.o
arm-none-eabi-ar.exe: creating .\CortexM0\ARM_GCC_493\Debug\ADC_filtre_samlet_grader.a
arm-none-eabi-gcc.exe -Wl,--start-group -o .\CortexM0\ARM_GCC_493\Debug\ADC_filtre_samlet_grader.elf .\CortexM0\ARM_GCC_493\Debug\main.o .\CortexM0\ARM_GCC_493\Debug\cymetadata.o .\CortexM0\ARM_GCC_493\Debug\Cm0Start.o .\CortexM0\ARM_GCC_493\Debug\ADC_filtre_samlet_grader.a "C:\Program Files (x86)\Cypress\PSoC Creator\3.3\PSoC Creator\psoc\content\cycomponentlibrary\CyComponentLibrary.cylib\CortexM0\ARM_GCC_493\Debug\CyComponentLibrary.a" -mcpu=cortex-m0 -mthumb -g -ffunction-sections -O0 -L Generated_Source\PSoC4 -Wl,-Map,.\CortexM0\ARM_GCC_493\Debug/ADC_filtre_samlet_grader.map -T Generated_Source\PSoC4\cm0gcc.ld -specs=nano.specs -Wl,--gc-sections -Wl,--end-group
cyelftool.exe -C "C:\Users\Linette Helena\Desktop\ADC_filtre_samlet_grader.cydsn\CortexM0\ARM_GCC_493\Debug\ADC_filtre_samlet_grader.elf" --flash_row_size 128 --flash_size 131072
cyelftool.exe -S "C:\Users\Linette Helena\Desktop\ADC_filtre_samlet_grader.cydsn\CortexM0\ARM_GCC_493\Debug\ADC_filtre_samlet_grader.elf"
Flash used: 14848 of 131072 bytes (11,3 %).
SRAM used: 2052 of 16384 bytes (12,5 %). Stack: 1024 bytes. Heap: 256 bytes.
--------------- Rebuild Succeeded: 05/16/2016 15:22:43 ---------------
