ARM GAS  C:\Users\passw\AppData\Local\Temp\ccmbw9v3.s 			page 1


   1              		.cpu cortex-m0
   2              		.fpu softvfp
   3              		.eabi_attribute 20, 1
   4              		.eabi_attribute 21, 1
   5              		.eabi_attribute 23, 3
   6              		.eabi_attribute 24, 1
   7              		.eabi_attribute 25, 1
   8              		.eabi_attribute 26, 1
   9              		.eabi_attribute 30, 6
  10              		.eabi_attribute 34, 0
  11              		.eabi_attribute 18, 4
  12              		.code	16
  13              		.file	"cyfitter_cfg.c"
  14              		.text
  15              	.Ltext0:
  16              		.cfi_sections	.debug_frame
  17              		.section	.text.CYMEMZERO,"ax",%progbits
  18              		.align	2
  19              		.code	16
  20              		.thumb_func
  21              		.type	CYMEMZERO, %function
  22              	CYMEMZERO:
  23              	.LFB2:
  24              		.file 1 ".\\Generated_Source\\PSoC4\\cyfitter_cfg.c"
   1:.\Generated_Source\PSoC4/cyfitter_cfg.c **** /*******************************************************************************
   2:.\Generated_Source\PSoC4/cyfitter_cfg.c **** * File Name: cyfitter_cfg.c
   3:.\Generated_Source\PSoC4/cyfitter_cfg.c **** * 
   4:.\Generated_Source\PSoC4/cyfitter_cfg.c **** * PSoC Creator  3.3 SP1
   5:.\Generated_Source\PSoC4/cyfitter_cfg.c **** *
   6:.\Generated_Source\PSoC4/cyfitter_cfg.c **** * Description:
   7:.\Generated_Source\PSoC4/cyfitter_cfg.c **** * This file contains device initialization code.
   8:.\Generated_Source\PSoC4/cyfitter_cfg.c **** * Except for the user defined sections in CyClockStartupError(), this file should not be modified.
   9:.\Generated_Source\PSoC4/cyfitter_cfg.c **** * This file is automatically generated by PSoC Creator.
  10:.\Generated_Source\PSoC4/cyfitter_cfg.c **** *
  11:.\Generated_Source\PSoC4/cyfitter_cfg.c **** ********************************************************************************
  12:.\Generated_Source\PSoC4/cyfitter_cfg.c **** * Copyright (c) 2007-2015 Cypress Semiconductor.  All rights reserved.
  13:.\Generated_Source\PSoC4/cyfitter_cfg.c **** * You may use this file only in accordance with the license, terms, conditions, 
  14:.\Generated_Source\PSoC4/cyfitter_cfg.c **** * disclaimers, and limitations in the end user license agreement accompanying 
  15:.\Generated_Source\PSoC4/cyfitter_cfg.c **** * the software package with which this file was provided.
  16:.\Generated_Source\PSoC4/cyfitter_cfg.c **** ********************************************************************************/
  17:.\Generated_Source\PSoC4/cyfitter_cfg.c **** 
  18:.\Generated_Source\PSoC4/cyfitter_cfg.c **** #include <string.h>
  19:.\Generated_Source\PSoC4/cyfitter_cfg.c **** #include "cytypes.h"
  20:.\Generated_Source\PSoC4/cyfitter_cfg.c **** #include "cydevice_trm.h"
  21:.\Generated_Source\PSoC4/cyfitter_cfg.c **** #include "cyfitter.h"
  22:.\Generated_Source\PSoC4/cyfitter_cfg.c **** #include "CyLib.h"
  23:.\Generated_Source\PSoC4/cyfitter_cfg.c **** #include "cyfitter_cfg.h"
  24:.\Generated_Source\PSoC4/cyfitter_cfg.c **** 
  25:.\Generated_Source\PSoC4/cyfitter_cfg.c **** 
  26:.\Generated_Source\PSoC4/cyfitter_cfg.c **** #if defined(__GNUC__) || defined(__ARMCC_VERSION)
  27:.\Generated_Source\PSoC4/cyfitter_cfg.c ****     #define CYPACKED 
  28:.\Generated_Source\PSoC4/cyfitter_cfg.c ****     #define CYPACKED_ATTR __attribute__ ((packed))
  29:.\Generated_Source\PSoC4/cyfitter_cfg.c ****     #define CYALIGNED __attribute__ ((aligned))
  30:.\Generated_Source\PSoC4/cyfitter_cfg.c ****     #define CY_CFG_UNUSED __attribute__ ((unused))
  31:.\Generated_Source\PSoC4/cyfitter_cfg.c ****     #ifndef CY_CFG_SECTION
  32:.\Generated_Source\PSoC4/cyfitter_cfg.c ****         #define CY_CFG_SECTION __attribute__ ((section(".psocinit")))
  33:.\Generated_Source\PSoC4/cyfitter_cfg.c ****     #endif
ARM GAS  C:\Users\passw\AppData\Local\Temp\ccmbw9v3.s 			page 2


  34:.\Generated_Source\PSoC4/cyfitter_cfg.c ****     
  35:.\Generated_Source\PSoC4/cyfitter_cfg.c ****     #if defined(__ARMCC_VERSION)
  36:.\Generated_Source\PSoC4/cyfitter_cfg.c ****         #define CY_CFG_MEMORY_BARRIER() __memory_changed()
  37:.\Generated_Source\PSoC4/cyfitter_cfg.c ****     #else
  38:.\Generated_Source\PSoC4/cyfitter_cfg.c ****         #define CY_CFG_MEMORY_BARRIER() __sync_synchronize()
  39:.\Generated_Source\PSoC4/cyfitter_cfg.c ****     #endif
  40:.\Generated_Source\PSoC4/cyfitter_cfg.c ****     
  41:.\Generated_Source\PSoC4/cyfitter_cfg.c **** #elif defined(__ICCARM__)
  42:.\Generated_Source\PSoC4/cyfitter_cfg.c ****     #include <intrinsics.h>
  43:.\Generated_Source\PSoC4/cyfitter_cfg.c **** 
  44:.\Generated_Source\PSoC4/cyfitter_cfg.c ****     #define CYPACKED __packed
  45:.\Generated_Source\PSoC4/cyfitter_cfg.c ****     #define CYPACKED_ATTR 
  46:.\Generated_Source\PSoC4/cyfitter_cfg.c ****     #define CYALIGNED _Pragma("data_alignment=4")
  47:.\Generated_Source\PSoC4/cyfitter_cfg.c ****     #define CY_CFG_UNUSED _Pragma("diag_suppress=Pe177")
  48:.\Generated_Source\PSoC4/cyfitter_cfg.c ****     #define CY_CFG_SECTION _Pragma("location=\".psocinit\"")
  49:.\Generated_Source\PSoC4/cyfitter_cfg.c ****     
  50:.\Generated_Source\PSoC4/cyfitter_cfg.c ****     #define CY_CFG_MEMORY_BARRIER() __DMB()
  51:.\Generated_Source\PSoC4/cyfitter_cfg.c ****     
  52:.\Generated_Source\PSoC4/cyfitter_cfg.c **** #else
  53:.\Generated_Source\PSoC4/cyfitter_cfg.c ****     #error Unsupported toolchain
  54:.\Generated_Source\PSoC4/cyfitter_cfg.c **** #endif
  55:.\Generated_Source\PSoC4/cyfitter_cfg.c **** 
  56:.\Generated_Source\PSoC4/cyfitter_cfg.c **** 
  57:.\Generated_Source\PSoC4/cyfitter_cfg.c **** CY_CFG_UNUSED
  58:.\Generated_Source\PSoC4/cyfitter_cfg.c **** static void CYMEMZERO(void *s, size_t n);
  59:.\Generated_Source\PSoC4/cyfitter_cfg.c **** CY_CFG_UNUSED
  60:.\Generated_Source\PSoC4/cyfitter_cfg.c **** static void CYMEMZERO(void *s, size_t n)
  61:.\Generated_Source\PSoC4/cyfitter_cfg.c **** {
  25              		.loc 1 61 0
  26              		.cfi_startproc
  27 0000 80B5     		push	{r7, lr}
  28              		.cfi_def_cfa_offset 8
  29              		.cfi_offset 7, -8
  30              		.cfi_offset 14, -4
  31 0002 82B0     		sub	sp, sp, #8
  32              		.cfi_def_cfa_offset 16
  33 0004 00AF     		add	r7, sp, #0
  34              		.cfi_def_cfa_register 7
  35 0006 7860     		str	r0, [r7, #4]
  36 0008 3960     		str	r1, [r7]
  62:.\Generated_Source\PSoC4/cyfitter_cfg.c **** 	(void)memset(s, 0, n);
  37              		.loc 1 62 0
  38 000a 7A68     		ldr	r2, [r7, #4]
  39 000c 3B68     		ldr	r3, [r7]
  40 000e 101C     		mov	r0, r2
  41 0010 0021     		mov	r1, #0
  42 0012 1A1C     		mov	r2, r3
  43 0014 FFF7FEFF 		bl	memset
  63:.\Generated_Source\PSoC4/cyfitter_cfg.c **** }
  44              		.loc 1 63 0
  45 0018 BD46     		mov	sp, r7
  46 001a 02B0     		add	sp, sp, #8
  47              		@ sp needed
  48 001c 80BD     		pop	{r7, pc}
  49              		.cfi_endproc
  50              	.LFE2:
  51              		.size	CYMEMZERO, .-CYMEMZERO
ARM GAS  C:\Users\passw\AppData\Local\Temp\ccmbw9v3.s 			page 3


  52 001e C046     		.section	.text.CYCONFIGCPY,"ax",%progbits
  53              		.align	2
  54              		.code	16
  55              		.thumb_func
  56              		.type	CYCONFIGCPY, %function
  57              	CYCONFIGCPY:
  58              	.LFB3:
  64:.\Generated_Source\PSoC4/cyfitter_cfg.c **** CY_CFG_UNUSED
  65:.\Generated_Source\PSoC4/cyfitter_cfg.c **** static void CYCONFIGCPY(void *dest, const void *src, size_t n);
  66:.\Generated_Source\PSoC4/cyfitter_cfg.c **** CY_CFG_UNUSED
  67:.\Generated_Source\PSoC4/cyfitter_cfg.c **** static void CYCONFIGCPY(void *dest, const void *src, size_t n)
  68:.\Generated_Source\PSoC4/cyfitter_cfg.c **** {
  59              		.loc 1 68 0
  60              		.cfi_startproc
  61 0000 80B5     		push	{r7, lr}
  62              		.cfi_def_cfa_offset 8
  63              		.cfi_offset 7, -8
  64              		.cfi_offset 14, -4
  65 0002 84B0     		sub	sp, sp, #16
  66              		.cfi_def_cfa_offset 24
  67 0004 00AF     		add	r7, sp, #0
  68              		.cfi_def_cfa_register 7
  69 0006 F860     		str	r0, [r7, #12]
  70 0008 B960     		str	r1, [r7, #8]
  71 000a 7A60     		str	r2, [r7, #4]
  69:.\Generated_Source\PSoC4/cyfitter_cfg.c **** 	(void)memcpy(dest, src, n);
  72              		.loc 1 69 0
  73 000c F968     		ldr	r1, [r7, #12]
  74 000e BA68     		ldr	r2, [r7, #8]
  75 0010 7B68     		ldr	r3, [r7, #4]
  76 0012 081C     		mov	r0, r1
  77 0014 111C     		mov	r1, r2
  78 0016 1A1C     		mov	r2, r3
  79 0018 FFF7FEFF 		bl	memcpy
  70:.\Generated_Source\PSoC4/cyfitter_cfg.c **** }
  80              		.loc 1 70 0
  81 001c BD46     		mov	sp, r7
  82 001e 04B0     		add	sp, sp, #16
  83              		@ sp needed
  84 0020 80BD     		pop	{r7, pc}
  85              		.cfi_endproc
  86              	.LFE3:
  87              		.size	CYCONFIGCPY, .-CYCONFIGCPY
  88 0022 C046     		.section	.text.CYCONFIGCPYCODE,"ax",%progbits
  89              		.align	2
  90              		.code	16
  91              		.thumb_func
  92              		.type	CYCONFIGCPYCODE, %function
  93              	CYCONFIGCPYCODE:
  94              	.LFB4:
  71:.\Generated_Source\PSoC4/cyfitter_cfg.c **** CY_CFG_UNUSED
  72:.\Generated_Source\PSoC4/cyfitter_cfg.c **** static void CYCONFIGCPYCODE(void *dest, const void *src, size_t n);
  73:.\Generated_Source\PSoC4/cyfitter_cfg.c **** CY_CFG_UNUSED
  74:.\Generated_Source\PSoC4/cyfitter_cfg.c **** static void CYCONFIGCPYCODE(void *dest, const void *src, size_t n)
  75:.\Generated_Source\PSoC4/cyfitter_cfg.c **** {
  95              		.loc 1 75 0
  96              		.cfi_startproc
ARM GAS  C:\Users\passw\AppData\Local\Temp\ccmbw9v3.s 			page 4


  97 0000 80B5     		push	{r7, lr}
  98              		.cfi_def_cfa_offset 8
  99              		.cfi_offset 7, -8
 100              		.cfi_offset 14, -4
 101 0002 84B0     		sub	sp, sp, #16
 102              		.cfi_def_cfa_offset 24
 103 0004 00AF     		add	r7, sp, #0
 104              		.cfi_def_cfa_register 7
 105 0006 F860     		str	r0, [r7, #12]
 106 0008 B960     		str	r1, [r7, #8]
 107 000a 7A60     		str	r2, [r7, #4]
  76:.\Generated_Source\PSoC4/cyfitter_cfg.c **** 	(void)memcpy(dest, src, n);
 108              		.loc 1 76 0
 109 000c F968     		ldr	r1, [r7, #12]
 110 000e BA68     		ldr	r2, [r7, #8]
 111 0010 7B68     		ldr	r3, [r7, #4]
 112 0012 081C     		mov	r0, r1
 113 0014 111C     		mov	r1, r2
 114 0016 1A1C     		mov	r2, r3
 115 0018 FFF7FEFF 		bl	memcpy
  77:.\Generated_Source\PSoC4/cyfitter_cfg.c **** }
 116              		.loc 1 77 0
 117 001c BD46     		mov	sp, r7
 118 001e 04B0     		add	sp, sp, #16
 119              		@ sp needed
 120 0020 80BD     		pop	{r7, pc}
 121              		.cfi_endproc
 122              	.LFE4:
 123              		.size	CYCONFIGCPYCODE, .-CYCONFIGCPYCODE
 124 0022 C046     		.section	.text.cfg_write_bytes32,"ax",%progbits
 125              		.align	2
 126              		.code	16
 127              		.thumb_func
 128              		.type	cfg_write_bytes32, %function
 129              	cfg_write_bytes32:
 130              	.LFB5:
  78:.\Generated_Source\PSoC4/cyfitter_cfg.c **** 
  79:.\Generated_Source\PSoC4/cyfitter_cfg.c **** 
  80:.\Generated_Source\PSoC4/cyfitter_cfg.c **** 
  81:.\Generated_Source\PSoC4/cyfitter_cfg.c **** /* Clock startup error codes                                                   */
  82:.\Generated_Source\PSoC4/cyfitter_cfg.c **** #define CYCLOCKSTART_NO_ERROR    0u
  83:.\Generated_Source\PSoC4/cyfitter_cfg.c **** #define CYCLOCKSTART_XTAL_ERROR  1u
  84:.\Generated_Source\PSoC4/cyfitter_cfg.c **** #define CYCLOCKSTART_32KHZ_ERROR 2u
  85:.\Generated_Source\PSoC4/cyfitter_cfg.c **** #define CYCLOCKSTART_PLL_ERROR   3u
  86:.\Generated_Source\PSoC4/cyfitter_cfg.c **** 
  87:.\Generated_Source\PSoC4/cyfitter_cfg.c **** #ifdef CY_NEED_CYCLOCKSTARTUPERROR
  88:.\Generated_Source\PSoC4/cyfitter_cfg.c **** /*******************************************************************************
  89:.\Generated_Source\PSoC4/cyfitter_cfg.c **** * Function Name: CyClockStartupError
  90:.\Generated_Source\PSoC4/cyfitter_cfg.c **** ********************************************************************************
  91:.\Generated_Source\PSoC4/cyfitter_cfg.c **** * Summary:
  92:.\Generated_Source\PSoC4/cyfitter_cfg.c **** *  If an error is encountered during clock configuration (crystal startup error,
  93:.\Generated_Source\PSoC4/cyfitter_cfg.c **** *  PLL lock error, etc.), the system will end up here.  Unless reimplemented by
  94:.\Generated_Source\PSoC4/cyfitter_cfg.c **** *  the customer, this function will stop in an infinite loop.
  95:.\Generated_Source\PSoC4/cyfitter_cfg.c **** *
  96:.\Generated_Source\PSoC4/cyfitter_cfg.c **** * Parameters:
  97:.\Generated_Source\PSoC4/cyfitter_cfg.c **** *   void
  98:.\Generated_Source\PSoC4/cyfitter_cfg.c **** *
ARM GAS  C:\Users\passw\AppData\Local\Temp\ccmbw9v3.s 			page 5


  99:.\Generated_Source\PSoC4/cyfitter_cfg.c **** * Return:
 100:.\Generated_Source\PSoC4/cyfitter_cfg.c **** *   void
 101:.\Generated_Source\PSoC4/cyfitter_cfg.c **** *
 102:.\Generated_Source\PSoC4/cyfitter_cfg.c **** *******************************************************************************/
 103:.\Generated_Source\PSoC4/cyfitter_cfg.c **** CY_CFG_UNUSED
 104:.\Generated_Source\PSoC4/cyfitter_cfg.c **** static void CyClockStartupError(uint8 errorCode);
 105:.\Generated_Source\PSoC4/cyfitter_cfg.c **** CY_CFG_UNUSED
 106:.\Generated_Source\PSoC4/cyfitter_cfg.c **** static void CyClockStartupError(uint8 errorCode)
 107:.\Generated_Source\PSoC4/cyfitter_cfg.c **** {
 108:.\Generated_Source\PSoC4/cyfitter_cfg.c ****     /* To remove the compiler warning if errorCode not used.                */
 109:.\Generated_Source\PSoC4/cyfitter_cfg.c ****     errorCode = errorCode;
 110:.\Generated_Source\PSoC4/cyfitter_cfg.c **** 
 111:.\Generated_Source\PSoC4/cyfitter_cfg.c ****     /* `#START CyClockStartupError` */
 112:.\Generated_Source\PSoC4/cyfitter_cfg.c **** 
 113:.\Generated_Source\PSoC4/cyfitter_cfg.c ****     /* If we have a clock startup error (bad MHz crystal, PLL lock, etc.),  */
 114:.\Generated_Source\PSoC4/cyfitter_cfg.c ****     /* we will end up here to allow the customer to implement something to  */
 115:.\Generated_Source\PSoC4/cyfitter_cfg.c ****     /* deal with the clock condition.                                       */
 116:.\Generated_Source\PSoC4/cyfitter_cfg.c **** 
 117:.\Generated_Source\PSoC4/cyfitter_cfg.c ****     /* `#END` */
 118:.\Generated_Source\PSoC4/cyfitter_cfg.c **** 
 119:.\Generated_Source\PSoC4/cyfitter_cfg.c ****     /* If nothing else, stop here since the clocks have not started         */
 120:.\Generated_Source\PSoC4/cyfitter_cfg.c ****     /* correctly.                                                           */
 121:.\Generated_Source\PSoC4/cyfitter_cfg.c ****     while(1) {}
 122:.\Generated_Source\PSoC4/cyfitter_cfg.c **** }
 123:.\Generated_Source\PSoC4/cyfitter_cfg.c **** #endif
 124:.\Generated_Source\PSoC4/cyfitter_cfg.c **** 
 125:.\Generated_Source\PSoC4/cyfitter_cfg.c **** #define CY_CFG_BASE_ADDR_COUNT 1u
 126:.\Generated_Source\PSoC4/cyfitter_cfg.c **** CYPACKED typedef struct
 127:.\Generated_Source\PSoC4/cyfitter_cfg.c **** {
 128:.\Generated_Source\PSoC4/cyfitter_cfg.c **** 	uint8 offset;
 129:.\Generated_Source\PSoC4/cyfitter_cfg.c **** 	uint8 value;
 130:.\Generated_Source\PSoC4/cyfitter_cfg.c **** } CYPACKED_ATTR cy_cfg_addrvalue_t;
 131:.\Generated_Source\PSoC4/cyfitter_cfg.c **** 
 132:.\Generated_Source\PSoC4/cyfitter_cfg.c **** 
 133:.\Generated_Source\PSoC4/cyfitter_cfg.c **** 
 134:.\Generated_Source\PSoC4/cyfitter_cfg.c **** /*******************************************************************************
 135:.\Generated_Source\PSoC4/cyfitter_cfg.c **** * Function Name: cfg_write_bytes32
 136:.\Generated_Source\PSoC4/cyfitter_cfg.c **** ********************************************************************************
 137:.\Generated_Source\PSoC4/cyfitter_cfg.c **** * Summary:
 138:.\Generated_Source\PSoC4/cyfitter_cfg.c **** *  This function is used for setting up the chip configuration areas that
 139:.\Generated_Source\PSoC4/cyfitter_cfg.c **** *  contain relatively sparse data.
 140:.\Generated_Source\PSoC4/cyfitter_cfg.c **** *
 141:.\Generated_Source\PSoC4/cyfitter_cfg.c **** * Parameters:
 142:.\Generated_Source\PSoC4/cyfitter_cfg.c **** *   void
 143:.\Generated_Source\PSoC4/cyfitter_cfg.c **** *
 144:.\Generated_Source\PSoC4/cyfitter_cfg.c **** * Return:
 145:.\Generated_Source\PSoC4/cyfitter_cfg.c **** *   void
 146:.\Generated_Source\PSoC4/cyfitter_cfg.c **** *
 147:.\Generated_Source\PSoC4/cyfitter_cfg.c **** *******************************************************************************/
 148:.\Generated_Source\PSoC4/cyfitter_cfg.c **** static void cfg_write_bytes32(const uint32 addr_table[], const cy_cfg_addrvalue_t data_table[]);
 149:.\Generated_Source\PSoC4/cyfitter_cfg.c **** static void cfg_write_bytes32(const uint32 addr_table[], const cy_cfg_addrvalue_t data_table[])
 150:.\Generated_Source\PSoC4/cyfitter_cfg.c **** {
 131              		.loc 1 150 0
 132              		.cfi_startproc
 133 0000 80B5     		push	{r7, lr}
 134              		.cfi_def_cfa_offset 8
 135              		.cfi_offset 7, -8
ARM GAS  C:\Users\passw\AppData\Local\Temp\ccmbw9v3.s 			page 6


 136              		.cfi_offset 14, -4
 137 0002 86B0     		sub	sp, sp, #24
 138              		.cfi_def_cfa_offset 32
 139 0004 00AF     		add	r7, sp, #0
 140              		.cfi_def_cfa_register 7
 141 0006 7860     		str	r0, [r7, #4]
 142 0008 3960     		str	r1, [r7]
 151:.\Generated_Source\PSoC4/cyfitter_cfg.c **** 	/* For 32-bit little-endian architectures */
 152:.\Generated_Source\PSoC4/cyfitter_cfg.c **** 	uint32 i, j = 0u;
 143              		.loc 1 152 0
 144 000a 0023     		mov	r3, #0
 145 000c 3B61     		str	r3, [r7, #16]
 153:.\Generated_Source\PSoC4/cyfitter_cfg.c **** 	for (i = 0u; i < CY_CFG_BASE_ADDR_COUNT; i++)
 146              		.loc 1 153 0
 147 000e 0023     		mov	r3, #0
 148 0010 7B61     		str	r3, [r7, #20]
 149 0012 2FE0     		b	.L5
 150              	.L8:
 151              	.LBB2:
 154:.\Generated_Source\PSoC4/cyfitter_cfg.c **** 	{
 155:.\Generated_Source\PSoC4/cyfitter_cfg.c **** 		uint32 baseAddr = addr_table[i];
 152              		.loc 1 155 0
 153 0014 7B69     		ldr	r3, [r7, #20]
 154 0016 9B00     		lsl	r3, r3, #2
 155 0018 7A68     		ldr	r2, [r7, #4]
 156 001a D318     		add	r3, r2, r3
 157 001c 1B68     		ldr	r3, [r3]
 158 001e BB60     		str	r3, [r7, #8]
 156:.\Generated_Source\PSoC4/cyfitter_cfg.c **** 		uint8 count = (uint8)baseAddr;
 159              		.loc 1 156 0
 160 0020 0F23     		mov	r3, #15
 161 0022 FB18     		add	r3, r7, r3
 162 0024 BA68     		ldr	r2, [r7, #8]
 163 0026 1A70     		strb	r2, [r3]
 157:.\Generated_Source\PSoC4/cyfitter_cfg.c **** 		baseAddr &= 0xFFFFFF00u;
 164              		.loc 1 157 0
 165 0028 BB68     		ldr	r3, [r7, #8]
 166 002a FF22     		mov	r2, #255
 167 002c 9343     		bic	r3, r2
 168 002e BB60     		str	r3, [r7, #8]
 158:.\Generated_Source\PSoC4/cyfitter_cfg.c **** 		while (count != 0u)
 169              		.loc 1 158 0
 170 0030 18E0     		b	.L6
 171              	.L7:
 159:.\Generated_Source\PSoC4/cyfitter_cfg.c **** 		{
 160:.\Generated_Source\PSoC4/cyfitter_cfg.c **** 			CY_SET_XTND_REG8((void CYFAR *)(baseAddr + data_table[j].offset), data_table[j].value);
 172              		.loc 1 160 0
 173 0032 3B69     		ldr	r3, [r7, #16]
 174 0034 5B00     		lsl	r3, r3, #1
 175 0036 3A68     		ldr	r2, [r7]
 176 0038 D318     		add	r3, r2, r3
 177 003a 1B78     		ldrb	r3, [r3]
 178 003c 1A1C     		mov	r2, r3
 179 003e BB68     		ldr	r3, [r7, #8]
 180 0040 D318     		add	r3, r2, r3
 181 0042 191C     		mov	r1, r3
 182 0044 3B69     		ldr	r3, [r7, #16]
ARM GAS  C:\Users\passw\AppData\Local\Temp\ccmbw9v3.s 			page 7


 183 0046 5B00     		lsl	r3, r3, #1
 184 0048 3A68     		ldr	r2, [r7]
 185 004a D318     		add	r3, r2, r3
 186 004c 5B78     		ldrb	r3, [r3, #1]
 187 004e 0B70     		strb	r3, [r1]
 161:.\Generated_Source\PSoC4/cyfitter_cfg.c **** 			j++;
 188              		.loc 1 161 0
 189 0050 3B69     		ldr	r3, [r7, #16]
 190 0052 0133     		add	r3, r3, #1
 191 0054 3B61     		str	r3, [r7, #16]
 162:.\Generated_Source\PSoC4/cyfitter_cfg.c **** 			count--;
 192              		.loc 1 162 0
 193 0056 0F23     		mov	r3, #15
 194 0058 FB18     		add	r3, r7, r3
 195 005a 1A78     		ldrb	r2, [r3]
 196 005c 0F23     		mov	r3, #15
 197 005e FB18     		add	r3, r7, r3
 198 0060 013A     		sub	r2, r2, #1
 199 0062 1A70     		strb	r2, [r3]
 200              	.L6:
 158:.\Generated_Source\PSoC4/cyfitter_cfg.c **** 		{
 201              		.loc 1 158 0
 202 0064 0F23     		mov	r3, #15
 203 0066 FB18     		add	r3, r7, r3
 204 0068 1B78     		ldrb	r3, [r3]
 205 006a 002B     		cmp	r3, #0
 206 006c E1D1     		bne	.L7
 207              	.LBE2:
 153:.\Generated_Source\PSoC4/cyfitter_cfg.c **** 	{
 208              		.loc 1 153 0 discriminator 2
 209 006e 7B69     		ldr	r3, [r7, #20]
 210 0070 0133     		add	r3, r3, #1
 211 0072 7B61     		str	r3, [r7, #20]
 212              	.L5:
 153:.\Generated_Source\PSoC4/cyfitter_cfg.c **** 	{
 213              		.loc 1 153 0 is_stmt 0 discriminator 1
 214 0074 7B69     		ldr	r3, [r7, #20]
 215 0076 002B     		cmp	r3, #0
 216 0078 CCD0     		beq	.L8
 163:.\Generated_Source\PSoC4/cyfitter_cfg.c **** 		}
 164:.\Generated_Source\PSoC4/cyfitter_cfg.c **** 	}
 165:.\Generated_Source\PSoC4/cyfitter_cfg.c **** }
 217              		.loc 1 165 0 is_stmt 1
 218 007a BD46     		mov	sp, r7
 219 007c 06B0     		add	sp, sp, #24
 220              		@ sp needed
 221 007e 80BD     		pop	{r7, pc}
 222              		.cfi_endproc
 223              	.LFE5:
 224              		.size	cfg_write_bytes32, .-cfg_write_bytes32
 225              		.section	.psocinit,"ax",%progbits
 226              		.align	2
 227              		.code	16
 228              		.thumb_func
 229              		.type	ClockSetup, %function
 230              	ClockSetup:
 231              	.LFB6:
ARM GAS  C:\Users\passw\AppData\Local\Temp\ccmbw9v3.s 			page 8


 166:.\Generated_Source\PSoC4/cyfitter_cfg.c **** 
 167:.\Generated_Source\PSoC4/cyfitter_cfg.c **** 
 168:.\Generated_Source\PSoC4/cyfitter_cfg.c **** /*******************************************************************************
 169:.\Generated_Source\PSoC4/cyfitter_cfg.c **** * Function Name: ClockSetup
 170:.\Generated_Source\PSoC4/cyfitter_cfg.c **** ********************************************************************************
 171:.\Generated_Source\PSoC4/cyfitter_cfg.c **** *
 172:.\Generated_Source\PSoC4/cyfitter_cfg.c **** * Summary:
 173:.\Generated_Source\PSoC4/cyfitter_cfg.c **** *   Performs the initialization of all of the clocks in the device based on the
 174:.\Generated_Source\PSoC4/cyfitter_cfg.c **** *   settings in the Clock tab of the DWR.  This includes enabling the requested
 175:.\Generated_Source\PSoC4/cyfitter_cfg.c **** *   clocks and setting the necessary dividers to produce the desired frequency. 
 176:.\Generated_Source\PSoC4/cyfitter_cfg.c **** *
 177:.\Generated_Source\PSoC4/cyfitter_cfg.c **** * Parameters:
 178:.\Generated_Source\PSoC4/cyfitter_cfg.c **** *   void
 179:.\Generated_Source\PSoC4/cyfitter_cfg.c **** *
 180:.\Generated_Source\PSoC4/cyfitter_cfg.c **** * Return:
 181:.\Generated_Source\PSoC4/cyfitter_cfg.c **** *   void
 182:.\Generated_Source\PSoC4/cyfitter_cfg.c **** *
 183:.\Generated_Source\PSoC4/cyfitter_cfg.c **** *******************************************************************************/
 184:.\Generated_Source\PSoC4/cyfitter_cfg.c **** static void ClockSetup(void);
 185:.\Generated_Source\PSoC4/cyfitter_cfg.c **** CY_CFG_SECTION
 186:.\Generated_Source\PSoC4/cyfitter_cfg.c **** static void ClockSetup(void)
 187:.\Generated_Source\PSoC4/cyfitter_cfg.c **** {
 232              		.loc 1 187 0
 233              		.cfi_startproc
 234 0000 80B5     		push	{r7, lr}
 235              		.cfi_def_cfa_offset 8
 236              		.cfi_offset 7, -8
 237              		.cfi_offset 14, -4
 238 0002 00AF     		add	r7, sp, #0
 239              		.cfi_def_cfa_register 7
 188:.\Generated_Source\PSoC4/cyfitter_cfg.c **** 
 189:.\Generated_Source\PSoC4/cyfitter_cfg.c **** 	/* Set Flash Cycles based on max possible frequency in case a glitch occurs during ClockSetup(). *
 190:.\Generated_Source\PSoC4/cyfitter_cfg.c **** 	CY_SET_REG32((void CYXDATA *)(CYREG_CPUSS_FLASH_CTL), (0x0012u));
 240              		.loc 1 190 0
 241 0004 244B     		ldr	r3, .L10
 242 0006 1222     		mov	r2, #18
 243 0008 1A60     		str	r2, [r3]
 191:.\Generated_Source\PSoC4/cyfitter_cfg.c **** 
 192:.\Generated_Source\PSoC4/cyfitter_cfg.c **** 	/* Start the WCO */
 193:.\Generated_Source\PSoC4/cyfitter_cfg.c **** 	CySysClkWcoStart();
 244              		.loc 1 193 0
 245 000a FFF7FEFF 		bl	CySysClkWcoStart
 194:.\Generated_Source\PSoC4/cyfitter_cfg.c **** 	(void)CySysClkWcoSetPowerMode(CY_SYS_CLK_WCO_LPM);    /* Switch to the low power mode */
 246              		.loc 1 194 0
 247 000e 0120     		mov	r0, #1
 248 0010 FFF7FEFF 		bl	CySysClkWcoSetPowerMode
 195:.\Generated_Source\PSoC4/cyfitter_cfg.c **** 
 196:.\Generated_Source\PSoC4/cyfitter_cfg.c **** 	/* Setup and trim IMO based on desired frequency. */
 197:.\Generated_Source\PSoC4/cyfitter_cfg.c **** 	CySysClkWriteImoFreq(24u);
 249              		.loc 1 197 0
 250 0014 1820     		mov	r0, #24
 251 0016 FFF7FEFF 		bl	CySysClkWriteImoFreq
 198:.\Generated_Source\PSoC4/cyfitter_cfg.c **** 	/* CYDEV_CLK_ILO_CONFIG Starting address: CYDEV_CLK_ILO_CONFIG */
 199:.\Generated_Source\PSoC4/cyfitter_cfg.c **** 	CY_SET_XTND_REG32((void CYFAR *)(CYREG_CLK_ILO_CONFIG), 0x80000006u);
 252              		.loc 1 199 0
 253 001a 204B     		ldr	r3, .L10+4
 254 001c 204A     		ldr	r2, .L10+8
ARM GAS  C:\Users\passw\AppData\Local\Temp\ccmbw9v3.s 			page 9


 255 001e 1A60     		str	r2, [r3]
 200:.\Generated_Source\PSoC4/cyfitter_cfg.c **** 
 201:.\Generated_Source\PSoC4/cyfitter_cfg.c **** 
 202:.\Generated_Source\PSoC4/cyfitter_cfg.c **** 	/* Enable fast start mode for XO */
 203:.\Generated_Source\PSoC4/cyfitter_cfg.c **** 	CY_SET_REG32((void*)CYREG_BLE_BLERD_BB_XO, CY_GET_REG32((void*)CYREG_BLE_BLERD_BB_XO) | (uint32)0x
 256              		.loc 1 203 0
 257 0020 204B     		ldr	r3, .L10+12
 258 0022 204A     		ldr	r2, .L10+12
 259 0024 1268     		ldr	r2, [r2]
 260 0026 0221     		mov	r1, #2
 261 0028 0A43     		orr	r2, r1
 262 002a 1A60     		str	r2, [r3]
 204:.\Generated_Source\PSoC4/cyfitter_cfg.c **** 	CY_SET_XTND_REG32((void CYFAR *)(CYREG_BLE_BLERD_BB_XO_CAPTRIM), 0x00003E2Du);
 263              		.loc 1 204 0
 264 002c 1E4B     		ldr	r3, .L10+16
 265 002e 1F4A     		ldr	r2, .L10+20
 266 0030 1A60     		str	r2, [r3]
 205:.\Generated_Source\PSoC4/cyfitter_cfg.c **** 	/* Disable Crystal Stable Interrupt before enabling ECO */
 206:.\Generated_Source\PSoC4/cyfitter_cfg.c **** 	CY_SET_REG32((void*)CYREG_BLE_BLESS_LL_DSM_CTRL, CY_GET_REG32((void*)CYREG_BLE_BLESS_LL_DSM_CTRL) 
 267              		.loc 1 206 0
 268 0032 1F4B     		ldr	r3, .L10+24
 269 0034 1E4A     		ldr	r2, .L10+24
 270 0036 1268     		ldr	r2, [r2]
 271 0038 0821     		mov	r1, #8
 272 003a 8A43     		bic	r2, r1
 273 003c 1A60     		str	r2, [r3]
 207:.\Generated_Source\PSoC4/cyfitter_cfg.c **** 	/* Start the ECO and do not check status since it is not needed for HFCLK */
 208:.\Generated_Source\PSoC4/cyfitter_cfg.c **** 	(void)CySysClkEcoStart(2000u);
 274              		.loc 1 208 0
 275 003e FA23     		mov	r3, #250
 276 0040 DB00     		lsl	r3, r3, #3
 277 0042 181C     		mov	r0, r3
 278 0044 FFF7FEFF 		bl	CySysClkEcoStart
 209:.\Generated_Source\PSoC4/cyfitter_cfg.c **** 	CyDelayUs(1500u); /* Wait to stabalize */
 279              		.loc 1 209 0
 280 0048 1A4B     		ldr	r3, .L10+28
 281 004a 181C     		mov	r0, r3
 282 004c FFF7FEFF 		bl	CyDelayUs
 210:.\Generated_Source\PSoC4/cyfitter_cfg.c **** 
 211:.\Generated_Source\PSoC4/cyfitter_cfg.c **** 	/* Setup phase aligned clocks */
 212:.\Generated_Source\PSoC4/cyfitter_cfg.c **** 	CY_SET_REG32((void *)CYREG_PERI_DIV_16_CTL1, 0x00000E00u);
 283              		.loc 1 212 0
 284 0050 194B     		ldr	r3, .L10+32
 285 0052 E022     		mov	r2, #224
 286 0054 1201     		lsl	r2, r2, #4
 287 0056 1A60     		str	r2, [r3]
 213:.\Generated_Source\PSoC4/cyfitter_cfg.c **** 	CY_SET_REG32((void *)CYREG_PERI_DIV_CMD, 0x8000FF41u);
 288              		.loc 1 213 0
 289 0058 184B     		ldr	r3, .L10+36
 290 005a 194A     		ldr	r2, .L10+40
 291 005c 1A60     		str	r2, [r3]
 214:.\Generated_Source\PSoC4/cyfitter_cfg.c **** 	CY_SET_REG32((void *)CYREG_PERI_DIV_16_CTL0, 0x00000C00u);
 292              		.loc 1 214 0
 293 005e 194B     		ldr	r3, .L10+44
 294 0060 C022     		mov	r2, #192
 295 0062 1201     		lsl	r2, r2, #4
 296 0064 1A60     		str	r2, [r3]
ARM GAS  C:\Users\passw\AppData\Local\Temp\ccmbw9v3.s 			page 10


 215:.\Generated_Source\PSoC4/cyfitter_cfg.c **** 	CY_SET_REG32((void *)CYREG_PERI_DIV_CMD, 0x8000FF40u);
 297              		.loc 1 215 0
 298 0066 154B     		ldr	r3, .L10+36
 299 0068 174A     		ldr	r2, .L10+48
 300 006a 1A60     		str	r2, [r3]
 216:.\Generated_Source\PSoC4/cyfitter_cfg.c **** 
 217:.\Generated_Source\PSoC4/cyfitter_cfg.c **** 	/* CYDEV_CLK_IMO_CONFIG Starting address: CYDEV_CLK_IMO_CONFIG */
 218:.\Generated_Source\PSoC4/cyfitter_cfg.c **** 	CY_SET_XTND_REG32((void CYFAR *)(CYREG_CLK_IMO_CONFIG), 0x82000000u);
 301              		.loc 1 218 0
 302 006c 174B     		ldr	r3, .L10+52
 303 006e 8222     		mov	r2, #130
 304 0070 1206     		lsl	r2, r2, #24
 305 0072 1A60     		str	r2, [r3]
 219:.\Generated_Source\PSoC4/cyfitter_cfg.c **** 
 220:.\Generated_Source\PSoC4/cyfitter_cfg.c **** 	/* CYDEV_CLK_SELECT Starting address: CYDEV_CLK_SELECT */
 221:.\Generated_Source\PSoC4/cyfitter_cfg.c **** 	CY_SET_XTND_REG32((void CYFAR *)(CYREG_CLK_SELECT), 0x00000000u);
 306              		.loc 1 221 0
 307 0074 164B     		ldr	r3, .L10+56
 308 0076 0022     		mov	r2, #0
 309 0078 1A60     		str	r2, [r3]
 222:.\Generated_Source\PSoC4/cyfitter_cfg.c **** 
 223:.\Generated_Source\PSoC4/cyfitter_cfg.c **** 	/* CYDEV_PERI_PCLK_CTL6 Starting address: CYDEV_PERI_PCLK_CTL6 */
 224:.\Generated_Source\PSoC4/cyfitter_cfg.c **** 	CY_SET_XTND_REG32((void CYFAR *)(CYREG_PERI_PCLK_CTL6), 0x00000041u);
 310              		.loc 1 224 0
 311 007a 164B     		ldr	r3, .L10+60
 312 007c 4122     		mov	r2, #65
 313 007e 1A60     		str	r2, [r3]
 225:.\Generated_Source\PSoC4/cyfitter_cfg.c **** 
 226:.\Generated_Source\PSoC4/cyfitter_cfg.c **** 	/* CYDEV_PERI_PCLK_CTL1 Starting address: CYDEV_PERI_PCLK_CTL1 */
 227:.\Generated_Source\PSoC4/cyfitter_cfg.c **** 	CY_SET_XTND_REG32((void CYFAR *)(CYREG_PERI_PCLK_CTL1), 0x00000040u);
 314              		.loc 1 227 0
 315 0080 154B     		ldr	r3, .L10+64
 316 0082 4022     		mov	r2, #64
 317 0084 1A60     		str	r2, [r3]
 228:.\Generated_Source\PSoC4/cyfitter_cfg.c **** 
 229:.\Generated_Source\PSoC4/cyfitter_cfg.c **** 	CY_SET_XTND_REG32((void CYFAR *)(CYREG_WDT_CONFIG), 0x00000000u);
 318              		.loc 1 229 0
 319 0086 154B     		ldr	r3, .L10+68
 320 0088 0022     		mov	r2, #0
 321 008a 1A60     		str	r2, [r3]
 230:.\Generated_Source\PSoC4/cyfitter_cfg.c **** 	/* Set Flash Cycles based on newly configured 24.00MHz HFCLK. */
 231:.\Generated_Source\PSoC4/cyfitter_cfg.c **** 	CY_SET_REG32((void CYXDATA *)(CYREG_CPUSS_FLASH_CTL), (0x0011u));
 322              		.loc 1 231 0
 323 008c 024B     		ldr	r3, .L10
 324 008e 1122     		mov	r2, #17
 325 0090 1A60     		str	r2, [r3]
 232:.\Generated_Source\PSoC4/cyfitter_cfg.c **** }
 326              		.loc 1 232 0
 327 0092 BD46     		mov	sp, r7
 328              		@ sp needed
 329 0094 80BD     		pop	{r7, pc}
 330              	.L11:
 331 0096 C046     		.align	2
 332              	.L10:
 333 0098 30001040 		.word	1074790448
 334 009c 04010B40 		.word	1074462980
 335 00a0 06000080 		.word	-2147483642
ARM GAS  C:\Users\passw\AppData\Local\Temp\ccmbw9v3.s 			page 11


 336 00a4 78002E40 		.word	1076756600
 337 00a8 7C002E40 		.word	1076756604
 338 00ac 2D3E0000 		.word	15917
 339 00b0 6CF02E40 		.word	1076818028
 340 00b4 DC050000 		.word	1500
 341 00b8 04030140 		.word	1073808132
 342 00bc 00000140 		.word	1073807360
 343 00c0 41FF0080 		.word	-2147418303
 344 00c4 00030140 		.word	1073808128
 345 00c8 40FF0080 		.word	-2147418304
 346 00cc 08010B40 		.word	1074462984
 347 00d0 00010B40 		.word	1074462976
 348 00d4 18010140 		.word	1073807640
 349 00d8 04010140 		.word	1073807620
 350 00dc 0C020B40 		.word	1074463244
 351              		.cfi_endproc
 352              	.LFE6:
 353              		.size	ClockSetup, .-ClockSetup
 354              		.section	.text.AnalogSetDefault,"ax",%progbits
 355              		.align	2
 356              		.code	16
 357              		.thumb_func
 358              		.type	AnalogSetDefault, %function
 359              	AnalogSetDefault:
 360              	.LFB7:
 233:.\Generated_Source\PSoC4/cyfitter_cfg.c **** 
 234:.\Generated_Source\PSoC4/cyfitter_cfg.c **** 
 235:.\Generated_Source\PSoC4/cyfitter_cfg.c **** /* Analog API Functions */
 236:.\Generated_Source\PSoC4/cyfitter_cfg.c **** 
 237:.\Generated_Source\PSoC4/cyfitter_cfg.c **** 
 238:.\Generated_Source\PSoC4/cyfitter_cfg.c **** /*******************************************************************************
 239:.\Generated_Source\PSoC4/cyfitter_cfg.c **** * Function Name: AnalogSetDefault
 240:.\Generated_Source\PSoC4/cyfitter_cfg.c **** ********************************************************************************
 241:.\Generated_Source\PSoC4/cyfitter_cfg.c **** *
 242:.\Generated_Source\PSoC4/cyfitter_cfg.c **** * Summary:
 243:.\Generated_Source\PSoC4/cyfitter_cfg.c **** *  Sets up the analog portions of the chip to default values based on chip
 244:.\Generated_Source\PSoC4/cyfitter_cfg.c **** *  configuration options from the project.
 245:.\Generated_Source\PSoC4/cyfitter_cfg.c **** *
 246:.\Generated_Source\PSoC4/cyfitter_cfg.c **** * Parameters:
 247:.\Generated_Source\PSoC4/cyfitter_cfg.c **** *  void
 248:.\Generated_Source\PSoC4/cyfitter_cfg.c **** *
 249:.\Generated_Source\PSoC4/cyfitter_cfg.c **** * Return:
 250:.\Generated_Source\PSoC4/cyfitter_cfg.c **** *  void
 251:.\Generated_Source\PSoC4/cyfitter_cfg.c **** *
 252:.\Generated_Source\PSoC4/cyfitter_cfg.c **** *******************************************************************************/
 253:.\Generated_Source\PSoC4/cyfitter_cfg.c **** static void AnalogSetDefault(void);
 254:.\Generated_Source\PSoC4/cyfitter_cfg.c **** static void AnalogSetDefault(void)
 255:.\Generated_Source\PSoC4/cyfitter_cfg.c **** {
 361              		.loc 1 255 0
 362              		.cfi_startproc
 363 0000 80B5     		push	{r7, lr}
 364              		.cfi_def_cfa_offset 8
 365              		.cfi_offset 7, -8
 366              		.cfi_offset 14, -4
 367 0002 00AF     		add	r7, sp, #0
 368              		.cfi_def_cfa_register 7
 256:.\Generated_Source\PSoC4/cyfitter_cfg.c **** 	CY_SET_XTND_REG32((void CYFAR *)CYREG_CTBM0_DFT_CTRL, 0x00000003u);
ARM GAS  C:\Users\passw\AppData\Local\Temp\ccmbw9v3.s 			page 12


 369              		.loc 1 256 0
 370 0004 0A4B     		ldr	r3, .L13
 371 0006 0322     		mov	r2, #3
 372 0008 1A60     		str	r2, [r3]
 257:.\Generated_Source\PSoC4/cyfitter_cfg.c **** 	CY_SET_XTND_REG32((void CYFAR *)CYREG_CTBM1_DFT_CTRL, 0x00000003u);
 373              		.loc 1 257 0
 374 000a 0A4B     		ldr	r3, .L13+4
 375 000c 0322     		mov	r2, #3
 376 000e 1A60     		str	r2, [r3]
 258:.\Generated_Source\PSoC4/cyfitter_cfg.c **** 	CY_SET_XTND_REG32((void CYFAR *)CYREG_SAR_CTRL, 0x08000000u);
 377              		.loc 1 258 0
 378 0010 094B     		ldr	r3, .L13+8
 379 0012 8022     		mov	r2, #128
 380 0014 1205     		lsl	r2, r2, #20
 381 0016 1A60     		str	r2, [r3]
 259:.\Generated_Source\PSoC4/cyfitter_cfg.c **** 	CY_SET_XTND_REG32((void CYFAR *)CYREG_SAR_MUX_SWITCH0, 0x00000003u);
 382              		.loc 1 259 0
 383 0018 084B     		ldr	r3, .L13+12
 384 001a 0322     		mov	r2, #3
 385 001c 1A60     		str	r2, [r3]
 260:.\Generated_Source\PSoC4/cyfitter_cfg.c **** 	CY_SET_XTND_REG32((void CYFAR *)CYREG_SAR_MUX_SWITCH_HW_CTRL, 0x00000003u);
 386              		.loc 1 260 0
 387 001e 084B     		ldr	r3, .L13+16
 388 0020 0322     		mov	r2, #3
 389 0022 1A60     		str	r2, [r3]
 261:.\Generated_Source\PSoC4/cyfitter_cfg.c **** 	CY_SET_XTND_REG32((void CYFAR *)CYREG_PASS_DSAB_DSAB_CTRL, 0x00000000u);
 390              		.loc 1 261 0
 391 0024 074B     		ldr	r3, .L13+20
 392 0026 0022     		mov	r2, #0
 393 0028 1A60     		str	r2, [r3]
 262:.\Generated_Source\PSoC4/cyfitter_cfg.c **** }
 394              		.loc 1 262 0
 395 002a BD46     		mov	sp, r7
 396              		@ sp needed
 397 002c 80BD     		pop	{r7, pc}
 398              	.L14:
 399 002e C046     		.align	2
 400              	.L13:
 401 0030 30003040 		.word	1076887600
 402 0034 30003140 		.word	1076953136
 403 0038 00003A40 		.word	1077542912
 404 003c 00033A40 		.word	1077543680
 405 0040 40033A40 		.word	1077543744
 406 0044 000E3F40 		.word	1077874176
 407              		.cfi_endproc
 408              	.LFE7:
 409              		.size	AnalogSetDefault, .-AnalogSetDefault
 410              		.section	.psocinit
 411              		.align	2
 412              		.global	cyfitter_cfg
 413              		.code	16
 414              		.thumb_func
 415              		.type	cyfitter_cfg, %function
 416              	cyfitter_cfg:
 417              	.LFB8:
 263:.\Generated_Source\PSoC4/cyfitter_cfg.c **** 
 264:.\Generated_Source\PSoC4/cyfitter_cfg.c **** #define CY_AMUX_UNUSED CYREG_CM0_ROM_DWT
ARM GAS  C:\Users\passw\AppData\Local\Temp\ccmbw9v3.s 			page 13


 265:.\Generated_Source\PSoC4/cyfitter_cfg.c **** 
 266:.\Generated_Source\PSoC4/cyfitter_cfg.c **** 
 267:.\Generated_Source\PSoC4/cyfitter_cfg.c **** /*******************************************************************************
 268:.\Generated_Source\PSoC4/cyfitter_cfg.c **** * Function Name: cyfitter_cfg
 269:.\Generated_Source\PSoC4/cyfitter_cfg.c **** ********************************************************************************
 270:.\Generated_Source\PSoC4/cyfitter_cfg.c **** * Summary:
 271:.\Generated_Source\PSoC4/cyfitter_cfg.c **** *  This function is called by the start-up code for the selected device. It
 272:.\Generated_Source\PSoC4/cyfitter_cfg.c **** *  performs all of the necessary device configuration based on the design
 273:.\Generated_Source\PSoC4/cyfitter_cfg.c **** *  settings.  This includes settings from the Design Wide Resources (DWR) such
 274:.\Generated_Source\PSoC4/cyfitter_cfg.c **** *  as Clocks and Pins as well as any component configuration that is necessary.
 275:.\Generated_Source\PSoC4/cyfitter_cfg.c **** *
 276:.\Generated_Source\PSoC4/cyfitter_cfg.c **** * Parameters:  
 277:.\Generated_Source\PSoC4/cyfitter_cfg.c **** *   void
 278:.\Generated_Source\PSoC4/cyfitter_cfg.c **** *
 279:.\Generated_Source\PSoC4/cyfitter_cfg.c **** * Return:
 280:.\Generated_Source\PSoC4/cyfitter_cfg.c **** *   void
 281:.\Generated_Source\PSoC4/cyfitter_cfg.c **** *
 282:.\Generated_Source\PSoC4/cyfitter_cfg.c **** *******************************************************************************/
 283:.\Generated_Source\PSoC4/cyfitter_cfg.c **** CY_CFG_SECTION
 284:.\Generated_Source\PSoC4/cyfitter_cfg.c **** void cyfitter_cfg(void)
 285:.\Generated_Source\PSoC4/cyfitter_cfg.c **** {
 418              		.loc 1 285 0
 419              		.cfi_startproc
 420 00e0 80B5     		push	{r7, lr}
 421              		.cfi_def_cfa_offset 8
 422              		.cfi_offset 7, -8
 423              		.cfi_offset 14, -4
 424 00e2 82B0     		sub	sp, sp, #8
 425              		.cfi_def_cfa_offset 16
 426 00e4 00AF     		add	r7, sp, #0
 427              		.cfi_def_cfa_register 7
 286:.\Generated_Source\PSoC4/cyfitter_cfg.c **** 	/* Disable interrupts by default. Let user enable if/when they want. */
 287:.\Generated_Source\PSoC4/cyfitter_cfg.c **** 	CyGlobalIntDisable;
 428              		.loc 1 287 0
 429              	@ 287 ".\Generated_Source\PSoC4\cyfitter_cfg.c" 1
 430 00e6 72B6     		CPSID   i
 431              	@ 0 "" 2
 288:.\Generated_Source\PSoC4/cyfitter_cfg.c **** 
 289:.\Generated_Source\PSoC4/cyfitter_cfg.c **** 	CY_SET_XTND_REG32((void CYFAR *)(CYREG_BLE_BLESS_LL_DSM_CTRL), 0x00000000u);
 432              		.loc 1 289 0
 433              		.code	16
 434 00e8 424B     		ldr	r3, .L18
 435 00ea 0022     		mov	r2, #0
 436 00ec 1A60     		str	r2, [r3]
 290:.\Generated_Source\PSoC4/cyfitter_cfg.c **** 
 291:.\Generated_Source\PSoC4/cyfitter_cfg.c **** 	/* Enable the clock in the interrupt controller for the routed interrupts */
 292:.\Generated_Source\PSoC4/cyfitter_cfg.c **** 	CY_SET_REG8((void *)CYREG_UDB_UDBIF_INT_CLK_CTL, 0x01u);
 437              		.loc 1 292 0
 438 00ee 424B     		ldr	r3, .L18+4
 439 00f0 0122     		mov	r2, #1
 440 00f2 1A70     		strb	r2, [r3]
 441              	.LBB3:
 293:.\Generated_Source\PSoC4/cyfitter_cfg.c **** 	{
 294:.\Generated_Source\PSoC4/cyfitter_cfg.c **** 		static const uint32 CYCODE cy_cfg_addr_table[] = {
 295:.\Generated_Source\PSoC4/cyfitter_cfg.c **** 			0x400F4104u, /* Base address: 0x400F4100 Count: 4 */
 296:.\Generated_Source\PSoC4/cyfitter_cfg.c **** 		};
 297:.\Generated_Source\PSoC4/cyfitter_cfg.c **** 
ARM GAS  C:\Users\passw\AppData\Local\Temp\ccmbw9v3.s 			page 14


 298:.\Generated_Source\PSoC4/cyfitter_cfg.c **** 		static const cy_cfg_addrvalue_t CYCODE cy_cfg_data_table[] = {
 299:.\Generated_Source\PSoC4/cyfitter_cfg.c **** 			{0x2Fu, 0x08u},
 300:.\Generated_Source\PSoC4/cyfitter_cfg.c **** 			{0x6Fu, 0x08u},
 301:.\Generated_Source\PSoC4/cyfitter_cfg.c **** 			{0xCAu, 0x20u},
 302:.\Generated_Source\PSoC4/cyfitter_cfg.c **** 			{0xDAu, 0x80u},
 303:.\Generated_Source\PSoC4/cyfitter_cfg.c **** 		};
 304:.\Generated_Source\PSoC4/cyfitter_cfg.c **** 
 305:.\Generated_Source\PSoC4/cyfitter_cfg.c **** 
 306:.\Generated_Source\PSoC4/cyfitter_cfg.c **** 
 307:.\Generated_Source\PSoC4/cyfitter_cfg.c **** 		CYPACKED typedef struct {
 308:.\Generated_Source\PSoC4/cyfitter_cfg.c **** 			void CYFAR *address;
 309:.\Generated_Source\PSoC4/cyfitter_cfg.c **** 			uint16 size;
 310:.\Generated_Source\PSoC4/cyfitter_cfg.c **** 		} CYPACKED_ATTR cfg_memset_t;
 311:.\Generated_Source\PSoC4/cyfitter_cfg.c **** 
 312:.\Generated_Source\PSoC4/cyfitter_cfg.c **** 		static const cfg_memset_t CYCODE cfg_memset_list [] = {
 313:.\Generated_Source\PSoC4/cyfitter_cfg.c **** 			/* address, size */
 314:.\Generated_Source\PSoC4/cyfitter_cfg.c **** 			{(void CYFAR *)(CYDEV_UDB_P0_U0_BASE), 1024u},
 315:.\Generated_Source\PSoC4/cyfitter_cfg.c **** 			{(void CYFAR *)(CYDEV_UDB_DSI0_BASE), 1024u},
 316:.\Generated_Source\PSoC4/cyfitter_cfg.c **** 		};
 317:.\Generated_Source\PSoC4/cyfitter_cfg.c **** 
 318:.\Generated_Source\PSoC4/cyfitter_cfg.c **** 		uint8 CYDATA i;
 319:.\Generated_Source\PSoC4/cyfitter_cfg.c **** 
 320:.\Generated_Source\PSoC4/cyfitter_cfg.c **** 		/* Zero out critical memory blocks before beginning configuration */
 321:.\Generated_Source\PSoC4/cyfitter_cfg.c **** 		for (i = 0u; i < (sizeof(cfg_memset_list)/sizeof(cfg_memset_list[0])); i++)
 442              		.loc 1 321 0
 443 00f4 FB1D     		add	r3, r7, #7
 444 00f6 0022     		mov	r2, #0
 445 00f8 1A70     		strb	r2, [r3]
 446 00fa 23E0     		b	.L16
 447              	.L17:
 448              	.LBB4:
 322:.\Generated_Source\PSoC4/cyfitter_cfg.c **** 		{
 323:.\Generated_Source\PSoC4/cyfitter_cfg.c **** 			const cfg_memset_t CYCODE * CYDATA ms = &cfg_memset_list[i];
 449              		.loc 1 323 0 discriminator 3
 450 00fc FB1D     		add	r3, r7, #7
 451 00fe 1A78     		ldrb	r2, [r3]
 452 0100 131C     		mov	r3, r2
 453 0102 5B00     		lsl	r3, r3, #1
 454 0104 9B18     		add	r3, r3, r2
 455 0106 5B00     		lsl	r3, r3, #1
 456 0108 3C4A     		ldr	r2, .L18+8
 457 010a 9B18     		add	r3, r3, r2
 458 010c 3B60     		str	r3, [r7]
 324:.\Generated_Source\PSoC4/cyfitter_cfg.c **** 			CYMEMZERO(ms->address, (size_t)(uint32)(ms->size));
 459              		.loc 1 324 0 discriminator 3
 460 010e 3B68     		ldr	r3, [r7]
 461 0110 1A78     		ldrb	r2, [r3]
 462 0112 5978     		ldrb	r1, [r3, #1]
 463 0114 0902     		lsl	r1, r1, #8
 464 0116 0A43     		orr	r2, r1
 465 0118 9978     		ldrb	r1, [r3, #2]
 466 011a 0904     		lsl	r1, r1, #16
 467 011c 0A43     		orr	r2, r1
 468 011e DB78     		ldrb	r3, [r3, #3]
 469 0120 1B06     		lsl	r3, r3, #24
 470 0122 1343     		orr	r3, r2
 471 0124 191C     		mov	r1, r3
ARM GAS  C:\Users\passw\AppData\Local\Temp\ccmbw9v3.s 			page 15


 472 0126 3B68     		ldr	r3, [r7]
 473 0128 1A79     		ldrb	r2, [r3, #4]
 474 012a 5B79     		ldrb	r3, [r3, #5]
 475 012c 1B02     		lsl	r3, r3, #8
 476 012e 1343     		orr	r3, r2
 477 0130 9BB2     		uxth	r3, r3
 478 0132 081C     		mov	r0, r1
 479 0134 191C     		mov	r1, r3
 480 0136 FFF7FEFF 		bl	CYMEMZERO
 481              	.LBE4:
 321:.\Generated_Source\PSoC4/cyfitter_cfg.c **** 		{
 482              		.loc 1 321 0 discriminator 3
 483 013a FB1D     		add	r3, r7, #7
 484 013c 1A78     		ldrb	r2, [r3]
 485 013e FB1D     		add	r3, r7, #7
 486 0140 0132     		add	r2, r2, #1
 487 0142 1A70     		strb	r2, [r3]
 488              	.L16:
 321:.\Generated_Source\PSoC4/cyfitter_cfg.c **** 		{
 489              		.loc 1 321 0 is_stmt 0 discriminator 1
 490 0144 FB1D     		add	r3, r7, #7
 491 0146 1B78     		ldrb	r3, [r3]
 492 0148 012B     		cmp	r3, #1
 493 014a D7D9     		bls	.L17
 325:.\Generated_Source\PSoC4/cyfitter_cfg.c **** 		}
 326:.\Generated_Source\PSoC4/cyfitter_cfg.c **** 
 327:.\Generated_Source\PSoC4/cyfitter_cfg.c **** 		cfg_write_bytes32(cy_cfg_addr_table, cy_cfg_data_table);
 494              		.loc 1 327 0 is_stmt 1
 495 014c 2C4A     		ldr	r2, .L18+12
 496 014e 2D4B     		ldr	r3, .L18+16
 497 0150 101C     		mov	r0, r2
 498 0152 191C     		mov	r1, r3
 499 0154 FFF7FEFF 		bl	cfg_write_bytes32
 328:.\Generated_Source\PSoC4/cyfitter_cfg.c **** 
 329:.\Generated_Source\PSoC4/cyfitter_cfg.c **** 		/* HSIOM Starting address: CYDEV_HSIOM_BASE */
 330:.\Generated_Source\PSoC4/cyfitter_cfg.c **** 		CY_SET_XTND_REG32((void CYFAR *)(CYDEV_HSIOM_BASE), 0xEE000000u);
 500              		.loc 1 330 0
 501 0158 2B4B     		ldr	r3, .L18+20
 502 015a EE22     		mov	r2, #238
 503 015c 1206     		lsl	r2, r2, #24
 504 015e 1A60     		str	r2, [r3]
 331:.\Generated_Source\PSoC4/cyfitter_cfg.c **** 		CY_SET_XTND_REG32((void CYFAR *)(CYREG_HSIOM_PORT_SEL1), 0x00990000u);
 505              		.loc 1 331 0
 506 0160 2A4B     		ldr	r3, .L18+24
 507 0162 9922     		mov	r2, #153
 508 0164 1204     		lsl	r2, r2, #16
 509 0166 1A60     		str	r2, [r3]
 332:.\Generated_Source\PSoC4/cyfitter_cfg.c **** 
 333:.\Generated_Source\PSoC4/cyfitter_cfg.c **** 		/* UDB_PA_0 Starting address: CYDEV_UDB_PA0_BASE */
 334:.\Generated_Source\PSoC4/cyfitter_cfg.c **** 		CY_SET_XTND_REG32((void CYFAR *)(CYDEV_UDB_PA0_BASE), 0x00990000u);
 510              		.loc 1 334 0
 511 0168 294B     		ldr	r3, .L18+28
 512 016a 9922     		mov	r2, #153
 513 016c 1204     		lsl	r2, r2, #16
 514 016e 1A60     		str	r2, [r3]
 335:.\Generated_Source\PSoC4/cyfitter_cfg.c **** 
 336:.\Generated_Source\PSoC4/cyfitter_cfg.c **** 		/* UDB_PA_1 Starting address: CYDEV_UDB_PA1_BASE */
ARM GAS  C:\Users\passw\AppData\Local\Temp\ccmbw9v3.s 			page 16


 337:.\Generated_Source\PSoC4/cyfitter_cfg.c **** 		CY_SET_XTND_REG32((void CYFAR *)(CYDEV_UDB_PA1_BASE), 0x00990000u);
 515              		.loc 1 337 0
 516 0170 284B     		ldr	r3, .L18+32
 517 0172 9922     		mov	r2, #153
 518 0174 1204     		lsl	r2, r2, #16
 519 0176 1A60     		str	r2, [r3]
 338:.\Generated_Source\PSoC4/cyfitter_cfg.c **** 
 339:.\Generated_Source\PSoC4/cyfitter_cfg.c **** 		/* UDB_PA_3 Starting address: CYDEV_UDB_PA3_BASE */
 340:.\Generated_Source\PSoC4/cyfitter_cfg.c **** 		CY_SET_XTND_REG32((void CYFAR *)(CYDEV_UDB_PA3_BASE), 0x00990000u);
 520              		.loc 1 340 0
 521 0178 274B     		ldr	r3, .L18+36
 522 017a 9922     		mov	r2, #153
 523 017c 1204     		lsl	r2, r2, #16
 524 017e 1A60     		str	r2, [r3]
 341:.\Generated_Source\PSoC4/cyfitter_cfg.c **** 
 342:.\Generated_Source\PSoC4/cyfitter_cfg.c **** 		/* INT_SELECT Starting address: CYDEV_CPUSS_INT_SEL */
 343:.\Generated_Source\PSoC4/cyfitter_cfg.c **** 		CY_SET_XTND_REG32((void CYFAR *)(CYREG_CPUSS_INT_SEL), 0x00000002u);
 525              		.loc 1 343 0
 526 0180 264B     		ldr	r3, .L18+40
 527 0182 0222     		mov	r2, #2
 528 0184 1A60     		str	r2, [r3]
 344:.\Generated_Source\PSoC4/cyfitter_cfg.c **** 
 345:.\Generated_Source\PSoC4/cyfitter_cfg.c **** 		/* Enable digital routing */
 346:.\Generated_Source\PSoC4/cyfitter_cfg.c **** 		CY_SET_XTND_REG8((void *)CYREG_UDB_UDBIF_BANK_CTL, CY_GET_XTND_REG8((void *)CYREG_UDB_UDBIF_BANK_
 529              		.loc 1 346 0
 530 0186 264A     		ldr	r2, .L18+44
 531 0188 254B     		ldr	r3, .L18+44
 532 018a 1B78     		ldrb	r3, [r3]
 533 018c DBB2     		uxtb	r3, r3
 534 018e 0221     		mov	r1, #2
 535 0190 0B43     		orr	r3, r1
 536 0192 DBB2     		uxtb	r3, r3
 537 0194 1370     		strb	r3, [r2]
 347:.\Generated_Source\PSoC4/cyfitter_cfg.c **** 
 348:.\Generated_Source\PSoC4/cyfitter_cfg.c **** 		/* Enable UDB array */
 349:.\Generated_Source\PSoC4/cyfitter_cfg.c **** 		CY_SET_XTND_REG8((void *)CYREG_UDB_UDBIF_WAIT_CFG, (uint8)((CY_GET_XTND_REG8((void *)CYREG_UDB_UD
 538              		.loc 1 349 0
 539 0196 234A     		ldr	r2, .L18+48
 540 0198 224B     		ldr	r3, .L18+48
 541 019a 1B78     		ldrb	r3, [r3]
 542 019c DBB2     		uxtb	r3, r3
 543 019e 3C21     		mov	r1, #60
 544 01a0 8B43     		bic	r3, r1
 545 01a2 DBB2     		uxtb	r3, r3
 546 01a4 1421     		mov	r1, #20
 547 01a6 0B43     		orr	r3, r1
 548 01a8 DBB2     		uxtb	r3, r3
 549 01aa 1370     		strb	r3, [r2]
 350:.\Generated_Source\PSoC4/cyfitter_cfg.c **** 		CY_SET_XTND_REG8((void *)CYREG_UDB_UDBIF_BANK_CTL, (uint8)(CY_GET_XTND_REG8((void *)CYREG_UDB_UDB
 550              		.loc 1 350 0
 551 01ac 1C4A     		ldr	r2, .L18+44
 552 01ae 1C4B     		ldr	r3, .L18+44
 553 01b0 1B78     		ldrb	r3, [r3]
 554 01b2 DBB2     		uxtb	r3, r3
 555 01b4 1621     		mov	r1, #22
 556 01b6 0B43     		orr	r3, r1
 557 01b8 DBB2     		uxtb	r3, r3
ARM GAS  C:\Users\passw\AppData\Local\Temp\ccmbw9v3.s 			page 17


 558 01ba 1370     		strb	r3, [r2]
 559              	.LBE3:
 351:.\Generated_Source\PSoC4/cyfitter_cfg.c **** 	}
 352:.\Generated_Source\PSoC4/cyfitter_cfg.c **** 
 353:.\Generated_Source\PSoC4/cyfitter_cfg.c **** 	/* Perform second pass device configuration. These items must be configured in specific order afte
 354:.\Generated_Source\PSoC4/cyfitter_cfg.c **** 	/* IOPINS0_0 Starting address: CYDEV_GPIO_PRT0_BASE */
 355:.\Generated_Source\PSoC4/cyfitter_cfg.c **** 	CY_SET_XTND_REG32((void CYFAR *)(CYREG_GPIO_PRT0_PC), 0x00D80000u);
 560              		.loc 1 355 0
 561 01bc 1A4B     		ldr	r3, .L18+52
 562 01be D822     		mov	r2, #216
 563 01c0 1204     		lsl	r2, r2, #16
 564 01c2 1A60     		str	r2, [r3]
 356:.\Generated_Source\PSoC4/cyfitter_cfg.c **** 
 357:.\Generated_Source\PSoC4/cyfitter_cfg.c **** 	/* IOPINS0_1 Starting address: CYDEV_GPIO_PRT1_BASE */
 358:.\Generated_Source\PSoC4/cyfitter_cfg.c **** 	CY_SET_XTND_REG32((void CYFAR *)(CYDEV_GPIO_PRT1_BASE), 0x00000020u);
 565              		.loc 1 358 0
 566 01c4 194B     		ldr	r3, .L18+56
 567 01c6 2022     		mov	r2, #32
 568 01c8 1A60     		str	r2, [r3]
 359:.\Generated_Source\PSoC4/cyfitter_cfg.c **** 	CY_SET_XTND_REG32((void CYFAR *)(CYREG_GPIO_PRT1_PC), 0x00031000u);
 569              		.loc 1 359 0
 570 01ca 194B     		ldr	r3, .L18+60
 571 01cc C422     		mov	r2, #196
 572 01ce 9202     		lsl	r2, r2, #10
 573 01d0 1A60     		str	r2, [r3]
 360:.\Generated_Source\PSoC4/cyfitter_cfg.c **** 	CY_SET_XTND_REG32((void CYFAR *)(CYREG_GPIO_PRT1_PC2), 0x00000020u);
 574              		.loc 1 360 0
 575 01d2 184B     		ldr	r3, .L18+64
 576 01d4 2022     		mov	r2, #32
 577 01d6 1A60     		str	r2, [r3]
 361:.\Generated_Source\PSoC4/cyfitter_cfg.c **** 
 362:.\Generated_Source\PSoC4/cyfitter_cfg.c **** 	/* IOPINS0_3 Starting address: CYDEV_GPIO_PRT3_BASE */
 363:.\Generated_Source\PSoC4/cyfitter_cfg.c **** 	CY_SET_XTND_REG32((void CYFAR *)(CYDEV_GPIO_PRT3_BASE), 0x00000003u);
 578              		.loc 1 363 0
 579 01d8 174B     		ldr	r3, .L18+68
 580 01da 0322     		mov	r2, #3
 581 01dc 1A60     		str	r2, [r3]
 364:.\Generated_Source\PSoC4/cyfitter_cfg.c **** 	CY_SET_XTND_REG32((void CYFAR *)(CYREG_GPIO_PRT3_PC2), 0x00000003u);
 582              		.loc 1 364 0
 583 01de 174B     		ldr	r3, .L18+72
 584 01e0 0322     		mov	r2, #3
 585 01e2 1A60     		str	r2, [r3]
 365:.\Generated_Source\PSoC4/cyfitter_cfg.c **** 
 366:.\Generated_Source\PSoC4/cyfitter_cfg.c **** 
 367:.\Generated_Source\PSoC4/cyfitter_cfg.c **** 	/* Setup clocks based on selections from Clock DWR */
 368:.\Generated_Source\PSoC4/cyfitter_cfg.c **** 	ClockSetup();
 586              		.loc 1 368 0
 587 01e4 FFF70CFF 		bl	ClockSetup
 369:.\Generated_Source\PSoC4/cyfitter_cfg.c **** 
 370:.\Generated_Source\PSoC4/cyfitter_cfg.c **** 	/* Perform basic analog initialization to defaults */
 371:.\Generated_Source\PSoC4/cyfitter_cfg.c **** 	AnalogSetDefault();
 588              		.loc 1 371 0
 589 01e8 FFF7FEFF 		bl	AnalogSetDefault
 372:.\Generated_Source\PSoC4/cyfitter_cfg.c **** 
 373:.\Generated_Source\PSoC4/cyfitter_cfg.c **** }
 590              		.loc 1 373 0
 591 01ec BD46     		mov	sp, r7
ARM GAS  C:\Users\passw\AppData\Local\Temp\ccmbw9v3.s 			page 18


 592 01ee 02B0     		add	sp, sp, #8
 593              		@ sp needed
 594 01f0 80BD     		pop	{r7, pc}
 595              	.L19:
 596 01f2 C046     		.align	2
 597              	.L18:
 598 01f4 6CF02E40 		.word	1076818028
 599 01f8 1C700F40 		.word	1074753564
 600 01fc 00000000 		.word	cfg_memset_list.4765
 601 0200 0C000000 		.word	cy_cfg_addr_table.4759
 602 0204 10000000 		.word	cy_cfg_data_table.4760
 603 0208 00000240 		.word	1073872896
 604 020c 00010240 		.word	1073873152
 605 0210 00500F40 		.word	1074745344
 606 0214 10500F40 		.word	1074745360
 607 0218 30500F40 		.word	1074745392
 608 021c 20001040 		.word	1074790432
 609 0220 00700F40 		.word	1074753536
 610 0224 01700F40 		.word	1074753537
 611 0228 08000440 		.word	1074003976
 612 022c 00010440 		.word	1074004224
 613 0230 08010440 		.word	1074004232
 614 0234 18010440 		.word	1074004248
 615 0238 00030440 		.word	1074004736
 616 023c 18030440 		.word	1074004760
 617              		.cfi_endproc
 618              	.LFE8:
 619              		.size	cyfitter_cfg, .-cyfitter_cfg
 620              		.section	.rodata
 621              		.align	2
 622              		.type	cfg_memset_list.4765, %object
 623              		.size	cfg_memset_list.4765, 12
 624              	cfg_memset_list.4765:
 625 0000 00300F40 		.word	1074737152
 626 0004 0004     		.short	1024
 627 0006 00400F40 		.4byte	1074741248
 628 000a 0004     		.short	1024
 629              		.align	2
 630              		.type	cy_cfg_addr_table.4759, %object
 631              		.size	cy_cfg_addr_table.4759, 4
 632              	cy_cfg_addr_table.4759:
 633 000c 04410F40 		.word	1074741508
 634              		.align	2
 635              		.type	cy_cfg_data_table.4760, %object
 636              		.size	cy_cfg_data_table.4760, 8
 637              	cy_cfg_data_table.4760:
 638 0010 2F       		.byte	47
 639 0011 08       		.byte	8
 640 0012 6F       		.byte	111
 641 0013 08       		.byte	8
 642 0014 CA       		.byte	-54
 643 0015 20       		.byte	32
 644 0016 DA       		.byte	-38
 645 0017 80       		.byte	-128
 646              		.text
 647              	.Letext0:
 648              		.file 2 "c:\\program files (x86)\\cypress\\psoc creator\\3.3\\psoc creator\\import\\gnu\\arm\\4.9.
ARM GAS  C:\Users\passw\AppData\Local\Temp\ccmbw9v3.s 			page 19


 649              		.file 3 ".\\Generated_Source\\PSoC4\\cytypes.h"
 650              		.section	.debug_info,"",%progbits
 651              	.Ldebug_info0:
 652 0000 52030000 		.4byte	0x352
 653 0004 0400     		.2byte	0x4
 654 0006 00000000 		.4byte	.Ldebug_abbrev0
 655 000a 04       		.byte	0x4
 656 000b 01       		.uleb128 0x1
 657 000c 3D010000 		.4byte	.LASF39
 658 0010 01       		.byte	0x1
 659 0011 16020000 		.4byte	.LASF40
 660 0015 64000000 		.4byte	.LASF41
 661 0019 00000000 		.4byte	.Ldebug_ranges0+0
 662 001d 00000000 		.4byte	0
 663 0021 00000000 		.4byte	.Ldebug_line0
 664 0025 02       		.uleb128 0x2
 665 0026 04       		.byte	0x4
 666 0027 05       		.byte	0x5
 667 0028 696E7400 		.ascii	"int\000"
 668 002c 03       		.uleb128 0x3
 669 002d 06000000 		.4byte	.LASF11
 670 0031 02       		.byte	0x2
 671 0032 D4       		.byte	0xd4
 672 0033 37000000 		.4byte	0x37
 673 0037 04       		.uleb128 0x4
 674 0038 04       		.byte	0x4
 675 0039 07       		.byte	0x7
 676 003a CB010000 		.4byte	.LASF0
 677 003e 04       		.uleb128 0x4
 678 003f 01       		.byte	0x1
 679 0040 06       		.byte	0x6
 680 0041 7E020000 		.4byte	.LASF1
 681 0045 04       		.uleb128 0x4
 682 0046 01       		.byte	0x1
 683 0047 08       		.byte	0x8
 684 0048 E5000000 		.4byte	.LASF2
 685 004c 04       		.uleb128 0x4
 686 004d 02       		.byte	0x2
 687 004e 05       		.byte	0x5
 688 004f 6B020000 		.4byte	.LASF3
 689 0053 04       		.uleb128 0x4
 690 0054 02       		.byte	0x2
 691 0055 07       		.byte	0x7
 692 0056 8A020000 		.4byte	.LASF4
 693 005a 04       		.uleb128 0x4
 694 005b 04       		.byte	0x4
 695 005c 05       		.byte	0x5
 696 005d 75020000 		.4byte	.LASF5
 697 0061 04       		.uleb128 0x4
 698 0062 04       		.byte	0x4
 699 0063 07       		.byte	0x7
 700 0064 C3000000 		.4byte	.LASF6
 701 0068 04       		.uleb128 0x4
 702 0069 08       		.byte	0x8
 703 006a 05       		.byte	0x5
 704 006b 3E020000 		.4byte	.LASF7
 705 006f 04       		.uleb128 0x4
ARM GAS  C:\Users\passw\AppData\Local\Temp\ccmbw9v3.s 			page 20


 706 0070 08       		.byte	0x8
 707 0071 07       		.byte	0x7
 708 0072 E0010000 		.4byte	.LASF8
 709 0076 04       		.uleb128 0x4
 710 0077 04       		.byte	0x4
 711 0078 07       		.byte	0x7
 712 0079 0D020000 		.4byte	.LASF9
 713 007d 05       		.uleb128 0x5
 714 007e 04       		.byte	0x4
 715 007f 04       		.uleb128 0x4
 716 0080 01       		.byte	0x1
 717 0081 08       		.byte	0x8
 718 0082 4C020000 		.4byte	.LASF10
 719 0086 06       		.uleb128 0x6
 720 0087 D5000000 		.4byte	.LASF12
 721 008b 03       		.byte	0x3
 722 008c 3801     		.2byte	0x138
 723 008e 45000000 		.4byte	0x45
 724 0092 06       		.uleb128 0x6
 725 0093 24010000 		.4byte	.LASF13
 726 0097 03       		.byte	0x3
 727 0098 3901     		.2byte	0x139
 728 009a 53000000 		.4byte	0x53
 729 009e 06       		.uleb128 0x6
 730 009f 36010000 		.4byte	.LASF14
 731 00a3 03       		.byte	0x3
 732 00a4 3A01     		.2byte	0x13a
 733 00a6 61000000 		.4byte	0x61
 734 00aa 04       		.uleb128 0x4
 735 00ab 04       		.byte	0x4
 736 00ac 04       		.byte	0x4
 737 00ad 59000000 		.4byte	.LASF15
 738 00b1 04       		.uleb128 0x4
 739 00b2 08       		.byte	0x8
 740 00b3 04       		.byte	0x4
 741 00b4 F3000000 		.4byte	.LASF16
 742 00b8 06       		.uleb128 0x6
 743 00b9 BE000000 		.4byte	.LASF17
 744 00bd 03       		.byte	0x3
 745 00be E201     		.2byte	0x1e2
 746 00c0 C4000000 		.4byte	0xc4
 747 00c4 07       		.uleb128 0x7
 748 00c5 86000000 		.4byte	0x86
 749 00c9 06       		.uleb128 0x6
 750 00ca 00000000 		.4byte	.LASF18
 751 00ce 03       		.byte	0x3
 752 00cf E401     		.2byte	0x1e4
 753 00d1 D5000000 		.4byte	0xd5
 754 00d5 07       		.uleb128 0x7
 755 00d6 9E000000 		.4byte	0x9e
 756 00da 08       		.uleb128 0x8
 757 00db 02       		.byte	0x2
 758 00dc 01       		.byte	0x1
 759 00dd 7E       		.byte	0x7e
 760 00de FB000000 		.4byte	0xfb
 761 00e2 09       		.uleb128 0x9
 762 00e3 64020000 		.4byte	.LASF19
ARM GAS  C:\Users\passw\AppData\Local\Temp\ccmbw9v3.s 			page 21


 763 00e7 01       		.byte	0x1
 764 00e8 80       		.byte	0x80
 765 00e9 86000000 		.4byte	0x86
 766 00ed 00       		.byte	0
 767 00ee 09       		.uleb128 0x9
 768 00ef 1E000000 		.4byte	.LASF20
 769 00f3 01       		.byte	0x1
 770 00f4 81       		.byte	0x81
 771 00f5 86000000 		.4byte	0x86
 772 00f9 01       		.byte	0x1
 773 00fa 00       		.byte	0
 774 00fb 03       		.uleb128 0x3
 775 00fc 51020000 		.4byte	.LASF21
 776 0100 01       		.byte	0x1
 777 0101 82       		.byte	0x82
 778 0102 DA000000 		.4byte	0xda
 779 0106 0A       		.uleb128 0xa
 780 0107 DB000000 		.4byte	.LASF22
 781 010b 01       		.byte	0x1
 782 010c 3C       		.byte	0x3c
 783 010d 00000000 		.4byte	.LFB2
 784 0111 1E000000 		.4byte	.LFE2-.LFB2
 785 0115 01       		.uleb128 0x1
 786 0116 9C       		.byte	0x9c
 787 0117 34010000 		.4byte	0x134
 788 011b 0B       		.uleb128 0xb
 789 011c 7300     		.ascii	"s\000"
 790 011e 01       		.byte	0x1
 791 011f 3C       		.byte	0x3c
 792 0120 7D000000 		.4byte	0x7d
 793 0124 02       		.uleb128 0x2
 794 0125 91       		.byte	0x91
 795 0126 74       		.sleb128 -12
 796 0127 0B       		.uleb128 0xb
 797 0128 6E00     		.ascii	"n\000"
 798 012a 01       		.byte	0x1
 799 012b 3C       		.byte	0x3c
 800 012c 2C000000 		.4byte	0x2c
 801 0130 02       		.uleb128 0x2
 802 0131 91       		.byte	0x91
 803 0132 70       		.sleb128 -16
 804 0133 00       		.byte	0
 805 0134 0A       		.uleb128 0xa
 806 0135 AD020000 		.4byte	.LASF23
 807 0139 01       		.byte	0x1
 808 013a 43       		.byte	0x43
 809 013b 00000000 		.4byte	.LFB3
 810 013f 22000000 		.4byte	.LFE3-.LFB3
 811 0143 01       		.uleb128 0x1
 812 0144 9C       		.byte	0x9c
 813 0145 72010000 		.4byte	0x172
 814 0149 0C       		.uleb128 0xc
 815 014a 5F000000 		.4byte	.LASF24
 816 014e 01       		.byte	0x1
 817 014f 43       		.byte	0x43
 818 0150 7D000000 		.4byte	0x7d
 819 0154 02       		.uleb128 0x2
ARM GAS  C:\Users\passw\AppData\Local\Temp\ccmbw9v3.s 			page 22


 820 0155 91       		.byte	0x91
 821 0156 74       		.sleb128 -12
 822 0157 0B       		.uleb128 0xb
 823 0158 73726300 		.ascii	"src\000"
 824 015c 01       		.byte	0x1
 825 015d 43       		.byte	0x43
 826 015e 72010000 		.4byte	0x172
 827 0162 02       		.uleb128 0x2
 828 0163 91       		.byte	0x91
 829 0164 70       		.sleb128 -16
 830 0165 0B       		.uleb128 0xb
 831 0166 6E00     		.ascii	"n\000"
 832 0168 01       		.byte	0x1
 833 0169 43       		.byte	0x43
 834 016a 2C000000 		.4byte	0x2c
 835 016e 02       		.uleb128 0x2
 836 016f 91       		.byte	0x91
 837 0170 6C       		.sleb128 -20
 838 0171 00       		.byte	0
 839 0172 0D       		.uleb128 0xd
 840 0173 04       		.byte	0x4
 841 0174 78010000 		.4byte	0x178
 842 0178 0E       		.uleb128 0xe
 843 0179 0A       		.uleb128 0xa
 844 017a 9D020000 		.4byte	.LASF25
 845 017e 01       		.byte	0x1
 846 017f 4A       		.byte	0x4a
 847 0180 00000000 		.4byte	.LFB4
 848 0184 22000000 		.4byte	.LFE4-.LFB4
 849 0188 01       		.uleb128 0x1
 850 0189 9C       		.byte	0x9c
 851 018a B7010000 		.4byte	0x1b7
 852 018e 0C       		.uleb128 0xc
 853 018f 5F000000 		.4byte	.LASF24
 854 0193 01       		.byte	0x1
 855 0194 4A       		.byte	0x4a
 856 0195 7D000000 		.4byte	0x7d
 857 0199 02       		.uleb128 0x2
 858 019a 91       		.byte	0x91
 859 019b 74       		.sleb128 -12
 860 019c 0B       		.uleb128 0xb
 861 019d 73726300 		.ascii	"src\000"
 862 01a1 01       		.byte	0x1
 863 01a2 4A       		.byte	0x4a
 864 01a3 72010000 		.4byte	0x172
 865 01a7 02       		.uleb128 0x2
 866 01a8 91       		.byte	0x91
 867 01a9 70       		.sleb128 -16
 868 01aa 0B       		.uleb128 0xb
 869 01ab 6E00     		.ascii	"n\000"
 870 01ad 01       		.byte	0x1
 871 01ae 4A       		.byte	0x4a
 872 01af 2C000000 		.4byte	0x2c
 873 01b3 02       		.uleb128 0x2
 874 01b4 91       		.byte	0x91
 875 01b5 6C       		.sleb128 -20
 876 01b6 00       		.byte	0
ARM GAS  C:\Users\passw\AppData\Local\Temp\ccmbw9v3.s 			page 23


 877 01b7 0F       		.uleb128 0xf
 878 01b8 FA000000 		.4byte	.LASF26
 879 01bc 01       		.byte	0x1
 880 01bd 95       		.byte	0x95
 881 01be 00000000 		.4byte	.LFB5
 882 01c2 80000000 		.4byte	.LFE5-.LFB5
 883 01c6 01       		.uleb128 0x1
 884 01c7 9C       		.byte	0x9c
 885 01c8 27020000 		.4byte	0x227
 886 01cc 0C       		.uleb128 0xc
 887 01cd 19010000 		.4byte	.LASF27
 888 01d1 01       		.byte	0x1
 889 01d2 95       		.byte	0x95
 890 01d3 27020000 		.4byte	0x227
 891 01d7 02       		.uleb128 0x2
 892 01d8 91       		.byte	0x91
 893 01d9 64       		.sleb128 -28
 894 01da 0C       		.uleb128 0xc
 895 01db 2B010000 		.4byte	.LASF28
 896 01df 01       		.byte	0x1
 897 01e0 95       		.byte	0x95
 898 01e1 32020000 		.4byte	0x232
 899 01e5 02       		.uleb128 0x2
 900 01e6 91       		.byte	0x91
 901 01e7 60       		.sleb128 -32
 902 01e8 10       		.uleb128 0x10
 903 01e9 6900     		.ascii	"i\000"
 904 01eb 01       		.byte	0x1
 905 01ec 98       		.byte	0x98
 906 01ed 9E000000 		.4byte	0x9e
 907 01f1 02       		.uleb128 0x2
 908 01f2 91       		.byte	0x91
 909 01f3 74       		.sleb128 -12
 910 01f4 10       		.uleb128 0x10
 911 01f5 6A00     		.ascii	"j\000"
 912 01f7 01       		.byte	0x1
 913 01f8 98       		.byte	0x98
 914 01f9 9E000000 		.4byte	0x9e
 915 01fd 02       		.uleb128 0x2
 916 01fe 91       		.byte	0x91
 917 01ff 70       		.sleb128 -16
 918 0200 11       		.uleb128 0x11
 919 0201 14000000 		.4byte	.LBB2
 920 0205 5A000000 		.4byte	.LBE2-.LBB2
 921 0209 12       		.uleb128 0x12
 922 020a 04020000 		.4byte	.LASF29
 923 020e 01       		.byte	0x1
 924 020f 9B       		.byte	0x9b
 925 0210 9E000000 		.4byte	0x9e
 926 0214 02       		.uleb128 0x2
 927 0215 91       		.byte	0x91
 928 0216 68       		.sleb128 -24
 929 0217 12       		.uleb128 0x12
 930 0218 24000000 		.4byte	.LASF30
 931 021c 01       		.byte	0x1
 932 021d 9C       		.byte	0x9c
 933 021e 86000000 		.4byte	0x86
ARM GAS  C:\Users\passw\AppData\Local\Temp\ccmbw9v3.s 			page 24


 934 0222 02       		.uleb128 0x2
 935 0223 91       		.byte	0x91
 936 0224 6F       		.sleb128 -17
 937 0225 00       		.byte	0
 938 0226 00       		.byte	0
 939 0227 0D       		.uleb128 0xd
 940 0228 04       		.byte	0x4
 941 0229 2D020000 		.4byte	0x22d
 942 022d 13       		.uleb128 0x13
 943 022e 9E000000 		.4byte	0x9e
 944 0232 0D       		.uleb128 0xd
 945 0233 04       		.byte	0x4
 946 0234 38020000 		.4byte	0x238
 947 0238 13       		.uleb128 0x13
 948 0239 FB000000 		.4byte	0xfb
 949 023d 14       		.uleb128 0x14
 950 023e 2A000000 		.4byte	.LASF31
 951 0242 01       		.byte	0x1
 952 0243 BA       		.byte	0xba
 953 0244 00000000 		.4byte	.LFB6
 954 0248 E0000000 		.4byte	.LFE6-.LFB6
 955 024c 01       		.uleb128 0x1
 956 024d 9C       		.byte	0x9c
 957 024e 15       		.uleb128 0x15
 958 024f 0D000000 		.4byte	.LASF32
 959 0253 01       		.byte	0x1
 960 0254 FE       		.byte	0xfe
 961 0255 00000000 		.4byte	.LFB7
 962 0259 48000000 		.4byte	.LFE7-.LFB7
 963 025d 01       		.uleb128 0x1
 964 025e 9C       		.byte	0x9c
 965 025f 16       		.uleb128 0x16
 966 0260 0C010000 		.4byte	.LASF42
 967 0264 01       		.byte	0x1
 968 0265 1C01     		.2byte	0x11c
 969 0267 E0000000 		.4byte	.LFB8
 970 026b 60010000 		.4byte	.LFE8-.LFB8
 971 026f 01       		.uleb128 0x1
 972 0270 9C       		.byte	0x9c
 973 0271 2B030000 		.4byte	0x32b
 974 0275 11       		.uleb128 0x11
 975 0276 F4000000 		.4byte	.LBB3
 976 027a C8000000 		.4byte	.LBE3-.LBB3
 977 027e 17       		.uleb128 0x17
 978 027f 35000000 		.4byte	.LASF33
 979 0283 01       		.byte	0x1
 980 0284 2601     		.2byte	0x126
 981 0286 3B030000 		.4byte	0x33b
 982 028a 05       		.uleb128 0x5
 983 028b 03       		.byte	0x3
 984 028c 0C000000 		.4byte	cy_cfg_addr_table.4759
 985 0290 17       		.uleb128 0x17
 986 0291 47000000 		.4byte	.LASF34
 987 0295 01       		.byte	0x1
 988 0296 2A01     		.2byte	0x12a
 989 0298 50030000 		.4byte	0x350
 990 029c 05       		.uleb128 0x5
ARM GAS  C:\Users\passw\AppData\Local\Temp\ccmbw9v3.s 			page 25


 991 029d 03       		.byte	0x3
 992 029e 10000000 		.4byte	cy_cfg_data_table.4760
 993 02a2 18       		.uleb128 0x18
 994 02a3 06       		.byte	0x6
 995 02a4 01       		.byte	0x1
 996 02a5 3301     		.2byte	0x133
 997 02a7 C6020000 		.4byte	0x2c6
 998 02ab 19       		.uleb128 0x19
 999 02ac D8010000 		.4byte	.LASF35
 1000 02b0 01       		.byte	0x1
 1001 02b1 3401     		.2byte	0x134
 1002 02b3 7D000000 		.4byte	0x7d
 1003 02b7 00       		.byte	0
 1004 02b8 19       		.uleb128 0x19
 1005 02b9 B9000000 		.4byte	.LASF36
 1006 02bd 01       		.byte	0x1
 1007 02be 3501     		.2byte	0x135
 1008 02c0 92000000 		.4byte	0x92
 1009 02c4 04       		.byte	0x4
 1010 02c5 00       		.byte	0
 1011 02c6 06       		.uleb128 0x6
 1012 02c7 F7010000 		.4byte	.LASF37
 1013 02cb 01       		.byte	0x1
 1014 02cc 3601     		.2byte	0x136
 1015 02ce A2020000 		.4byte	0x2a2
 1016 02d2 1A       		.uleb128 0x1a
 1017 02d3 C6020000 		.4byte	0x2c6
 1018 02d7 E2020000 		.4byte	0x2e2
 1019 02db 1B       		.uleb128 0x1b
 1020 02dc 76000000 		.4byte	0x76
 1021 02e0 01       		.byte	0x1
 1022 02e1 00       		.byte	0
 1023 02e2 17       		.uleb128 0x17
 1024 02e3 A9000000 		.4byte	.LASF38
 1025 02e7 01       		.byte	0x1
 1026 02e8 3801     		.2byte	0x138
 1027 02ea F4020000 		.4byte	0x2f4
 1028 02ee 05       		.uleb128 0x5
 1029 02ef 03       		.byte	0x3
 1030 02f0 00000000 		.4byte	cfg_memset_list.4765
 1031 02f4 13       		.uleb128 0x13
 1032 02f5 D2020000 		.4byte	0x2d2
 1033 02f9 1C       		.uleb128 0x1c
 1034 02fa 6900     		.ascii	"i\000"
 1035 02fc 01       		.byte	0x1
 1036 02fd 3E01     		.2byte	0x13e
 1037 02ff 86000000 		.4byte	0x86
 1038 0303 02       		.uleb128 0x2
 1039 0304 91       		.byte	0x91
 1040 0305 77       		.sleb128 -9
 1041 0306 11       		.uleb128 0x11
 1042 0307 FC000000 		.4byte	.LBB4
 1043 030b 3E000000 		.4byte	.LBE4-.LBB4
 1044 030f 1C       		.uleb128 0x1c
 1045 0310 6D7300   		.ascii	"ms\000"
 1046 0313 01       		.byte	0x1
 1047 0314 4301     		.2byte	0x143
ARM GAS  C:\Users\passw\AppData\Local\Temp\ccmbw9v3.s 			page 26


 1048 0316 1D030000 		.4byte	0x31d
 1049 031a 02       		.uleb128 0x2
 1050 031b 91       		.byte	0x91
 1051 031c 70       		.sleb128 -16
 1052 031d 0D       		.uleb128 0xd
 1053 031e 04       		.byte	0x4
 1054 031f 23030000 		.4byte	0x323
 1055 0323 13       		.uleb128 0x13
 1056 0324 C6020000 		.4byte	0x2c6
 1057 0328 00       		.byte	0
 1058 0329 00       		.byte	0
 1059 032a 00       		.byte	0
 1060 032b 1A       		.uleb128 0x1a
 1061 032c 9E000000 		.4byte	0x9e
 1062 0330 3B030000 		.4byte	0x33b
 1063 0334 1B       		.uleb128 0x1b
 1064 0335 76000000 		.4byte	0x76
 1065 0339 00       		.byte	0
 1066 033a 00       		.byte	0
 1067 033b 13       		.uleb128 0x13
 1068 033c 2B030000 		.4byte	0x32b
 1069 0340 1A       		.uleb128 0x1a
 1070 0341 FB000000 		.4byte	0xfb
 1071 0345 50030000 		.4byte	0x350
 1072 0349 1B       		.uleb128 0x1b
 1073 034a 76000000 		.4byte	0x76
 1074 034e 03       		.byte	0x3
 1075 034f 00       		.byte	0
 1076 0350 13       		.uleb128 0x13
 1077 0351 40030000 		.4byte	0x340
 1078 0355 00       		.byte	0
 1079              		.section	.debug_abbrev,"",%progbits
 1080              	.Ldebug_abbrev0:
 1081 0000 01       		.uleb128 0x1
 1082 0001 11       		.uleb128 0x11
 1083 0002 01       		.byte	0x1
 1084 0003 25       		.uleb128 0x25
 1085 0004 0E       		.uleb128 0xe
 1086 0005 13       		.uleb128 0x13
 1087 0006 0B       		.uleb128 0xb
 1088 0007 03       		.uleb128 0x3
 1089 0008 0E       		.uleb128 0xe
 1090 0009 1B       		.uleb128 0x1b
 1091 000a 0E       		.uleb128 0xe
 1092 000b 55       		.uleb128 0x55
 1093 000c 17       		.uleb128 0x17
 1094 000d 11       		.uleb128 0x11
 1095 000e 01       		.uleb128 0x1
 1096 000f 10       		.uleb128 0x10
 1097 0010 17       		.uleb128 0x17
 1098 0011 00       		.byte	0
 1099 0012 00       		.byte	0
 1100 0013 02       		.uleb128 0x2
 1101 0014 24       		.uleb128 0x24
 1102 0015 00       		.byte	0
 1103 0016 0B       		.uleb128 0xb
 1104 0017 0B       		.uleb128 0xb
ARM GAS  C:\Users\passw\AppData\Local\Temp\ccmbw9v3.s 			page 27


 1105 0018 3E       		.uleb128 0x3e
 1106 0019 0B       		.uleb128 0xb
 1107 001a 03       		.uleb128 0x3
 1108 001b 08       		.uleb128 0x8
 1109 001c 00       		.byte	0
 1110 001d 00       		.byte	0
 1111 001e 03       		.uleb128 0x3
 1112 001f 16       		.uleb128 0x16
 1113 0020 00       		.byte	0
 1114 0021 03       		.uleb128 0x3
 1115 0022 0E       		.uleb128 0xe
 1116 0023 3A       		.uleb128 0x3a
 1117 0024 0B       		.uleb128 0xb
 1118 0025 3B       		.uleb128 0x3b
 1119 0026 0B       		.uleb128 0xb
 1120 0027 49       		.uleb128 0x49
 1121 0028 13       		.uleb128 0x13
 1122 0029 00       		.byte	0
 1123 002a 00       		.byte	0
 1124 002b 04       		.uleb128 0x4
 1125 002c 24       		.uleb128 0x24
 1126 002d 00       		.byte	0
 1127 002e 0B       		.uleb128 0xb
 1128 002f 0B       		.uleb128 0xb
 1129 0030 3E       		.uleb128 0x3e
 1130 0031 0B       		.uleb128 0xb
 1131 0032 03       		.uleb128 0x3
 1132 0033 0E       		.uleb128 0xe
 1133 0034 00       		.byte	0
 1134 0035 00       		.byte	0
 1135 0036 05       		.uleb128 0x5
 1136 0037 0F       		.uleb128 0xf
 1137 0038 00       		.byte	0
 1138 0039 0B       		.uleb128 0xb
 1139 003a 0B       		.uleb128 0xb
 1140 003b 00       		.byte	0
 1141 003c 00       		.byte	0
 1142 003d 06       		.uleb128 0x6
 1143 003e 16       		.uleb128 0x16
 1144 003f 00       		.byte	0
 1145 0040 03       		.uleb128 0x3
 1146 0041 0E       		.uleb128 0xe
 1147 0042 3A       		.uleb128 0x3a
 1148 0043 0B       		.uleb128 0xb
 1149 0044 3B       		.uleb128 0x3b
 1150 0045 05       		.uleb128 0x5
 1151 0046 49       		.uleb128 0x49
 1152 0047 13       		.uleb128 0x13
 1153 0048 00       		.byte	0
 1154 0049 00       		.byte	0
 1155 004a 07       		.uleb128 0x7
 1156 004b 35       		.uleb128 0x35
 1157 004c 00       		.byte	0
 1158 004d 49       		.uleb128 0x49
 1159 004e 13       		.uleb128 0x13
 1160 004f 00       		.byte	0
 1161 0050 00       		.byte	0
ARM GAS  C:\Users\passw\AppData\Local\Temp\ccmbw9v3.s 			page 28


 1162 0051 08       		.uleb128 0x8
 1163 0052 13       		.uleb128 0x13
 1164 0053 01       		.byte	0x1
 1165 0054 0B       		.uleb128 0xb
 1166 0055 0B       		.uleb128 0xb
 1167 0056 3A       		.uleb128 0x3a
 1168 0057 0B       		.uleb128 0xb
 1169 0058 3B       		.uleb128 0x3b
 1170 0059 0B       		.uleb128 0xb
 1171 005a 01       		.uleb128 0x1
 1172 005b 13       		.uleb128 0x13
 1173 005c 00       		.byte	0
 1174 005d 00       		.byte	0
 1175 005e 09       		.uleb128 0x9
 1176 005f 0D       		.uleb128 0xd
 1177 0060 00       		.byte	0
 1178 0061 03       		.uleb128 0x3
 1179 0062 0E       		.uleb128 0xe
 1180 0063 3A       		.uleb128 0x3a
 1181 0064 0B       		.uleb128 0xb
 1182 0065 3B       		.uleb128 0x3b
 1183 0066 0B       		.uleb128 0xb
 1184 0067 49       		.uleb128 0x49
 1185 0068 13       		.uleb128 0x13
 1186 0069 38       		.uleb128 0x38
 1187 006a 0B       		.uleb128 0xb
 1188 006b 00       		.byte	0
 1189 006c 00       		.byte	0
 1190 006d 0A       		.uleb128 0xa
 1191 006e 2E       		.uleb128 0x2e
 1192 006f 01       		.byte	0x1
 1193 0070 03       		.uleb128 0x3
 1194 0071 0E       		.uleb128 0xe
 1195 0072 3A       		.uleb128 0x3a
 1196 0073 0B       		.uleb128 0xb
 1197 0074 3B       		.uleb128 0x3b
 1198 0075 0B       		.uleb128 0xb
 1199 0076 27       		.uleb128 0x27
 1200 0077 19       		.uleb128 0x19
 1201 0078 11       		.uleb128 0x11
 1202 0079 01       		.uleb128 0x1
 1203 007a 12       		.uleb128 0x12
 1204 007b 06       		.uleb128 0x6
 1205 007c 40       		.uleb128 0x40
 1206 007d 18       		.uleb128 0x18
 1207 007e 9642     		.uleb128 0x2116
 1208 0080 19       		.uleb128 0x19
 1209 0081 01       		.uleb128 0x1
 1210 0082 13       		.uleb128 0x13
 1211 0083 00       		.byte	0
 1212 0084 00       		.byte	0
 1213 0085 0B       		.uleb128 0xb
 1214 0086 05       		.uleb128 0x5
 1215 0087 00       		.byte	0
 1216 0088 03       		.uleb128 0x3
 1217 0089 08       		.uleb128 0x8
 1218 008a 3A       		.uleb128 0x3a
ARM GAS  C:\Users\passw\AppData\Local\Temp\ccmbw9v3.s 			page 29


 1219 008b 0B       		.uleb128 0xb
 1220 008c 3B       		.uleb128 0x3b
 1221 008d 0B       		.uleb128 0xb
 1222 008e 49       		.uleb128 0x49
 1223 008f 13       		.uleb128 0x13
 1224 0090 02       		.uleb128 0x2
 1225 0091 18       		.uleb128 0x18
 1226 0092 00       		.byte	0
 1227 0093 00       		.byte	0
 1228 0094 0C       		.uleb128 0xc
 1229 0095 05       		.uleb128 0x5
 1230 0096 00       		.byte	0
 1231 0097 03       		.uleb128 0x3
 1232 0098 0E       		.uleb128 0xe
 1233 0099 3A       		.uleb128 0x3a
 1234 009a 0B       		.uleb128 0xb
 1235 009b 3B       		.uleb128 0x3b
 1236 009c 0B       		.uleb128 0xb
 1237 009d 49       		.uleb128 0x49
 1238 009e 13       		.uleb128 0x13
 1239 009f 02       		.uleb128 0x2
 1240 00a0 18       		.uleb128 0x18
 1241 00a1 00       		.byte	0
 1242 00a2 00       		.byte	0
 1243 00a3 0D       		.uleb128 0xd
 1244 00a4 0F       		.uleb128 0xf
 1245 00a5 00       		.byte	0
 1246 00a6 0B       		.uleb128 0xb
 1247 00a7 0B       		.uleb128 0xb
 1248 00a8 49       		.uleb128 0x49
 1249 00a9 13       		.uleb128 0x13
 1250 00aa 00       		.byte	0
 1251 00ab 00       		.byte	0
 1252 00ac 0E       		.uleb128 0xe
 1253 00ad 26       		.uleb128 0x26
 1254 00ae 00       		.byte	0
 1255 00af 00       		.byte	0
 1256 00b0 00       		.byte	0
 1257 00b1 0F       		.uleb128 0xf
 1258 00b2 2E       		.uleb128 0x2e
 1259 00b3 01       		.byte	0x1
 1260 00b4 03       		.uleb128 0x3
 1261 00b5 0E       		.uleb128 0xe
 1262 00b6 3A       		.uleb128 0x3a
 1263 00b7 0B       		.uleb128 0xb
 1264 00b8 3B       		.uleb128 0x3b
 1265 00b9 0B       		.uleb128 0xb
 1266 00ba 27       		.uleb128 0x27
 1267 00bb 19       		.uleb128 0x19
 1268 00bc 11       		.uleb128 0x11
 1269 00bd 01       		.uleb128 0x1
 1270 00be 12       		.uleb128 0x12
 1271 00bf 06       		.uleb128 0x6
 1272 00c0 40       		.uleb128 0x40
 1273 00c1 18       		.uleb128 0x18
 1274 00c2 9742     		.uleb128 0x2117
 1275 00c4 19       		.uleb128 0x19
ARM GAS  C:\Users\passw\AppData\Local\Temp\ccmbw9v3.s 			page 30


 1276 00c5 01       		.uleb128 0x1
 1277 00c6 13       		.uleb128 0x13
 1278 00c7 00       		.byte	0
 1279 00c8 00       		.byte	0
 1280 00c9 10       		.uleb128 0x10
 1281 00ca 34       		.uleb128 0x34
 1282 00cb 00       		.byte	0
 1283 00cc 03       		.uleb128 0x3
 1284 00cd 08       		.uleb128 0x8
 1285 00ce 3A       		.uleb128 0x3a
 1286 00cf 0B       		.uleb128 0xb
 1287 00d0 3B       		.uleb128 0x3b
 1288 00d1 0B       		.uleb128 0xb
 1289 00d2 49       		.uleb128 0x49
 1290 00d3 13       		.uleb128 0x13
 1291 00d4 02       		.uleb128 0x2
 1292 00d5 18       		.uleb128 0x18
 1293 00d6 00       		.byte	0
 1294 00d7 00       		.byte	0
 1295 00d8 11       		.uleb128 0x11
 1296 00d9 0B       		.uleb128 0xb
 1297 00da 01       		.byte	0x1
 1298 00db 11       		.uleb128 0x11
 1299 00dc 01       		.uleb128 0x1
 1300 00dd 12       		.uleb128 0x12
 1301 00de 06       		.uleb128 0x6
 1302 00df 00       		.byte	0
 1303 00e0 00       		.byte	0
 1304 00e1 12       		.uleb128 0x12
 1305 00e2 34       		.uleb128 0x34
 1306 00e3 00       		.byte	0
 1307 00e4 03       		.uleb128 0x3
 1308 00e5 0E       		.uleb128 0xe
 1309 00e6 3A       		.uleb128 0x3a
 1310 00e7 0B       		.uleb128 0xb
 1311 00e8 3B       		.uleb128 0x3b
 1312 00e9 0B       		.uleb128 0xb
 1313 00ea 49       		.uleb128 0x49
 1314 00eb 13       		.uleb128 0x13
 1315 00ec 02       		.uleb128 0x2
 1316 00ed 18       		.uleb128 0x18
 1317 00ee 00       		.byte	0
 1318 00ef 00       		.byte	0
 1319 00f0 13       		.uleb128 0x13
 1320 00f1 26       		.uleb128 0x26
 1321 00f2 00       		.byte	0
 1322 00f3 49       		.uleb128 0x49
 1323 00f4 13       		.uleb128 0x13
 1324 00f5 00       		.byte	0
 1325 00f6 00       		.byte	0
 1326 00f7 14       		.uleb128 0x14
 1327 00f8 2E       		.uleb128 0x2e
 1328 00f9 00       		.byte	0
 1329 00fa 03       		.uleb128 0x3
 1330 00fb 0E       		.uleb128 0xe
 1331 00fc 3A       		.uleb128 0x3a
 1332 00fd 0B       		.uleb128 0xb
ARM GAS  C:\Users\passw\AppData\Local\Temp\ccmbw9v3.s 			page 31


 1333 00fe 3B       		.uleb128 0x3b
 1334 00ff 0B       		.uleb128 0xb
 1335 0100 27       		.uleb128 0x27
 1336 0101 19       		.uleb128 0x19
 1337 0102 11       		.uleb128 0x11
 1338 0103 01       		.uleb128 0x1
 1339 0104 12       		.uleb128 0x12
 1340 0105 06       		.uleb128 0x6
 1341 0106 40       		.uleb128 0x40
 1342 0107 18       		.uleb128 0x18
 1343 0108 9642     		.uleb128 0x2116
 1344 010a 19       		.uleb128 0x19
 1345 010b 00       		.byte	0
 1346 010c 00       		.byte	0
 1347 010d 15       		.uleb128 0x15
 1348 010e 2E       		.uleb128 0x2e
 1349 010f 00       		.byte	0
 1350 0110 03       		.uleb128 0x3
 1351 0111 0E       		.uleb128 0xe
 1352 0112 3A       		.uleb128 0x3a
 1353 0113 0B       		.uleb128 0xb
 1354 0114 3B       		.uleb128 0x3b
 1355 0115 0B       		.uleb128 0xb
 1356 0116 27       		.uleb128 0x27
 1357 0117 19       		.uleb128 0x19
 1358 0118 11       		.uleb128 0x11
 1359 0119 01       		.uleb128 0x1
 1360 011a 12       		.uleb128 0x12
 1361 011b 06       		.uleb128 0x6
 1362 011c 40       		.uleb128 0x40
 1363 011d 18       		.uleb128 0x18
 1364 011e 9742     		.uleb128 0x2117
 1365 0120 19       		.uleb128 0x19
 1366 0121 00       		.byte	0
 1367 0122 00       		.byte	0
 1368 0123 16       		.uleb128 0x16
 1369 0124 2E       		.uleb128 0x2e
 1370 0125 01       		.byte	0x1
 1371 0126 3F       		.uleb128 0x3f
 1372 0127 19       		.uleb128 0x19
 1373 0128 03       		.uleb128 0x3
 1374 0129 0E       		.uleb128 0xe
 1375 012a 3A       		.uleb128 0x3a
 1376 012b 0B       		.uleb128 0xb
 1377 012c 3B       		.uleb128 0x3b
 1378 012d 05       		.uleb128 0x5
 1379 012e 27       		.uleb128 0x27
 1380 012f 19       		.uleb128 0x19
 1381 0130 11       		.uleb128 0x11
 1382 0131 01       		.uleb128 0x1
 1383 0132 12       		.uleb128 0x12
 1384 0133 06       		.uleb128 0x6
 1385 0134 40       		.uleb128 0x40
 1386 0135 18       		.uleb128 0x18
 1387 0136 9642     		.uleb128 0x2116
 1388 0138 19       		.uleb128 0x19
 1389 0139 01       		.uleb128 0x1
ARM GAS  C:\Users\passw\AppData\Local\Temp\ccmbw9v3.s 			page 32


 1390 013a 13       		.uleb128 0x13
 1391 013b 00       		.byte	0
 1392 013c 00       		.byte	0
 1393 013d 17       		.uleb128 0x17
 1394 013e 34       		.uleb128 0x34
 1395 013f 00       		.byte	0
 1396 0140 03       		.uleb128 0x3
 1397 0141 0E       		.uleb128 0xe
 1398 0142 3A       		.uleb128 0x3a
 1399 0143 0B       		.uleb128 0xb
 1400 0144 3B       		.uleb128 0x3b
 1401 0145 05       		.uleb128 0x5
 1402 0146 49       		.uleb128 0x49
 1403 0147 13       		.uleb128 0x13
 1404 0148 02       		.uleb128 0x2
 1405 0149 18       		.uleb128 0x18
 1406 014a 00       		.byte	0
 1407 014b 00       		.byte	0
 1408 014c 18       		.uleb128 0x18
 1409 014d 13       		.uleb128 0x13
 1410 014e 01       		.byte	0x1
 1411 014f 0B       		.uleb128 0xb
 1412 0150 0B       		.uleb128 0xb
 1413 0151 3A       		.uleb128 0x3a
 1414 0152 0B       		.uleb128 0xb
 1415 0153 3B       		.uleb128 0x3b
 1416 0154 05       		.uleb128 0x5
 1417 0155 01       		.uleb128 0x1
 1418 0156 13       		.uleb128 0x13
 1419 0157 00       		.byte	0
 1420 0158 00       		.byte	0
 1421 0159 19       		.uleb128 0x19
 1422 015a 0D       		.uleb128 0xd
 1423 015b 00       		.byte	0
 1424 015c 03       		.uleb128 0x3
 1425 015d 0E       		.uleb128 0xe
 1426 015e 3A       		.uleb128 0x3a
 1427 015f 0B       		.uleb128 0xb
 1428 0160 3B       		.uleb128 0x3b
 1429 0161 05       		.uleb128 0x5
 1430 0162 49       		.uleb128 0x49
 1431 0163 13       		.uleb128 0x13
 1432 0164 38       		.uleb128 0x38
 1433 0165 0B       		.uleb128 0xb
 1434 0166 00       		.byte	0
 1435 0167 00       		.byte	0
 1436 0168 1A       		.uleb128 0x1a
 1437 0169 01       		.uleb128 0x1
 1438 016a 01       		.byte	0x1
 1439 016b 49       		.uleb128 0x49
 1440 016c 13       		.uleb128 0x13
 1441 016d 01       		.uleb128 0x1
 1442 016e 13       		.uleb128 0x13
 1443 016f 00       		.byte	0
 1444 0170 00       		.byte	0
 1445 0171 1B       		.uleb128 0x1b
 1446 0172 21       		.uleb128 0x21
ARM GAS  C:\Users\passw\AppData\Local\Temp\ccmbw9v3.s 			page 33


 1447 0173 00       		.byte	0
 1448 0174 49       		.uleb128 0x49
 1449 0175 13       		.uleb128 0x13
 1450 0176 2F       		.uleb128 0x2f
 1451 0177 0B       		.uleb128 0xb
 1452 0178 00       		.byte	0
 1453 0179 00       		.byte	0
 1454 017a 1C       		.uleb128 0x1c
 1455 017b 34       		.uleb128 0x34
 1456 017c 00       		.byte	0
 1457 017d 03       		.uleb128 0x3
 1458 017e 08       		.uleb128 0x8
 1459 017f 3A       		.uleb128 0x3a
 1460 0180 0B       		.uleb128 0xb
 1461 0181 3B       		.uleb128 0x3b
 1462 0182 05       		.uleb128 0x5
 1463 0183 49       		.uleb128 0x49
 1464 0184 13       		.uleb128 0x13
 1465 0185 02       		.uleb128 0x2
 1466 0186 18       		.uleb128 0x18
 1467 0187 00       		.byte	0
 1468 0188 00       		.byte	0
 1469 0189 00       		.byte	0
 1470              		.section	.debug_aranges,"",%progbits
 1471 0000 4C000000 		.4byte	0x4c
 1472 0004 0200     		.2byte	0x2
 1473 0006 00000000 		.4byte	.Ldebug_info0
 1474 000a 04       		.byte	0x4
 1475 000b 00       		.byte	0
 1476 000c 0000     		.2byte	0
 1477 000e 0000     		.2byte	0
 1478 0010 00000000 		.4byte	.LFB2
 1479 0014 1E000000 		.4byte	.LFE2-.LFB2
 1480 0018 00000000 		.4byte	.LFB3
 1481 001c 22000000 		.4byte	.LFE3-.LFB3
 1482 0020 00000000 		.4byte	.LFB4
 1483 0024 22000000 		.4byte	.LFE4-.LFB4
 1484 0028 00000000 		.4byte	.LFB5
 1485 002c 80000000 		.4byte	.LFE5-.LFB5
 1486 0030 00000000 		.4byte	.LFB6
 1487 0034 E0000000 		.4byte	.LFE6-.LFB6
 1488 0038 00000000 		.4byte	.LFB7
 1489 003c 48000000 		.4byte	.LFE7-.LFB7
 1490 0040 E0000000 		.4byte	.LFB8
 1491 0044 60010000 		.4byte	.LFE8-.LFB8
 1492 0048 00000000 		.4byte	0
 1493 004c 00000000 		.4byte	0
 1494              		.section	.debug_ranges,"",%progbits
 1495              	.Ldebug_ranges0:
 1496 0000 00000000 		.4byte	.LFB2
 1497 0004 1E000000 		.4byte	.LFE2
 1498 0008 00000000 		.4byte	.LFB3
 1499 000c 22000000 		.4byte	.LFE3
 1500 0010 00000000 		.4byte	.LFB4
 1501 0014 22000000 		.4byte	.LFE4
 1502 0018 00000000 		.4byte	.LFB5
 1503 001c 80000000 		.4byte	.LFE5
ARM GAS  C:\Users\passw\AppData\Local\Temp\ccmbw9v3.s 			page 34


 1504 0020 00000000 		.4byte	.LFB6
 1505 0024 E0000000 		.4byte	.LFE6
 1506 0028 00000000 		.4byte	.LFB7
 1507 002c 48000000 		.4byte	.LFE7
 1508 0030 E0000000 		.4byte	.LFB8
 1509 0034 40020000 		.4byte	.LFE8
 1510 0038 00000000 		.4byte	0
 1511 003c 00000000 		.4byte	0
 1512              		.section	.debug_line,"",%progbits
 1513              	.Ldebug_line0:
 1514 0000 A2010000 		.section	.debug_str,"MS",%progbits,1
 1514      0200CD00 
 1514      00000201 
 1514      FB0E0D00 
 1514      01010101 
 1515              	.LASF18:
 1516 0000 72656733 		.ascii	"reg32\000"
 1516      3200
 1517              	.LASF11:
 1518 0006 73697A65 		.ascii	"size_t\000"
 1518      5F7400
 1519              	.LASF32:
 1520 000d 416E616C 		.ascii	"AnalogSetDefault\000"
 1520      6F675365 
 1520      74446566 
 1520      61756C74 
 1520      00
 1521              	.LASF20:
 1522 001e 76616C75 		.ascii	"value\000"
 1522      6500
 1523              	.LASF30:
 1524 0024 636F756E 		.ascii	"count\000"
 1524      7400
 1525              	.LASF31:
 1526 002a 436C6F63 		.ascii	"ClockSetup\000"
 1526      6B536574 
 1526      757000
 1527              	.LASF33:
 1528 0035 63795F63 		.ascii	"cy_cfg_addr_table\000"
 1528      66675F61 
 1528      6464725F 
 1528      7461626C 
 1528      6500
 1529              	.LASF34:
 1530 0047 63795F63 		.ascii	"cy_cfg_data_table\000"
 1530      66675F64 
 1530      6174615F 
 1530      7461626C 
 1530      6500
 1531              	.LASF15:
 1532 0059 666C6F61 		.ascii	"float\000"
 1532      7400
 1533              	.LASF24:
 1534 005f 64657374 		.ascii	"dest\000"
 1534      00
 1535              	.LASF41:
 1536 0064 433A5C55 		.ascii	"C:\\Users\\passw\\Desktop\\Det pisse meget rigtigt!"
ARM GAS  C:\Users\passw\AppData\Local\Temp\ccmbw9v3.s 			page 35


 1536      73657273 
 1536      5C706173 
 1536      73775C44 
 1536      65736B74 
 1537 0093 5C414443 		.ascii	"\\ADC_med_filtre.cydsn\000"
 1537      5F6D6564 
 1537      5F66696C 
 1537      7472652E 
 1537      63796473 
 1538              	.LASF38:
 1539 00a9 6366675F 		.ascii	"cfg_memset_list\000"
 1539      6D656D73 
 1539      65745F6C 
 1539      69737400 
 1540              	.LASF36:
 1541 00b9 73697A65 		.ascii	"size\000"
 1541      00
 1542              	.LASF17:
 1543 00be 72656738 		.ascii	"reg8\000"
 1543      00
 1544              	.LASF6:
 1545 00c3 6C6F6E67 		.ascii	"long unsigned int\000"
 1545      20756E73 
 1545      69676E65 
 1545      6420696E 
 1545      7400
 1546              	.LASF12:
 1547 00d5 75696E74 		.ascii	"uint8\000"
 1547      3800
 1548              	.LASF22:
 1549 00db 43594D45 		.ascii	"CYMEMZERO\000"
 1549      4D5A4552 
 1549      4F00
 1550              	.LASF2:
 1551 00e5 756E7369 		.ascii	"unsigned char\000"
 1551      676E6564 
 1551      20636861 
 1551      7200
 1552              	.LASF16:
 1553 00f3 646F7562 		.ascii	"double\000"
 1553      6C6500
 1554              	.LASF26:
 1555 00fa 6366675F 		.ascii	"cfg_write_bytes32\000"
 1555      77726974 
 1555      655F6279 
 1555      74657333 
 1555      3200
 1556              	.LASF42:
 1557 010c 63796669 		.ascii	"cyfitter_cfg\000"
 1557      74746572 
 1557      5F636667 
 1557      00
 1558              	.LASF27:
 1559 0119 61646472 		.ascii	"addr_table\000"
 1559      5F746162 
 1559      6C6500
 1560              	.LASF13:
ARM GAS  C:\Users\passw\AppData\Local\Temp\ccmbw9v3.s 			page 36


 1561 0124 75696E74 		.ascii	"uint16\000"
 1561      313600
 1562              	.LASF28:
 1563 012b 64617461 		.ascii	"data_table\000"
 1563      5F746162 
 1563      6C6500
 1564              	.LASF14:
 1565 0136 75696E74 		.ascii	"uint32\000"
 1565      333200
 1566              	.LASF39:
 1567 013d 474E5520 		.ascii	"GNU C 4.9.3 20150303 (release) [ARM/embedded-4_9-br"
 1567      4320342E 
 1567      392E3320 
 1567      32303135 
 1567      30333033 
 1568 0170 616E6368 		.ascii	"anch revision 221220] -mcpu=cortex-m0 -mthumb -g -O"
 1568      20726576 
 1568      6973696F 
 1568      6E203232 
 1568      31323230 
 1569 01a3 30202D66 		.ascii	"0 -ffunction-sections -ffat-lto-objects\000"
 1569      66756E63 
 1569      74696F6E 
 1569      2D736563 
 1569      74696F6E 
 1570              	.LASF0:
 1571 01cb 756E7369 		.ascii	"unsigned int\000"
 1571      676E6564 
 1571      20696E74 
 1571      00
 1572              	.LASF35:
 1573 01d8 61646472 		.ascii	"address\000"
 1573      65737300 
 1574              	.LASF8:
 1575 01e0 6C6F6E67 		.ascii	"long long unsigned int\000"
 1575      206C6F6E 
 1575      6720756E 
 1575      7369676E 
 1575      65642069 
 1576              	.LASF37:
 1577 01f7 6366675F 		.ascii	"cfg_memset_t\000"
 1577      6D656D73 
 1577      65745F74 
 1577      00
 1578              	.LASF29:
 1579 0204 62617365 		.ascii	"baseAddr\000"
 1579      41646472 
 1579      00
 1580              	.LASF9:
 1581 020d 73697A65 		.ascii	"sizetype\000"
 1581      74797065 
 1581      00
 1582              	.LASF40:
 1583 0216 2E5C4765 		.ascii	".\\Generated_Source\\PSoC4\\cyfitter_cfg.c\000"
 1583      6E657261 
 1583      7465645F 
 1583      536F7572 
ARM GAS  C:\Users\passw\AppData\Local\Temp\ccmbw9v3.s 			page 37


 1583      63655C50 
 1584              	.LASF7:
 1585 023e 6C6F6E67 		.ascii	"long long int\000"
 1585      206C6F6E 
 1585      6720696E 
 1585      7400
 1586              	.LASF10:
 1587 024c 63686172 		.ascii	"char\000"
 1587      00
 1588              	.LASF21:
 1589 0251 63795F63 		.ascii	"cy_cfg_addrvalue_t\000"
 1589      66675F61 
 1589      64647276 
 1589      616C7565 
 1589      5F7400
 1590              	.LASF19:
 1591 0264 6F666673 		.ascii	"offset\000"
 1591      657400
 1592              	.LASF3:
 1593 026b 73686F72 		.ascii	"short int\000"
 1593      7420696E 
 1593      7400
 1594              	.LASF5:
 1595 0275 6C6F6E67 		.ascii	"long int\000"
 1595      20696E74 
 1595      00
 1596              	.LASF1:
 1597 027e 7369676E 		.ascii	"signed char\000"
 1597      65642063 
 1597      68617200 
 1598              	.LASF4:
 1599 028a 73686F72 		.ascii	"short unsigned int\000"
 1599      7420756E 
 1599      7369676E 
 1599      65642069 
 1599      6E7400
 1600              	.LASF25:
 1601 029d 4359434F 		.ascii	"CYCONFIGCPYCODE\000"
 1601      4E464947 
 1601      43505943 
 1601      4F444500 
 1602              	.LASF23:
 1603 02ad 4359434F 		.ascii	"CYCONFIGCPY\000"
 1603      4E464947 
 1603      43505900 
 1604              		.ident	"GCC: (GNU Tools for ARM Embedded Processors) 4.9.3 20150303 (release) [ARM/embedded-4_9-br
