ARM GAS  C:\Users\passw\AppData\Local\Temp\ccqHEPRP.s 			page 1


   1              		.cpu cortex-m0
   2              		.fpu softvfp
   3              		.eabi_attribute 20, 1
   4              		.eabi_attribute 21, 1
   5              		.eabi_attribute 23, 3
   6              		.eabi_attribute 24, 1
   7              		.eabi_attribute 25, 1
   8              		.eabi_attribute 26, 1
   9              		.eabi_attribute 30, 6
  10              		.eabi_attribute 34, 0
  11              		.eabi_attribute 18, 4
  12              		.code	16
  13              		.file	"main.c"
  14              		.text
  15              	.Ltext0:
  16              		.cfi_sections	.debug_frame
  17              		.global	x_mavg
  18              		.bss
  19              		.align	3
  20              		.type	x_mavg, %object
  21              		.size	x_mavg, 80
  22              	x_mavg:
  23 0000 00000000 		.space	80
  23      00000000 
  23      00000000 
  23      00000000 
  23      00000000 
  24              		.global	y_mavg
  25              		.align	3
  26              		.type	y_mavg, %object
  27              		.size	y_mavg, 8
  28              	y_mavg:
  29 0050 00000000 		.space	8
  29      00000000 
  30              		.global	b_mavg
  31              		.data
  32              		.align	3
  33              		.type	b_mavg, %object
  34              		.size	b_mavg, 80
  35              	b_mavg:
  36 0000 9A999999 		.word	-1717986918
  37 0004 9999B93F 		.word	1069128089
  38 0008 9A999999 		.word	-1717986918
  39 000c 9999B93F 		.word	1069128089
  40 0010 9A999999 		.word	-1717986918
  41 0014 9999B93F 		.word	1069128089
  42 0018 9A999999 		.word	-1717986918
  43 001c 9999B93F 		.word	1069128089
  44 0020 9A999999 		.word	-1717986918
  45 0024 9999B93F 		.word	1069128089
  46 0028 9A999999 		.word	-1717986918
  47 002c 9999B93F 		.word	1069128089
  48 0030 9A999999 		.word	-1717986918
  49 0034 9999B93F 		.word	1069128089
  50 0038 9A999999 		.word	-1717986918
  51 003c 9999B93F 		.word	1069128089
  52 0040 9A999999 		.word	-1717986918
ARM GAS  C:\Users\passw\AppData\Local\Temp\ccqHEPRP.s 			page 2


  53 0044 9999B93F 		.word	1069128089
  54 0048 9A999999 		.word	-1717986918
  55 004c 9999B93F 		.word	1069128089
  56              		.global	x2_mavg
  57              		.bss
  58              		.align	3
  59              		.type	x2_mavg, %object
  60              		.size	x2_mavg, 80
  61              	x2_mavg:
  62 0058 00000000 		.space	80
  62      00000000 
  62      00000000 
  62      00000000 
  62      00000000 
  63              		.global	y2_mavg
  64              		.align	3
  65              		.type	y2_mavg, %object
  66              		.size	y2_mavg, 8
  67              	y2_mavg:
  68 00a8 00000000 		.space	8
  68      00000000 
  69              		.global	b2_mavg
  70              		.data
  71              		.align	3
  72              		.type	b2_mavg, %object
  73              		.size	b2_mavg, 80
  74              	b2_mavg:
  75 0050 9A999999 		.word	-1717986918
  76 0054 9999B93F 		.word	1069128089
  77 0058 9A999999 		.word	-1717986918
  78 005c 9999B93F 		.word	1069128089
  79 0060 9A999999 		.word	-1717986918
  80 0064 9999B93F 		.word	1069128089
  81 0068 9A999999 		.word	-1717986918
  82 006c 9999B93F 		.word	1069128089
  83 0070 9A999999 		.word	-1717986918
  84 0074 9999B93F 		.word	1069128089
  85 0078 9A999999 		.word	-1717986918
  86 007c 9999B93F 		.word	1069128089
  87 0080 9A999999 		.word	-1717986918
  88 0084 9999B93F 		.word	1069128089
  89 0088 9A999999 		.word	-1717986918
  90 008c 9999B93F 		.word	1069128089
  91 0090 9A999999 		.word	-1717986918
  92 0094 9999B93F 		.word	1069128089
  93 0098 9A999999 		.word	-1717986918
  94 009c 9999B93F 		.word	1069128089
  95              		.global	x_low
  96              		.bss
  97              		.align	3
  98              		.type	x_low, %object
  99              		.size	x_low, 24
 100              	x_low:
 101 00b0 00000000 		.space	24
 101      00000000 
 101      00000000 
 101      00000000 
ARM GAS  C:\Users\passw\AppData\Local\Temp\ccqHEPRP.s 			page 3


 101      00000000 
 102              		.global	y_low
 103              		.align	3
 104              		.type	y_low, %object
 105              		.size	y_low, 24
 106              	y_low:
 107 00c8 00000000 		.space	24
 107      00000000 
 107      00000000 
 107      00000000 
 107      00000000 
 108              		.global	b_low
 109              		.data
 110              		.align	3
 111              		.type	b_low, %object
 112              		.size	b_low, 24
 113              	b_low:
 114 00a0 BE30992A 		.word	714682558
 115 00a4 1895943F 		.word	1066702104
 116 00a8 BE30992A 		.word	714682558
 117 00ac 1895A43F 		.word	1067750680
 118 00b0 BE30992A 		.word	714682558
 119 00b4 1895943F 		.word	1066702104
 120              		.global	a_low
 121              		.align	3
 122              		.type	a_low, %object
 123              		.size	a_low, 24
 124              	a_low:
 125 00b8 00000000 		.word	0
 126 00bc 0000F03F 		.word	1072693248
 127 00c0 60E5D022 		.word	584115552
 128 00c4 DBF9F8BF 		.word	-1074202149
 129 00c8 D8F0F44A 		.word	1257566424
 130 00cc 5986E43F 		.word	1071941209
 131              		.global	current_byte
 132              		.bss
 133              		.type	current_byte, %object
 134              		.size	current_byte, 1
 135              	current_byte:
 136 00e0 00       		.space	1
 137              		.comm	value_in,2,2
 138              		.global	value_out
 139 00e1 000000   		.align	2
 140              		.type	value_out, %object
 141              		.size	value_out, 4
 142              	value_out:
 143 00e4 00000000 		.space	4
 144              		.global	i
 145              		.align	1
 146              		.type	i, %object
 147              		.size	i, 2
 148              	i:
 149 00e8 0000     		.space	2
 150              		.global	j
 151              		.align	1
 152              		.type	j, %object
 153              		.size	j, 2
ARM GAS  C:\Users\passw\AppData\Local\Temp\ccqHEPRP.s 			page 4


 154              	j:
 155 00ea 0000     		.space	2
 156              		.comm	avg_new,2,2
 157              		.global	FirstCall
 158              		.data
 159              		.type	FirstCall, %object
 160              		.size	FirstCall, 1
 161              	FirstCall:
 162 00d0 01       		.byte	1
 163              		.global	result
 164 00d1 00000000 		.bss
 164      000000
 165              		.align	2
 166              		.type	result, %object
 167              		.size	result, 4
 168              	result:
 169 00ec 00000000 		.space	4
 170              		.global	data_ready
 171              		.type	data_ready, %object
 172              		.size	data_ready, 1
 173              	data_ready:
 174 00f0 00       		.space	1
 175              		.global	__aeabi_dcmpgt
 176              		.global	__aeabi_dadd
 177              		.global	__aeabi_d2iz
 178              		.global	__aeabi_dsub
 179 00f1 00000000 		.section	.text.floor_and_convert,"ax",%progbits
 179      000000
 180              		.align	2
 181              		.global	floor_and_convert
 182              		.code	16
 183              		.thumb_func
 184              		.type	floor_and_convert, %function
 185              	floor_and_convert:
 186              	.LFB37:
 187              		.file 1 ".\\main.c"
   1:.\main.c      **** #include <project.h>
   2:.\main.c      **** #include <my_defines.h>
   3:.\main.c      **** #include <stdlib.h>
   4:.\main.c      **** 
   5:.\main.c      **** #define LOWBYTE 0                                   // Used to toggle between HIGH byte and LOW byt
   6:.\main.c      **** #define HIGHBYTE 1                                  // Used to toggle between HIGH byte and LOW byt
   7:.\main.c      **** #define FALSE 0
   8:.\main.c      **** #define TRUE 1
   9:.\main.c      **** 
  10:.\main.c      **** /* Moving average filter */ 
  11:.\main.c      **** #define FILTER_LENGTH_mavg 9
  12:.\main.c      **** //int y[2] = {0,0};
  13:.\main.c      **** double x_mavg[FILTER_LENGTH_mavg+1] = {0,0,0,0,0,0,0,0,0,0};
  14:.\main.c      **** double y_mavg = 0;
  15:.\main.c      **** double b_mavg[FILTER_LENGTH_mavg+1] = {0.1,0.1,0.1,0.1,0.1,0.1,0.1,0.1,0.1,0.1};
  16:.\main.c      **** 
  17:.\main.c      **** /* Moving average filter 2 */
  18:.\main.c      **** #define FILTER_LENGTH_mavg2 9
  19:.\main.c      **** //int y2[2] = {0,0};
  20:.\main.c      **** double x2_mavg[FILTER_LENGTH_mavg2+1] = {0,0,0,0,0,0,0,0,0,0};
  21:.\main.c      **** double y2_mavg = 0;
ARM GAS  C:\Users\passw\AppData\Local\Temp\ccqHEPRP.s 			page 5


  22:.\main.c      **** double b2_mavg[FILTER_LENGTH_mavg2+1] = {0.1,0.1,0.1,0.1,0.1,0.1,0.1,0.1,0.1,0.1};
  23:.\main.c      **** 
  24:.\main.c      **** /* Lavpas filter*/
  25:.\main.c      **** #define FILTER_LENGTH_low 2
  26:.\main.c      **** double x_low[FILTER_LENGTH_low+1] = {0, 0, 0};
  27:.\main.c      **** double y_low[FILTER_LENGTH_low+1] = {0, 0, 0};
  28:.\main.c      **** double b_low[FILTER_LENGTH_low+1] = {0.0201, 0.0402, 0.0201};
  29:.\main.c      **** double a_low[FILTER_LENGTH_low+1] = {1.0000, -1.5610, 0.6414};
  30:.\main.c      **** 
  31:.\main.c      **** char current_byte = LOWBYTE;                        // Receive LOW byte first as default
  32:.\main.c      **** int16 value_in,value_out[2]={0,0},i=0,j=0, avg_new; 
  33:.\main.c      **** char FirstCall = TRUE;
  34:.\main.c      **** 
  35:.\main.c      **** int16 result[num_of_channels] = {0};
  36:.\main.c      **** uint8 data_ready = FALSE;
  37:.\main.c      **** 
  38:.\main.c      **** /***********************************Konvertering til heltal***********************************/
  39:.\main.c      **** signed int floor_and_convert(double y)
  40:.\main.c      **** {
 188              		.loc 1 40 0
 189              		.cfi_startproc
 190 0000 90B5     		push	{r4, r7, lr}
 191              		.cfi_def_cfa_offset 12
 192              		.cfi_offset 4, -12
 193              		.cfi_offset 7, -8
 194              		.cfi_offset 14, -4
 195 0002 83B0     		sub	sp, sp, #12
 196              		.cfi_def_cfa_offset 24
 197 0004 00AF     		add	r7, sp, #0
 198              		.cfi_def_cfa_register 7
 199 0006 3860     		str	r0, [r7]
 200 0008 7960     		str	r1, [r7, #4]
  41:.\main.c      ****    if (y > 0)
 201              		.loc 1 41 0
 202 000a 3868     		ldr	r0, [r7]
 203 000c 7968     		ldr	r1, [r7, #4]
 204 000e 0022     		mov	r2, #0
 205 0010 0023     		mov	r3, #0
 206 0012 FFF7FEFF 		bl	__aeabi_dcmpgt
 207 0016 031E     		sub	r3, r0, #0
 208 0018 0DD0     		beq	.L6
  42:.\main.c      ****       return (signed int) (y+0.5);
 209              		.loc 1 42 0
 210 001a 3868     		ldr	r0, [r7]
 211 001c 7968     		ldr	r1, [r7, #4]
 212 001e 0022     		mov	r2, #0
 213 0020 0D4B     		ldr	r3, .L7
 214 0022 FFF7FEFF 		bl	__aeabi_dadd
 215 0026 031C     		mov	r3, r0
 216 0028 0C1C     		mov	r4, r1
 217 002a 181C     		mov	r0, r3
 218 002c 211C     		mov	r1, r4
 219 002e FFF7FEFF 		bl	__aeabi_d2iz
 220 0032 031C     		mov	r3, r0
 221 0034 0CE0     		b	.L4
 222              	.L6:
  43:.\main.c      ****    else
ARM GAS  C:\Users\passw\AppData\Local\Temp\ccqHEPRP.s 			page 6


  44:.\main.c      ****       return (signed int) (y-0.5);
 223              		.loc 1 44 0
 224 0036 3868     		ldr	r0, [r7]
 225 0038 7968     		ldr	r1, [r7, #4]
 226 003a 0022     		mov	r2, #0
 227 003c 064B     		ldr	r3, .L7
 228 003e FFF7FEFF 		bl	__aeabi_dsub
 229 0042 031C     		mov	r3, r0
 230 0044 0C1C     		mov	r4, r1
 231 0046 181C     		mov	r0, r3
 232 0048 211C     		mov	r1, r4
 233 004a FFF7FEFF 		bl	__aeabi_d2iz
 234 004e 031C     		mov	r3, r0
 235              	.L4:
  45:.\main.c      **** }
 236              		.loc 1 45 0
 237 0050 181C     		mov	r0, r3
 238 0052 BD46     		mov	sp, r7
 239 0054 03B0     		add	sp, sp, #12
 240              		@ sp needed
 241 0056 90BD     		pop	{r4, r7, pc}
 242              	.L8:
 243              		.align	2
 244              	.L7:
 245 0058 0000E03F 		.word	1071644672
 246              		.cfi_endproc
 247              	.LFE37:
 248              		.size	floor_and_convert, .-floor_and_convert
 249              		.global	__aeabi_i2d
 250              		.global	__aeabi_dmul
 251              		.section	.text.mavg_filter,"ax",%progbits
 252              		.align	2
 253              		.global	mavg_filter
 254              		.code	16
 255              		.thumb_func
 256              		.type	mavg_filter, %function
 257              	mavg_filter:
 258              	.LFB38:
  46:.\main.c      **** 
  47:.\main.c      **** /***********************************Moving average filter***********************************/
  48:.\main.c      **** signed int mavg_filter(signed int data)
  49:.\main.c      **** {
 259              		.loc 1 49 0
 260              		.cfi_startproc
 261 0000 90B5     		push	{r4, r7, lr}
 262              		.cfi_def_cfa_offset 12
 263              		.cfi_offset 4, -12
 264              		.cfi_offset 7, -8
 265              		.cfi_offset 14, -4
 266 0002 83B0     		sub	sp, sp, #12
 267              		.cfi_def_cfa_offset 24
 268 0004 00AF     		add	r7, sp, #0
 269              		.cfi_def_cfa_register 7
 270 0006 7860     		str	r0, [r7, #4]
  50:.\main.c      ****    x_mavg[0] =  (double) data;      // Read received sample and perform type casts
 271              		.loc 1 50 0
 272 0008 7868     		ldr	r0, [r7, #4]
ARM GAS  C:\Users\passw\AppData\Local\Temp\ccqHEPRP.s 			page 7


 273 000a FFF7FEFF 		bl	__aeabi_i2d
 274 000e 031C     		mov	r3, r0
 275 0010 0C1C     		mov	r4, r1
 276 0012 384A     		ldr	r2, .L15
 277 0014 1360     		str	r3, [r2]
 278 0016 5460     		str	r4, [r2, #4]
  51:.\main.c      ****    
  52:.\main.c      ****    y_mavg = 0;
 279              		.loc 1 52 0
 280 0018 374A     		ldr	r2, .L15+4
 281 001a 0023     		mov	r3, #0
 282 001c 0024     		mov	r4, #0
 283 001e 1360     		str	r3, [r2]
 284 0020 5460     		str	r4, [r2, #4]
  53:.\main.c      ****    for(i = 0;i <= FILTER_LENGTH_mavg;i++)           // Run FIR filter for each received sample
 285              		.loc 1 53 0
 286 0022 364B     		ldr	r3, .L15+8
 287 0024 0022     		mov	r2, #0
 288 0026 1A80     		strh	r2, [r3]
 289 0028 30E0     		b	.L10
 290              	.L11:
  54:.\main.c      ****    {
  55:.\main.c      ****       y_mavg += b_mavg[i]*x_mavg[i];
 291              		.loc 1 55 0 discriminator 3
 292 002a 344B     		ldr	r3, .L15+8
 293 002c 1B88     		ldrh	r3, [r3]
 294 002e 1BB2     		sxth	r3, r3
 295 0030 334A     		ldr	r2, .L15+12
 296 0032 DB00     		lsl	r3, r3, #3
 297 0034 D318     		add	r3, r2, r3
 298 0036 1968     		ldr	r1, [r3]
 299 0038 5A68     		ldr	r2, [r3, #4]
 300 003a 304B     		ldr	r3, .L15+8
 301 003c 1B88     		ldrh	r3, [r3]
 302 003e 1BB2     		sxth	r3, r3
 303 0040 2C48     		ldr	r0, .L15
 304 0042 DB00     		lsl	r3, r3, #3
 305 0044 C318     		add	r3, r0, r3
 306 0046 5C68     		ldr	r4, [r3, #4]
 307 0048 1B68     		ldr	r3, [r3]
 308 004a 081C     		mov	r0, r1
 309 004c 111C     		mov	r1, r2
 310 004e 1A1C     		mov	r2, r3
 311 0050 231C     		mov	r3, r4
 312 0052 FFF7FEFF 		bl	__aeabi_dmul
 313 0056 031C     		mov	r3, r0
 314 0058 0C1C     		mov	r4, r1
 315 005a 191C     		mov	r1, r3
 316 005c 221C     		mov	r2, r4
 317 005e 264B     		ldr	r3, .L15+4
 318 0060 5C68     		ldr	r4, [r3, #4]
 319 0062 1B68     		ldr	r3, [r3]
 320 0064 081C     		mov	r0, r1
 321 0066 111C     		mov	r1, r2
 322 0068 1A1C     		mov	r2, r3
 323 006a 231C     		mov	r3, r4
 324 006c FFF7FEFF 		bl	__aeabi_dadd
ARM GAS  C:\Users\passw\AppData\Local\Temp\ccqHEPRP.s 			page 8


 325 0070 031C     		mov	r3, r0
 326 0072 0C1C     		mov	r4, r1
 327 0074 204A     		ldr	r2, .L15+4
 328 0076 1360     		str	r3, [r2]
 329 0078 5460     		str	r4, [r2, #4]
  53:.\main.c      ****    for(i = 0;i <= FILTER_LENGTH_mavg;i++)           // Run FIR filter for each received sample
 330              		.loc 1 53 0 discriminator 3
 331 007a 204B     		ldr	r3, .L15+8
 332 007c 1B88     		ldrh	r3, [r3]
 333 007e 9BB2     		uxth	r3, r3
 334 0080 9BB2     		uxth	r3, r3
 335 0082 0133     		add	r3, r3, #1
 336 0084 9BB2     		uxth	r3, r3
 337 0086 9AB2     		uxth	r2, r3
 338 0088 1C4B     		ldr	r3, .L15+8
 339 008a 1A80     		strh	r2, [r3]
 340              	.L10:
  53:.\main.c      ****    for(i = 0;i <= FILTER_LENGTH_mavg;i++)           // Run FIR filter for each received sample
 341              		.loc 1 53 0 is_stmt 0 discriminator 1
 342 008c 1B4B     		ldr	r3, .L15+8
 343 008e 1B88     		ldrh	r3, [r3]
 344 0090 1BB2     		sxth	r3, r3
 345 0092 092B     		cmp	r3, #9
 346 0094 C9DD     		ble	.L11
  56:.\main.c      ****    } 
  57:.\main.c      ****    
  58:.\main.c      ****    for(i = FILTER_LENGTH_mavg-1;i >= 0;i--)         // Roll x array in order to hold old sample inp
 347              		.loc 1 58 0 is_stmt 1
 348 0096 194B     		ldr	r3, .L15+8
 349 0098 0822     		mov	r2, #8
 350 009a 1A80     		strh	r2, [r3]
 351 009c 19E0     		b	.L12
 352              	.L13:
  59:.\main.c      ****    {
  60:.\main.c      ****       x_mavg[i+1] = x_mavg[i];
 353              		.loc 1 60 0 discriminator 3
 354 009e 174B     		ldr	r3, .L15+8
 355 00a0 1B88     		ldrh	r3, [r3]
 356 00a2 1BB2     		sxth	r3, r3
 357 00a4 5A1C     		add	r2, r3, #1
 358 00a6 154B     		ldr	r3, .L15+8
 359 00a8 1B88     		ldrh	r3, [r3]
 360 00aa 1BB2     		sxth	r3, r3
 361 00ac 1149     		ldr	r1, .L15
 362 00ae DB00     		lsl	r3, r3, #3
 363 00b0 CB18     		add	r3, r1, r3
 364 00b2 5C68     		ldr	r4, [r3, #4]
 365 00b4 1B68     		ldr	r3, [r3]
 366 00b6 0F49     		ldr	r1, .L15
 367 00b8 D200     		lsl	r2, r2, #3
 368 00ba 8A18     		add	r2, r1, r2
 369 00bc 1360     		str	r3, [r2]
 370 00be 5460     		str	r4, [r2, #4]
  58:.\main.c      ****    {
 371              		.loc 1 58 0 discriminator 3
 372 00c0 0E4B     		ldr	r3, .L15+8
 373 00c2 1B88     		ldrh	r3, [r3]
ARM GAS  C:\Users\passw\AppData\Local\Temp\ccqHEPRP.s 			page 9


 374 00c4 9BB2     		uxth	r3, r3
 375 00c6 9BB2     		uxth	r3, r3
 376 00c8 013B     		sub	r3, r3, #1
 377 00ca 9BB2     		uxth	r3, r3
 378 00cc 9AB2     		uxth	r2, r3
 379 00ce 0B4B     		ldr	r3, .L15+8
 380 00d0 1A80     		strh	r2, [r3]
 381              	.L12:
  58:.\main.c      ****    {
 382              		.loc 1 58 0 is_stmt 0 discriminator 1
 383 00d2 0A4B     		ldr	r3, .L15+8
 384 00d4 1B88     		ldrh	r3, [r3]
 385 00d6 1BB2     		sxth	r3, r3
 386 00d8 002B     		cmp	r3, #0
 387 00da E0DA     		bge	.L13
  61:.\main.c      ****    }
  62:.\main.c      ****       
  63:.\main.c      ****    return (signed int) y_mavg;
 388              		.loc 1 63 0 is_stmt 1
 389 00dc 064B     		ldr	r3, .L15+4
 390 00de 5C68     		ldr	r4, [r3, #4]
 391 00e0 1B68     		ldr	r3, [r3]
 392 00e2 181C     		mov	r0, r3
 393 00e4 211C     		mov	r1, r4
 394 00e6 FFF7FEFF 		bl	__aeabi_d2iz
 395 00ea 031C     		mov	r3, r0
  64:.\main.c      **** }
 396              		.loc 1 64 0
 397 00ec 181C     		mov	r0, r3
 398 00ee BD46     		mov	sp, r7
 399 00f0 03B0     		add	sp, sp, #12
 400              		@ sp needed
 401 00f2 90BD     		pop	{r4, r7, pc}
 402              	.L16:
 403              		.align	2
 404              	.L15:
 405 00f4 00000000 		.word	x_mavg
 406 00f8 00000000 		.word	y_mavg
 407 00fc 00000000 		.word	i
 408 0100 00000000 		.word	b_mavg
 409              		.cfi_endproc
 410              	.LFE38:
 411              		.size	mavg_filter, .-mavg_filter
 412              		.section	.text.mavg_filter2,"ax",%progbits
 413              		.align	2
 414              		.global	mavg_filter2
 415              		.code	16
 416              		.thumb_func
 417              		.type	mavg_filter2, %function
 418              	mavg_filter2:
 419              	.LFB39:
  65:.\main.c      **** 
  66:.\main.c      **** 
  67:.\main.c      **** /***********************************Moving average filter 2***********************************/
  68:.\main.c      **** signed int mavg_filter2(signed int data)
  69:.\main.c      **** {
 420              		.loc 1 69 0
ARM GAS  C:\Users\passw\AppData\Local\Temp\ccqHEPRP.s 			page 10


 421              		.cfi_startproc
 422 0000 90B5     		push	{r4, r7, lr}
 423              		.cfi_def_cfa_offset 12
 424              		.cfi_offset 4, -12
 425              		.cfi_offset 7, -8
 426              		.cfi_offset 14, -4
 427 0002 83B0     		sub	sp, sp, #12
 428              		.cfi_def_cfa_offset 24
 429 0004 00AF     		add	r7, sp, #0
 430              		.cfi_def_cfa_register 7
 431 0006 7860     		str	r0, [r7, #4]
  70:.\main.c      ****    x2_mavg[0] =  (int16) data;                     // Read received sample and perform type casts
 432              		.loc 1 70 0
 433 0008 7B68     		ldr	r3, [r7, #4]
 434 000a 9BB2     		uxth	r3, r3
 435 000c 1BB2     		sxth	r3, r3
 436 000e 181C     		mov	r0, r3
 437 0010 FFF7FEFF 		bl	__aeabi_i2d
 438 0014 031C     		mov	r3, r0
 439 0016 0C1C     		mov	r4, r1
 440 0018 384A     		ldr	r2, .L23
 441 001a 1360     		str	r3, [r2]
 442 001c 5460     		str	r4, [r2, #4]
  71:.\main.c      ****     
  72:.\main.c      ****    y2_mavg = 0;                                     // 
 443              		.loc 1 72 0
 444 001e 384A     		ldr	r2, .L23+4
 445 0020 0023     		mov	r3, #0
 446 0022 0024     		mov	r4, #0
 447 0024 1360     		str	r3, [r2]
 448 0026 5460     		str	r4, [r2, #4]
  73:.\main.c      ****    for(i = 0;i <= FILTER_LENGTH_mavg2;i++)          // Run FIR filter for each received sample
 449              		.loc 1 73 0
 450 0028 364B     		ldr	r3, .L23+8
 451 002a 0022     		mov	r2, #0
 452 002c 1A80     		strh	r2, [r3]
 453 002e 30E0     		b	.L18
 454              	.L19:
  74:.\main.c      ****    {
  75:.\main.c      ****       y2_mavg += b2_mavg[i]*x2_mavg[i];             // 
 455              		.loc 1 75 0 discriminator 3
 456 0030 344B     		ldr	r3, .L23+8
 457 0032 1B88     		ldrh	r3, [r3]
 458 0034 1BB2     		sxth	r3, r3
 459 0036 344A     		ldr	r2, .L23+12
 460 0038 DB00     		lsl	r3, r3, #3
 461 003a D318     		add	r3, r2, r3
 462 003c 1968     		ldr	r1, [r3]
 463 003e 5A68     		ldr	r2, [r3, #4]
 464 0040 304B     		ldr	r3, .L23+8
 465 0042 1B88     		ldrh	r3, [r3]
 466 0044 1BB2     		sxth	r3, r3
 467 0046 2D48     		ldr	r0, .L23
 468 0048 DB00     		lsl	r3, r3, #3
 469 004a C318     		add	r3, r0, r3
 470 004c 5C68     		ldr	r4, [r3, #4]
 471 004e 1B68     		ldr	r3, [r3]
ARM GAS  C:\Users\passw\AppData\Local\Temp\ccqHEPRP.s 			page 11


 472 0050 081C     		mov	r0, r1
 473 0052 111C     		mov	r1, r2
 474 0054 1A1C     		mov	r2, r3
 475 0056 231C     		mov	r3, r4
 476 0058 FFF7FEFF 		bl	__aeabi_dmul
 477 005c 031C     		mov	r3, r0
 478 005e 0C1C     		mov	r4, r1
 479 0060 191C     		mov	r1, r3
 480 0062 221C     		mov	r2, r4
 481 0064 264B     		ldr	r3, .L23+4
 482 0066 5C68     		ldr	r4, [r3, #4]
 483 0068 1B68     		ldr	r3, [r3]
 484 006a 081C     		mov	r0, r1
 485 006c 111C     		mov	r1, r2
 486 006e 1A1C     		mov	r2, r3
 487 0070 231C     		mov	r3, r4
 488 0072 FFF7FEFF 		bl	__aeabi_dadd
 489 0076 031C     		mov	r3, r0
 490 0078 0C1C     		mov	r4, r1
 491 007a 214A     		ldr	r2, .L23+4
 492 007c 1360     		str	r3, [r2]
 493 007e 5460     		str	r4, [r2, #4]
  73:.\main.c      ****    for(i = 0;i <= FILTER_LENGTH_mavg2;i++)          // Run FIR filter for each received sample
 494              		.loc 1 73 0 discriminator 3
 495 0080 204B     		ldr	r3, .L23+8
 496 0082 1B88     		ldrh	r3, [r3]
 497 0084 9BB2     		uxth	r3, r3
 498 0086 9BB2     		uxth	r3, r3
 499 0088 0133     		add	r3, r3, #1
 500 008a 9BB2     		uxth	r3, r3
 501 008c 9AB2     		uxth	r2, r3
 502 008e 1D4B     		ldr	r3, .L23+8
 503 0090 1A80     		strh	r2, [r3]
 504              	.L18:
  73:.\main.c      ****    for(i = 0;i <= FILTER_LENGTH_mavg2;i++)          // Run FIR filter for each received sample
 505              		.loc 1 73 0 is_stmt 0 discriminator 1
 506 0092 1C4B     		ldr	r3, .L23+8
 507 0094 1B88     		ldrh	r3, [r3]
 508 0096 1BB2     		sxth	r3, r3
 509 0098 092B     		cmp	r3, #9
 510 009a C9DD     		ble	.L19
  76:.\main.c      ****    } 
  77:.\main.c      ****    
  78:.\main.c      ****    for(i = FILTER_LENGTH_mavg2-1;i >= 0;i--)        // Roll x array in order to hold old sample inp
 511              		.loc 1 78 0 is_stmt 1
 512 009c 194B     		ldr	r3, .L23+8
 513 009e 0822     		mov	r2, #8
 514 00a0 1A80     		strh	r2, [r3]
 515 00a2 19E0     		b	.L20
 516              	.L21:
  79:.\main.c      ****    {
  80:.\main.c      ****       x2_mavg[i+1] = x2_mavg[i];                    // 
 517              		.loc 1 80 0 discriminator 3
 518 00a4 174B     		ldr	r3, .L23+8
 519 00a6 1B88     		ldrh	r3, [r3]
 520 00a8 1BB2     		sxth	r3, r3
 521 00aa 5A1C     		add	r2, r3, #1
ARM GAS  C:\Users\passw\AppData\Local\Temp\ccqHEPRP.s 			page 12


 522 00ac 154B     		ldr	r3, .L23+8
 523 00ae 1B88     		ldrh	r3, [r3]
 524 00b0 1BB2     		sxth	r3, r3
 525 00b2 1249     		ldr	r1, .L23
 526 00b4 DB00     		lsl	r3, r3, #3
 527 00b6 CB18     		add	r3, r1, r3
 528 00b8 5C68     		ldr	r4, [r3, #4]
 529 00ba 1B68     		ldr	r3, [r3]
 530 00bc 0F49     		ldr	r1, .L23
 531 00be D200     		lsl	r2, r2, #3
 532 00c0 8A18     		add	r2, r1, r2
 533 00c2 1360     		str	r3, [r2]
 534 00c4 5460     		str	r4, [r2, #4]
  78:.\main.c      ****    {
 535              		.loc 1 78 0 discriminator 3
 536 00c6 0F4B     		ldr	r3, .L23+8
 537 00c8 1B88     		ldrh	r3, [r3]
 538 00ca 9BB2     		uxth	r3, r3
 539 00cc 9BB2     		uxth	r3, r3
 540 00ce 013B     		sub	r3, r3, #1
 541 00d0 9BB2     		uxth	r3, r3
 542 00d2 9AB2     		uxth	r2, r3
 543 00d4 0B4B     		ldr	r3, .L23+8
 544 00d6 1A80     		strh	r2, [r3]
 545              	.L20:
  78:.\main.c      ****    {
 546              		.loc 1 78 0 is_stmt 0 discriminator 1
 547 00d8 0A4B     		ldr	r3, .L23+8
 548 00da 1B88     		ldrh	r3, [r3]
 549 00dc 1BB2     		sxth	r3, r3
 550 00de 002B     		cmp	r3, #0
 551 00e0 E0DA     		bge	.L21
  81:.\main.c      ****    }
  82:.\main.c      ****       
  83:.\main.c      ****    return (signed int) y2_mavg;               // 
 552              		.loc 1 83 0 is_stmt 1
 553 00e2 074B     		ldr	r3, .L23+4
 554 00e4 5C68     		ldr	r4, [r3, #4]
 555 00e6 1B68     		ldr	r3, [r3]
 556 00e8 181C     		mov	r0, r3
 557 00ea 211C     		mov	r1, r4
 558 00ec FFF7FEFF 		bl	__aeabi_d2iz
 559 00f0 031C     		mov	r3, r0
  84:.\main.c      **** }
 560              		.loc 1 84 0
 561 00f2 181C     		mov	r0, r3
 562 00f4 BD46     		mov	sp, r7
 563 00f6 03B0     		add	sp, sp, #12
 564              		@ sp needed
 565 00f8 90BD     		pop	{r4, r7, pc}
 566              	.L24:
 567 00fa C046     		.align	2
 568              	.L23:
 569 00fc 00000000 		.word	x2_mavg
 570 0100 00000000 		.word	y2_mavg
 571 0104 00000000 		.word	i
 572 0108 00000000 		.word	b2_mavg
ARM GAS  C:\Users\passw\AppData\Local\Temp\ccqHEPRP.s 			page 13


 573              		.cfi_endproc
 574              	.LFE39:
 575              		.size	mavg_filter2, .-mavg_filter2
 576              		.section	.text.low_pass_filter,"ax",%progbits
 577              		.align	2
 578              		.global	low_pass_filter
 579              		.code	16
 580              		.thumb_func
 581              		.type	low_pass_filter, %function
 582              	low_pass_filter:
 583              	.LFB40:
  85:.\main.c      **** 
  86:.\main.c      **** /***********************************Lavpas filter***********************************/
  87:.\main.c      **** 
  88:.\main.c      **** int low_pass_filter(int data)
  89:.\main.c      **** {
 584              		.loc 1 89 0
 585              		.cfi_startproc
 586 0000 B0B5     		push	{r4, r5, r7, lr}
 587              		.cfi_def_cfa_offset 16
 588              		.cfi_offset 4, -16
 589              		.cfi_offset 5, -12
 590              		.cfi_offset 7, -8
 591              		.cfi_offset 14, -4
 592 0002 84B0     		sub	sp, sp, #16
 593              		.cfi_def_cfa_offset 32
 594 0004 00AF     		add	r7, sp, #0
 595              		.cfi_def_cfa_register 7
 596 0006 7860     		str	r0, [r7, #4]
  90:.\main.c      ****    int i;
  91:.\main.c      ****    x_low[0] =  (double) data;
 597              		.loc 1 91 0
 598 0008 7868     		ldr	r0, [r7, #4]
 599 000a FFF7FEFF 		bl	__aeabi_i2d
 600 000e 031C     		mov	r3, r0
 601 0010 0C1C     		mov	r4, r1
 602 0012 404A     		ldr	r2, .L33
 603 0014 1360     		str	r3, [r2]
 604 0016 5460     		str	r4, [r2, #4]
  92:.\main.c      ****    
  93:.\main.c      ****    y_low[0] = 0;
 605              		.loc 1 93 0
 606 0018 3F4A     		ldr	r2, .L33+4
 607 001a 0023     		mov	r3, #0
 608 001c 0024     		mov	r4, #0
 609 001e 1360     		str	r3, [r2]
 610 0020 5460     		str	r4, [r2, #4]
  94:.\main.c      ****   
  95:.\main.c      ****    for(i = 0;i <= FILTER_LENGTH_low;i++)                 // Run IIR filter for each received sample
 611              		.loc 1 95 0
 612 0022 0023     		mov	r3, #0
 613 0024 FB60     		str	r3, [r7, #12]
 614 0026 1EE0     		b	.L26
 615              	.L27:
  96:.\main.c      ****    {
  97:.\main.c      ****       y_low[0] += b_low[i]*x_low[i];
 616              		.loc 1 97 0 discriminator 3
ARM GAS  C:\Users\passw\AppData\Local\Temp\ccqHEPRP.s 			page 14


 617 0028 3B4B     		ldr	r3, .L33+4
 618 002a 1C68     		ldr	r4, [r3]
 619 002c 5D68     		ldr	r5, [r3, #4]
 620 002e 3B4A     		ldr	r2, .L33+8
 621 0030 FB68     		ldr	r3, [r7, #12]
 622 0032 DB00     		lsl	r3, r3, #3
 623 0034 D318     		add	r3, r2, r3
 624 0036 1868     		ldr	r0, [r3]
 625 0038 5968     		ldr	r1, [r3, #4]
 626 003a 364A     		ldr	r2, .L33
 627 003c FB68     		ldr	r3, [r7, #12]
 628 003e DB00     		lsl	r3, r3, #3
 629 0040 D318     		add	r3, r2, r3
 630 0042 1A68     		ldr	r2, [r3]
 631 0044 5B68     		ldr	r3, [r3, #4]
 632 0046 FFF7FEFF 		bl	__aeabi_dmul
 633 004a 021C     		mov	r2, r0
 634 004c 0B1C     		mov	r3, r1
 635 004e 201C     		mov	r0, r4
 636 0050 291C     		mov	r1, r5
 637 0052 FFF7FEFF 		bl	__aeabi_dadd
 638 0056 031C     		mov	r3, r0
 639 0058 0C1C     		mov	r4, r1
 640 005a 2F4A     		ldr	r2, .L33+4
 641 005c 1360     		str	r3, [r2]
 642 005e 5460     		str	r4, [r2, #4]
  95:.\main.c      ****    {
 643              		.loc 1 95 0 discriminator 3
 644 0060 FB68     		ldr	r3, [r7, #12]
 645 0062 0133     		add	r3, r3, #1
 646 0064 FB60     		str	r3, [r7, #12]
 647              	.L26:
  95:.\main.c      ****    {
 648              		.loc 1 95 0 is_stmt 0 discriminator 1
 649 0066 FB68     		ldr	r3, [r7, #12]
 650 0068 022B     		cmp	r3, #2
 651 006a DDDD     		ble	.L27
  98:.\main.c      ****    } 
  99:.\main.c      ****    
 100:.\main.c      ****    for(i =1;i <= FILTER_LENGTH_low;i++)               // Roll x array in order to hold old sample i
 652              		.loc 1 100 0 is_stmt 1
 653 006c 0123     		mov	r3, #1
 654 006e FB60     		str	r3, [r7, #12]
 655 0070 1EE0     		b	.L28
 656              	.L29:
 101:.\main.c      ****    {
 102:.\main.c      ****       y_low[0] -= a_low[i]*y_low[i];
 657              		.loc 1 102 0 discriminator 3
 658 0072 294B     		ldr	r3, .L33+4
 659 0074 1C68     		ldr	r4, [r3]
 660 0076 5D68     		ldr	r5, [r3, #4]
 661 0078 294A     		ldr	r2, .L33+12
 662 007a FB68     		ldr	r3, [r7, #12]
 663 007c DB00     		lsl	r3, r3, #3
 664 007e D318     		add	r3, r2, r3
 665 0080 1868     		ldr	r0, [r3]
 666 0082 5968     		ldr	r1, [r3, #4]
ARM GAS  C:\Users\passw\AppData\Local\Temp\ccqHEPRP.s 			page 15


 667 0084 244A     		ldr	r2, .L33+4
 668 0086 FB68     		ldr	r3, [r7, #12]
 669 0088 DB00     		lsl	r3, r3, #3
 670 008a D318     		add	r3, r2, r3
 671 008c 1A68     		ldr	r2, [r3]
 672 008e 5B68     		ldr	r3, [r3, #4]
 673 0090 FFF7FEFF 		bl	__aeabi_dmul
 674 0094 021C     		mov	r2, r0
 675 0096 0B1C     		mov	r3, r1
 676 0098 201C     		mov	r0, r4
 677 009a 291C     		mov	r1, r5
 678 009c FFF7FEFF 		bl	__aeabi_dsub
 679 00a0 031C     		mov	r3, r0
 680 00a2 0C1C     		mov	r4, r1
 681 00a4 1C4A     		ldr	r2, .L33+4
 682 00a6 1360     		str	r3, [r2]
 683 00a8 5460     		str	r4, [r2, #4]
 100:.\main.c      ****    {
 684              		.loc 1 100 0 discriminator 3
 685 00aa FB68     		ldr	r3, [r7, #12]
 686 00ac 0133     		add	r3, r3, #1
 687 00ae FB60     		str	r3, [r7, #12]
 688              	.L28:
 100:.\main.c      ****    {
 689              		.loc 1 100 0 is_stmt 0 discriminator 1
 690 00b0 FB68     		ldr	r3, [r7, #12]
 691 00b2 022B     		cmp	r3, #2
 692 00b4 DDDD     		ble	.L29
 103:.\main.c      ****    }
 104:.\main.c      **** 
 105:.\main.c      ****    for(i = FILTER_LENGTH_low-1;i >= 0;i--)
 693              		.loc 1 105 0 is_stmt 1
 694 00b6 0123     		mov	r3, #1
 695 00b8 FB60     		str	r3, [r7, #12]
 696 00ba 1CE0     		b	.L30
 697              	.L31:
 106:.\main.c      ****     {
 107:.\main.c      ****        x_low[i+1]=x_low[i];
 698              		.loc 1 107 0 discriminator 3
 699 00bc FB68     		ldr	r3, [r7, #12]
 700 00be 5A1C     		add	r2, r3, #1
 701 00c0 1449     		ldr	r1, .L33
 702 00c2 FB68     		ldr	r3, [r7, #12]
 703 00c4 DB00     		lsl	r3, r3, #3
 704 00c6 CB18     		add	r3, r1, r3
 705 00c8 5C68     		ldr	r4, [r3, #4]
 706 00ca 1B68     		ldr	r3, [r3]
 707 00cc 1149     		ldr	r1, .L33
 708 00ce D200     		lsl	r2, r2, #3
 709 00d0 8A18     		add	r2, r1, r2
 710 00d2 1360     		str	r3, [r2]
 711 00d4 5460     		str	r4, [r2, #4]
 108:.\main.c      ****        y_low[i+1]=y_low[i];
 712              		.loc 1 108 0 discriminator 3
 713 00d6 FB68     		ldr	r3, [r7, #12]
 714 00d8 5A1C     		add	r2, r3, #1
 715 00da 0F49     		ldr	r1, .L33+4
ARM GAS  C:\Users\passw\AppData\Local\Temp\ccqHEPRP.s 			page 16


 716 00dc FB68     		ldr	r3, [r7, #12]
 717 00de DB00     		lsl	r3, r3, #3
 718 00e0 CB18     		add	r3, r1, r3
 719 00e2 5C68     		ldr	r4, [r3, #4]
 720 00e4 1B68     		ldr	r3, [r3]
 721 00e6 0C49     		ldr	r1, .L33+4
 722 00e8 D200     		lsl	r2, r2, #3
 723 00ea 8A18     		add	r2, r1, r2
 724 00ec 1360     		str	r3, [r2]
 725 00ee 5460     		str	r4, [r2, #4]
 105:.\main.c      ****     {
 726              		.loc 1 105 0 discriminator 3
 727 00f0 FB68     		ldr	r3, [r7, #12]
 728 00f2 013B     		sub	r3, r3, #1
 729 00f4 FB60     		str	r3, [r7, #12]
 730              	.L30:
 105:.\main.c      ****     {
 731              		.loc 1 105 0 is_stmt 0 discriminator 1
 732 00f6 FB68     		ldr	r3, [r7, #12]
 733 00f8 002B     		cmp	r3, #0
 734 00fa DFDA     		bge	.L31
 109:.\main.c      ****     }
 110:.\main.c      **** 
 111:.\main.c      ****     return floor_and_convert(y_low[0]);
 735              		.loc 1 111 0 is_stmt 1
 736 00fc 064B     		ldr	r3, .L33+4
 737 00fe 5C68     		ldr	r4, [r3, #4]
 738 0100 1B68     		ldr	r3, [r3]
 739 0102 181C     		mov	r0, r3
 740 0104 211C     		mov	r1, r4
 741 0106 FFF7FEFF 		bl	floor_and_convert
 742 010a 031C     		mov	r3, r0
 112:.\main.c      **** }
 743              		.loc 1 112 0
 744 010c 181C     		mov	r0, r3
 745 010e BD46     		mov	sp, r7
 746 0110 04B0     		add	sp, sp, #16
 747              		@ sp needed
 748 0112 B0BD     		pop	{r4, r5, r7, pc}
 749              	.L34:
 750              		.align	2
 751              	.L33:
 752 0114 00000000 		.word	x_low
 753 0118 00000000 		.word	y_low
 754 011c 00000000 		.word	b_low
 755 0120 00000000 		.word	a_low
 756              		.cfi_endproc
 757              	.LFE40:
 758              		.size	low_pass_filter, .-low_pass_filter
 759              		.section	.text.ADC_interrupt,"ax",%progbits
 760              		.align	2
 761              		.global	ADC_interrupt
 762              		.code	16
 763              		.thumb_func
 764              		.type	ADC_interrupt, %function
 765              	ADC_interrupt:
 766              	.LFB41:
ARM GAS  C:\Users\passw\AppData\Local\Temp\ccqHEPRP.s 			page 17


 113:.\main.c      **** 
 114:.\main.c      **** /***********************************ISR***********************************/
 115:.\main.c      **** 
 116:.\main.c      **** CY_ISR(ADC_interrupt)
 117:.\main.c      **** {
 767              		.loc 1 117 0
 768              		.cfi_startproc
 769 0000 80B5     		push	{r7, lr}
 770              		.cfi_def_cfa_offset 8
 771              		.cfi_offset 7, -8
 772              		.cfi_offset 14, -4
 773 0002 82B0     		sub	sp, sp, #8
 774              		.cfi_def_cfa_offset 16
 775 0004 00AF     		add	r7, sp, #0
 776              		.cfi_def_cfa_register 7
 118:.\main.c      ****     int i;
 119:.\main.c      ****     for(i=0; i<num_of_channels;i++)
 777              		.loc 1 119 0
 778 0006 0023     		mov	r3, #0
 779 0008 7B60     		str	r3, [r7, #4]
 780 000a 11E0     		b	.L36
 781              	.L37:
 120:.\main.c      ****     {
 121:.\main.c      ****         result[i] = ADC_GetResult16(i)-1010;
 782              		.loc 1 121 0 discriminator 3
 783 000c 7B68     		ldr	r3, [r7, #4]
 784 000e 181C     		mov	r0, r3
 785 0010 FFF7FEFF 		bl	ADC_GetResult16
 786 0014 031C     		mov	r3, r0
 787 0016 9BB2     		uxth	r3, r3
 788 0018 0A4A     		ldr	r2, .L38
 789 001a 9446     		mov	ip, r2
 790 001c 6344     		add	r3, r3, ip
 791 001e 9BB2     		uxth	r3, r3
 792 0020 99B2     		uxth	r1, r3
 793 0022 094B     		ldr	r3, .L38+4
 794 0024 7A68     		ldr	r2, [r7, #4]
 795 0026 5200     		lsl	r2, r2, #1
 796 0028 D152     		strh	r1, [r2, r3]
 119:.\main.c      ****     {
 797              		.loc 1 119 0 discriminator 3
 798 002a 7B68     		ldr	r3, [r7, #4]
 799 002c 0133     		add	r3, r3, #1
 800 002e 7B60     		str	r3, [r7, #4]
 801              	.L36:
 119:.\main.c      ****     {
 802              		.loc 1 119 0 is_stmt 0 discriminator 1
 803 0030 7B68     		ldr	r3, [r7, #4]
 804 0032 012B     		cmp	r3, #1
 805 0034 EADD     		ble	.L37
 122:.\main.c      ****     }
 123:.\main.c      ****     data_ready = TRUE;
 806              		.loc 1 123 0 is_stmt 1
 807 0036 054B     		ldr	r3, .L38+8
 808 0038 0122     		mov	r2, #1
 809 003a 1A70     		strb	r2, [r3]
 124:.\main.c      **** }
ARM GAS  C:\Users\passw\AppData\Local\Temp\ccqHEPRP.s 			page 18


 810              		.loc 1 124 0
 811 003c BD46     		mov	sp, r7
 812 003e 02B0     		add	sp, sp, #8
 813              		@ sp needed
 814 0040 80BD     		pop	{r7, pc}
 815              	.L39:
 816 0042 C046     		.align	2
 817              	.L38:
 818 0044 0EFCFFFF 		.word	-1010
 819 0048 00000000 		.word	result
 820 004c 00000000 		.word	data_ready
 821              		.cfi_endproc
 822              	.LFE41:
 823              		.size	ADC_interrupt, .-ADC_interrupt
 824              		.section	.text.main,"ax",%progbits
 825              		.align	2
 826              		.global	main
 827              		.code	16
 828              		.thumb_func
 829              		.type	main, %function
 830              	main:
 831              	.LFB42:
 125:.\main.c      **** 
 126:.\main.c      **** /***********************************Main***********************************/
 127:.\main.c      **** int main()
 128:.\main.c      **** {
 832              		.loc 1 128 0
 833              		.cfi_startproc
 834 0000 80B5     		push	{r7, lr}
 835              		.cfi_def_cfa_offset 8
 836              		.cfi_offset 7, -8
 837              		.cfi_offset 14, -4
 838 0002 82B0     		sub	sp, sp, #8
 839              		.cfi_def_cfa_offset 16
 840 0004 00AF     		add	r7, sp, #0
 841              		.cfi_def_cfa_register 7
 129:.\main.c      ****     int16 mav_data;
 130:.\main.c      ****     uint16 i;
 131:.\main.c      ****     ADC_ISR_StartEx(ADC_interrupt);
 842              		.loc 1 131 0
 843 0006 2D4B     		ldr	r3, .L47
 844 0008 181C     		mov	r0, r3
 845 000a FFF7FEFF 		bl	ADC_ISR_StartEx
 132:.\main.c      ****     CyGlobalIntEnable;
 846              		.loc 1 132 0
 847              	@ 132 ".\main.c" 1
 848 000e 62B6     		CPSIE   i
 849              	@ 0 "" 2
 133:.\main.c      ****     UART_Start();                       /* Initialize ADC */    
 850              		.loc 1 133 0
 851              		.code	16
 852 0010 FFF7FEFF 		bl	UART_Start
 134:.\main.c      ****     ADC_Start();                        /* Initialize ADC */
 853              		.loc 1 134 0
 854 0014 FFF7FEFF 		bl	ADC_Start
 135:.\main.c      ****     ADC_StartConvert();                 /* Start ADC conversions */
 855              		.loc 1 135 0
ARM GAS  C:\Users\passw\AppData\Local\Temp\ccqHEPRP.s 			page 19


 856 0018 FFF7FEFF 		bl	ADC_StartConvert
 136:.\main.c      ****     ADC_IRQ_Enable();                   /* Enable ADC interrupts */    
 857              		.loc 1 136 0
 858 001c FFF7FEFF 		bl	ADC_IRQ_Enable
 859              	.L46:
 137:.\main.c      ****     
 138:.\main.c      ****     for (;;)
 139:.\main.c      ****     {      
 140:.\main.c      ****         if(data_ready)
 860              		.loc 1 140 0
 861 0020 274B     		ldr	r3, .L47+4
 862 0022 1B78     		ldrb	r3, [r3]
 863 0024 002B     		cmp	r3, #0
 864 0026 47D0     		beq	.L41
 141:.\main.c      ****         {
 142:.\main.c      ****             for(i=0;i<num_of_channels;i++)
 865              		.loc 1 142 0
 866 0028 BB1D     		add	r3, r7, #6
 867 002a 0022     		mov	r2, #0
 868 002c 1A80     		strh	r2, [r3]
 869 002e 3CE0     		b	.L42
 870              	.L45:
 143:.\main.c      ****             {
 144:.\main.c      ****                 if (i==0)
 871              		.loc 1 144 0
 872 0030 BB1D     		add	r3, r7, #6
 873 0032 1B88     		ldrh	r3, [r3]
 874 0034 002B     		cmp	r3, #0
 875 0036 1AD1     		bne	.L43
 145:.\main.c      ****                 {
 146:.\main.c      ****                     mav_data = mavg_filter(result[i]);
 876              		.loc 1 146 0
 877 0038 BB1D     		add	r3, r7, #6
 878 003a 1A88     		ldrh	r2, [r3]
 879 003c 214B     		ldr	r3, .L47+8
 880 003e 5200     		lsl	r2, r2, #1
 881 0040 D35A     		ldrh	r3, [r2, r3]
 882 0042 1BB2     		sxth	r3, r3
 883 0044 181C     		mov	r0, r3
 884 0046 FFF7FEFF 		bl	mavg_filter
 885 004a 021C     		mov	r2, r0
 886 004c 3B1D     		add	r3, r7, #4
 887 004e 1A80     		strh	r2, [r3]
 147:.\main.c      ****                     UART_UartPutChar(mav_data);
 888              		.loc 1 147 0
 889 0050 3B1D     		add	r3, r7, #4
 890 0052 0022     		mov	r2, #0
 891 0054 9B5E     		ldrsh	r3, [r3, r2]
 892 0056 181C     		mov	r0, r3
 893 0058 FFF7FEFF 		bl	UART_SpiUartWriteTxData
 148:.\main.c      ****                     UART_UartPutChar(mav_data>>8);
 894              		.loc 1 148 0
 895 005c 3B1D     		add	r3, r7, #4
 896 005e 0022     		mov	r2, #0
 897 0060 9B5E     		ldrsh	r3, [r3, r2]
 898 0062 1B12     		asr	r3, r3, #8
 899 0064 9BB2     		uxth	r3, r3
ARM GAS  C:\Users\passw\AppData\Local\Temp\ccqHEPRP.s 			page 20


 900 0066 1BB2     		sxth	r3, r3
 901 0068 181C     		mov	r0, r3
 902 006a FFF7FEFF 		bl	UART_SpiUartWriteTxData
 903              	.L43:
 149:.\main.c      ****                 }
 150:.\main.c      ****                  if (i==1)
 904              		.loc 1 150 0
 905 006e BB1D     		add	r3, r7, #6
 906 0070 1B88     		ldrh	r3, [r3]
 907 0072 012B     		cmp	r3, #1
 908 0074 14D1     		bne	.L44
 151:.\main.c      ****                 {
 152:.\main.c      ****                     UART_UartPutChar(result[i]);
 909              		.loc 1 152 0
 910 0076 BB1D     		add	r3, r7, #6
 911 0078 1A88     		ldrh	r2, [r3]
 912 007a 124B     		ldr	r3, .L47+8
 913 007c 5200     		lsl	r2, r2, #1
 914 007e D35A     		ldrh	r3, [r2, r3]
 915 0080 1BB2     		sxth	r3, r3
 916 0082 181C     		mov	r0, r3
 917 0084 FFF7FEFF 		bl	UART_SpiUartWriteTxData
 153:.\main.c      ****                     UART_UartPutChar(result[i]>>8);
 918              		.loc 1 153 0
 919 0088 BB1D     		add	r3, r7, #6
 920 008a 1A88     		ldrh	r2, [r3]
 921 008c 0D4B     		ldr	r3, .L47+8
 922 008e 5200     		lsl	r2, r2, #1
 923 0090 D35A     		ldrh	r3, [r2, r3]
 924 0092 1BB2     		sxth	r3, r3
 925 0094 1B12     		asr	r3, r3, #8
 926 0096 9BB2     		uxth	r3, r3
 927 0098 1BB2     		sxth	r3, r3
 928 009a 181C     		mov	r0, r3
 929 009c FFF7FEFF 		bl	UART_SpiUartWriteTxData
 930              	.L44:
 142:.\main.c      ****             {
 931              		.loc 1 142 0 discriminator 2
 932 00a0 BB1D     		add	r3, r7, #6
 933 00a2 1A88     		ldrh	r2, [r3]
 934 00a4 BB1D     		add	r3, r7, #6
 935 00a6 0132     		add	r2, r2, #1
 936 00a8 1A80     		strh	r2, [r3]
 937              	.L42:
 142:.\main.c      ****             {
 938              		.loc 1 142 0 is_stmt 0 discriminator 1
 939 00aa BB1D     		add	r3, r7, #6
 940 00ac 1B88     		ldrh	r3, [r3]
 941 00ae 012B     		cmp	r3, #1
 942 00b0 BED9     		bls	.L45
 154:.\main.c      ****                 }
 155:.\main.c      ****             }
 156:.\main.c      ****             data_ready = FALSE;
 943              		.loc 1 156 0 is_stmt 1
 944 00b2 034B     		ldr	r3, .L47+4
 945 00b4 0022     		mov	r2, #0
 946 00b6 1A70     		strb	r2, [r3]
ARM GAS  C:\Users\passw\AppData\Local\Temp\ccqHEPRP.s 			page 21


 947              	.L41:
 157:.\main.c      ****         }
 158:.\main.c      ****     }
 948              		.loc 1 158 0
 949 00b8 B2E7     		b	.L46
 950              	.L48:
 951 00ba C046     		.align	2
 952              	.L47:
 953 00bc 00000000 		.word	ADC_interrupt
 954 00c0 00000000 		.word	data_ready
 955 00c4 00000000 		.word	result
 956              		.cfi_endproc
 957              	.LFE42:
 958              		.size	main, .-main
 959              		.text
 960              	.Letext0:
 961              		.file 2 "Generated_Source\\PSoC4/cytypes.h"
 962              		.section	.debug_info,"",%progbits
 963              	.Ldebug_info0:
 964 0000 23030000 		.4byte	0x323
 965 0004 0400     		.2byte	0x4
 966 0006 00000000 		.4byte	.Ldebug_abbrev0
 967 000a 04       		.byte	0x4
 968 000b 01       		.uleb128 0x1
 969 000c FF000000 		.4byte	.LASF42
 970 0010 01       		.byte	0x1
 971 0011 F6000000 		.4byte	.LASF43
 972 0015 5D000000 		.4byte	.LASF44
 973 0019 00000000 		.4byte	.Ldebug_ranges0+0
 974 001d 00000000 		.4byte	0
 975 0021 00000000 		.4byte	.Ldebug_line0
 976 0025 02       		.uleb128 0x2
 977 0026 01       		.byte	0x1
 978 0027 06       		.byte	0x6
 979 0028 62020000 		.4byte	.LASF0
 980 002c 02       		.uleb128 0x2
 981 002d 01       		.byte	0x1
 982 002e 08       		.byte	0x8
 983 002f A2000000 		.4byte	.LASF1
 984 0033 02       		.uleb128 0x2
 985 0034 02       		.byte	0x2
 986 0035 05       		.byte	0x5
 987 0036 30000000 		.4byte	.LASF2
 988 003a 02       		.uleb128 0x2
 989 003b 02       		.byte	0x2
 990 003c 07       		.byte	0x7
 991 003d 1D000000 		.4byte	.LASF3
 992 0041 02       		.uleb128 0x2
 993 0042 04       		.byte	0x4
 994 0043 05       		.byte	0x5
 995 0044 53020000 		.4byte	.LASF4
 996 0048 02       		.uleb128 0x2
 997 0049 04       		.byte	0x4
 998 004a 07       		.byte	0x7
 999 004b A0010000 		.4byte	.LASF5
 1000 004f 02       		.uleb128 0x2
 1001 0050 08       		.byte	0x8
ARM GAS  C:\Users\passw\AppData\Local\Temp\ccqHEPRP.s 			page 22


 1002 0051 05       		.byte	0x5
 1003 0052 0F020000 		.4byte	.LASF6
 1004 0056 02       		.uleb128 0x2
 1005 0057 08       		.byte	0x8
 1006 0058 07       		.byte	0x7
 1007 0059 C9010000 		.4byte	.LASF7
 1008 005d 03       		.uleb128 0x3
 1009 005e 04       		.byte	0x4
 1010 005f 05       		.byte	0x5
 1011 0060 696E7400 		.ascii	"int\000"
 1012 0064 02       		.uleb128 0x2
 1013 0065 04       		.byte	0x4
 1014 0066 07       		.byte	0x7
 1015 0067 B2010000 		.4byte	.LASF8
 1016 006b 04       		.uleb128 0x4
 1017 006c BD000000 		.4byte	.LASF9
 1018 0070 02       		.byte	0x2
 1019 0071 3801     		.2byte	0x138
 1020 0073 2C000000 		.4byte	0x2c
 1021 0077 04       		.uleb128 0x4
 1022 0078 8D010000 		.4byte	.LASF10
 1023 007c 02       		.byte	0x2
 1024 007d 3901     		.2byte	0x139
 1025 007f 3A000000 		.4byte	0x3a
 1026 0083 04       		.uleb128 0x4
 1027 0084 94010000 		.4byte	.LASF11
 1028 0088 02       		.byte	0x2
 1029 0089 3A01     		.2byte	0x13a
 1030 008b 48000000 		.4byte	0x48
 1031 008f 04       		.uleb128 0x4
 1032 0090 B0000000 		.4byte	.LASF12
 1033 0094 02       		.byte	0x2
 1034 0095 3C01     		.2byte	0x13c
 1035 0097 33000000 		.4byte	0x33
 1036 009b 02       		.uleb128 0x2
 1037 009c 04       		.byte	0x4
 1038 009d 04       		.byte	0x4
 1039 009e 4A000000 		.4byte	.LASF13
 1040 00a2 02       		.uleb128 0x2
 1041 00a3 08       		.byte	0x8
 1042 00a4 04       		.byte	0x4
 1043 00a5 D7000000 		.4byte	.LASF14
 1044 00a9 02       		.uleb128 0x2
 1045 00aa 01       		.byte	0x1
 1046 00ab 08       		.byte	0x8
 1047 00ac 25020000 		.4byte	.LASF15
 1048 00b0 02       		.uleb128 0x2
 1049 00b1 04       		.byte	0x4
 1050 00b2 07       		.byte	0x7
 1051 00b3 FD010000 		.4byte	.LASF16
 1052 00b7 05       		.uleb128 0x5
 1053 00b8 2A020000 		.4byte	.LASF17
 1054 00bc 01       		.byte	0x1
 1055 00bd 27       		.byte	0x27
 1056 00be 5D000000 		.4byte	0x5d
 1057 00c2 00000000 		.4byte	.LFB37
 1058 00c6 5C000000 		.4byte	.LFE37-.LFB37
ARM GAS  C:\Users\passw\AppData\Local\Temp\ccqHEPRP.s 			page 23


 1059 00ca 01       		.uleb128 0x1
 1060 00cb 9C       		.byte	0x9c
 1061 00cc DD000000 		.4byte	0xdd
 1062 00d0 06       		.uleb128 0x6
 1063 00d1 7900     		.ascii	"y\000"
 1064 00d3 01       		.byte	0x1
 1065 00d4 27       		.byte	0x27
 1066 00d5 A2000000 		.4byte	0xa2
 1067 00d9 02       		.uleb128 0x2
 1068 00da 91       		.byte	0x91
 1069 00db 68       		.sleb128 -24
 1070 00dc 00       		.byte	0
 1071 00dd 05       		.uleb128 0x5
 1072 00de 6E020000 		.4byte	.LASF18
 1073 00e2 01       		.byte	0x1
 1074 00e3 30       		.byte	0x30
 1075 00e4 5D000000 		.4byte	0x5d
 1076 00e8 00000000 		.4byte	.LFB38
 1077 00ec 04010000 		.4byte	.LFE38-.LFB38
 1078 00f0 01       		.uleb128 0x1
 1079 00f1 9C       		.byte	0x9c
 1080 00f2 05010000 		.4byte	0x105
 1081 00f6 07       		.uleb128 0x7
 1082 00f7 50000000 		.4byte	.LASF19
 1083 00fb 01       		.byte	0x1
 1084 00fc 30       		.byte	0x30
 1085 00fd 5D000000 		.4byte	0x5d
 1086 0101 02       		.uleb128 0x2
 1087 0102 91       		.byte	0x91
 1088 0103 6C       		.sleb128 -20
 1089 0104 00       		.byte	0
 1090 0105 05       		.uleb128 0x5
 1091 0106 3C020000 		.4byte	.LASF20
 1092 010a 01       		.byte	0x1
 1093 010b 44       		.byte	0x44
 1094 010c 5D000000 		.4byte	0x5d
 1095 0110 00000000 		.4byte	.LFB39
 1096 0114 0C010000 		.4byte	.LFE39-.LFB39
 1097 0118 01       		.uleb128 0x1
 1098 0119 9C       		.byte	0x9c
 1099 011a 2D010000 		.4byte	0x12d
 1100 011e 07       		.uleb128 0x7
 1101 011f 50000000 		.4byte	.LASF19
 1102 0123 01       		.byte	0x1
 1103 0124 44       		.byte	0x44
 1104 0125 5D000000 		.4byte	0x5d
 1105 0129 02       		.uleb128 0x2
 1106 012a 91       		.byte	0x91
 1107 012b 6C       		.sleb128 -20
 1108 012c 00       		.byte	0
 1109 012d 05       		.uleb128 0x5
 1110 012e 3A000000 		.4byte	.LASF21
 1111 0132 01       		.byte	0x1
 1112 0133 58       		.byte	0x58
 1113 0134 5D000000 		.4byte	0x5d
 1114 0138 00000000 		.4byte	.LFB40
 1115 013c 24010000 		.4byte	.LFE40-.LFB40
ARM GAS  C:\Users\passw\AppData\Local\Temp\ccqHEPRP.s 			page 24


 1116 0140 01       		.uleb128 0x1
 1117 0141 9C       		.byte	0x9c
 1118 0142 61010000 		.4byte	0x161
 1119 0146 07       		.uleb128 0x7
 1120 0147 50000000 		.4byte	.LASF19
 1121 014b 01       		.byte	0x1
 1122 014c 58       		.byte	0x58
 1123 014d 5D000000 		.4byte	0x5d
 1124 0151 02       		.uleb128 0x2
 1125 0152 91       		.byte	0x91
 1126 0153 64       		.sleb128 -28
 1127 0154 08       		.uleb128 0x8
 1128 0155 6900     		.ascii	"i\000"
 1129 0157 01       		.byte	0x1
 1130 0158 5A       		.byte	0x5a
 1131 0159 5D000000 		.4byte	0x5d
 1132 015d 02       		.uleb128 0x2
 1133 015e 91       		.byte	0x91
 1134 015f 6C       		.sleb128 -20
 1135 0160 00       		.byte	0
 1136 0161 09       		.uleb128 0x9
 1137 0162 C9000000 		.4byte	.LASF22
 1138 0166 01       		.byte	0x1
 1139 0167 74       		.byte	0x74
 1140 0168 00000000 		.4byte	.LFB41
 1141 016c 50000000 		.4byte	.LFE41-.LFB41
 1142 0170 01       		.uleb128 0x1
 1143 0171 9C       		.byte	0x9c
 1144 0172 83010000 		.4byte	0x183
 1145 0176 08       		.uleb128 0x8
 1146 0177 6900     		.ascii	"i\000"
 1147 0179 01       		.byte	0x1
 1148 017a 76       		.byte	0x76
 1149 017b 5D000000 		.4byte	0x5d
 1150 017f 02       		.uleb128 0x2
 1151 0180 91       		.byte	0x91
 1152 0181 74       		.sleb128 -12
 1153 0182 00       		.byte	0
 1154 0183 0A       		.uleb128 0xa
 1155 0184 9B010000 		.4byte	.LASF23
 1156 0188 01       		.byte	0x1
 1157 0189 7F       		.byte	0x7f
 1158 018a 5D000000 		.4byte	0x5d
 1159 018e 00000000 		.4byte	.LFB42
 1160 0192 C8000000 		.4byte	.LFE42-.LFB42
 1161 0196 01       		.uleb128 0x1
 1162 0197 9C       		.byte	0x9c
 1163 0198 B7010000 		.4byte	0x1b7
 1164 019c 0B       		.uleb128 0xb
 1165 019d 06020000 		.4byte	.LASF24
 1166 01a1 01       		.byte	0x1
 1167 01a2 81       		.byte	0x81
 1168 01a3 8F000000 		.4byte	0x8f
 1169 01a7 02       		.uleb128 0x2
 1170 01a8 91       		.byte	0x91
 1171 01a9 74       		.sleb128 -12
 1172 01aa 08       		.uleb128 0x8
ARM GAS  C:\Users\passw\AppData\Local\Temp\ccqHEPRP.s 			page 25


 1173 01ab 6900     		.ascii	"i\000"
 1174 01ad 01       		.byte	0x1
 1175 01ae 82       		.byte	0x82
 1176 01af 77000000 		.4byte	0x77
 1177 01b3 02       		.uleb128 0x2
 1178 01b4 91       		.byte	0x91
 1179 01b5 76       		.sleb128 -10
 1180 01b6 00       		.byte	0
 1181 01b7 0C       		.uleb128 0xc
 1182 01b8 A2000000 		.4byte	0xa2
 1183 01bc C7010000 		.4byte	0x1c7
 1184 01c0 0D       		.uleb128 0xd
 1185 01c1 B0000000 		.4byte	0xb0
 1186 01c5 09       		.byte	0x9
 1187 01c6 00       		.byte	0
 1188 01c7 0E       		.uleb128 0xe
 1189 01c8 00000000 		.4byte	.LASF25
 1190 01cc 01       		.byte	0x1
 1191 01cd 0D       		.byte	0xd
 1192 01ce B7010000 		.4byte	0x1b7
 1193 01d2 05       		.uleb128 0x5
 1194 01d3 03       		.byte	0x3
 1195 01d4 00000000 		.4byte	x_mavg
 1196 01d8 0E       		.uleb128 0xe
 1197 01d9 B6000000 		.4byte	.LASF26
 1198 01dd 01       		.byte	0x1
 1199 01de 0E       		.byte	0xe
 1200 01df A2000000 		.4byte	0xa2
 1201 01e3 05       		.uleb128 0x5
 1202 01e4 03       		.byte	0x3
 1203 01e5 00000000 		.4byte	y_mavg
 1204 01e9 0E       		.uleb128 0xe
 1205 01ea 10000000 		.4byte	.LASF27
 1206 01ee 01       		.byte	0x1
 1207 01ef 0F       		.byte	0xf
 1208 01f0 B7010000 		.4byte	0x1b7
 1209 01f4 05       		.uleb128 0x5
 1210 01f5 03       		.byte	0x3
 1211 01f6 00000000 		.4byte	b_mavg
 1212 01fa 0E       		.uleb128 0xe
 1213 01fb E7010000 		.4byte	.LASF28
 1214 01ff 01       		.byte	0x1
 1215 0200 14       		.byte	0x14
 1216 0201 B7010000 		.4byte	0x1b7
 1217 0205 05       		.uleb128 0x5
 1218 0206 03       		.byte	0x3
 1219 0207 00000000 		.4byte	x2_mavg
 1220 020b 0E       		.uleb128 0xe
 1221 020c 1D020000 		.4byte	.LASF29
 1222 0210 01       		.byte	0x1
 1223 0211 15       		.byte	0x15
 1224 0212 A2000000 		.4byte	0xa2
 1225 0216 05       		.uleb128 0x5
 1226 0217 03       		.byte	0x3
 1227 0218 00000000 		.4byte	y2_mavg
 1228 021c 0E       		.uleb128 0xe
 1229 021d 55000000 		.4byte	.LASF30
ARM GAS  C:\Users\passw\AppData\Local\Temp\ccqHEPRP.s 			page 26


 1230 0221 01       		.byte	0x1
 1231 0222 16       		.byte	0x16
 1232 0223 B7010000 		.4byte	0x1b7
 1233 0227 05       		.uleb128 0x5
 1234 0228 03       		.byte	0x3
 1235 0229 00000000 		.4byte	b2_mavg
 1236 022d 0C       		.uleb128 0xc
 1237 022e A2000000 		.4byte	0xa2
 1238 0232 3D020000 		.4byte	0x23d
 1239 0236 0D       		.uleb128 0xd
 1240 0237 B0000000 		.4byte	0xb0
 1241 023b 02       		.byte	0x2
 1242 023c 00       		.byte	0
 1243 023d 0E       		.uleb128 0xe
 1244 023e 17000000 		.4byte	.LASF31
 1245 0242 01       		.byte	0x1
 1246 0243 1A       		.byte	0x1a
 1247 0244 2D020000 		.4byte	0x22d
 1248 0248 05       		.uleb128 0x5
 1249 0249 03       		.byte	0x3
 1250 024a 00000000 		.4byte	x_low
 1251 024e 0E       		.uleb128 0xe
 1252 024f C3000000 		.4byte	.LASF32
 1253 0253 01       		.byte	0x1
 1254 0254 1B       		.byte	0x1b
 1255 0255 2D020000 		.4byte	0x22d
 1256 0259 05       		.uleb128 0x5
 1257 025a 03       		.byte	0x3
 1258 025b 00000000 		.4byte	y_low
 1259 025f 0E       		.uleb128 0xe
 1260 0260 5C020000 		.4byte	.LASF33
 1261 0264 01       		.byte	0x1
 1262 0265 1C       		.byte	0x1c
 1263 0266 2D020000 		.4byte	0x22d
 1264 026a 05       		.uleb128 0x5
 1265 026b 03       		.byte	0x3
 1266 026c 00000000 		.4byte	b_low
 1267 0270 0E       		.uleb128 0xe
 1268 0271 EF010000 		.4byte	.LASF34
 1269 0275 01       		.byte	0x1
 1270 0276 1D       		.byte	0x1d
 1271 0277 2D020000 		.4byte	0x22d
 1272 027b 05       		.uleb128 0x5
 1273 027c 03       		.byte	0x3
 1274 027d 00000000 		.4byte	a_low
 1275 0281 0E       		.uleb128 0xe
 1276 0282 E9000000 		.4byte	.LASF35
 1277 0286 01       		.byte	0x1
 1278 0287 1F       		.byte	0x1f
 1279 0288 A9000000 		.4byte	0xa9
 1280 028c 05       		.uleb128 0x5
 1281 028d 03       		.byte	0x3
 1282 028e 00000000 		.4byte	current_byte
 1283 0292 0E       		.uleb128 0xe
 1284 0293 07000000 		.4byte	.LASF36
 1285 0297 01       		.byte	0x1
 1286 0298 20       		.byte	0x20
ARM GAS  C:\Users\passw\AppData\Local\Temp\ccqHEPRP.s 			page 27


 1287 0299 8F000000 		.4byte	0x8f
 1288 029d 05       		.uleb128 0x5
 1289 029e 03       		.byte	0x3
 1290 029f 00000000 		.4byte	value_in
 1291 02a3 0C       		.uleb128 0xc
 1292 02a4 8F000000 		.4byte	0x8f
 1293 02a8 B3020000 		.4byte	0x2b3
 1294 02ac 0D       		.uleb128 0xd
 1295 02ad B0000000 		.4byte	0xb0
 1296 02b1 01       		.byte	0x1
 1297 02b2 00       		.byte	0
 1298 02b3 0E       		.uleb128 0xe
 1299 02b4 BF010000 		.4byte	.LASF37
 1300 02b8 01       		.byte	0x1
 1301 02b9 20       		.byte	0x20
 1302 02ba A3020000 		.4byte	0x2a3
 1303 02be 05       		.uleb128 0x5
 1304 02bf 03       		.byte	0x3
 1305 02c0 00000000 		.4byte	value_out
 1306 02c4 0F       		.uleb128 0xf
 1307 02c5 6900     		.ascii	"i\000"
 1308 02c7 01       		.byte	0x1
 1309 02c8 20       		.byte	0x20
 1310 02c9 8F000000 		.4byte	0x8f
 1311 02cd 05       		.uleb128 0x5
 1312 02ce 03       		.byte	0x3
 1313 02cf 00000000 		.4byte	i
 1314 02d3 0F       		.uleb128 0xf
 1315 02d4 6A00     		.ascii	"j\000"
 1316 02d6 01       		.byte	0x1
 1317 02d7 20       		.byte	0x20
 1318 02d8 8F000000 		.4byte	0x8f
 1319 02dc 05       		.uleb128 0x5
 1320 02dd 03       		.byte	0x3
 1321 02de 00000000 		.4byte	j
 1322 02e2 0E       		.uleb128 0xe
 1323 02e3 F5010000 		.4byte	.LASF38
 1324 02e7 01       		.byte	0x1
 1325 02e8 20       		.byte	0x20
 1326 02e9 8F000000 		.4byte	0x8f
 1327 02ed 05       		.uleb128 0x5
 1328 02ee 03       		.byte	0x3
 1329 02ef 00000000 		.4byte	avg_new
 1330 02f3 0E       		.uleb128 0xe
 1331 02f4 49020000 		.4byte	.LASF39
 1332 02f8 01       		.byte	0x1
 1333 02f9 21       		.byte	0x21
 1334 02fa A9000000 		.4byte	0xa9
 1335 02fe 05       		.uleb128 0x5
 1336 02ff 03       		.byte	0x3
 1337 0300 00000000 		.4byte	FirstCall
 1338 0304 0E       		.uleb128 0xe
 1339 0305 E0010000 		.4byte	.LASF40
 1340 0309 01       		.byte	0x1
 1341 030a 23       		.byte	0x23
 1342 030b A3020000 		.4byte	0x2a3
 1343 030f 05       		.uleb128 0x5
ARM GAS  C:\Users\passw\AppData\Local\Temp\ccqHEPRP.s 			page 28


 1344 0310 03       		.byte	0x3
 1345 0311 00000000 		.4byte	result
 1346 0315 0E       		.uleb128 0xe
 1347 0316 DE000000 		.4byte	.LASF41
 1348 031a 01       		.byte	0x1
 1349 031b 24       		.byte	0x24
 1350 031c 6B000000 		.4byte	0x6b
 1351 0320 05       		.uleb128 0x5
 1352 0321 03       		.byte	0x3
 1353 0322 00000000 		.4byte	data_ready
 1354 0326 00       		.byte	0
 1355              		.section	.debug_abbrev,"",%progbits
 1356              	.Ldebug_abbrev0:
 1357 0000 01       		.uleb128 0x1
 1358 0001 11       		.uleb128 0x11
 1359 0002 01       		.byte	0x1
 1360 0003 25       		.uleb128 0x25
 1361 0004 0E       		.uleb128 0xe
 1362 0005 13       		.uleb128 0x13
 1363 0006 0B       		.uleb128 0xb
 1364 0007 03       		.uleb128 0x3
 1365 0008 0E       		.uleb128 0xe
 1366 0009 1B       		.uleb128 0x1b
 1367 000a 0E       		.uleb128 0xe
 1368 000b 55       		.uleb128 0x55
 1369 000c 17       		.uleb128 0x17
 1370 000d 11       		.uleb128 0x11
 1371 000e 01       		.uleb128 0x1
 1372 000f 10       		.uleb128 0x10
 1373 0010 17       		.uleb128 0x17
 1374 0011 00       		.byte	0
 1375 0012 00       		.byte	0
 1376 0013 02       		.uleb128 0x2
 1377 0014 24       		.uleb128 0x24
 1378 0015 00       		.byte	0
 1379 0016 0B       		.uleb128 0xb
 1380 0017 0B       		.uleb128 0xb
 1381 0018 3E       		.uleb128 0x3e
 1382 0019 0B       		.uleb128 0xb
 1383 001a 03       		.uleb128 0x3
 1384 001b 0E       		.uleb128 0xe
 1385 001c 00       		.byte	0
 1386 001d 00       		.byte	0
 1387 001e 03       		.uleb128 0x3
 1388 001f 24       		.uleb128 0x24
 1389 0020 00       		.byte	0
 1390 0021 0B       		.uleb128 0xb
 1391 0022 0B       		.uleb128 0xb
 1392 0023 3E       		.uleb128 0x3e
 1393 0024 0B       		.uleb128 0xb
 1394 0025 03       		.uleb128 0x3
 1395 0026 08       		.uleb128 0x8
 1396 0027 00       		.byte	0
 1397 0028 00       		.byte	0
 1398 0029 04       		.uleb128 0x4
 1399 002a 16       		.uleb128 0x16
 1400 002b 00       		.byte	0
ARM GAS  C:\Users\passw\AppData\Local\Temp\ccqHEPRP.s 			page 29


 1401 002c 03       		.uleb128 0x3
 1402 002d 0E       		.uleb128 0xe
 1403 002e 3A       		.uleb128 0x3a
 1404 002f 0B       		.uleb128 0xb
 1405 0030 3B       		.uleb128 0x3b
 1406 0031 05       		.uleb128 0x5
 1407 0032 49       		.uleb128 0x49
 1408 0033 13       		.uleb128 0x13
 1409 0034 00       		.byte	0
 1410 0035 00       		.byte	0
 1411 0036 05       		.uleb128 0x5
 1412 0037 2E       		.uleb128 0x2e
 1413 0038 01       		.byte	0x1
 1414 0039 3F       		.uleb128 0x3f
 1415 003a 19       		.uleb128 0x19
 1416 003b 03       		.uleb128 0x3
 1417 003c 0E       		.uleb128 0xe
 1418 003d 3A       		.uleb128 0x3a
 1419 003e 0B       		.uleb128 0xb
 1420 003f 3B       		.uleb128 0x3b
 1421 0040 0B       		.uleb128 0xb
 1422 0041 27       		.uleb128 0x27
 1423 0042 19       		.uleb128 0x19
 1424 0043 49       		.uleb128 0x49
 1425 0044 13       		.uleb128 0x13
 1426 0045 11       		.uleb128 0x11
 1427 0046 01       		.uleb128 0x1
 1428 0047 12       		.uleb128 0x12
 1429 0048 06       		.uleb128 0x6
 1430 0049 40       		.uleb128 0x40
 1431 004a 18       		.uleb128 0x18
 1432 004b 9642     		.uleb128 0x2116
 1433 004d 19       		.uleb128 0x19
 1434 004e 01       		.uleb128 0x1
 1435 004f 13       		.uleb128 0x13
 1436 0050 00       		.byte	0
 1437 0051 00       		.byte	0
 1438 0052 06       		.uleb128 0x6
 1439 0053 05       		.uleb128 0x5
 1440 0054 00       		.byte	0
 1441 0055 03       		.uleb128 0x3
 1442 0056 08       		.uleb128 0x8
 1443 0057 3A       		.uleb128 0x3a
 1444 0058 0B       		.uleb128 0xb
 1445 0059 3B       		.uleb128 0x3b
 1446 005a 0B       		.uleb128 0xb
 1447 005b 49       		.uleb128 0x49
 1448 005c 13       		.uleb128 0x13
 1449 005d 02       		.uleb128 0x2
 1450 005e 18       		.uleb128 0x18
 1451 005f 00       		.byte	0
 1452 0060 00       		.byte	0
 1453 0061 07       		.uleb128 0x7
 1454 0062 05       		.uleb128 0x5
 1455 0063 00       		.byte	0
 1456 0064 03       		.uleb128 0x3
 1457 0065 0E       		.uleb128 0xe
ARM GAS  C:\Users\passw\AppData\Local\Temp\ccqHEPRP.s 			page 30


 1458 0066 3A       		.uleb128 0x3a
 1459 0067 0B       		.uleb128 0xb
 1460 0068 3B       		.uleb128 0x3b
 1461 0069 0B       		.uleb128 0xb
 1462 006a 49       		.uleb128 0x49
 1463 006b 13       		.uleb128 0x13
 1464 006c 02       		.uleb128 0x2
 1465 006d 18       		.uleb128 0x18
 1466 006e 00       		.byte	0
 1467 006f 00       		.byte	0
 1468 0070 08       		.uleb128 0x8
 1469 0071 34       		.uleb128 0x34
 1470 0072 00       		.byte	0
 1471 0073 03       		.uleb128 0x3
 1472 0074 08       		.uleb128 0x8
 1473 0075 3A       		.uleb128 0x3a
 1474 0076 0B       		.uleb128 0xb
 1475 0077 3B       		.uleb128 0x3b
 1476 0078 0B       		.uleb128 0xb
 1477 0079 49       		.uleb128 0x49
 1478 007a 13       		.uleb128 0x13
 1479 007b 02       		.uleb128 0x2
 1480 007c 18       		.uleb128 0x18
 1481 007d 00       		.byte	0
 1482 007e 00       		.byte	0
 1483 007f 09       		.uleb128 0x9
 1484 0080 2E       		.uleb128 0x2e
 1485 0081 01       		.byte	0x1
 1486 0082 3F       		.uleb128 0x3f
 1487 0083 19       		.uleb128 0x19
 1488 0084 03       		.uleb128 0x3
 1489 0085 0E       		.uleb128 0xe
 1490 0086 3A       		.uleb128 0x3a
 1491 0087 0B       		.uleb128 0xb
 1492 0088 3B       		.uleb128 0x3b
 1493 0089 0B       		.uleb128 0xb
 1494 008a 27       		.uleb128 0x27
 1495 008b 19       		.uleb128 0x19
 1496 008c 11       		.uleb128 0x11
 1497 008d 01       		.uleb128 0x1
 1498 008e 12       		.uleb128 0x12
 1499 008f 06       		.uleb128 0x6
 1500 0090 40       		.uleb128 0x40
 1501 0091 18       		.uleb128 0x18
 1502 0092 9642     		.uleb128 0x2116
 1503 0094 19       		.uleb128 0x19
 1504 0095 01       		.uleb128 0x1
 1505 0096 13       		.uleb128 0x13
 1506 0097 00       		.byte	0
 1507 0098 00       		.byte	0
 1508 0099 0A       		.uleb128 0xa
 1509 009a 2E       		.uleb128 0x2e
 1510 009b 01       		.byte	0x1
 1511 009c 3F       		.uleb128 0x3f
 1512 009d 19       		.uleb128 0x19
 1513 009e 03       		.uleb128 0x3
 1514 009f 0E       		.uleb128 0xe
ARM GAS  C:\Users\passw\AppData\Local\Temp\ccqHEPRP.s 			page 31


 1515 00a0 3A       		.uleb128 0x3a
 1516 00a1 0B       		.uleb128 0xb
 1517 00a2 3B       		.uleb128 0x3b
 1518 00a3 0B       		.uleb128 0xb
 1519 00a4 49       		.uleb128 0x49
 1520 00a5 13       		.uleb128 0x13
 1521 00a6 11       		.uleb128 0x11
 1522 00a7 01       		.uleb128 0x1
 1523 00a8 12       		.uleb128 0x12
 1524 00a9 06       		.uleb128 0x6
 1525 00aa 40       		.uleb128 0x40
 1526 00ab 18       		.uleb128 0x18
 1527 00ac 9642     		.uleb128 0x2116
 1528 00ae 19       		.uleb128 0x19
 1529 00af 01       		.uleb128 0x1
 1530 00b0 13       		.uleb128 0x13
 1531 00b1 00       		.byte	0
 1532 00b2 00       		.byte	0
 1533 00b3 0B       		.uleb128 0xb
 1534 00b4 34       		.uleb128 0x34
 1535 00b5 00       		.byte	0
 1536 00b6 03       		.uleb128 0x3
 1537 00b7 0E       		.uleb128 0xe
 1538 00b8 3A       		.uleb128 0x3a
 1539 00b9 0B       		.uleb128 0xb
 1540 00ba 3B       		.uleb128 0x3b
 1541 00bb 0B       		.uleb128 0xb
 1542 00bc 49       		.uleb128 0x49
 1543 00bd 13       		.uleb128 0x13
 1544 00be 02       		.uleb128 0x2
 1545 00bf 18       		.uleb128 0x18
 1546 00c0 00       		.byte	0
 1547 00c1 00       		.byte	0
 1548 00c2 0C       		.uleb128 0xc
 1549 00c3 01       		.uleb128 0x1
 1550 00c4 01       		.byte	0x1
 1551 00c5 49       		.uleb128 0x49
 1552 00c6 13       		.uleb128 0x13
 1553 00c7 01       		.uleb128 0x1
 1554 00c8 13       		.uleb128 0x13
 1555 00c9 00       		.byte	0
 1556 00ca 00       		.byte	0
 1557 00cb 0D       		.uleb128 0xd
 1558 00cc 21       		.uleb128 0x21
 1559 00cd 00       		.byte	0
 1560 00ce 49       		.uleb128 0x49
 1561 00cf 13       		.uleb128 0x13
 1562 00d0 2F       		.uleb128 0x2f
 1563 00d1 0B       		.uleb128 0xb
 1564 00d2 00       		.byte	0
 1565 00d3 00       		.byte	0
 1566 00d4 0E       		.uleb128 0xe
 1567 00d5 34       		.uleb128 0x34
 1568 00d6 00       		.byte	0
 1569 00d7 03       		.uleb128 0x3
 1570 00d8 0E       		.uleb128 0xe
 1571 00d9 3A       		.uleb128 0x3a
ARM GAS  C:\Users\passw\AppData\Local\Temp\ccqHEPRP.s 			page 32


 1572 00da 0B       		.uleb128 0xb
 1573 00db 3B       		.uleb128 0x3b
 1574 00dc 0B       		.uleb128 0xb
 1575 00dd 49       		.uleb128 0x49
 1576 00de 13       		.uleb128 0x13
 1577 00df 3F       		.uleb128 0x3f
 1578 00e0 19       		.uleb128 0x19
 1579 00e1 02       		.uleb128 0x2
 1580 00e2 18       		.uleb128 0x18
 1581 00e3 00       		.byte	0
 1582 00e4 00       		.byte	0
 1583 00e5 0F       		.uleb128 0xf
 1584 00e6 34       		.uleb128 0x34
 1585 00e7 00       		.byte	0
 1586 00e8 03       		.uleb128 0x3
 1587 00e9 08       		.uleb128 0x8
 1588 00ea 3A       		.uleb128 0x3a
 1589 00eb 0B       		.uleb128 0xb
 1590 00ec 3B       		.uleb128 0x3b
 1591 00ed 0B       		.uleb128 0xb
 1592 00ee 49       		.uleb128 0x49
 1593 00ef 13       		.uleb128 0x13
 1594 00f0 3F       		.uleb128 0x3f
 1595 00f1 19       		.uleb128 0x19
 1596 00f2 02       		.uleb128 0x2
 1597 00f3 18       		.uleb128 0x18
 1598 00f4 00       		.byte	0
 1599 00f5 00       		.byte	0
 1600 00f6 00       		.byte	0
 1601              		.section	.debug_aranges,"",%progbits
 1602 0000 44000000 		.4byte	0x44
 1603 0004 0200     		.2byte	0x2
 1604 0006 00000000 		.4byte	.Ldebug_info0
 1605 000a 04       		.byte	0x4
 1606 000b 00       		.byte	0
 1607 000c 0000     		.2byte	0
 1608 000e 0000     		.2byte	0
 1609 0010 00000000 		.4byte	.LFB37
 1610 0014 5C000000 		.4byte	.LFE37-.LFB37
 1611 0018 00000000 		.4byte	.LFB38
 1612 001c 04010000 		.4byte	.LFE38-.LFB38
 1613 0020 00000000 		.4byte	.LFB39
 1614 0024 0C010000 		.4byte	.LFE39-.LFB39
 1615 0028 00000000 		.4byte	.LFB40
 1616 002c 24010000 		.4byte	.LFE40-.LFB40
 1617 0030 00000000 		.4byte	.LFB41
 1618 0034 50000000 		.4byte	.LFE41-.LFB41
 1619 0038 00000000 		.4byte	.LFB42
 1620 003c C8000000 		.4byte	.LFE42-.LFB42
 1621 0040 00000000 		.4byte	0
 1622 0044 00000000 		.4byte	0
 1623              		.section	.debug_ranges,"",%progbits
 1624              	.Ldebug_ranges0:
 1625 0000 00000000 		.4byte	.LFB37
 1626 0004 5C000000 		.4byte	.LFE37
 1627 0008 00000000 		.4byte	.LFB38
 1628 000c 04010000 		.4byte	.LFE38
ARM GAS  C:\Users\passw\AppData\Local\Temp\ccqHEPRP.s 			page 33


 1629 0010 00000000 		.4byte	.LFB39
 1630 0014 0C010000 		.4byte	.LFE39
 1631 0018 00000000 		.4byte	.LFB40
 1632 001c 24010000 		.4byte	.LFE40
 1633 0020 00000000 		.4byte	.LFB41
 1634 0024 50000000 		.4byte	.LFE41
 1635 0028 00000000 		.4byte	.LFB42
 1636 002c C8000000 		.4byte	.LFE42
 1637 0030 00000000 		.4byte	0
 1638 0034 00000000 		.4byte	0
 1639              		.section	.debug_line,"",%progbits
 1640              	.Ldebug_line0:
 1641 0000 75010000 		.section	.debug_str,"MS",%progbits,1
 1641      02004300 
 1641      00000201 
 1641      FB0E0D00 
 1641      01010101 
 1642              	.LASF25:
 1643 0000 785F6D61 		.ascii	"x_mavg\000"
 1643      766700
 1644              	.LASF36:
 1645 0007 76616C75 		.ascii	"value_in\000"
 1645      655F696E 
 1645      00
 1646              	.LASF27:
 1647 0010 625F6D61 		.ascii	"b_mavg\000"
 1647      766700
 1648              	.LASF31:
 1649 0017 785F6C6F 		.ascii	"x_low\000"
 1649      7700
 1650              	.LASF3:
 1651 001d 73686F72 		.ascii	"short unsigned int\000"
 1651      7420756E 
 1651      7369676E 
 1651      65642069 
 1651      6E7400
 1652              	.LASF2:
 1653 0030 73686F72 		.ascii	"short int\000"
 1653      7420696E 
 1653      7400
 1654              	.LASF21:
 1655 003a 6C6F775F 		.ascii	"low_pass_filter\000"
 1655      70617373 
 1655      5F66696C 
 1655      74657200 
 1656              	.LASF13:
 1657 004a 666C6F61 		.ascii	"float\000"
 1657      7400
 1658              	.LASF19:
 1659 0050 64617461 		.ascii	"data\000"
 1659      00
 1660              	.LASF30:
 1661 0055 62325F6D 		.ascii	"b2_mavg\000"
 1661      61766700 
 1662              	.LASF44:
 1663 005d 433A5C55 		.ascii	"C:\\Users\\passw\\Desktop\\Det pisse meget rigtigt!"
 1663      73657273 
ARM GAS  C:\Users\passw\AppData\Local\Temp\ccqHEPRP.s 			page 34


 1663      5C706173 
 1663      73775C44 
 1663      65736B74 
 1664 008c 5C414443 		.ascii	"\\ADC_med_filtre.cydsn\000"
 1664      5F6D6564 
 1664      5F66696C 
 1664      7472652E 
 1664      63796473 
 1665              	.LASF1:
 1666 00a2 756E7369 		.ascii	"unsigned char\000"
 1666      676E6564 
 1666      20636861 
 1666      7200
 1667              	.LASF12:
 1668 00b0 696E7431 		.ascii	"int16\000"
 1668      3600
 1669              	.LASF26:
 1670 00b6 795F6D61 		.ascii	"y_mavg\000"
 1670      766700
 1671              	.LASF9:
 1672 00bd 75696E74 		.ascii	"uint8\000"
 1672      3800
 1673              	.LASF32:
 1674 00c3 795F6C6F 		.ascii	"y_low\000"
 1674      7700
 1675              	.LASF22:
 1676 00c9 4144435F 		.ascii	"ADC_interrupt\000"
 1676      696E7465 
 1676      72727570 
 1676      7400
 1677              	.LASF14:
 1678 00d7 646F7562 		.ascii	"double\000"
 1678      6C6500
 1679              	.LASF41:
 1680 00de 64617461 		.ascii	"data_ready\000"
 1680      5F726561 
 1680      647900
 1681              	.LASF35:
 1682 00e9 63757272 		.ascii	"current_byte\000"
 1682      656E745F 
 1682      62797465 
 1682      00
 1683              	.LASF43:
 1684 00f6 2E5C6D61 		.ascii	".\\main.c\000"
 1684      696E2E63 
 1684      00
 1685              	.LASF42:
 1686 00ff 474E5520 		.ascii	"GNU C 4.9.3 20150303 (release) [ARM/embedded-4_9-br"
 1686      4320342E 
 1686      392E3320 
 1686      32303135 
 1686      30333033 
 1687 0132 616E6368 		.ascii	"anch revision 221220] -mcpu=cortex-m0 -mthumb -g -O"
 1687      20726576 
 1687      6973696F 
 1687      6E203232 
 1687      31323230 
ARM GAS  C:\Users\passw\AppData\Local\Temp\ccqHEPRP.s 			page 35


 1688 0165 30202D66 		.ascii	"0 -ffunction-sections -ffat-lto-objects\000"
 1688      66756E63 
 1688      74696F6E 
 1688      2D736563 
 1688      74696F6E 
 1689              	.LASF10:
 1690 018d 75696E74 		.ascii	"uint16\000"
 1690      313600
 1691              	.LASF11:
 1692 0194 75696E74 		.ascii	"uint32\000"
 1692      333200
 1693              	.LASF23:
 1694 019b 6D61696E 		.ascii	"main\000"
 1694      00
 1695              	.LASF5:
 1696 01a0 6C6F6E67 		.ascii	"long unsigned int\000"
 1696      20756E73 
 1696      69676E65 
 1696      6420696E 
 1696      7400
 1697              	.LASF8:
 1698 01b2 756E7369 		.ascii	"unsigned int\000"
 1698      676E6564 
 1698      20696E74 
 1698      00
 1699              	.LASF37:
 1700 01bf 76616C75 		.ascii	"value_out\000"
 1700      655F6F75 
 1700      7400
 1701              	.LASF7:
 1702 01c9 6C6F6E67 		.ascii	"long long unsigned int\000"
 1702      206C6F6E 
 1702      6720756E 
 1702      7369676E 
 1702      65642069 
 1703              	.LASF40:
 1704 01e0 72657375 		.ascii	"result\000"
 1704      6C7400
 1705              	.LASF28:
 1706 01e7 78325F6D 		.ascii	"x2_mavg\000"
 1706      61766700 
 1707              	.LASF34:
 1708 01ef 615F6C6F 		.ascii	"a_low\000"
 1708      7700
 1709              	.LASF38:
 1710 01f5 6176675F 		.ascii	"avg_new\000"
 1710      6E657700 
 1711              	.LASF16:
 1712 01fd 73697A65 		.ascii	"sizetype\000"
 1712      74797065 
 1712      00
 1713              	.LASF24:
 1714 0206 6D61765F 		.ascii	"mav_data\000"
 1714      64617461 
 1714      00
 1715              	.LASF6:
 1716 020f 6C6F6E67 		.ascii	"long long int\000"
ARM GAS  C:\Users\passw\AppData\Local\Temp\ccqHEPRP.s 			page 36


 1716      206C6F6E 
 1716      6720696E 
 1716      7400
 1717              	.LASF29:
 1718 021d 79325F6D 		.ascii	"y2_mavg\000"
 1718      61766700 
 1719              	.LASF15:
 1720 0225 63686172 		.ascii	"char\000"
 1720      00
 1721              	.LASF17:
 1722 022a 666C6F6F 		.ascii	"floor_and_convert\000"
 1722      725F616E 
 1722      645F636F 
 1722      6E766572 
 1722      7400
 1723              	.LASF20:
 1724 023c 6D617667 		.ascii	"mavg_filter2\000"
 1724      5F66696C 
 1724      74657232 
 1724      00
 1725              	.LASF39:
 1726 0249 46697273 		.ascii	"FirstCall\000"
 1726      7443616C 
 1726      6C00
 1727              	.LASF4:
 1728 0253 6C6F6E67 		.ascii	"long int\000"
 1728      20696E74 
 1728      00
 1729              	.LASF33:
 1730 025c 625F6C6F 		.ascii	"b_low\000"
 1730      7700
 1731              	.LASF0:
 1732 0262 7369676E 		.ascii	"signed char\000"
 1732      65642063 
 1732      68617200 
 1733              	.LASF18:
 1734 026e 6D617667 		.ascii	"mavg_filter\000"
 1734      5F66696C 
 1734      74657200 
 1735              		.ident	"GCC: (GNU Tools for ARM Embedded Processors) 4.9.3 20150303 (release) [ARM/embedded-4_9-br
