--------------- Build Started: 05/20/2016 11:20:33 Project: mavg_filter_lavpas_filter, Configuration: ARM GCC 4.9-2015-q1-update Debug ---------------
cydsfit.exe -.appdatapath "C:\Users\Linette Helena\AppData\Local\Cypress Semiconductor\PSoC Creator\3.3" -.fdsnotice -.fdswarpdepfile=warp_dependencies.txt -.fdselabdepfile=elab_dependencies.txt -.fdsbldfile=generated_files.txt -p "C:\Users\Linette Helena\Documents\GitHub\ST4\PSoC\mavg_filter_lavpas_filter.cydsn\mavg_filter_lavpas_filter.cyprj" -d CY8C4247AZI-M485 -s "C:\Users\Linette Helena\Documents\GitHub\ST4\PSoC\mavg_filter_lavpas_filter.cydsn\Generated_Source\PSoC4" -- -yv2 -q10 -ygs -o2 -v3 -.fftcfgtype=LE
Elaborating Design...
HDL Generation ...
Synthesis ...
Place and Route ...
Tech mapping ...
Analog Placement ...
Analog Routing ...
Analog Code Generation ...
Digital Placement ...
Digital Routing ...
Bitstream Generation ...
Static timing analysis ...
API Generation ...
Dependency Generation ...
Clean Temporary Files ...
The compile step is up to date, no work needs to be done.
arm-none-eabi-ar.exe -rs .\CortexM0\ARM_GCC_493\Debug\mavg_filter_lavpas_filter.a .\CortexM0\ARM_GCC_493\Debug\cyfitter_cfg.o .\CortexM0\ARM_GCC_493\Debug\UART_RX_ISR.o .\CortexM0\ARM_GCC_493\Debug\UART.o .\CortexM0\ARM_GCC_493\Debug\UART_SPI_UART.o .\CortexM0\ARM_GCC_493\Debug\UART_SPI_UART_INT.o .\CortexM0\ARM_GCC_493\Debug\UART_PM.o .\CortexM0\ARM_GCC_493\Debug\UART_UART.o .\CortexM0\ARM_GCC_493\Debug\UART_BOOT.o .\CortexM0\ARM_GCC_493\Debug\UART_UART_BOOT.o .\CortexM0\ARM_GCC_493\Debug\UART_BLE_RX_ISR.o .\CortexM0\ARM_GCC_493\Debug\UART_BLE.o .\CortexM0\ARM_GCC_493\Debug\UART_BLE_SPI_UART.o .\CortexM0\ARM_GCC_493\Debug\UART_BLE_SPI_UART_INT.o .\CortexM0\ARM_GCC_493\Debug\UART_BLE_PM.o .\CortexM0\ARM_GCC_493\Debug\UART_BLE_UART.o .\CortexM0\ARM_GCC_493\Debug\UART_BLE_BOOT.o .\CortexM0\ARM_GCC_493\Debug\UART_BLE_UART_BOOT.o .\CortexM0\ARM_GCC_493\Debug\Timer.o .\CortexM0\ARM_GCC_493\Debug\Timer_PM.o .\CortexM0\ARM_GCC_493\Debug\Clock_1.o .\CortexM0\ARM_GCC_493\Debug\Timer_ISR.o .\CortexM0\ARM_GCC_493\Debug\Measure_When_Low.o .\CortexM0\ARM_GCC_493\Debug\Measure_When_Low_PM.o .\CortexM0\ARM_GCC_493\Debug\UART_SCBCLK.o .\CortexM0\ARM_GCC_493\Debug\UART_tx.o .\CortexM0\ARM_GCC_493\Debug\UART_tx_PM.o .\CortexM0\ARM_GCC_493\Debug\UART_rx.o .\CortexM0\ARM_GCC_493\Debug\UART_rx_PM.o .\CortexM0\ARM_GCC_493\Debug\UART_BLE_SCBCLK.o .\CortexM0\ARM_GCC_493\Debug\UART_BLE_tx.o .\CortexM0\ARM_GCC_493\Debug\UART_BLE_tx_PM.o .\CortexM0\ARM_GCC_493\Debug\UART_BLE_rx.o .\CortexM0\ARM_GCC_493\Debug\UART_BLE_rx_PM.o .\CortexM0\ARM_GCC_493\Debug\CyBootAsmGnu.o .\CortexM0\ARM_GCC_493\Debug\CyFlash.o .\CortexM0\ARM_GCC_493\Debug\CyLib.o .\CortexM0\ARM_GCC_493\Debug\cyPm.o .\CortexM0\ARM_GCC_493\Debug\cyutils.o .\CortexM0\ARM_GCC_493\Debug\CyDMA.o .\CortexM0\ARM_GCC_493\Debug\CyLFClk.o
arm-none-eabi-ar.exe: creating .\CortexM0\ARM_GCC_493\Debug\mavg_filter_lavpas_filter.a
arm-none-eabi-gcc.exe -Wl,--start-group -o .\CortexM0\ARM_GCC_493\Debug\mavg_filter_lavpas_filter.elf .\CortexM0\ARM_GCC_493\Debug\main.o .\CortexM0\ARM_GCC_493\Debug\cymetadata.o .\CortexM0\ARM_GCC_493\Debug\Cm0Start.o .\CortexM0\ARM_GCC_493\Debug\mavg_filter_lavpas_filter.a "C:\Program Files (x86)\Cypress\PSoC Creator\3.3\PSoC Creator\psoc\content\cycomponentlibrary\CyComponentLibrary.cylib\CortexM0\ARM_GCC_493\Debug\CyComponentLibrary.a" -mcpu=cortex-m0 -mthumb -g -ffunction-sections -Og -L Generated_Source\PSoC4 -Wl,-Map,.\CortexM0\ARM_GCC_493\Debug/mavg_filter_lavpas_filter.map -T Generated_Source\PSoC4\cm0gcc.ld -specs=nano.specs -Wl,--gc-sections -Wl,--end-group
cyelftool.exe -C "C:\Users\Linette Helena\Documents\GitHub\ST4\PSoC\mavg_filter_lavpas_filter.cydsn\CortexM0\ARM_GCC_493\Debug\mavg_filter_lavpas_filter.elf" --flash_row_size 128 --flash_size 131072
cyelftool.exe -S "C:\Users\Linette Helena\Documents\GitHub\ST4\PSoC\mavg_filter_lavpas_filter.cydsn\CortexM0\ARM_GCC_493\Debug\mavg_filter_lavpas_filter.elf"
Flash used: 10240 of 131072 bytes (7,8 %).
SRAM used: 2796 of 16384 bytes (17,1 %). Stack: 2048 bytes. Heap: 128 bytes.
--------------- Build Succeeded: 05/20/2016 11:20:57 ---------------
