ARM GAS  C:\Users\passw\AppData\Local\Temp\ccQ5Bkxn.s 			page 1


   1              		.cpu cortex-m0
   2              		.fpu softvfp
   3              		.eabi_attribute 20, 1
   4              		.eabi_attribute 21, 1
   5              		.eabi_attribute 23, 3
   6              		.eabi_attribute 24, 1
   7              		.eabi_attribute 25, 1
   8              		.eabi_attribute 26, 1
   9              		.eabi_attribute 30, 1
  10              		.eabi_attribute 34, 0
  11              		.eabi_attribute 18, 4
  12              		.code	16
  13              		.file	"cyfitter_cfg.c"
  14              		.text
  15              	.Ltext0:
  16              		.cfi_sections	.debug_frame
  17              		.section	.text.cfg_write_bytes32,"ax",%progbits
  18              		.align	2
  19              		.code	16
  20              		.thumb_func
  21              		.type	cfg_write_bytes32, %function
  22              	cfg_write_bytes32:
  23              	.LFB4:
  24              		.file 1 ".\\Generated_Source\\PSoC4\\cyfitter_cfg.c"
   1:.\Generated_Source\PSoC4/cyfitter_cfg.c **** /*******************************************************************************
   2:.\Generated_Source\PSoC4/cyfitter_cfg.c **** * File Name: cyfitter_cfg.c
   3:.\Generated_Source\PSoC4/cyfitter_cfg.c **** * 
   4:.\Generated_Source\PSoC4/cyfitter_cfg.c **** * PSoC Creator  3.3 SP1
   5:.\Generated_Source\PSoC4/cyfitter_cfg.c **** *
   6:.\Generated_Source\PSoC4/cyfitter_cfg.c **** * Description:
   7:.\Generated_Source\PSoC4/cyfitter_cfg.c **** * This file contains device initialization code.
   8:.\Generated_Source\PSoC4/cyfitter_cfg.c **** * Except for the user defined sections in CyClockStartupError(), this file should not be modified.
   9:.\Generated_Source\PSoC4/cyfitter_cfg.c **** * This file is automatically generated by PSoC Creator.
  10:.\Generated_Source\PSoC4/cyfitter_cfg.c **** *
  11:.\Generated_Source\PSoC4/cyfitter_cfg.c **** ********************************************************************************
  12:.\Generated_Source\PSoC4/cyfitter_cfg.c **** * Copyright (c) 2007-2015 Cypress Semiconductor.  All rights reserved.
  13:.\Generated_Source\PSoC4/cyfitter_cfg.c **** * You may use this file only in accordance with the license, terms, conditions, 
  14:.\Generated_Source\PSoC4/cyfitter_cfg.c **** * disclaimers, and limitations in the end user license agreement accompanying 
  15:.\Generated_Source\PSoC4/cyfitter_cfg.c **** * the software package with which this file was provided.
  16:.\Generated_Source\PSoC4/cyfitter_cfg.c **** ********************************************************************************/
  17:.\Generated_Source\PSoC4/cyfitter_cfg.c **** 
  18:.\Generated_Source\PSoC4/cyfitter_cfg.c **** #include <string.h>
  19:.\Generated_Source\PSoC4/cyfitter_cfg.c **** #include "cytypes.h"
  20:.\Generated_Source\PSoC4/cyfitter_cfg.c **** #include "cydevice_trm.h"
  21:.\Generated_Source\PSoC4/cyfitter_cfg.c **** #include "cyfitter.h"
  22:.\Generated_Source\PSoC4/cyfitter_cfg.c **** #include "CyLib.h"
  23:.\Generated_Source\PSoC4/cyfitter_cfg.c **** #include "CyLFClk.h"
  24:.\Generated_Source\PSoC4/cyfitter_cfg.c **** #include "cyfitter_cfg.h"
  25:.\Generated_Source\PSoC4/cyfitter_cfg.c **** 
  26:.\Generated_Source\PSoC4/cyfitter_cfg.c **** 
  27:.\Generated_Source\PSoC4/cyfitter_cfg.c **** #if defined(__GNUC__) || defined(__ARMCC_VERSION)
  28:.\Generated_Source\PSoC4/cyfitter_cfg.c ****     #define CYPACKED 
  29:.\Generated_Source\PSoC4/cyfitter_cfg.c ****     #define CYPACKED_ATTR __attribute__ ((packed))
  30:.\Generated_Source\PSoC4/cyfitter_cfg.c ****     #define CYALIGNED __attribute__ ((aligned))
  31:.\Generated_Source\PSoC4/cyfitter_cfg.c ****     #define CY_CFG_UNUSED __attribute__ ((unused))
  32:.\Generated_Source\PSoC4/cyfitter_cfg.c ****     #ifndef CY_CFG_SECTION
  33:.\Generated_Source\PSoC4/cyfitter_cfg.c ****         #define CY_CFG_SECTION __attribute__ ((section(".psocinit")))
ARM GAS  C:\Users\passw\AppData\Local\Temp\ccQ5Bkxn.s 			page 2


  34:.\Generated_Source\PSoC4/cyfitter_cfg.c ****     #endif
  35:.\Generated_Source\PSoC4/cyfitter_cfg.c ****     
  36:.\Generated_Source\PSoC4/cyfitter_cfg.c ****     #if defined(__ARMCC_VERSION)
  37:.\Generated_Source\PSoC4/cyfitter_cfg.c ****         #define CY_CFG_MEMORY_BARRIER() __memory_changed()
  38:.\Generated_Source\PSoC4/cyfitter_cfg.c ****     #else
  39:.\Generated_Source\PSoC4/cyfitter_cfg.c ****         #define CY_CFG_MEMORY_BARRIER() __sync_synchronize()
  40:.\Generated_Source\PSoC4/cyfitter_cfg.c ****     #endif
  41:.\Generated_Source\PSoC4/cyfitter_cfg.c ****     
  42:.\Generated_Source\PSoC4/cyfitter_cfg.c **** #elif defined(__ICCARM__)
  43:.\Generated_Source\PSoC4/cyfitter_cfg.c ****     #include <intrinsics.h>
  44:.\Generated_Source\PSoC4/cyfitter_cfg.c **** 
  45:.\Generated_Source\PSoC4/cyfitter_cfg.c ****     #define CYPACKED __packed
  46:.\Generated_Source\PSoC4/cyfitter_cfg.c ****     #define CYPACKED_ATTR 
  47:.\Generated_Source\PSoC4/cyfitter_cfg.c ****     #define CYALIGNED _Pragma("data_alignment=4")
  48:.\Generated_Source\PSoC4/cyfitter_cfg.c ****     #define CY_CFG_UNUSED _Pragma("diag_suppress=Pe177")
  49:.\Generated_Source\PSoC4/cyfitter_cfg.c ****     #define CY_CFG_SECTION _Pragma("location=\".psocinit\"")
  50:.\Generated_Source\PSoC4/cyfitter_cfg.c ****     
  51:.\Generated_Source\PSoC4/cyfitter_cfg.c ****     #define CY_CFG_MEMORY_BARRIER() __DMB()
  52:.\Generated_Source\PSoC4/cyfitter_cfg.c ****     
  53:.\Generated_Source\PSoC4/cyfitter_cfg.c **** #else
  54:.\Generated_Source\PSoC4/cyfitter_cfg.c ****     #error Unsupported toolchain
  55:.\Generated_Source\PSoC4/cyfitter_cfg.c **** #endif
  56:.\Generated_Source\PSoC4/cyfitter_cfg.c **** 
  57:.\Generated_Source\PSoC4/cyfitter_cfg.c **** 
  58:.\Generated_Source\PSoC4/cyfitter_cfg.c **** CY_CFG_UNUSED
  59:.\Generated_Source\PSoC4/cyfitter_cfg.c **** static void CYMEMZERO(void *s, size_t n);
  60:.\Generated_Source\PSoC4/cyfitter_cfg.c **** CY_CFG_UNUSED
  61:.\Generated_Source\PSoC4/cyfitter_cfg.c **** static void CYMEMZERO(void *s, size_t n)
  62:.\Generated_Source\PSoC4/cyfitter_cfg.c **** {
  63:.\Generated_Source\PSoC4/cyfitter_cfg.c **** 	(void)memset(s, 0, n);
  64:.\Generated_Source\PSoC4/cyfitter_cfg.c **** }
  65:.\Generated_Source\PSoC4/cyfitter_cfg.c **** CY_CFG_UNUSED
  66:.\Generated_Source\PSoC4/cyfitter_cfg.c **** static void CYCONFIGCPY(void *dest, const void *src, size_t n);
  67:.\Generated_Source\PSoC4/cyfitter_cfg.c **** CY_CFG_UNUSED
  68:.\Generated_Source\PSoC4/cyfitter_cfg.c **** static void CYCONFIGCPY(void *dest, const void *src, size_t n)
  69:.\Generated_Source\PSoC4/cyfitter_cfg.c **** {
  70:.\Generated_Source\PSoC4/cyfitter_cfg.c **** 	(void)memcpy(dest, src, n);
  71:.\Generated_Source\PSoC4/cyfitter_cfg.c **** }
  72:.\Generated_Source\PSoC4/cyfitter_cfg.c **** CY_CFG_UNUSED
  73:.\Generated_Source\PSoC4/cyfitter_cfg.c **** static void CYCONFIGCPYCODE(void *dest, const void *src, size_t n);
  74:.\Generated_Source\PSoC4/cyfitter_cfg.c **** CY_CFG_UNUSED
  75:.\Generated_Source\PSoC4/cyfitter_cfg.c **** static void CYCONFIGCPYCODE(void *dest, const void *src, size_t n)
  76:.\Generated_Source\PSoC4/cyfitter_cfg.c **** {
  77:.\Generated_Source\PSoC4/cyfitter_cfg.c **** 	(void)memcpy(dest, src, n);
  78:.\Generated_Source\PSoC4/cyfitter_cfg.c **** }
  79:.\Generated_Source\PSoC4/cyfitter_cfg.c **** 
  80:.\Generated_Source\PSoC4/cyfitter_cfg.c **** 
  81:.\Generated_Source\PSoC4/cyfitter_cfg.c **** 
  82:.\Generated_Source\PSoC4/cyfitter_cfg.c **** /* Clock startup error codes                                                   */
  83:.\Generated_Source\PSoC4/cyfitter_cfg.c **** #define CYCLOCKSTART_NO_ERROR    0u
  84:.\Generated_Source\PSoC4/cyfitter_cfg.c **** #define CYCLOCKSTART_XTAL_ERROR  1u
  85:.\Generated_Source\PSoC4/cyfitter_cfg.c **** #define CYCLOCKSTART_32KHZ_ERROR 2u
  86:.\Generated_Source\PSoC4/cyfitter_cfg.c **** #define CYCLOCKSTART_PLL_ERROR   3u
  87:.\Generated_Source\PSoC4/cyfitter_cfg.c **** 
  88:.\Generated_Source\PSoC4/cyfitter_cfg.c **** #ifdef CY_NEED_CYCLOCKSTARTUPERROR
  89:.\Generated_Source\PSoC4/cyfitter_cfg.c **** /*******************************************************************************
  90:.\Generated_Source\PSoC4/cyfitter_cfg.c **** * Function Name: CyClockStartupError
ARM GAS  C:\Users\passw\AppData\Local\Temp\ccQ5Bkxn.s 			page 3


  91:.\Generated_Source\PSoC4/cyfitter_cfg.c **** ********************************************************************************
  92:.\Generated_Source\PSoC4/cyfitter_cfg.c **** * Summary:
  93:.\Generated_Source\PSoC4/cyfitter_cfg.c **** *  If an error is encountered during clock configuration (crystal startup error,
  94:.\Generated_Source\PSoC4/cyfitter_cfg.c **** *  PLL lock error, etc.), the system will end up here.  Unless reimplemented by
  95:.\Generated_Source\PSoC4/cyfitter_cfg.c **** *  the customer, this function will stop in an infinite loop.
  96:.\Generated_Source\PSoC4/cyfitter_cfg.c **** *
  97:.\Generated_Source\PSoC4/cyfitter_cfg.c **** * Parameters:
  98:.\Generated_Source\PSoC4/cyfitter_cfg.c **** *   void
  99:.\Generated_Source\PSoC4/cyfitter_cfg.c **** *
 100:.\Generated_Source\PSoC4/cyfitter_cfg.c **** * Return:
 101:.\Generated_Source\PSoC4/cyfitter_cfg.c **** *   void
 102:.\Generated_Source\PSoC4/cyfitter_cfg.c **** *
 103:.\Generated_Source\PSoC4/cyfitter_cfg.c **** *******************************************************************************/
 104:.\Generated_Source\PSoC4/cyfitter_cfg.c **** CY_CFG_UNUSED
 105:.\Generated_Source\PSoC4/cyfitter_cfg.c **** static void CyClockStartupError(uint8 errorCode);
 106:.\Generated_Source\PSoC4/cyfitter_cfg.c **** CY_CFG_UNUSED
 107:.\Generated_Source\PSoC4/cyfitter_cfg.c **** static void CyClockStartupError(uint8 errorCode)
 108:.\Generated_Source\PSoC4/cyfitter_cfg.c **** {
 109:.\Generated_Source\PSoC4/cyfitter_cfg.c ****     /* To remove the compiler warning if errorCode not used.                */
 110:.\Generated_Source\PSoC4/cyfitter_cfg.c ****     errorCode = errorCode;
 111:.\Generated_Source\PSoC4/cyfitter_cfg.c **** 
 112:.\Generated_Source\PSoC4/cyfitter_cfg.c ****     /* `#START CyClockStartupError` */
 113:.\Generated_Source\PSoC4/cyfitter_cfg.c **** 
 114:.\Generated_Source\PSoC4/cyfitter_cfg.c ****     /* If we have a clock startup error (bad MHz crystal, PLL lock, etc.),  */
 115:.\Generated_Source\PSoC4/cyfitter_cfg.c ****     /* we will end up here to allow the customer to implement something to  */
 116:.\Generated_Source\PSoC4/cyfitter_cfg.c ****     /* deal with the clock condition.                                       */
 117:.\Generated_Source\PSoC4/cyfitter_cfg.c **** 
 118:.\Generated_Source\PSoC4/cyfitter_cfg.c ****     /* `#END` */
 119:.\Generated_Source\PSoC4/cyfitter_cfg.c **** 
 120:.\Generated_Source\PSoC4/cyfitter_cfg.c ****     /* If nothing else, stop here since the clocks have not started         */
 121:.\Generated_Source\PSoC4/cyfitter_cfg.c ****     /* correctly.                                                           */
 122:.\Generated_Source\PSoC4/cyfitter_cfg.c ****     while(1) {}
 123:.\Generated_Source\PSoC4/cyfitter_cfg.c **** }
 124:.\Generated_Source\PSoC4/cyfitter_cfg.c **** #endif
 125:.\Generated_Source\PSoC4/cyfitter_cfg.c **** 
 126:.\Generated_Source\PSoC4/cyfitter_cfg.c **** #define CY_CFG_BASE_ADDR_COUNT 5u
 127:.\Generated_Source\PSoC4/cyfitter_cfg.c **** CYPACKED typedef struct
 128:.\Generated_Source\PSoC4/cyfitter_cfg.c **** {
 129:.\Generated_Source\PSoC4/cyfitter_cfg.c **** 	uint8 offset;
 130:.\Generated_Source\PSoC4/cyfitter_cfg.c **** 	uint8 value;
 131:.\Generated_Source\PSoC4/cyfitter_cfg.c **** } CYPACKED_ATTR cy_cfg_addrvalue_t;
 132:.\Generated_Source\PSoC4/cyfitter_cfg.c **** 
 133:.\Generated_Source\PSoC4/cyfitter_cfg.c **** 
 134:.\Generated_Source\PSoC4/cyfitter_cfg.c **** 
 135:.\Generated_Source\PSoC4/cyfitter_cfg.c **** /*******************************************************************************
 136:.\Generated_Source\PSoC4/cyfitter_cfg.c **** * Function Name: cfg_write_bytes32
 137:.\Generated_Source\PSoC4/cyfitter_cfg.c **** ********************************************************************************
 138:.\Generated_Source\PSoC4/cyfitter_cfg.c **** * Summary:
 139:.\Generated_Source\PSoC4/cyfitter_cfg.c **** *  This function is used for setting up the chip configuration areas that
 140:.\Generated_Source\PSoC4/cyfitter_cfg.c **** *  contain relatively sparse data.
 141:.\Generated_Source\PSoC4/cyfitter_cfg.c **** *
 142:.\Generated_Source\PSoC4/cyfitter_cfg.c **** * Parameters:
 143:.\Generated_Source\PSoC4/cyfitter_cfg.c **** *   void
 144:.\Generated_Source\PSoC4/cyfitter_cfg.c **** *
 145:.\Generated_Source\PSoC4/cyfitter_cfg.c **** * Return:
 146:.\Generated_Source\PSoC4/cyfitter_cfg.c **** *   void
 147:.\Generated_Source\PSoC4/cyfitter_cfg.c **** *
ARM GAS  C:\Users\passw\AppData\Local\Temp\ccQ5Bkxn.s 			page 4


 148:.\Generated_Source\PSoC4/cyfitter_cfg.c **** *******************************************************************************/
 149:.\Generated_Source\PSoC4/cyfitter_cfg.c **** static void cfg_write_bytes32(const uint32 addr_table[], const cy_cfg_addrvalue_t data_table[]);
 150:.\Generated_Source\PSoC4/cyfitter_cfg.c **** static void cfg_write_bytes32(const uint32 addr_table[], const cy_cfg_addrvalue_t data_table[])
 151:.\Generated_Source\PSoC4/cyfitter_cfg.c **** {
  25              		.loc 1 151 0
  26              		.cfi_startproc
  27              	.LVL0:
  28 0000 F0B5     		push	{r4, r5, r6, r7, lr}
  29              		.cfi_def_cfa_offset 20
  30              		.cfi_offset 4, -20
  31              		.cfi_offset 5, -16
  32              		.cfi_offset 6, -12
  33              		.cfi_offset 7, -8
  34              		.cfi_offset 14, -4
  35              	.LVL1:
 152:.\Generated_Source\PSoC4/cyfitter_cfg.c **** 	/* For 32-bit little-endian architectures */
 153:.\Generated_Source\PSoC4/cyfitter_cfg.c **** 	uint32 i, j = 0u;
  36              		.loc 1 153 0
  37 0002 0025     		mov	r5, #0
 154:.\Generated_Source\PSoC4/cyfitter_cfg.c **** 	for (i = 0u; i < CY_CFG_BASE_ADDR_COUNT; i++)
  38              		.loc 1 154 0
  39 0004 0027     		mov	r7, #0
  40 0006 11E0     		b	.L2
  41              	.LVL2:
  42              	.L5:
  43              	.LBB2:
 155:.\Generated_Source\PSoC4/cyfitter_cfg.c **** 	{
 156:.\Generated_Source\PSoC4/cyfitter_cfg.c **** 		uint32 baseAddr = addr_table[i];
  44              		.loc 1 156 0
  45 0008 BB00     		lsl	r3, r7, #2
  46 000a C658     		ldr	r6, [r0, r3]
  47              	.LVL3:
 157:.\Generated_Source\PSoC4/cyfitter_cfg.c **** 		uint8 count = (uint8)baseAddr;
  48              		.loc 1 157 0
  49 000c F3B2     		uxtb	r3, r6
  50              	.LVL4:
 158:.\Generated_Source\PSoC4/cyfitter_cfg.c **** 		baseAddr &= 0xFFFFFF00u;
  51              		.loc 1 158 0
  52 000e FF22     		mov	r2, #255
  53 0010 9643     		bic	r6, r2
  54              	.LVL5:
 159:.\Generated_Source\PSoC4/cyfitter_cfg.c **** 		while (count != 0u)
  55              		.loc 1 159 0
  56 0012 08E0     		b	.L3
  57              	.L4:
 160:.\Generated_Source\PSoC4/cyfitter_cfg.c **** 		{
 161:.\Generated_Source\PSoC4/cyfitter_cfg.c **** 			CY_SET_XTND_REG8((void CYFAR *)(baseAddr + data_table[j].offset), data_table[j].value);
  58              		.loc 1 161 0
  59 0014 6A00     		lsl	r2, r5, #1
  60 0016 8A18     		add	r2, r1, r2
  61 0018 1478     		ldrb	r4, [r2]
  62 001a A419     		add	r4, r4, r6
  63 001c 5278     		ldrb	r2, [r2, #1]
  64 001e 2270     		strb	r2, [r4]
 162:.\Generated_Source\PSoC4/cyfitter_cfg.c **** 			j++;
  65              		.loc 1 162 0
  66 0020 0135     		add	r5, r5, #1
ARM GAS  C:\Users\passw\AppData\Local\Temp\ccQ5Bkxn.s 			page 5


  67              	.LVL6:
 163:.\Generated_Source\PSoC4/cyfitter_cfg.c **** 			count--;
  68              		.loc 1 163 0
  69 0022 013B     		sub	r3, r3, #1
  70              	.LVL7:
  71 0024 DBB2     		uxtb	r3, r3
  72              	.LVL8:
  73              	.L3:
 159:.\Generated_Source\PSoC4/cyfitter_cfg.c **** 		{
  74              		.loc 1 159 0
  75 0026 002B     		cmp	r3, #0
  76 0028 F4D1     		bne	.L4
  77              	.LBE2:
 154:.\Generated_Source\PSoC4/cyfitter_cfg.c **** 	{
  78              		.loc 1 154 0 discriminator 2
  79 002a 0137     		add	r7, r7, #1
  80              	.LVL9:
  81              	.L2:
 154:.\Generated_Source\PSoC4/cyfitter_cfg.c **** 	{
  82              		.loc 1 154 0 is_stmt 0 discriminator 1
  83 002c 042F     		cmp	r7, #4
  84 002e EBD9     		bls	.L5
 164:.\Generated_Source\PSoC4/cyfitter_cfg.c **** 		}
 165:.\Generated_Source\PSoC4/cyfitter_cfg.c **** 	}
 166:.\Generated_Source\PSoC4/cyfitter_cfg.c **** }
  85              		.loc 1 166 0 is_stmt 1
  86              		@ sp needed
  87              	.LVL10:
  88              	.LVL11:
  89 0030 F0BD     		pop	{r4, r5, r6, r7, pc}
  90              		.cfi_endproc
  91              	.LFE4:
  92              		.size	cfg_write_bytes32, .-cfg_write_bytes32
  93 0032 C046     		.section	.text.AnalogSetDefault,"ax",%progbits
  94              		.align	2
  95              		.code	16
  96              		.thumb_func
  97              		.type	AnalogSetDefault, %function
  98              	AnalogSetDefault:
  99              	.LFB6:
 167:.\Generated_Source\PSoC4/cyfitter_cfg.c **** 
 168:.\Generated_Source\PSoC4/cyfitter_cfg.c **** 
 169:.\Generated_Source\PSoC4/cyfitter_cfg.c **** /*******************************************************************************
 170:.\Generated_Source\PSoC4/cyfitter_cfg.c **** * Function Name: ClockSetup
 171:.\Generated_Source\PSoC4/cyfitter_cfg.c **** ********************************************************************************
 172:.\Generated_Source\PSoC4/cyfitter_cfg.c **** *
 173:.\Generated_Source\PSoC4/cyfitter_cfg.c **** * Summary:
 174:.\Generated_Source\PSoC4/cyfitter_cfg.c **** *   Performs the initialization of all of the clocks in the device based on the
 175:.\Generated_Source\PSoC4/cyfitter_cfg.c **** *   settings in the Clock tab of the DWR.  This includes enabling the requested
 176:.\Generated_Source\PSoC4/cyfitter_cfg.c **** *   clocks and setting the necessary dividers to produce the desired frequency. 
 177:.\Generated_Source\PSoC4/cyfitter_cfg.c **** *
 178:.\Generated_Source\PSoC4/cyfitter_cfg.c **** * Parameters:
 179:.\Generated_Source\PSoC4/cyfitter_cfg.c **** *   void
 180:.\Generated_Source\PSoC4/cyfitter_cfg.c **** *
 181:.\Generated_Source\PSoC4/cyfitter_cfg.c **** * Return:
 182:.\Generated_Source\PSoC4/cyfitter_cfg.c **** *   void
 183:.\Generated_Source\PSoC4/cyfitter_cfg.c **** *
ARM GAS  C:\Users\passw\AppData\Local\Temp\ccQ5Bkxn.s 			page 6


 184:.\Generated_Source\PSoC4/cyfitter_cfg.c **** *******************************************************************************/
 185:.\Generated_Source\PSoC4/cyfitter_cfg.c **** static void ClockSetup(void);
 186:.\Generated_Source\PSoC4/cyfitter_cfg.c **** CY_CFG_SECTION
 187:.\Generated_Source\PSoC4/cyfitter_cfg.c **** static void ClockSetup(void)
 188:.\Generated_Source\PSoC4/cyfitter_cfg.c **** {
 189:.\Generated_Source\PSoC4/cyfitter_cfg.c **** 
 190:.\Generated_Source\PSoC4/cyfitter_cfg.c **** 	/* Set Flash Cycles based on max possible frequency in case a glitch occurs during ClockSetup(). *
 191:.\Generated_Source\PSoC4/cyfitter_cfg.c **** 	CY_SET_REG32((void CYXDATA *)(CYREG_CPUSS_FLASH_CTL), (0x0012u));
 192:.\Generated_Source\PSoC4/cyfitter_cfg.c **** 	/* Setup and trim IMO based on desired frequency. */
 193:.\Generated_Source\PSoC4/cyfitter_cfg.c **** 	CySysClkWriteImoFreq(48u);
 194:.\Generated_Source\PSoC4/cyfitter_cfg.c **** 	/* CYDEV_CLK_ILO_CONFIG Starting address: CYDEV_CLK_ILO_CONFIG */
 195:.\Generated_Source\PSoC4/cyfitter_cfg.c **** 	CY_SET_XTND_REG32((void CYFAR *)(CYREG_CLK_ILO_CONFIG), 0x80000006u);
 196:.\Generated_Source\PSoC4/cyfitter_cfg.c **** 
 197:.\Generated_Source\PSoC4/cyfitter_cfg.c **** 
 198:.\Generated_Source\PSoC4/cyfitter_cfg.c **** 	/* Setup phase aligned clocks */
 199:.\Generated_Source\PSoC4/cyfitter_cfg.c **** 	CY_SET_REG32((void *)CYREG_PERI_DIV_16_CTL2, 0x00002F00u);
 200:.\Generated_Source\PSoC4/cyfitter_cfg.c **** 	CY_SET_REG32((void *)CYREG_PERI_DIV_CMD, 0x8000FF42u);
 201:.\Generated_Source\PSoC4/cyfitter_cfg.c **** 	CY_SET_REG32((void *)CYREG_PERI_DIV_16_CTL0, 0x00002200u);
 202:.\Generated_Source\PSoC4/cyfitter_cfg.c **** 	CY_SET_REG32((void *)CYREG_PERI_DIV_CMD, 0x8000FF40u);
 203:.\Generated_Source\PSoC4/cyfitter_cfg.c **** 	CY_SET_REG32((void *)CYREG_PERI_DIV_16_CTL1, 0x00002200u);
 204:.\Generated_Source\PSoC4/cyfitter_cfg.c **** 	CY_SET_REG32((void *)CYREG_PERI_DIV_CMD, 0x8000FF41u);
 205:.\Generated_Source\PSoC4/cyfitter_cfg.c **** 
 206:.\Generated_Source\PSoC4/cyfitter_cfg.c **** 	/* CYDEV_CLK_IMO_CONFIG Starting address: CYDEV_CLK_IMO_CONFIG */
 207:.\Generated_Source\PSoC4/cyfitter_cfg.c **** 	CY_SET_XTND_REG32((void CYFAR *)(CYREG_CLK_IMO_CONFIG), 0x80000000u);
 208:.\Generated_Source\PSoC4/cyfitter_cfg.c **** 
 209:.\Generated_Source\PSoC4/cyfitter_cfg.c **** 	/* CYDEV_CLK_SELECT Starting address: CYDEV_CLK_SELECT */
 210:.\Generated_Source\PSoC4/cyfitter_cfg.c **** 	CY_SET_XTND_REG32((void CYFAR *)(CYREG_CLK_SELECT), 0x00040000u);
 211:.\Generated_Source\PSoC4/cyfitter_cfg.c **** 
 212:.\Generated_Source\PSoC4/cyfitter_cfg.c **** 	/* CYDEV_PERI_PCLK_CTL11 Starting address: CYDEV_PERI_PCLK_CTL11 */
 213:.\Generated_Source\PSoC4/cyfitter_cfg.c **** 	CY_SET_XTND_REG32((void CYFAR *)(CYREG_PERI_PCLK_CTL11), 0x00000042u);
 214:.\Generated_Source\PSoC4/cyfitter_cfg.c **** 
 215:.\Generated_Source\PSoC4/cyfitter_cfg.c **** 	/* CYDEV_PERI_PCLK_CTL5 Starting address: CYDEV_PERI_PCLK_CTL5 */
 216:.\Generated_Source\PSoC4/cyfitter_cfg.c **** 	CY_SET_XTND_REG32((void CYFAR *)(CYREG_PERI_PCLK_CTL5), 0x00000040u);
 217:.\Generated_Source\PSoC4/cyfitter_cfg.c **** 
 218:.\Generated_Source\PSoC4/cyfitter_cfg.c **** 	/* CYDEV_PERI_PCLK_CTL3 Starting address: CYDEV_PERI_PCLK_CTL3 */
 219:.\Generated_Source\PSoC4/cyfitter_cfg.c **** 	CY_SET_XTND_REG32((void CYFAR *)(CYREG_PERI_PCLK_CTL3), 0x00000041u);
 220:.\Generated_Source\PSoC4/cyfitter_cfg.c **** 
 221:.\Generated_Source\PSoC4/cyfitter_cfg.c **** 	(void)CyIntSetVector(7u, &CySysWdtIsr);
 222:.\Generated_Source\PSoC4/cyfitter_cfg.c **** 	CyIntEnable(7u);
 223:.\Generated_Source\PSoC4/cyfitter_cfg.c **** 	CY_SET_XTND_REG32((void CYFAR *)(CYREG_WDT_CONFIG), 0x00000000u);
 224:.\Generated_Source\PSoC4/cyfitter_cfg.c **** }
 225:.\Generated_Source\PSoC4/cyfitter_cfg.c **** 
 226:.\Generated_Source\PSoC4/cyfitter_cfg.c **** 
 227:.\Generated_Source\PSoC4/cyfitter_cfg.c **** /* Analog API Functions */
 228:.\Generated_Source\PSoC4/cyfitter_cfg.c **** 
 229:.\Generated_Source\PSoC4/cyfitter_cfg.c **** 
 230:.\Generated_Source\PSoC4/cyfitter_cfg.c **** /*******************************************************************************
 231:.\Generated_Source\PSoC4/cyfitter_cfg.c **** * Function Name: AnalogSetDefault
 232:.\Generated_Source\PSoC4/cyfitter_cfg.c **** ********************************************************************************
 233:.\Generated_Source\PSoC4/cyfitter_cfg.c **** *
 234:.\Generated_Source\PSoC4/cyfitter_cfg.c **** * Summary:
 235:.\Generated_Source\PSoC4/cyfitter_cfg.c **** *  Sets up the analog portions of the chip to default values based on chip
 236:.\Generated_Source\PSoC4/cyfitter_cfg.c **** *  configuration options from the project.
 237:.\Generated_Source\PSoC4/cyfitter_cfg.c **** *
 238:.\Generated_Source\PSoC4/cyfitter_cfg.c **** * Parameters:
 239:.\Generated_Source\PSoC4/cyfitter_cfg.c **** *  void
 240:.\Generated_Source\PSoC4/cyfitter_cfg.c **** *
ARM GAS  C:\Users\passw\AppData\Local\Temp\ccQ5Bkxn.s 			page 7


 241:.\Generated_Source\PSoC4/cyfitter_cfg.c **** * Return:
 242:.\Generated_Source\PSoC4/cyfitter_cfg.c **** *  void
 243:.\Generated_Source\PSoC4/cyfitter_cfg.c **** *
 244:.\Generated_Source\PSoC4/cyfitter_cfg.c **** *******************************************************************************/
 245:.\Generated_Source\PSoC4/cyfitter_cfg.c **** static void AnalogSetDefault(void);
 246:.\Generated_Source\PSoC4/cyfitter_cfg.c **** static void AnalogSetDefault(void)
 247:.\Generated_Source\PSoC4/cyfitter_cfg.c **** {
 100              		.loc 1 247 0
 101              		.cfi_startproc
 248:.\Generated_Source\PSoC4/cyfitter_cfg.c **** 	CY_SET_XTND_REG32((void CYFAR *)CYREG_CTBM0_DFT_CTRL, 0x00000003u);
 102              		.loc 1 248 0
 103 0000 0323     		mov	r3, #3
 104 0002 044A     		ldr	r2, .L7
 105 0004 1360     		str	r3, [r2]
 249:.\Generated_Source\PSoC4/cyfitter_cfg.c **** 	CY_SET_XTND_REG32((void CYFAR *)CYREG_CTBM1_DFT_CTRL, 0x00000003u);
 106              		.loc 1 249 0
 107 0006 044A     		ldr	r2, .L7+4
 108 0008 1360     		str	r3, [r2]
 250:.\Generated_Source\PSoC4/cyfitter_cfg.c **** 	CY_SET_XTND_REG32((void CYFAR *)CYREG_PASS_DSAB_DSAB_CTRL, 0x00000000u);
 109              		.loc 1 250 0
 110 000a 0022     		mov	r2, #0
 111 000c 034B     		ldr	r3, .L7+8
 112 000e 1A60     		str	r2, [r3]
 251:.\Generated_Source\PSoC4/cyfitter_cfg.c **** }
 113              		.loc 1 251 0
 114              		@ sp needed
 115 0010 7047     		bx	lr
 116              	.L8:
 117 0012 C046     		.align	2
 118              	.L7:
 119 0014 30003040 		.word	1076887600
 120 0018 30003140 		.word	1076953136
 121 001c 000E3F40 		.word	1077874176
 122              		.cfi_endproc
 123              	.LFE6:
 124              		.size	AnalogSetDefault, .-AnalogSetDefault
 125              		.section	.text.CYMEMZERO,"ax",%progbits
 126              		.align	2
 127              		.code	16
 128              		.thumb_func
 129              		.type	CYMEMZERO, %function
 130              	CYMEMZERO:
 131              	.LFB1:
  62:.\Generated_Source\PSoC4/cyfitter_cfg.c **** 	(void)memset(s, 0, n);
 132              		.loc 1 62 0
 133              		.cfi_startproc
 134              	.LVL12:
 135 0000 08B5     		push	{r3, lr}
 136              		.cfi_def_cfa_offset 8
 137              		.cfi_offset 3, -8
 138              		.cfi_offset 14, -4
 139 0002 0A1C     		mov	r2, r1
  63:.\Generated_Source\PSoC4/cyfitter_cfg.c **** }
 140              		.loc 1 63 0
 141 0004 0021     		mov	r1, #0
 142              	.LVL13:
 143 0006 FFF7FEFF 		bl	memset
ARM GAS  C:\Users\passw\AppData\Local\Temp\ccQ5Bkxn.s 			page 8


 144              	.LVL14:
  64:.\Generated_Source\PSoC4/cyfitter_cfg.c **** CY_CFG_UNUSED
 145              		.loc 1 64 0
 146              		@ sp needed
 147 000a 08BD     		pop	{r3, pc}
 148              		.cfi_endproc
 149              	.LFE1:
 150              		.size	CYMEMZERO, .-CYMEMZERO
 151              		.section	.psocinit,"ax",%progbits
 152              		.align	2
 153              		.code	16
 154              		.thumb_func
 155              		.type	ClockSetup, %function
 156              	ClockSetup:
 157              	.LFB5:
 188:.\Generated_Source\PSoC4/cyfitter_cfg.c **** 
 158              		.loc 1 188 0
 159              		.cfi_startproc
 160 0000 08B5     		push	{r3, lr}
 161              		.cfi_def_cfa_offset 8
 162              		.cfi_offset 3, -8
 163              		.cfi_offset 14, -4
 191:.\Generated_Source\PSoC4/cyfitter_cfg.c **** 	/* Setup and trim IMO based on desired frequency. */
 164              		.loc 1 191 0
 165 0002 1222     		mov	r2, #18
 166 0004 1A4B     		ldr	r3, .L11
 167 0006 1A60     		str	r2, [r3]
 193:.\Generated_Source\PSoC4/cyfitter_cfg.c **** 	/* CYDEV_CLK_ILO_CONFIG Starting address: CYDEV_CLK_ILO_CONFIG */
 168              		.loc 1 193 0
 169 0008 3020     		mov	r0, #48
 170 000a FFF7FEFF 		bl	CySysClkWriteImoFreq
 171              	.LVL15:
 195:.\Generated_Source\PSoC4/cyfitter_cfg.c **** 
 172              		.loc 1 195 0
 173 000e 194A     		ldr	r2, .L11+4
 174 0010 194B     		ldr	r3, .L11+8
 175 0012 1A60     		str	r2, [r3]
 199:.\Generated_Source\PSoC4/cyfitter_cfg.c **** 	CY_SET_REG32((void *)CYREG_PERI_DIV_CMD, 0x8000FF42u);
 176              		.loc 1 199 0
 177 0014 BC22     		mov	r2, #188
 178 0016 9201     		lsl	r2, r2, #6
 179 0018 184B     		ldr	r3, .L11+12
 180 001a 1A60     		str	r2, [r3]
 200:.\Generated_Source\PSoC4/cyfitter_cfg.c **** 	CY_SET_REG32((void *)CYREG_PERI_DIV_16_CTL0, 0x00002200u);
 181              		.loc 1 200 0
 182 001c 184B     		ldr	r3, .L11+16
 183 001e 194A     		ldr	r2, .L11+20
 184 0020 1A60     		str	r2, [r3]
 201:.\Generated_Source\PSoC4/cyfitter_cfg.c **** 	CY_SET_REG32((void *)CYREG_PERI_DIV_CMD, 0x8000FF40u);
 185              		.loc 1 201 0
 186 0022 8822     		mov	r2, #136
 187 0024 9201     		lsl	r2, r2, #6
 188 0026 1849     		ldr	r1, .L11+24
 189 0028 0A60     		str	r2, [r1]
 202:.\Generated_Source\PSoC4/cyfitter_cfg.c **** 	CY_SET_REG32((void *)CYREG_PERI_DIV_16_CTL1, 0x00002200u);
 190              		.loc 1 202 0
 191 002a 1849     		ldr	r1, .L11+28
ARM GAS  C:\Users\passw\AppData\Local\Temp\ccQ5Bkxn.s 			page 9


 192 002c 1960     		str	r1, [r3]
 203:.\Generated_Source\PSoC4/cyfitter_cfg.c **** 	CY_SET_REG32((void *)CYREG_PERI_DIV_CMD, 0x8000FF41u);
 193              		.loc 1 203 0
 194 002e 1849     		ldr	r1, .L11+32
 195 0030 0A60     		str	r2, [r1]
 204:.\Generated_Source\PSoC4/cyfitter_cfg.c **** 
 196              		.loc 1 204 0
 197 0032 184A     		ldr	r2, .L11+36
 198 0034 1A60     		str	r2, [r3]
 207:.\Generated_Source\PSoC4/cyfitter_cfg.c **** 
 199              		.loc 1 207 0
 200 0036 8022     		mov	r2, #128
 201 0038 1206     		lsl	r2, r2, #24
 202 003a 174B     		ldr	r3, .L11+40
 203 003c 1A60     		str	r2, [r3]
 210:.\Generated_Source\PSoC4/cyfitter_cfg.c **** 
 204              		.loc 1 210 0
 205 003e 8022     		mov	r2, #128
 206 0040 D202     		lsl	r2, r2, #11
 207 0042 164B     		ldr	r3, .L11+44
 208 0044 1A60     		str	r2, [r3]
 213:.\Generated_Source\PSoC4/cyfitter_cfg.c **** 
 209              		.loc 1 213 0
 210 0046 4222     		mov	r2, #66
 211 0048 154B     		ldr	r3, .L11+48
 212 004a 1A60     		str	r2, [r3]
 216:.\Generated_Source\PSoC4/cyfitter_cfg.c **** 
 213              		.loc 1 216 0
 214 004c 023A     		sub	r2, r2, #2
 215 004e 154B     		ldr	r3, .L11+52
 216 0050 1A60     		str	r2, [r3]
 219:.\Generated_Source\PSoC4/cyfitter_cfg.c **** 
 217              		.loc 1 219 0
 218 0052 0132     		add	r2, r2, #1
 219 0054 144B     		ldr	r3, .L11+56
 220 0056 1A60     		str	r2, [r3]
 221:.\Generated_Source\PSoC4/cyfitter_cfg.c **** 	CyIntEnable(7u);
 221              		.loc 1 221 0
 222 0058 0720     		mov	r0, #7
 223 005a 1449     		ldr	r1, .L11+60
 224 005c FFF7FEFF 		bl	CyIntSetVector
 225              	.LVL16:
 222:.\Generated_Source\PSoC4/cyfitter_cfg.c **** 	CY_SET_XTND_REG32((void CYFAR *)(CYREG_WDT_CONFIG), 0x00000000u);
 226              		.loc 1 222 0
 227 0060 0720     		mov	r0, #7
 228 0062 FFF7FEFF 		bl	CyIntEnable
 229              	.LVL17:
 223:.\Generated_Source\PSoC4/cyfitter_cfg.c **** }
 230              		.loc 1 223 0
 231 0066 0022     		mov	r2, #0
 232 0068 114B     		ldr	r3, .L11+64
 233 006a 1A60     		str	r2, [r3]
 224:.\Generated_Source\PSoC4/cyfitter_cfg.c **** 
 234              		.loc 1 224 0
 235              		@ sp needed
 236 006c 08BD     		pop	{r3, pc}
 237              	.L12:
ARM GAS  C:\Users\passw\AppData\Local\Temp\ccQ5Bkxn.s 			page 10


 238 006e C046     		.align	2
 239              	.L11:
 240 0070 30001040 		.word	1074790448
 241 0074 06000080 		.word	-2147483642
 242 0078 04010B40 		.word	1074462980
 243 007c 08030140 		.word	1073808136
 244 0080 00000140 		.word	1073807360
 245 0084 42FF0080 		.word	-2147418302
 246 0088 00030140 		.word	1073808128
 247 008c 40FF0080 		.word	-2147418304
 248 0090 04030140 		.word	1073808132
 249 0094 41FF0080 		.word	-2147418303
 250 0098 08010B40 		.word	1074462984
 251 009c 00010B40 		.word	1074462976
 252 00a0 2C010140 		.word	1073807660
 253 00a4 14010140 		.word	1073807636
 254 00a8 0C010140 		.word	1073807628
 255 00ac 00000000 		.word	CySysWdtIsr
 256 00b0 0C020B40 		.word	1074463244
 257              		.cfi_endproc
 258              	.LFE5:
 259              		.size	ClockSetup, .-ClockSetup
 260              		.align	2
 261              		.global	cyfitter_cfg
 262              		.code	16
 263              		.thumb_func
 264              		.type	cyfitter_cfg, %function
 265              	cyfitter_cfg:
 266              	.LFB7:
 252:.\Generated_Source\PSoC4/cyfitter_cfg.c **** 
 253:.\Generated_Source\PSoC4/cyfitter_cfg.c **** #define CY_AMUX_UNUSED CYREG_CM0_ROM_DWT
 254:.\Generated_Source\PSoC4/cyfitter_cfg.c **** 
 255:.\Generated_Source\PSoC4/cyfitter_cfg.c **** 
 256:.\Generated_Source\PSoC4/cyfitter_cfg.c **** /*******************************************************************************
 257:.\Generated_Source\PSoC4/cyfitter_cfg.c **** * Function Name: cyfitter_cfg
 258:.\Generated_Source\PSoC4/cyfitter_cfg.c **** ********************************************************************************
 259:.\Generated_Source\PSoC4/cyfitter_cfg.c **** * Summary:
 260:.\Generated_Source\PSoC4/cyfitter_cfg.c **** *  This function is called by the start-up code for the selected device. It
 261:.\Generated_Source\PSoC4/cyfitter_cfg.c **** *  performs all of the necessary device configuration based on the design
 262:.\Generated_Source\PSoC4/cyfitter_cfg.c **** *  settings.  This includes settings from the Design Wide Resources (DWR) such
 263:.\Generated_Source\PSoC4/cyfitter_cfg.c **** *  as Clocks and Pins as well as any component configuration that is necessary.
 264:.\Generated_Source\PSoC4/cyfitter_cfg.c **** *
 265:.\Generated_Source\PSoC4/cyfitter_cfg.c **** * Parameters:  
 266:.\Generated_Source\PSoC4/cyfitter_cfg.c **** *   void
 267:.\Generated_Source\PSoC4/cyfitter_cfg.c **** *
 268:.\Generated_Source\PSoC4/cyfitter_cfg.c **** * Return:
 269:.\Generated_Source\PSoC4/cyfitter_cfg.c **** *   void
 270:.\Generated_Source\PSoC4/cyfitter_cfg.c **** *
 271:.\Generated_Source\PSoC4/cyfitter_cfg.c **** *******************************************************************************/
 272:.\Generated_Source\PSoC4/cyfitter_cfg.c **** CY_CFG_SECTION
 273:.\Generated_Source\PSoC4/cyfitter_cfg.c **** void cyfitter_cfg(void)
 274:.\Generated_Source\PSoC4/cyfitter_cfg.c **** {
 267              		.loc 1 274 0
 268              		.cfi_startproc
 269 00b4 10B5     		push	{r4, lr}
 270              		.cfi_def_cfa_offset 8
 271              		.cfi_offset 4, -8
ARM GAS  C:\Users\passw\AppData\Local\Temp\ccQ5Bkxn.s 			page 11


 272              		.cfi_offset 14, -4
 275:.\Generated_Source\PSoC4/cyfitter_cfg.c **** 	/* Disable interrupts by default. Let user enable if/when they want. */
 276:.\Generated_Source\PSoC4/cyfitter_cfg.c **** 	CyGlobalIntDisable;
 273              		.loc 1 276 0
 274              	@ 276 ".\Generated_Source\PSoC4\cyfitter_cfg.c" 1
 275 00b6 72B6     		CPSID   i
 276              	@ 0 "" 2
 277              	.LVL18:
 278              		.code	16
 279              	.LBB3:
 277:.\Generated_Source\PSoC4/cyfitter_cfg.c **** 
 278:.\Generated_Source\PSoC4/cyfitter_cfg.c **** 	{
 279:.\Generated_Source\PSoC4/cyfitter_cfg.c **** 		static const uint32 CYCODE cy_cfg_addr_table[] = {
 280:.\Generated_Source\PSoC4/cyfitter_cfg.c **** 			0x400F0001u, /* Base address: 0x400F0000 Count: 1 */
 281:.\Generated_Source\PSoC4/cyfitter_cfg.c **** 			0x400F3002u, /* Base address: 0x400F3000 Count: 2 */
 282:.\Generated_Source\PSoC4/cyfitter_cfg.c **** 			0x400F3102u, /* Base address: 0x400F3100 Count: 2 */
 283:.\Generated_Source\PSoC4/cyfitter_cfg.c **** 			0x400F4002u, /* Base address: 0x400F4000 Count: 2 */
 284:.\Generated_Source\PSoC4/cyfitter_cfg.c **** 			0x400F4103u, /* Base address: 0x400F4100 Count: 3 */
 285:.\Generated_Source\PSoC4/cyfitter_cfg.c **** 		};
 286:.\Generated_Source\PSoC4/cyfitter_cfg.c **** 
 287:.\Generated_Source\PSoC4/cyfitter_cfg.c **** 		static const cy_cfg_addrvalue_t CYCODE cy_cfg_data_table[] = {
 288:.\Generated_Source\PSoC4/cyfitter_cfg.c **** 			{0x70u, 0x01u},
 289:.\Generated_Source\PSoC4/cyfitter_cfg.c **** 			{0x5Bu, 0x04u},
 290:.\Generated_Source\PSoC4/cyfitter_cfg.c **** 			{0x5Fu, 0x01u},
 291:.\Generated_Source\PSoC4/cyfitter_cfg.c **** 			{0x6Au, 0x40u},
 292:.\Generated_Source\PSoC4/cyfitter_cfg.c **** 			{0x82u, 0x40u},
 293:.\Generated_Source\PSoC4/cyfitter_cfg.c **** 			{0x83u, 0x40u},
 294:.\Generated_Source\PSoC4/cyfitter_cfg.c **** 			{0xE2u, 0x20u},
 295:.\Generated_Source\PSoC4/cyfitter_cfg.c **** 			{0x4Fu, 0x80u},
 296:.\Generated_Source\PSoC4/cyfitter_cfg.c **** 			{0xA3u, 0x40u},
 297:.\Generated_Source\PSoC4/cyfitter_cfg.c **** 			{0xD2u, 0x20u},
 298:.\Generated_Source\PSoC4/cyfitter_cfg.c **** 		};
 299:.\Generated_Source\PSoC4/cyfitter_cfg.c **** 
 300:.\Generated_Source\PSoC4/cyfitter_cfg.c **** 
 301:.\Generated_Source\PSoC4/cyfitter_cfg.c **** 
 302:.\Generated_Source\PSoC4/cyfitter_cfg.c **** 		CYPACKED typedef struct {
 303:.\Generated_Source\PSoC4/cyfitter_cfg.c **** 			void CYFAR *address;
 304:.\Generated_Source\PSoC4/cyfitter_cfg.c **** 			uint16 size;
 305:.\Generated_Source\PSoC4/cyfitter_cfg.c **** 		} CYPACKED_ATTR cfg_memset_t;
 306:.\Generated_Source\PSoC4/cyfitter_cfg.c **** 
 307:.\Generated_Source\PSoC4/cyfitter_cfg.c **** 		static const cfg_memset_t CYCODE cfg_memset_list [] = {
 308:.\Generated_Source\PSoC4/cyfitter_cfg.c **** 			/* address, size */
 309:.\Generated_Source\PSoC4/cyfitter_cfg.c **** 			{(void CYFAR *)(CYDEV_UDB_P0_U0_BASE), 1024u},
 310:.\Generated_Source\PSoC4/cyfitter_cfg.c **** 			{(void CYFAR *)(CYDEV_UDB_DSI0_BASE), 1024u},
 311:.\Generated_Source\PSoC4/cyfitter_cfg.c **** 		};
 312:.\Generated_Source\PSoC4/cyfitter_cfg.c **** 
 313:.\Generated_Source\PSoC4/cyfitter_cfg.c **** 		uint8 CYDATA i;
 314:.\Generated_Source\PSoC4/cyfitter_cfg.c **** 
 315:.\Generated_Source\PSoC4/cyfitter_cfg.c **** 		/* Zero out critical memory blocks before beginning configuration */
 316:.\Generated_Source\PSoC4/cyfitter_cfg.c **** 		for (i = 0u; i < (sizeof(cfg_memset_list)/sizeof(cfg_memset_list[0])); i++)
 280              		.loc 1 316 0
 281 00b8 0024     		mov	r4, #0
 282 00ba 10E0     		b	.L14
 283              	.LVL19:
 284              	.L15:
 285              	.LBB4:
 317:.\Generated_Source\PSoC4/cyfitter_cfg.c **** 		{
ARM GAS  C:\Users\passw\AppData\Local\Temp\ccQ5Bkxn.s 			page 12


 318:.\Generated_Source\PSoC4/cyfitter_cfg.c **** 			const cfg_memset_t CYCODE * CYDATA ms = &cfg_memset_list[i];
 319:.\Generated_Source\PSoC4/cyfitter_cfg.c **** 			CYMEMZERO(ms->address, (size_t)(uint32)(ms->size));
 286              		.loc 1 319 0 discriminator 3
 287 00bc 2448     		ldr	r0, .L16
 288 00be 6300     		lsl	r3, r4, #1
 289 00c0 1A19     		add	r2, r3, r4
 290 00c2 5200     		lsl	r2, r2, #1
 291 00c4 8218     		add	r2, r0, r2
 292 00c6 9188     		ldrh	r1, [r2, #4]
 293 00c8 1B19     		add	r3, r3, r4
 294 00ca 5B00     		lsl	r3, r3, #1
 295 00cc 1A5A     		ldrh	r2, [r3, r0]
 296 00ce C318     		add	r3, r0, r3
 297 00d0 5888     		ldrh	r0, [r3, #2]
 298 00d2 0004     		lsl	r0, r0, #16
 299 00d4 1043     		orr	r0, r2
 300 00d6 FFF7FEFF 		bl	CYMEMZERO
 301              	.LVL20:
 302              	.LBE4:
 316:.\Generated_Source\PSoC4/cyfitter_cfg.c **** 		{
 303              		.loc 1 316 0 discriminator 3
 304 00da 0134     		add	r4, r4, #1
 305              	.LVL21:
 306 00dc E4B2     		uxtb	r4, r4
 307              	.LVL22:
 308              	.L14:
 316:.\Generated_Source\PSoC4/cyfitter_cfg.c **** 		{
 309              		.loc 1 316 0 is_stmt 0 discriminator 1
 310 00de 012C     		cmp	r4, #1
 311 00e0 ECD9     		bls	.L15
 320:.\Generated_Source\PSoC4/cyfitter_cfg.c **** 		}
 321:.\Generated_Source\PSoC4/cyfitter_cfg.c **** 
 322:.\Generated_Source\PSoC4/cyfitter_cfg.c **** 		cfg_write_bytes32(cy_cfg_addr_table, cy_cfg_data_table);
 312              		.loc 1 322 0 is_stmt 1
 313 00e2 1B49     		ldr	r1, .L16
 314 00e4 081C     		mov	r0, r1
 315 00e6 0C30     		add	r0, r0, #12
 316 00e8 2031     		add	r1, r1, #32
 317 00ea FFF7FEFF 		bl	cfg_write_bytes32
 318              	.LVL23:
 323:.\Generated_Source\PSoC4/cyfitter_cfg.c **** 
 324:.\Generated_Source\PSoC4/cyfitter_cfg.c **** 		/* HSIOM Starting address: CYDEV_HSIOM_BASE */
 325:.\Generated_Source\PSoC4/cyfitter_cfg.c **** 		CY_SET_XTND_REG32((void CYFAR *)(CYREG_HSIOM_PORT_SEL3), 0x0000EE99u);
 319              		.loc 1 325 0
 320 00ee 194A     		ldr	r2, .L16+4
 321 00f0 194B     		ldr	r3, .L16+8
 322 00f2 1A60     		str	r2, [r3]
 326:.\Generated_Source\PSoC4/cyfitter_cfg.c **** 		CY_SET_XTND_REG32((void CYFAR *)(CYREG_HSIOM_PORT_SEL7), 0x00000099u);
 323              		.loc 1 326 0
 324 00f4 9922     		mov	r2, #153
 325 00f6 194B     		ldr	r3, .L16+12
 326 00f8 1A60     		str	r2, [r3]
 327:.\Generated_Source\PSoC4/cyfitter_cfg.c **** 
 328:.\Generated_Source\PSoC4/cyfitter_cfg.c **** 		/* UDB_PA_3 Starting address: CYDEV_UDB_PA3_BASE */
 329:.\Generated_Source\PSoC4/cyfitter_cfg.c **** 		CY_SET_XTND_REG32((void CYFAR *)(CYDEV_UDB_PA3_BASE), 0x00990000u);
 327              		.loc 1 329 0
 328 00fa 9922     		mov	r2, #153
ARM GAS  C:\Users\passw\AppData\Local\Temp\ccQ5Bkxn.s 			page 13


 329 00fc 1204     		lsl	r2, r2, #16
 330 00fe 184B     		ldr	r3, .L16+16
 331 0100 1A60     		str	r2, [r3]
 330:.\Generated_Source\PSoC4/cyfitter_cfg.c **** 
 331:.\Generated_Source\PSoC4/cyfitter_cfg.c **** 		/* TCPWM_CNT0 Starting address: CYDEV_TCPWM_CNT0_TR_CTRL0 */
 332:.\Generated_Source\PSoC4/cyfitter_cfg.c **** 		CY_SET_XTND_REG32((void CYFAR *)(CYREG_TCPWM_CNT0_TR_CTRL0), 0x000FFF1Fu);
 332              		.loc 1 332 0
 333 0102 184A     		ldr	r2, .L16+20
 334 0104 184B     		ldr	r3, .L16+24
 335 0106 1A60     		str	r2, [r3]
 333:.\Generated_Source\PSoC4/cyfitter_cfg.c **** 
 334:.\Generated_Source\PSoC4/cyfitter_cfg.c **** 		/* Enable digital routing */
 335:.\Generated_Source\PSoC4/cyfitter_cfg.c **** 		CY_SET_XTND_REG8((void *)CYREG_UDB_UDBIF_BANK_CTL, CY_GET_XTND_REG8((void *)CYREG_UDB_UDBIF_BANK_
 336              		.loc 1 335 0
 337 0108 184A     		ldr	r2, .L16+28
 338 010a 1078     		ldrb	r0, [r2]
 339 010c 0223     		mov	r3, #2
 340 010e 0221     		mov	r1, #2
 341 0110 0143     		orr	r1, r0
 342 0112 1170     		strb	r1, [r2]
 336:.\Generated_Source\PSoC4/cyfitter_cfg.c **** 
 337:.\Generated_Source\PSoC4/cyfitter_cfg.c **** 		/* Enable UDB array */
 338:.\Generated_Source\PSoC4/cyfitter_cfg.c **** 		CY_SET_XTND_REG8((void *)CYREG_UDB_UDBIF_WAIT_CFG, (uint8)((CY_GET_XTND_REG8((void *)CYREG_UDB_UD
 343              		.loc 1 338 0
 344 0114 164C     		ldr	r4, .L16+32
 345              	.LVL24:
 346 0116 2178     		ldrb	r1, [r4]
 347 0118 3C20     		mov	r0, #60
 348 011a 8143     		bic	r1, r0
 349 011c 2838     		sub	r0, r0, #40
 350 011e 0143     		orr	r1, r0
 351 0120 2170     		strb	r1, [r4]
 339:.\Generated_Source\PSoC4/cyfitter_cfg.c **** 		CY_SET_XTND_REG8((void *)CYREG_UDB_UDBIF_BANK_CTL, (uint8)(CY_GET_XTND_REG8((void *)CYREG_UDB_UDB
 352              		.loc 1 339 0
 353 0122 1078     		ldrb	r0, [r2]
 354 0124 1621     		mov	r1, #22
 355 0126 0143     		orr	r1, r0
 356 0128 1170     		strb	r1, [r2]
 357              	.LBE3:
 340:.\Generated_Source\PSoC4/cyfitter_cfg.c **** 	}
 341:.\Generated_Source\PSoC4/cyfitter_cfg.c **** 
 342:.\Generated_Source\PSoC4/cyfitter_cfg.c **** 	/* Perform second pass device configuration. These items must be configured in specific order afte
 343:.\Generated_Source\PSoC4/cyfitter_cfg.c **** 	/* IOPINS0_3 Starting address: CYDEV_GPIO_PRT3_BASE */
 344:.\Generated_Source\PSoC4/cyfitter_cfg.c **** 	CY_SET_XTND_REG32((void CYFAR *)(CYDEV_GPIO_PRT3_BASE), 0x00000002u);
 358              		.loc 1 344 0
 359 012a 124A     		ldr	r2, .L16+36
 360 012c 1360     		str	r3, [r2]
 345:.\Generated_Source\PSoC4/cyfitter_cfg.c **** 	CY_SET_XTND_REG32((void CYFAR *)(CYREG_GPIO_PRT3_PC), 0x00000DB1u);
 361              		.loc 1 345 0
 362 012e 1249     		ldr	r1, .L16+40
 363 0130 124A     		ldr	r2, .L16+44
 364 0132 1160     		str	r1, [r2]
 346:.\Generated_Source\PSoC4/cyfitter_cfg.c **** 	CY_SET_XTND_REG32((void CYFAR *)(CYREG_GPIO_PRT3_PC2), 0x00000002u);
 365              		.loc 1 346 0
 366 0134 124A     		ldr	r2, .L16+48
 367 0136 1360     		str	r3, [r2]
 347:.\Generated_Source\PSoC4/cyfitter_cfg.c **** 
ARM GAS  C:\Users\passw\AppData\Local\Temp\ccQ5Bkxn.s 			page 14


 348:.\Generated_Source\PSoC4/cyfitter_cfg.c **** 	/* IOPINS0_7 Starting address: CYDEV_GPIO_PRT7_BASE */
 349:.\Generated_Source\PSoC4/cyfitter_cfg.c **** 	CY_SET_XTND_REG32((void CYFAR *)(CYDEV_GPIO_PRT7_BASE), 0x00000002u);
 368              		.loc 1 349 0
 369 0138 124A     		ldr	r2, .L16+52
 370 013a 1360     		str	r3, [r2]
 350:.\Generated_Source\PSoC4/cyfitter_cfg.c **** 	CY_SET_XTND_REG32((void CYFAR *)(CYREG_GPIO_PRT7_PC), 0x00000031u);
 371              		.loc 1 350 0
 372 013c 3121     		mov	r1, #49
 373 013e 124A     		ldr	r2, .L16+56
 374 0140 1160     		str	r1, [r2]
 351:.\Generated_Source\PSoC4/cyfitter_cfg.c **** 	CY_SET_XTND_REG32((void CYFAR *)(CYREG_GPIO_PRT7_PC2), 0x00000002u);
 375              		.loc 1 351 0
 376 0142 124A     		ldr	r2, .L16+60
 377 0144 1360     		str	r3, [r2]
 352:.\Generated_Source\PSoC4/cyfitter_cfg.c **** 
 353:.\Generated_Source\PSoC4/cyfitter_cfg.c **** 
 354:.\Generated_Source\PSoC4/cyfitter_cfg.c **** 	/* Setup clocks based on selections from Clock DWR */
 355:.\Generated_Source\PSoC4/cyfitter_cfg.c **** 	ClockSetup();
 378              		.loc 1 355 0
 379 0146 FFF75BFF 		bl	ClockSetup
 380              	.LVL25:
 356:.\Generated_Source\PSoC4/cyfitter_cfg.c **** 
 357:.\Generated_Source\PSoC4/cyfitter_cfg.c **** 	/* Perform basic analog initialization to defaults */
 358:.\Generated_Source\PSoC4/cyfitter_cfg.c **** 	AnalogSetDefault();
 381              		.loc 1 358 0
 382 014a FFF7FEFF 		bl	AnalogSetDefault
 383              	.LVL26:
 359:.\Generated_Source\PSoC4/cyfitter_cfg.c **** 
 360:.\Generated_Source\PSoC4/cyfitter_cfg.c **** }
 384              		.loc 1 360 0
 385              		@ sp needed
 386 014e 10BD     		pop	{r4, pc}
 387              	.L17:
 388              		.align	2
 389              	.L16:
 390 0150 00000000 		.word	.LANCHOR0
 391 0154 99EE0000 		.word	61081
 392 0158 00030240 		.word	1073873664
 393 015c 00070240 		.word	1073874688
 394 0160 30500F40 		.word	1074745392
 395 0164 1FFF0F00 		.word	1048351
 396 0168 20012040 		.word	1075839264
 397 016c 00700F40 		.word	1074753536
 398 0170 01700F40 		.word	1074753537
 399 0174 00030440 		.word	1074004736
 400 0178 B10D0000 		.word	3505
 401 017c 08030440 		.word	1074004744
 402 0180 18030440 		.word	1074004760
 403 0184 00070440 		.word	1074005760
 404 0188 08070440 		.word	1074005768
 405 018c 18070440 		.word	1074005784
 406              		.cfi_endproc
 407              	.LFE7:
 408              		.size	cyfitter_cfg, .-cyfitter_cfg
 409              		.section	.rodata
 410              		.align	2
 411              		.set	.LANCHOR0,. + 0
ARM GAS  C:\Users\passw\AppData\Local\Temp\ccQ5Bkxn.s 			page 15


 412              		.type	cfg_memset_list.4769, %object
 413              		.size	cfg_memset_list.4769, 12
 414              	cfg_memset_list.4769:
 415 0000 00300F40 		.word	1074737152
 416 0004 0004     		.short	1024
 417 0006 00400F40 		.4byte	1074741248
 418 000a 0004     		.short	1024
 419              		.type	cy_cfg_addr_table.4763, %object
 420              		.size	cy_cfg_addr_table.4763, 20
 421              	cy_cfg_addr_table.4763:
 422 000c 01000F40 		.word	1074724865
 423 0010 02300F40 		.word	1074737154
 424 0014 02310F40 		.word	1074737410
 425 0018 02400F40 		.word	1074741250
 426 001c 03410F40 		.word	1074741507
 427              		.type	cy_cfg_data_table.4764, %object
 428              		.size	cy_cfg_data_table.4764, 20
 429              	cy_cfg_data_table.4764:
 430 0020 70       		.byte	112
 431 0021 01       		.byte	1
 432 0022 5B       		.byte	91
 433 0023 04       		.byte	4
 434 0024 5F       		.byte	95
 435 0025 01       		.byte	1
 436 0026 6A       		.byte	106
 437 0027 40       		.byte	64
 438 0028 82       		.byte	-126
 439 0029 40       		.byte	64
 440 002a 83       		.byte	-125
 441 002b 40       		.byte	64
 442 002c E2       		.byte	-30
 443 002d 20       		.byte	32
 444 002e 4F       		.byte	79
 445 002f 80       		.byte	-128
 446 0030 A3       		.byte	-93
 447 0031 40       		.byte	64
 448 0032 D2       		.byte	-46
 449 0033 20       		.byte	32
 450              		.text
 451              	.Letext0:
 452              		.file 2 "c:\\program files (x86)\\cypress\\psoc creator\\3.3\\psoc creator\\import\\gnu\\arm\\4.9.
 453              		.file 3 ".\\Generated_Source\\PSoC4\\cytypes.h"
 454              		.file 4 ".\\Generated_Source\\PSoC4\\CyLib.h"
 455              		.section	.debug_info,"",%progbits
 456              	.Ldebug_info0:
 457 0000 D4030000 		.4byte	0x3d4
 458 0004 0400     		.2byte	0x4
 459 0006 00000000 		.4byte	.Ldebug_abbrev0
 460 000a 04       		.byte	0x4
 461 000b 01       		.uleb128 0x1
 462 000c 0D020000 		.4byte	.LASF38
 463 0010 01       		.byte	0x1
 464 0011 D2010000 		.4byte	.LASF39
 465 0015 1E000000 		.4byte	.LASF40
 466 0019 00000000 		.4byte	.Ldebug_ranges0+0
 467 001d 00000000 		.4byte	0
 468 0021 00000000 		.4byte	.Ldebug_line0
ARM GAS  C:\Users\passw\AppData\Local\Temp\ccQ5Bkxn.s 			page 16


 469 0025 02       		.uleb128 0x2
 470 0026 04       		.byte	0x4
 471 0027 05       		.byte	0x5
 472 0028 696E7400 		.ascii	"int\000"
 473 002c 03       		.uleb128 0x3
 474 002d 06000000 		.4byte	.LASF11
 475 0031 02       		.byte	0x2
 476 0032 D4       		.byte	0xd4
 477 0033 37000000 		.4byte	0x37
 478 0037 04       		.uleb128 0x4
 479 0038 04       		.byte	0x4
 480 0039 07       		.byte	0x7
 481 003a 6D010000 		.4byte	.LASF0
 482 003e 04       		.uleb128 0x4
 483 003f 01       		.byte	0x1
 484 0040 06       		.byte	0x6
 485 0041 CA020000 		.4byte	.LASF1
 486 0045 04       		.uleb128 0x4
 487 0046 01       		.byte	0x1
 488 0047 08       		.byte	0x8
 489 0048 0F010000 		.4byte	.LASF2
 490 004c 04       		.uleb128 0x4
 491 004d 02       		.byte	0x2
 492 004e 05       		.byte	0x5
 493 004f A2020000 		.4byte	.LASF3
 494 0053 04       		.uleb128 0x4
 495 0054 02       		.byte	0x2
 496 0055 07       		.byte	0x7
 497 0056 D6020000 		.4byte	.LASF4
 498 005a 04       		.uleb128 0x4
 499 005b 04       		.byte	0x4
 500 005c 05       		.byte	0x5
 501 005d C1020000 		.4byte	.LASF5
 502 0061 04       		.uleb128 0x4
 503 0062 04       		.byte	0x4
 504 0063 07       		.byte	0x7
 505 0064 ED000000 		.4byte	.LASF6
 506 0068 04       		.uleb128 0x4
 507 0069 08       		.byte	0x8
 508 006a 05       		.byte	0x5
 509 006b FA010000 		.4byte	.LASF7
 510 006f 04       		.uleb128 0x4
 511 0070 08       		.byte	0x8
 512 0071 07       		.byte	0x7
 513 0072 8F010000 		.4byte	.LASF8
 514 0076 04       		.uleb128 0x4
 515 0077 04       		.byte	0x4
 516 0078 07       		.byte	0x7
 517 0079 C9010000 		.4byte	.LASF9
 518 007d 05       		.uleb128 0x5
 519 007e 04       		.byte	0x4
 520 007f 06       		.uleb128 0x6
 521 0080 04       		.byte	0x4
 522 0081 85000000 		.4byte	0x85
 523 0085 07       		.uleb128 0x7
 524 0086 04       		.uleb128 0x4
 525 0087 01       		.byte	0x1
ARM GAS  C:\Users\passw\AppData\Local\Temp\ccQ5Bkxn.s 			page 17


 526 0088 08       		.byte	0x8
 527 0089 08020000 		.4byte	.LASF10
 528 008d 08       		.uleb128 0x8
 529 008e FF000000 		.4byte	.LASF12
 530 0092 03       		.byte	0x3
 531 0093 3801     		.2byte	0x138
 532 0095 45000000 		.4byte	0x45
 533 0099 08       		.uleb128 0x8
 534 009a 54010000 		.4byte	.LASF13
 535 009e 03       		.byte	0x3
 536 009f 3901     		.2byte	0x139
 537 00a1 53000000 		.4byte	0x53
 538 00a5 08       		.uleb128 0x8
 539 00a6 66010000 		.4byte	.LASF14
 540 00aa 03       		.byte	0x3
 541 00ab 3A01     		.2byte	0x13a
 542 00ad 61000000 		.4byte	0x61
 543 00b1 04       		.uleb128 0x4
 544 00b2 04       		.byte	0x4
 545 00b3 04       		.byte	0x4
 546 00b4 CD000000 		.4byte	.LASF15
 547 00b8 04       		.uleb128 0x4
 548 00b9 08       		.byte	0x8
 549 00ba 04       		.byte	0x4
 550 00bb 24010000 		.4byte	.LASF16
 551 00bf 08       		.uleb128 0x8
 552 00c0 E8000000 		.4byte	.LASF17
 553 00c4 03       		.byte	0x3
 554 00c5 E201     		.2byte	0x1e2
 555 00c7 CB000000 		.4byte	0xcb
 556 00cb 09       		.uleb128 0x9
 557 00cc 8D000000 		.4byte	0x8d
 558 00d0 08       		.uleb128 0x8
 559 00d1 00000000 		.4byte	.LASF18
 560 00d5 03       		.byte	0x3
 561 00d6 E401     		.2byte	0x1e4
 562 00d8 DC000000 		.4byte	0xdc
 563 00dc 09       		.uleb128 0x9
 564 00dd A5000000 		.4byte	0xa5
 565 00e1 08       		.uleb128 0x8
 566 00e2 A6010000 		.4byte	.LASF19
 567 00e6 03       		.byte	0x3
 568 00e7 F401     		.2byte	0x1f4
 569 00e9 7F000000 		.4byte	0x7f
 570 00ed 0A       		.uleb128 0xa
 571 00ee 02       		.byte	0x2
 572 00ef 01       		.byte	0x1
 573 00f0 7F       		.byte	0x7f
 574 00f1 0E010000 		.4byte	0x10e
 575 00f5 0B       		.uleb128 0xb
 576 00f6 9B020000 		.4byte	.LASF20
 577 00fa 01       		.byte	0x1
 578 00fb 81       		.byte	0x81
 579 00fc 8D000000 		.4byte	0x8d
 580 0100 00       		.byte	0
 581 0101 0B       		.uleb128 0xb
 582 0102 7F000000 		.4byte	.LASF21
ARM GAS  C:\Users\passw\AppData\Local\Temp\ccQ5Bkxn.s 			page 18


 583 0106 01       		.byte	0x1
 584 0107 82       		.byte	0x82
 585 0108 8D000000 		.4byte	0x8d
 586 010c 01       		.byte	0x1
 587 010d 00       		.byte	0
 588 010e 03       		.uleb128 0x3
 589 010f BA000000 		.4byte	.LASF22
 590 0113 01       		.byte	0x1
 591 0114 83       		.byte	0x83
 592 0115 ED000000 		.4byte	0xed
 593 0119 0C       		.uleb128 0xc
 594 011a 2B010000 		.4byte	.LASF27
 595 011e 01       		.byte	0x1
 596 011f 96       		.byte	0x96
 597 0120 00000000 		.4byte	.LFB4
 598 0124 32000000 		.4byte	.LFE4-.LFB4
 599 0128 01       		.uleb128 0x1
 600 0129 9C       		.byte	0x9c
 601 012a 8B010000 		.4byte	0x18b
 602 012e 0D       		.uleb128 0xd
 603 012f 49010000 		.4byte	.LASF23
 604 0133 01       		.byte	0x1
 605 0134 96       		.byte	0x96
 606 0135 8B010000 		.4byte	0x18b
 607 0139 01       		.uleb128 0x1
 608 013a 50       		.byte	0x50
 609 013b 0D       		.uleb128 0xd
 610 013c 5B010000 		.4byte	.LASF24
 611 0140 01       		.byte	0x1
 612 0141 96       		.byte	0x96
 613 0142 96010000 		.4byte	0x196
 614 0146 01       		.uleb128 0x1
 615 0147 51       		.byte	0x51
 616 0148 0E       		.uleb128 0xe
 617 0149 6900     		.ascii	"i\000"
 618 014b 01       		.byte	0x1
 619 014c 99       		.byte	0x99
 620 014d A5000000 		.4byte	0xa5
 621 0151 00000000 		.4byte	.LLST0
 622 0155 0E       		.uleb128 0xe
 623 0156 6A00     		.ascii	"j\000"
 624 0158 01       		.byte	0x1
 625 0159 99       		.byte	0x99
 626 015a A5000000 		.4byte	0xa5
 627 015e 1F000000 		.4byte	.LLST1
 628 0162 0F       		.uleb128 0xf
 629 0163 08000000 		.4byte	.LBB2
 630 0167 22000000 		.4byte	.LBE2-.LBB2
 631 016b 10       		.uleb128 0x10
 632 016c C0010000 		.4byte	.LASF25
 633 0170 01       		.byte	0x1
 634 0171 9C       		.byte	0x9c
 635 0172 A5000000 		.4byte	0xa5
 636 0176 3E000000 		.4byte	.LLST2
 637 017a 10       		.uleb128 0x10
 638 017b 85000000 		.4byte	.LASF26
 639 017f 01       		.byte	0x1
ARM GAS  C:\Users\passw\AppData\Local\Temp\ccQ5Bkxn.s 			page 19


 640 0180 9D       		.byte	0x9d
 641 0181 8D000000 		.4byte	0x8d
 642 0185 51000000 		.4byte	.LLST3
 643 0189 00       		.byte	0
 644 018a 00       		.byte	0
 645 018b 06       		.uleb128 0x6
 646 018c 04       		.byte	0x4
 647 018d 91010000 		.4byte	0x191
 648 0191 11       		.uleb128 0x11
 649 0192 A5000000 		.4byte	0xa5
 650 0196 06       		.uleb128 0x6
 651 0197 04       		.byte	0x4
 652 0198 9C010000 		.4byte	0x19c
 653 019c 11       		.uleb128 0x11
 654 019d 0E010000 		.4byte	0x10e
 655 01a1 12       		.uleb128 0x12
 656 01a2 0D000000 		.4byte	.LASF41
 657 01a6 01       		.byte	0x1
 658 01a7 F6       		.byte	0xf6
 659 01a8 00000000 		.4byte	.LFB6
 660 01ac 20000000 		.4byte	.LFE6-.LFB6
 661 01b0 01       		.uleb128 0x1
 662 01b1 9C       		.byte	0x9c
 663 01b2 0C       		.uleb128 0xc
 664 01b3 05010000 		.4byte	.LASF28
 665 01b7 01       		.byte	0x1
 666 01b8 3D       		.byte	0x3d
 667 01b9 00000000 		.4byte	.LFB1
 668 01bd 0C000000 		.4byte	.LFE1-.LFB1
 669 01c1 01       		.uleb128 0x1
 670 01c2 9C       		.byte	0x9c
 671 01c3 FF010000 		.4byte	0x1ff
 672 01c7 13       		.uleb128 0x13
 673 01c8 7300     		.ascii	"s\000"
 674 01ca 01       		.byte	0x1
 675 01cb 3D       		.byte	0x3d
 676 01cc 7D000000 		.4byte	0x7d
 677 01d0 6F000000 		.4byte	.LLST4
 678 01d4 13       		.uleb128 0x13
 679 01d5 6E00     		.ascii	"n\000"
 680 01d7 01       		.byte	0x1
 681 01d8 3D       		.byte	0x3d
 682 01d9 2C000000 		.4byte	0x2c
 683 01dd 90000000 		.4byte	.LLST5
 684 01e1 14       		.uleb128 0x14
 685 01e2 0A000000 		.4byte	.LVL14
 686 01e6 82030000 		.4byte	0x382
 687 01ea 15       		.uleb128 0x15
 688 01eb 01       		.uleb128 0x1
 689 01ec 52       		.byte	0x52
 690 01ed 03       		.uleb128 0x3
 691 01ee F3       		.byte	0xf3
 692 01ef 01       		.uleb128 0x1
 693 01f0 51       		.byte	0x51
 694 01f1 15       		.uleb128 0x15
 695 01f2 01       		.uleb128 0x1
 696 01f3 51       		.byte	0x51
ARM GAS  C:\Users\passw\AppData\Local\Temp\ccQ5Bkxn.s 			page 20


 697 01f4 01       		.uleb128 0x1
 698 01f5 30       		.byte	0x30
 699 01f6 15       		.uleb128 0x15
 700 01f7 01       		.uleb128 0x1
 701 01f8 50       		.byte	0x50
 702 01f9 03       		.uleb128 0x3
 703 01fa F3       		.byte	0xf3
 704 01fb 01       		.uleb128 0x1
 705 01fc 50       		.byte	0x50
 706 01fd 00       		.byte	0
 707 01fe 00       		.byte	0
 708 01ff 0C       		.uleb128 0xc
 709 0200 8B000000 		.4byte	.LASF29
 710 0204 01       		.byte	0x1
 711 0205 BB       		.byte	0xbb
 712 0206 00000000 		.4byte	.LFB5
 713 020a B4000000 		.4byte	.LFE5-.LFB5
 714 020e 01       		.uleb128 0x1
 715 020f 9C       		.byte	0x9c
 716 0210 4B020000 		.4byte	0x24b
 717 0214 16       		.uleb128 0x16
 718 0215 0E000000 		.4byte	.LVL15
 719 0219 9F030000 		.4byte	0x39f
 720 021d 28020000 		.4byte	0x228
 721 0221 15       		.uleb128 0x15
 722 0222 01       		.uleb128 0x1
 723 0223 50       		.byte	0x50
 724 0224 02       		.uleb128 0x2
 725 0225 08       		.byte	0x8
 726 0226 30       		.byte	0x30
 727 0227 00       		.byte	0
 728 0228 16       		.uleb128 0x16
 729 0229 60000000 		.4byte	.LVL16
 730 022d B0030000 		.4byte	0x3b0
 731 0231 3B020000 		.4byte	0x23b
 732 0235 15       		.uleb128 0x15
 733 0236 01       		.uleb128 0x1
 734 0237 50       		.byte	0x50
 735 0238 01       		.uleb128 0x1
 736 0239 37       		.byte	0x37
 737 023a 00       		.byte	0
 738 023b 14       		.uleb128 0x14
 739 023c 66000000 		.4byte	.LVL17
 740 0240 CA030000 		.4byte	0x3ca
 741 0244 15       		.uleb128 0x15
 742 0245 01       		.uleb128 0x1
 743 0246 50       		.byte	0x50
 744 0247 01       		.uleb128 0x1
 745 0248 37       		.byte	0x37
 746 0249 00       		.byte	0
 747 024a 00       		.byte	0
 748 024b 17       		.uleb128 0x17
 749 024c 7A010000 		.4byte	.LASF42
 750 0250 01       		.byte	0x1
 751 0251 1101     		.2byte	0x111
 752 0253 B4000000 		.4byte	.LFB7
 753 0257 DC000000 		.4byte	.LFE7-.LFB7
ARM GAS  C:\Users\passw\AppData\Local\Temp\ccQ5Bkxn.s 			page 21


 754 025b 01       		.uleb128 0x1
 755 025c 9C       		.byte	0x9c
 756 025d 58030000 		.4byte	0x358
 757 0261 18       		.uleb128 0x18
 758 0262 B8000000 		.4byte	.LBB3
 759 0266 72000000 		.4byte	.LBE3-.LBB3
 760 026a 45030000 		.4byte	0x345
 761 026e 19       		.uleb128 0x19
 762 026f 96000000 		.4byte	.LASF30
 763 0273 01       		.byte	0x1
 764 0274 1701     		.2byte	0x117
 765 0276 68030000 		.4byte	0x368
 766 027a 05       		.uleb128 0x5
 767 027b 03       		.byte	0x3
 768 027c 0C000000 		.4byte	cy_cfg_addr_table.4763
 769 0280 19       		.uleb128 0x19
 770 0281 A8000000 		.4byte	.LASF31
 771 0285 01       		.byte	0x1
 772 0286 1F01     		.2byte	0x11f
 773 0288 7D030000 		.4byte	0x37d
 774 028c 05       		.uleb128 0x5
 775 028d 03       		.byte	0x3
 776 028e 20000000 		.4byte	cy_cfg_data_table.4764
 777 0292 1A       		.uleb128 0x1a
 778 0293 06       		.byte	0x6
 779 0294 01       		.byte	0x1
 780 0295 2E01     		.2byte	0x12e
 781 0297 B6020000 		.4byte	0x2b6
 782 029b 1B       		.uleb128 0x1b
 783 029c 87010000 		.4byte	.LASF32
 784 02a0 01       		.byte	0x1
 785 02a1 2F01     		.2byte	0x12f
 786 02a3 7D000000 		.4byte	0x7d
 787 02a7 00       		.byte	0
 788 02a8 1B       		.uleb128 0x1b
 789 02a9 E3000000 		.4byte	.LASF33
 790 02ad 01       		.byte	0x1
 791 02ae 3001     		.2byte	0x130
 792 02b0 99000000 		.4byte	0x99
 793 02b4 04       		.byte	0x4
 794 02b5 00       		.byte	0
 795 02b6 08       		.uleb128 0x8
 796 02b7 B3010000 		.4byte	.LASF34
 797 02bb 01       		.byte	0x1
 798 02bc 3101     		.2byte	0x131
 799 02be 92020000 		.4byte	0x292
 800 02c2 1C       		.uleb128 0x1c
 801 02c3 B6020000 		.4byte	0x2b6
 802 02c7 D2020000 		.4byte	0x2d2
 803 02cb 1D       		.uleb128 0x1d
 804 02cc 76000000 		.4byte	0x76
 805 02d0 01       		.byte	0x1
 806 02d1 00       		.byte	0
 807 02d2 19       		.uleb128 0x19
 808 02d3 D3000000 		.4byte	.LASF35
 809 02d7 01       		.byte	0x1
 810 02d8 3301     		.2byte	0x133
ARM GAS  C:\Users\passw\AppData\Local\Temp\ccQ5Bkxn.s 			page 22


 811 02da E4020000 		.4byte	0x2e4
 812 02de 05       		.uleb128 0x5
 813 02df 03       		.byte	0x3
 814 02e0 00000000 		.4byte	cfg_memset_list.4769
 815 02e4 11       		.uleb128 0x11
 816 02e5 C2020000 		.4byte	0x2c2
 817 02e9 1E       		.uleb128 0x1e
 818 02ea 6900     		.ascii	"i\000"
 819 02ec 01       		.byte	0x1
 820 02ed 3901     		.2byte	0x139
 821 02ef 8D000000 		.4byte	0x8d
 822 02f3 BC000000 		.4byte	.LLST6
 823 02f7 18       		.uleb128 0x18
 824 02f8 BC000000 		.4byte	.LBB4
 825 02fc 1E000000 		.4byte	.LBE4-.LBB4
 826 0300 28030000 		.4byte	0x328
 827 0304 1E       		.uleb128 0x1e
 828 0305 6D7300   		.ascii	"ms\000"
 829 0308 01       		.byte	0x1
 830 0309 3E01     		.2byte	0x13e
 831 030b 13030000 		.4byte	0x313
 832 030f E6000000 		.4byte	.LLST7
 833 0313 06       		.uleb128 0x6
 834 0314 04       		.byte	0x4
 835 0315 19030000 		.4byte	0x319
 836 0319 11       		.uleb128 0x11
 837 031a B6020000 		.4byte	0x2b6
 838 031e 1F       		.uleb128 0x1f
 839 031f DA000000 		.4byte	.LVL20
 840 0323 B2010000 		.4byte	0x1b2
 841 0327 00       		.byte	0
 842 0328 14       		.uleb128 0x14
 843 0329 EE000000 		.4byte	.LVL23
 844 032d 19010000 		.4byte	0x119
 845 0331 15       		.uleb128 0x15
 846 0332 01       		.uleb128 0x1
 847 0333 51       		.byte	0x51
 848 0334 05       		.uleb128 0x5
 849 0335 03       		.byte	0x3
 850 0336 20000000 		.4byte	.LANCHOR0+32
 851 033a 15       		.uleb128 0x15
 852 033b 01       		.uleb128 0x1
 853 033c 50       		.byte	0x50
 854 033d 05       		.uleb128 0x5
 855 033e 03       		.byte	0x3
 856 033f 0C000000 		.4byte	.LANCHOR0+12
 857 0343 00       		.byte	0
 858 0344 00       		.byte	0
 859 0345 1F       		.uleb128 0x1f
 860 0346 4A010000 		.4byte	.LVL25
 861 034a FF010000 		.4byte	0x1ff
 862 034e 1F       		.uleb128 0x1f
 863 034f 4E010000 		.4byte	.LVL26
 864 0353 A1010000 		.4byte	0x1a1
 865 0357 00       		.byte	0
 866 0358 1C       		.uleb128 0x1c
 867 0359 A5000000 		.4byte	0xa5
ARM GAS  C:\Users\passw\AppData\Local\Temp\ccQ5Bkxn.s 			page 23


 868 035d 68030000 		.4byte	0x368
 869 0361 1D       		.uleb128 0x1d
 870 0362 76000000 		.4byte	0x76
 871 0366 04       		.byte	0x4
 872 0367 00       		.byte	0
 873 0368 11       		.uleb128 0x11
 874 0369 58030000 		.4byte	0x358
 875 036d 1C       		.uleb128 0x1c
 876 036e 0E010000 		.4byte	0x10e
 877 0372 7D030000 		.4byte	0x37d
 878 0376 1D       		.uleb128 0x1d
 879 0377 76000000 		.4byte	0x76
 880 037b 09       		.byte	0x9
 881 037c 00       		.byte	0
 882 037d 11       		.uleb128 0x11
 883 037e 6D030000 		.4byte	0x36d
 884 0382 20       		.uleb128 0x20
 885 0383 1D010000 		.4byte	.LASF36
 886 0387 7D000000 		.4byte	0x7d
 887 038b 9F030000 		.4byte	0x39f
 888 038f 21       		.uleb128 0x21
 889 0390 7D000000 		.4byte	0x7d
 890 0394 21       		.uleb128 0x21
 891 0395 25000000 		.4byte	0x25
 892 0399 21       		.uleb128 0x21
 893 039a 76000000 		.4byte	0x76
 894 039e 00       		.byte	0
 895 039f 22       		.uleb128 0x22
 896 03a0 AC020000 		.4byte	.LASF37
 897 03a4 04       		.byte	0x4
 898 03a5 38       		.byte	0x38
 899 03a6 B0030000 		.4byte	0x3b0
 900 03aa 21       		.uleb128 0x21
 901 03ab A5000000 		.4byte	0xa5
 902 03af 00       		.byte	0
 903 03b0 23       		.uleb128 0x23
 904 03b1 70000000 		.4byte	.LASF43
 905 03b5 04       		.byte	0x4
 906 03b6 49       		.byte	0x49
 907 03b7 E1000000 		.4byte	0xe1
 908 03bb CA030000 		.4byte	0x3ca
 909 03bf 21       		.uleb128 0x21
 910 03c0 8D000000 		.4byte	0x8d
 911 03c4 21       		.uleb128 0x21
 912 03c5 E1000000 		.4byte	0xe1
 913 03c9 00       		.byte	0
 914 03ca 24       		.uleb128 0x24
 915 03cb 3D010000 		.4byte	.LASF44
 916 03cf 04       		.byte	0x4
 917 03d0 4F       		.byte	0x4f
 918 03d1 21       		.uleb128 0x21
 919 03d2 8D000000 		.4byte	0x8d
 920 03d6 00       		.byte	0
 921 03d7 00       		.byte	0
 922              		.section	.debug_abbrev,"",%progbits
 923              	.Ldebug_abbrev0:
 924 0000 01       		.uleb128 0x1
ARM GAS  C:\Users\passw\AppData\Local\Temp\ccQ5Bkxn.s 			page 24


 925 0001 11       		.uleb128 0x11
 926 0002 01       		.byte	0x1
 927 0003 25       		.uleb128 0x25
 928 0004 0E       		.uleb128 0xe
 929 0005 13       		.uleb128 0x13
 930 0006 0B       		.uleb128 0xb
 931 0007 03       		.uleb128 0x3
 932 0008 0E       		.uleb128 0xe
 933 0009 1B       		.uleb128 0x1b
 934 000a 0E       		.uleb128 0xe
 935 000b 55       		.uleb128 0x55
 936 000c 17       		.uleb128 0x17
 937 000d 11       		.uleb128 0x11
 938 000e 01       		.uleb128 0x1
 939 000f 10       		.uleb128 0x10
 940 0010 17       		.uleb128 0x17
 941 0011 00       		.byte	0
 942 0012 00       		.byte	0
 943 0013 02       		.uleb128 0x2
 944 0014 24       		.uleb128 0x24
 945 0015 00       		.byte	0
 946 0016 0B       		.uleb128 0xb
 947 0017 0B       		.uleb128 0xb
 948 0018 3E       		.uleb128 0x3e
 949 0019 0B       		.uleb128 0xb
 950 001a 03       		.uleb128 0x3
 951 001b 08       		.uleb128 0x8
 952 001c 00       		.byte	0
 953 001d 00       		.byte	0
 954 001e 03       		.uleb128 0x3
 955 001f 16       		.uleb128 0x16
 956 0020 00       		.byte	0
 957 0021 03       		.uleb128 0x3
 958 0022 0E       		.uleb128 0xe
 959 0023 3A       		.uleb128 0x3a
 960 0024 0B       		.uleb128 0xb
 961 0025 3B       		.uleb128 0x3b
 962 0026 0B       		.uleb128 0xb
 963 0027 49       		.uleb128 0x49
 964 0028 13       		.uleb128 0x13
 965 0029 00       		.byte	0
 966 002a 00       		.byte	0
 967 002b 04       		.uleb128 0x4
 968 002c 24       		.uleb128 0x24
 969 002d 00       		.byte	0
 970 002e 0B       		.uleb128 0xb
 971 002f 0B       		.uleb128 0xb
 972 0030 3E       		.uleb128 0x3e
 973 0031 0B       		.uleb128 0xb
 974 0032 03       		.uleb128 0x3
 975 0033 0E       		.uleb128 0xe
 976 0034 00       		.byte	0
 977 0035 00       		.byte	0
 978 0036 05       		.uleb128 0x5
 979 0037 0F       		.uleb128 0xf
 980 0038 00       		.byte	0
 981 0039 0B       		.uleb128 0xb
ARM GAS  C:\Users\passw\AppData\Local\Temp\ccQ5Bkxn.s 			page 25


 982 003a 0B       		.uleb128 0xb
 983 003b 00       		.byte	0
 984 003c 00       		.byte	0
 985 003d 06       		.uleb128 0x6
 986 003e 0F       		.uleb128 0xf
 987 003f 00       		.byte	0
 988 0040 0B       		.uleb128 0xb
 989 0041 0B       		.uleb128 0xb
 990 0042 49       		.uleb128 0x49
 991 0043 13       		.uleb128 0x13
 992 0044 00       		.byte	0
 993 0045 00       		.byte	0
 994 0046 07       		.uleb128 0x7
 995 0047 15       		.uleb128 0x15
 996 0048 00       		.byte	0
 997 0049 27       		.uleb128 0x27
 998 004a 19       		.uleb128 0x19
 999 004b 00       		.byte	0
 1000 004c 00       		.byte	0
 1001 004d 08       		.uleb128 0x8
 1002 004e 16       		.uleb128 0x16
 1003 004f 00       		.byte	0
 1004 0050 03       		.uleb128 0x3
 1005 0051 0E       		.uleb128 0xe
 1006 0052 3A       		.uleb128 0x3a
 1007 0053 0B       		.uleb128 0xb
 1008 0054 3B       		.uleb128 0x3b
 1009 0055 05       		.uleb128 0x5
 1010 0056 49       		.uleb128 0x49
 1011 0057 13       		.uleb128 0x13
 1012 0058 00       		.byte	0
 1013 0059 00       		.byte	0
 1014 005a 09       		.uleb128 0x9
 1015 005b 35       		.uleb128 0x35
 1016 005c 00       		.byte	0
 1017 005d 49       		.uleb128 0x49
 1018 005e 13       		.uleb128 0x13
 1019 005f 00       		.byte	0
 1020 0060 00       		.byte	0
 1021 0061 0A       		.uleb128 0xa
 1022 0062 13       		.uleb128 0x13
 1023 0063 01       		.byte	0x1
 1024 0064 0B       		.uleb128 0xb
 1025 0065 0B       		.uleb128 0xb
 1026 0066 3A       		.uleb128 0x3a
 1027 0067 0B       		.uleb128 0xb
 1028 0068 3B       		.uleb128 0x3b
 1029 0069 0B       		.uleb128 0xb
 1030 006a 01       		.uleb128 0x1
 1031 006b 13       		.uleb128 0x13
 1032 006c 00       		.byte	0
 1033 006d 00       		.byte	0
 1034 006e 0B       		.uleb128 0xb
 1035 006f 0D       		.uleb128 0xd
 1036 0070 00       		.byte	0
 1037 0071 03       		.uleb128 0x3
 1038 0072 0E       		.uleb128 0xe
ARM GAS  C:\Users\passw\AppData\Local\Temp\ccQ5Bkxn.s 			page 26


 1039 0073 3A       		.uleb128 0x3a
 1040 0074 0B       		.uleb128 0xb
 1041 0075 3B       		.uleb128 0x3b
 1042 0076 0B       		.uleb128 0xb
 1043 0077 49       		.uleb128 0x49
 1044 0078 13       		.uleb128 0x13
 1045 0079 38       		.uleb128 0x38
 1046 007a 0B       		.uleb128 0xb
 1047 007b 00       		.byte	0
 1048 007c 00       		.byte	0
 1049 007d 0C       		.uleb128 0xc
 1050 007e 2E       		.uleb128 0x2e
 1051 007f 01       		.byte	0x1
 1052 0080 03       		.uleb128 0x3
 1053 0081 0E       		.uleb128 0xe
 1054 0082 3A       		.uleb128 0x3a
 1055 0083 0B       		.uleb128 0xb
 1056 0084 3B       		.uleb128 0x3b
 1057 0085 0B       		.uleb128 0xb
 1058 0086 27       		.uleb128 0x27
 1059 0087 19       		.uleb128 0x19
 1060 0088 11       		.uleb128 0x11
 1061 0089 01       		.uleb128 0x1
 1062 008a 12       		.uleb128 0x12
 1063 008b 06       		.uleb128 0x6
 1064 008c 40       		.uleb128 0x40
 1065 008d 18       		.uleb128 0x18
 1066 008e 9742     		.uleb128 0x2117
 1067 0090 19       		.uleb128 0x19
 1068 0091 01       		.uleb128 0x1
 1069 0092 13       		.uleb128 0x13
 1070 0093 00       		.byte	0
 1071 0094 00       		.byte	0
 1072 0095 0D       		.uleb128 0xd
 1073 0096 05       		.uleb128 0x5
 1074 0097 00       		.byte	0
 1075 0098 03       		.uleb128 0x3
 1076 0099 0E       		.uleb128 0xe
 1077 009a 3A       		.uleb128 0x3a
 1078 009b 0B       		.uleb128 0xb
 1079 009c 3B       		.uleb128 0x3b
 1080 009d 0B       		.uleb128 0xb
 1081 009e 49       		.uleb128 0x49
 1082 009f 13       		.uleb128 0x13
 1083 00a0 02       		.uleb128 0x2
 1084 00a1 18       		.uleb128 0x18
 1085 00a2 00       		.byte	0
 1086 00a3 00       		.byte	0
 1087 00a4 0E       		.uleb128 0xe
 1088 00a5 34       		.uleb128 0x34
 1089 00a6 00       		.byte	0
 1090 00a7 03       		.uleb128 0x3
 1091 00a8 08       		.uleb128 0x8
 1092 00a9 3A       		.uleb128 0x3a
 1093 00aa 0B       		.uleb128 0xb
 1094 00ab 3B       		.uleb128 0x3b
 1095 00ac 0B       		.uleb128 0xb
ARM GAS  C:\Users\passw\AppData\Local\Temp\ccQ5Bkxn.s 			page 27


 1096 00ad 49       		.uleb128 0x49
 1097 00ae 13       		.uleb128 0x13
 1098 00af 02       		.uleb128 0x2
 1099 00b0 17       		.uleb128 0x17
 1100 00b1 00       		.byte	0
 1101 00b2 00       		.byte	0
 1102 00b3 0F       		.uleb128 0xf
 1103 00b4 0B       		.uleb128 0xb
 1104 00b5 01       		.byte	0x1
 1105 00b6 11       		.uleb128 0x11
 1106 00b7 01       		.uleb128 0x1
 1107 00b8 12       		.uleb128 0x12
 1108 00b9 06       		.uleb128 0x6
 1109 00ba 00       		.byte	0
 1110 00bb 00       		.byte	0
 1111 00bc 10       		.uleb128 0x10
 1112 00bd 34       		.uleb128 0x34
 1113 00be 00       		.byte	0
 1114 00bf 03       		.uleb128 0x3
 1115 00c0 0E       		.uleb128 0xe
 1116 00c1 3A       		.uleb128 0x3a
 1117 00c2 0B       		.uleb128 0xb
 1118 00c3 3B       		.uleb128 0x3b
 1119 00c4 0B       		.uleb128 0xb
 1120 00c5 49       		.uleb128 0x49
 1121 00c6 13       		.uleb128 0x13
 1122 00c7 02       		.uleb128 0x2
 1123 00c8 17       		.uleb128 0x17
 1124 00c9 00       		.byte	0
 1125 00ca 00       		.byte	0
 1126 00cb 11       		.uleb128 0x11
 1127 00cc 26       		.uleb128 0x26
 1128 00cd 00       		.byte	0
 1129 00ce 49       		.uleb128 0x49
 1130 00cf 13       		.uleb128 0x13
 1131 00d0 00       		.byte	0
 1132 00d1 00       		.byte	0
 1133 00d2 12       		.uleb128 0x12
 1134 00d3 2E       		.uleb128 0x2e
 1135 00d4 00       		.byte	0
 1136 00d5 03       		.uleb128 0x3
 1137 00d6 0E       		.uleb128 0xe
 1138 00d7 3A       		.uleb128 0x3a
 1139 00d8 0B       		.uleb128 0xb
 1140 00d9 3B       		.uleb128 0x3b
 1141 00da 0B       		.uleb128 0xb
 1142 00db 27       		.uleb128 0x27
 1143 00dc 19       		.uleb128 0x19
 1144 00dd 11       		.uleb128 0x11
 1145 00de 01       		.uleb128 0x1
 1146 00df 12       		.uleb128 0x12
 1147 00e0 06       		.uleb128 0x6
 1148 00e1 40       		.uleb128 0x40
 1149 00e2 18       		.uleb128 0x18
 1150 00e3 9742     		.uleb128 0x2117
 1151 00e5 19       		.uleb128 0x19
 1152 00e6 00       		.byte	0
ARM GAS  C:\Users\passw\AppData\Local\Temp\ccQ5Bkxn.s 			page 28


 1153 00e7 00       		.byte	0
 1154 00e8 13       		.uleb128 0x13
 1155 00e9 05       		.uleb128 0x5
 1156 00ea 00       		.byte	0
 1157 00eb 03       		.uleb128 0x3
 1158 00ec 08       		.uleb128 0x8
 1159 00ed 3A       		.uleb128 0x3a
 1160 00ee 0B       		.uleb128 0xb
 1161 00ef 3B       		.uleb128 0x3b
 1162 00f0 0B       		.uleb128 0xb
 1163 00f1 49       		.uleb128 0x49
 1164 00f2 13       		.uleb128 0x13
 1165 00f3 02       		.uleb128 0x2
 1166 00f4 17       		.uleb128 0x17
 1167 00f5 00       		.byte	0
 1168 00f6 00       		.byte	0
 1169 00f7 14       		.uleb128 0x14
 1170 00f8 898201   		.uleb128 0x4109
 1171 00fb 01       		.byte	0x1
 1172 00fc 11       		.uleb128 0x11
 1173 00fd 01       		.uleb128 0x1
 1174 00fe 31       		.uleb128 0x31
 1175 00ff 13       		.uleb128 0x13
 1176 0100 00       		.byte	0
 1177 0101 00       		.byte	0
 1178 0102 15       		.uleb128 0x15
 1179 0103 8A8201   		.uleb128 0x410a
 1180 0106 00       		.byte	0
 1181 0107 02       		.uleb128 0x2
 1182 0108 18       		.uleb128 0x18
 1183 0109 9142     		.uleb128 0x2111
 1184 010b 18       		.uleb128 0x18
 1185 010c 00       		.byte	0
 1186 010d 00       		.byte	0
 1187 010e 16       		.uleb128 0x16
 1188 010f 898201   		.uleb128 0x4109
 1189 0112 01       		.byte	0x1
 1190 0113 11       		.uleb128 0x11
 1191 0114 01       		.uleb128 0x1
 1192 0115 31       		.uleb128 0x31
 1193 0116 13       		.uleb128 0x13
 1194 0117 01       		.uleb128 0x1
 1195 0118 13       		.uleb128 0x13
 1196 0119 00       		.byte	0
 1197 011a 00       		.byte	0
 1198 011b 17       		.uleb128 0x17
 1199 011c 2E       		.uleb128 0x2e
 1200 011d 01       		.byte	0x1
 1201 011e 3F       		.uleb128 0x3f
 1202 011f 19       		.uleb128 0x19
 1203 0120 03       		.uleb128 0x3
 1204 0121 0E       		.uleb128 0xe
 1205 0122 3A       		.uleb128 0x3a
 1206 0123 0B       		.uleb128 0xb
 1207 0124 3B       		.uleb128 0x3b
 1208 0125 05       		.uleb128 0x5
 1209 0126 27       		.uleb128 0x27
ARM GAS  C:\Users\passw\AppData\Local\Temp\ccQ5Bkxn.s 			page 29


 1210 0127 19       		.uleb128 0x19
 1211 0128 11       		.uleb128 0x11
 1212 0129 01       		.uleb128 0x1
 1213 012a 12       		.uleb128 0x12
 1214 012b 06       		.uleb128 0x6
 1215 012c 40       		.uleb128 0x40
 1216 012d 18       		.uleb128 0x18
 1217 012e 9742     		.uleb128 0x2117
 1218 0130 19       		.uleb128 0x19
 1219 0131 01       		.uleb128 0x1
 1220 0132 13       		.uleb128 0x13
 1221 0133 00       		.byte	0
 1222 0134 00       		.byte	0
 1223 0135 18       		.uleb128 0x18
 1224 0136 0B       		.uleb128 0xb
 1225 0137 01       		.byte	0x1
 1226 0138 11       		.uleb128 0x11
 1227 0139 01       		.uleb128 0x1
 1228 013a 12       		.uleb128 0x12
 1229 013b 06       		.uleb128 0x6
 1230 013c 01       		.uleb128 0x1
 1231 013d 13       		.uleb128 0x13
 1232 013e 00       		.byte	0
 1233 013f 00       		.byte	0
 1234 0140 19       		.uleb128 0x19
 1235 0141 34       		.uleb128 0x34
 1236 0142 00       		.byte	0
 1237 0143 03       		.uleb128 0x3
 1238 0144 0E       		.uleb128 0xe
 1239 0145 3A       		.uleb128 0x3a
 1240 0146 0B       		.uleb128 0xb
 1241 0147 3B       		.uleb128 0x3b
 1242 0148 05       		.uleb128 0x5
 1243 0149 49       		.uleb128 0x49
 1244 014a 13       		.uleb128 0x13
 1245 014b 02       		.uleb128 0x2
 1246 014c 18       		.uleb128 0x18
 1247 014d 00       		.byte	0
 1248 014e 00       		.byte	0
 1249 014f 1A       		.uleb128 0x1a
 1250 0150 13       		.uleb128 0x13
 1251 0151 01       		.byte	0x1
 1252 0152 0B       		.uleb128 0xb
 1253 0153 0B       		.uleb128 0xb
 1254 0154 3A       		.uleb128 0x3a
 1255 0155 0B       		.uleb128 0xb
 1256 0156 3B       		.uleb128 0x3b
 1257 0157 05       		.uleb128 0x5
 1258 0158 01       		.uleb128 0x1
 1259 0159 13       		.uleb128 0x13
 1260 015a 00       		.byte	0
 1261 015b 00       		.byte	0
 1262 015c 1B       		.uleb128 0x1b
 1263 015d 0D       		.uleb128 0xd
 1264 015e 00       		.byte	0
 1265 015f 03       		.uleb128 0x3
 1266 0160 0E       		.uleb128 0xe
ARM GAS  C:\Users\passw\AppData\Local\Temp\ccQ5Bkxn.s 			page 30


 1267 0161 3A       		.uleb128 0x3a
 1268 0162 0B       		.uleb128 0xb
 1269 0163 3B       		.uleb128 0x3b
 1270 0164 05       		.uleb128 0x5
 1271 0165 49       		.uleb128 0x49
 1272 0166 13       		.uleb128 0x13
 1273 0167 38       		.uleb128 0x38
 1274 0168 0B       		.uleb128 0xb
 1275 0169 00       		.byte	0
 1276 016a 00       		.byte	0
 1277 016b 1C       		.uleb128 0x1c
 1278 016c 01       		.uleb128 0x1
 1279 016d 01       		.byte	0x1
 1280 016e 49       		.uleb128 0x49
 1281 016f 13       		.uleb128 0x13
 1282 0170 01       		.uleb128 0x1
 1283 0171 13       		.uleb128 0x13
 1284 0172 00       		.byte	0
 1285 0173 00       		.byte	0
 1286 0174 1D       		.uleb128 0x1d
 1287 0175 21       		.uleb128 0x21
 1288 0176 00       		.byte	0
 1289 0177 49       		.uleb128 0x49
 1290 0178 13       		.uleb128 0x13
 1291 0179 2F       		.uleb128 0x2f
 1292 017a 0B       		.uleb128 0xb
 1293 017b 00       		.byte	0
 1294 017c 00       		.byte	0
 1295 017d 1E       		.uleb128 0x1e
 1296 017e 34       		.uleb128 0x34
 1297 017f 00       		.byte	0
 1298 0180 03       		.uleb128 0x3
 1299 0181 08       		.uleb128 0x8
 1300 0182 3A       		.uleb128 0x3a
 1301 0183 0B       		.uleb128 0xb
 1302 0184 3B       		.uleb128 0x3b
 1303 0185 05       		.uleb128 0x5
 1304 0186 49       		.uleb128 0x49
 1305 0187 13       		.uleb128 0x13
 1306 0188 02       		.uleb128 0x2
 1307 0189 17       		.uleb128 0x17
 1308 018a 00       		.byte	0
 1309 018b 00       		.byte	0
 1310 018c 1F       		.uleb128 0x1f
 1311 018d 898201   		.uleb128 0x4109
 1312 0190 00       		.byte	0
 1313 0191 11       		.uleb128 0x11
 1314 0192 01       		.uleb128 0x1
 1315 0193 31       		.uleb128 0x31
 1316 0194 13       		.uleb128 0x13
 1317 0195 00       		.byte	0
 1318 0196 00       		.byte	0
 1319 0197 20       		.uleb128 0x20
 1320 0198 2E       		.uleb128 0x2e
 1321 0199 01       		.byte	0x1
 1322 019a 3F       		.uleb128 0x3f
 1323 019b 19       		.uleb128 0x19
ARM GAS  C:\Users\passw\AppData\Local\Temp\ccQ5Bkxn.s 			page 31


 1324 019c 03       		.uleb128 0x3
 1325 019d 0E       		.uleb128 0xe
 1326 019e 27       		.uleb128 0x27
 1327 019f 19       		.uleb128 0x19
 1328 01a0 49       		.uleb128 0x49
 1329 01a1 13       		.uleb128 0x13
 1330 01a2 34       		.uleb128 0x34
 1331 01a3 19       		.uleb128 0x19
 1332 01a4 3C       		.uleb128 0x3c
 1333 01a5 19       		.uleb128 0x19
 1334 01a6 01       		.uleb128 0x1
 1335 01a7 13       		.uleb128 0x13
 1336 01a8 00       		.byte	0
 1337 01a9 00       		.byte	0
 1338 01aa 21       		.uleb128 0x21
 1339 01ab 05       		.uleb128 0x5
 1340 01ac 00       		.byte	0
 1341 01ad 49       		.uleb128 0x49
 1342 01ae 13       		.uleb128 0x13
 1343 01af 00       		.byte	0
 1344 01b0 00       		.byte	0
 1345 01b1 22       		.uleb128 0x22
 1346 01b2 2E       		.uleb128 0x2e
 1347 01b3 01       		.byte	0x1
 1348 01b4 3F       		.uleb128 0x3f
 1349 01b5 19       		.uleb128 0x19
 1350 01b6 03       		.uleb128 0x3
 1351 01b7 0E       		.uleb128 0xe
 1352 01b8 3A       		.uleb128 0x3a
 1353 01b9 0B       		.uleb128 0xb
 1354 01ba 3B       		.uleb128 0x3b
 1355 01bb 0B       		.uleb128 0xb
 1356 01bc 27       		.uleb128 0x27
 1357 01bd 19       		.uleb128 0x19
 1358 01be 3C       		.uleb128 0x3c
 1359 01bf 19       		.uleb128 0x19
 1360 01c0 01       		.uleb128 0x1
 1361 01c1 13       		.uleb128 0x13
 1362 01c2 00       		.byte	0
 1363 01c3 00       		.byte	0
 1364 01c4 23       		.uleb128 0x23
 1365 01c5 2E       		.uleb128 0x2e
 1366 01c6 01       		.byte	0x1
 1367 01c7 3F       		.uleb128 0x3f
 1368 01c8 19       		.uleb128 0x19
 1369 01c9 03       		.uleb128 0x3
 1370 01ca 0E       		.uleb128 0xe
 1371 01cb 3A       		.uleb128 0x3a
 1372 01cc 0B       		.uleb128 0xb
 1373 01cd 3B       		.uleb128 0x3b
 1374 01ce 0B       		.uleb128 0xb
 1375 01cf 27       		.uleb128 0x27
 1376 01d0 19       		.uleb128 0x19
 1377 01d1 49       		.uleb128 0x49
 1378 01d2 13       		.uleb128 0x13
 1379 01d3 3C       		.uleb128 0x3c
 1380 01d4 19       		.uleb128 0x19
ARM GAS  C:\Users\passw\AppData\Local\Temp\ccQ5Bkxn.s 			page 32


 1381 01d5 01       		.uleb128 0x1
 1382 01d6 13       		.uleb128 0x13
 1383 01d7 00       		.byte	0
 1384 01d8 00       		.byte	0
 1385 01d9 24       		.uleb128 0x24
 1386 01da 2E       		.uleb128 0x2e
 1387 01db 01       		.byte	0x1
 1388 01dc 3F       		.uleb128 0x3f
 1389 01dd 19       		.uleb128 0x19
 1390 01de 03       		.uleb128 0x3
 1391 01df 0E       		.uleb128 0xe
 1392 01e0 3A       		.uleb128 0x3a
 1393 01e1 0B       		.uleb128 0xb
 1394 01e2 3B       		.uleb128 0x3b
 1395 01e3 0B       		.uleb128 0xb
 1396 01e4 27       		.uleb128 0x27
 1397 01e5 19       		.uleb128 0x19
 1398 01e6 3C       		.uleb128 0x3c
 1399 01e7 19       		.uleb128 0x19
 1400 01e8 00       		.byte	0
 1401 01e9 00       		.byte	0
 1402 01ea 00       		.byte	0
 1403              		.section	.debug_loc,"",%progbits
 1404              	.Ldebug_loc0:
 1405              	.LLST0:
 1406 0000 02000000 		.4byte	.LVL1
 1407 0004 08000000 		.4byte	.LVL2
 1408 0008 0200     		.2byte	0x2
 1409 000a 30       		.byte	0x30
 1410 000b 9F       		.byte	0x9f
 1411 000c 08000000 		.4byte	.LVL2
 1412 0010 30000000 		.4byte	.LVL11
 1413 0014 0100     		.2byte	0x1
 1414 0016 57       		.byte	0x57
 1415 0017 00000000 		.4byte	0
 1416 001b 00000000 		.4byte	0
 1417              	.LLST1:
 1418 001f 02000000 		.4byte	.LVL1
 1419 0023 08000000 		.4byte	.LVL2
 1420 0027 0200     		.2byte	0x2
 1421 0029 30       		.byte	0x30
 1422 002a 9F       		.byte	0x9f
 1423 002b 08000000 		.4byte	.LVL2
 1424 002f 30000000 		.4byte	.LVL10
 1425 0033 0100     		.2byte	0x1
 1426 0035 55       		.byte	0x55
 1427 0036 00000000 		.4byte	0
 1428 003a 00000000 		.4byte	0
 1429              	.LLST2:
 1430 003e 0C000000 		.4byte	.LVL3
 1431 0042 2C000000 		.4byte	.LVL9
 1432 0046 0100     		.2byte	0x1
 1433 0048 56       		.byte	0x56
 1434 0049 00000000 		.4byte	0
 1435 004d 00000000 		.4byte	0
 1436              	.LLST3:
 1437 0051 0E000000 		.4byte	.LVL4
ARM GAS  C:\Users\passw\AppData\Local\Temp\ccQ5Bkxn.s 			page 33


 1438 0055 24000000 		.4byte	.LVL7
 1439 0059 0100     		.2byte	0x1
 1440 005b 53       		.byte	0x53
 1441 005c 26000000 		.4byte	.LVL8
 1442 0060 2C000000 		.4byte	.LVL9
 1443 0064 0100     		.2byte	0x1
 1444 0066 53       		.byte	0x53
 1445 0067 00000000 		.4byte	0
 1446 006b 00000000 		.4byte	0
 1447              	.LLST4:
 1448 006f 00000000 		.4byte	.LVL12
 1449 0073 09000000 		.4byte	.LVL14-1
 1450 0077 0100     		.2byte	0x1
 1451 0079 50       		.byte	0x50
 1452 007a 09000000 		.4byte	.LVL14-1
 1453 007e 0C000000 		.4byte	.LFE1
 1454 0082 0400     		.2byte	0x4
 1455 0084 F3       		.byte	0xf3
 1456 0085 01       		.uleb128 0x1
 1457 0086 50       		.byte	0x50
 1458 0087 9F       		.byte	0x9f
 1459 0088 00000000 		.4byte	0
 1460 008c 00000000 		.4byte	0
 1461              	.LLST5:
 1462 0090 00000000 		.4byte	.LVL12
 1463 0094 06000000 		.4byte	.LVL13
 1464 0098 0100     		.2byte	0x1
 1465 009a 51       		.byte	0x51
 1466 009b 06000000 		.4byte	.LVL13
 1467 009f 09000000 		.4byte	.LVL14-1
 1468 00a3 0100     		.2byte	0x1
 1469 00a5 52       		.byte	0x52
 1470 00a6 09000000 		.4byte	.LVL14-1
 1471 00aa 0C000000 		.4byte	.LFE1
 1472 00ae 0400     		.2byte	0x4
 1473 00b0 F3       		.byte	0xf3
 1474 00b1 01       		.uleb128 0x1
 1475 00b2 51       		.byte	0x51
 1476 00b3 9F       		.byte	0x9f
 1477 00b4 00000000 		.4byte	0
 1478 00b8 00000000 		.4byte	0
 1479              	.LLST6:
 1480 00bc B8000000 		.4byte	.LVL18
 1481 00c0 BC000000 		.4byte	.LVL19
 1482 00c4 0200     		.2byte	0x2
 1483 00c6 30       		.byte	0x30
 1484 00c7 9F       		.byte	0x9f
 1485 00c8 BC000000 		.4byte	.LVL19
 1486 00cc DC000000 		.4byte	.LVL21
 1487 00d0 0100     		.2byte	0x1
 1488 00d2 54       		.byte	0x54
 1489 00d3 DE000000 		.4byte	.LVL22
 1490 00d7 16010000 		.4byte	.LVL24
 1491 00db 0100     		.2byte	0x1
 1492 00dd 54       		.byte	0x54
 1493 00de 00000000 		.4byte	0
 1494 00e2 00000000 		.4byte	0
ARM GAS  C:\Users\passw\AppData\Local\Temp\ccQ5Bkxn.s 			page 34


 1495              	.LLST7:
 1496 00e6 BC000000 		.4byte	.LVL19
 1497 00ea DC000000 		.4byte	.LVL21
 1498 00ee 0B00     		.2byte	0xb
 1499 00f0 74       		.byte	0x74
 1500 00f1 00       		.sleb128 0
 1501 00f2 36       		.byte	0x36
 1502 00f3 1E       		.byte	0x1e
 1503 00f4 03       		.byte	0x3
 1504 00f5 00000000 		.4byte	cfg_memset_list.4769
 1505 00f9 22       		.byte	0x22
 1506 00fa 9F       		.byte	0x9f
 1507 00fb DC000000 		.4byte	.LVL21
 1508 00ff DE000000 		.4byte	.LVL22
 1509 0103 0B00     		.2byte	0xb
 1510 0105 74       		.byte	0x74
 1511 0106 7F       		.sleb128 -1
 1512 0107 36       		.byte	0x36
 1513 0108 1E       		.byte	0x1e
 1514 0109 03       		.byte	0x3
 1515 010a 00000000 		.4byte	cfg_memset_list.4769
 1516 010e 22       		.byte	0x22
 1517 010f 9F       		.byte	0x9f
 1518 0110 00000000 		.4byte	0
 1519 0114 00000000 		.4byte	0
 1520              		.section	.debug_aranges,"",%progbits
 1521 0000 3C000000 		.4byte	0x3c
 1522 0004 0200     		.2byte	0x2
 1523 0006 00000000 		.4byte	.Ldebug_info0
 1524 000a 04       		.byte	0x4
 1525 000b 00       		.byte	0
 1526 000c 0000     		.2byte	0
 1527 000e 0000     		.2byte	0
 1528 0010 00000000 		.4byte	.LFB4
 1529 0014 32000000 		.4byte	.LFE4-.LFB4
 1530 0018 00000000 		.4byte	.LFB6
 1531 001c 20000000 		.4byte	.LFE6-.LFB6
 1532 0020 00000000 		.4byte	.LFB1
 1533 0024 0C000000 		.4byte	.LFE1-.LFB1
 1534 0028 00000000 		.4byte	.LFB5
 1535 002c B4000000 		.4byte	.LFE5-.LFB5
 1536 0030 B4000000 		.4byte	.LFB7
 1537 0034 DC000000 		.4byte	.LFE7-.LFB7
 1538 0038 00000000 		.4byte	0
 1539 003c 00000000 		.4byte	0
 1540              		.section	.debug_ranges,"",%progbits
 1541              	.Ldebug_ranges0:
 1542 0000 00000000 		.4byte	.LFB4
 1543 0004 32000000 		.4byte	.LFE4
 1544 0008 00000000 		.4byte	.LFB6
 1545 000c 20000000 		.4byte	.LFE6
 1546 0010 00000000 		.4byte	.LFB1
 1547 0014 0C000000 		.4byte	.LFE1
 1548 0018 00000000 		.4byte	.LFB5
 1549 001c B4000000 		.4byte	.LFE5
 1550 0020 B4000000 		.4byte	.LFB7
 1551 0024 90010000 		.4byte	.LFE7
ARM GAS  C:\Users\passw\AppData\Local\Temp\ccQ5Bkxn.s 			page 35


 1552 0028 00000000 		.4byte	0
 1553 002c 00000000 		.4byte	0
 1554              		.section	.debug_line,"",%progbits
 1555              	.Ldebug_line0:
 1556 0000 79010000 		.section	.debug_str,"MS",%progbits,1
 1556      0200D800 
 1556      00000201 
 1556      FB0E0D00 
 1556      01010101 
 1557              	.LASF18:
 1558 0000 72656733 		.ascii	"reg32\000"
 1558      3200
 1559              	.LASF11:
 1560 0006 73697A65 		.ascii	"size_t\000"
 1560      5F7400
 1561              	.LASF41:
 1562 000d 416E616C 		.ascii	"AnalogSetDefault\000"
 1562      6F675365 
 1562      74446566 
 1562      61756C74 
 1562      00
 1563              	.LASF40:
 1564 001e 433A5C55 		.ascii	"C:\\Users\\passw\\OneDrive\\Documents\\GitHub\\ST4\\"
 1564      73657273 
 1564      5C706173 
 1564      73775C4F 
 1564      6E654472 
 1565 004b 50536F43 		.ascii	"PSoC\\mavg_filter_lavpas_filter.cydsn\000"
 1565      5C6D6176 
 1565      675F6669 
 1565      6C746572 
 1565      5F6C6176 
 1566              	.LASF43:
 1567 0070 4379496E 		.ascii	"CyIntSetVector\000"
 1567      74536574 
 1567      56656374 
 1567      6F7200
 1568              	.LASF21:
 1569 007f 76616C75 		.ascii	"value\000"
 1569      6500
 1570              	.LASF26:
 1571 0085 636F756E 		.ascii	"count\000"
 1571      7400
 1572              	.LASF29:
 1573 008b 436C6F63 		.ascii	"ClockSetup\000"
 1573      6B536574 
 1573      757000
 1574              	.LASF30:
 1575 0096 63795F63 		.ascii	"cy_cfg_addr_table\000"
 1575      66675F61 
 1575      6464725F 
 1575      7461626C 
 1575      6500
 1576              	.LASF31:
 1577 00a8 63795F63 		.ascii	"cy_cfg_data_table\000"
 1577      66675F64 
 1577      6174615F 
ARM GAS  C:\Users\passw\AppData\Local\Temp\ccQ5Bkxn.s 			page 36


 1577      7461626C 
 1577      6500
 1578              	.LASF22:
 1579 00ba 63795F63 		.ascii	"cy_cfg_addrvalue_t\000"
 1579      66675F61 
 1579      64647276 
 1579      616C7565 
 1579      5F7400
 1580              	.LASF15:
 1581 00cd 666C6F61 		.ascii	"float\000"
 1581      7400
 1582              	.LASF35:
 1583 00d3 6366675F 		.ascii	"cfg_memset_list\000"
 1583      6D656D73 
 1583      65745F6C 
 1583      69737400 
 1584              	.LASF33:
 1585 00e3 73697A65 		.ascii	"size\000"
 1585      00
 1586              	.LASF17:
 1587 00e8 72656738 		.ascii	"reg8\000"
 1587      00
 1588              	.LASF6:
 1589 00ed 6C6F6E67 		.ascii	"long unsigned int\000"
 1589      20756E73 
 1589      69676E65 
 1589      6420696E 
 1589      7400
 1590              	.LASF12:
 1591 00ff 75696E74 		.ascii	"uint8\000"
 1591      3800
 1592              	.LASF28:
 1593 0105 43594D45 		.ascii	"CYMEMZERO\000"
 1593      4D5A4552 
 1593      4F00
 1594              	.LASF2:
 1595 010f 756E7369 		.ascii	"unsigned char\000"
 1595      676E6564 
 1595      20636861 
 1595      7200
 1596              	.LASF36:
 1597 011d 6D656D73 		.ascii	"memset\000"
 1597      657400
 1598              	.LASF16:
 1599 0124 646F7562 		.ascii	"double\000"
 1599      6C6500
 1600              	.LASF27:
 1601 012b 6366675F 		.ascii	"cfg_write_bytes32\000"
 1601      77726974 
 1601      655F6279 
 1601      74657333 
 1601      3200
 1602              	.LASF44:
 1603 013d 4379496E 		.ascii	"CyIntEnable\000"
 1603      74456E61 
 1603      626C6500 
 1604              	.LASF23:
ARM GAS  C:\Users\passw\AppData\Local\Temp\ccQ5Bkxn.s 			page 37


 1605 0149 61646472 		.ascii	"addr_table\000"
 1605      5F746162 
 1605      6C6500
 1606              	.LASF13:
 1607 0154 75696E74 		.ascii	"uint16\000"
 1607      313600
 1608              	.LASF24:
 1609 015b 64617461 		.ascii	"data_table\000"
 1609      5F746162 
 1609      6C6500
 1610              	.LASF14:
 1611 0166 75696E74 		.ascii	"uint32\000"
 1611      333200
 1612              	.LASF0:
 1613 016d 756E7369 		.ascii	"unsigned int\000"
 1613      676E6564 
 1613      20696E74 
 1613      00
 1614              	.LASF42:
 1615 017a 63796669 		.ascii	"cyfitter_cfg\000"
 1615      74746572 
 1615      5F636667 
 1615      00
 1616              	.LASF32:
 1617 0187 61646472 		.ascii	"address\000"
 1617      65737300 
 1618              	.LASF8:
 1619 018f 6C6F6E67 		.ascii	"long long unsigned int\000"
 1619      206C6F6E 
 1619      6720756E 
 1619      7369676E 
 1619      65642069 
 1620              	.LASF19:
 1621 01a6 63796973 		.ascii	"cyisraddress\000"
 1621      72616464 
 1621      72657373 
 1621      00
 1622              	.LASF34:
 1623 01b3 6366675F 		.ascii	"cfg_memset_t\000"
 1623      6D656D73 
 1623      65745F74 
 1623      00
 1624              	.LASF25:
 1625 01c0 62617365 		.ascii	"baseAddr\000"
 1625      41646472 
 1625      00
 1626              	.LASF9:
 1627 01c9 73697A65 		.ascii	"sizetype\000"
 1627      74797065 
 1627      00
 1628              	.LASF39:
 1629 01d2 2E5C4765 		.ascii	".\\Generated_Source\\PSoC4\\cyfitter_cfg.c\000"
 1629      6E657261 
 1629      7465645F 
 1629      536F7572 
 1629      63655C50 
 1630              	.LASF7:
ARM GAS  C:\Users\passw\AppData\Local\Temp\ccQ5Bkxn.s 			page 38


 1631 01fa 6C6F6E67 		.ascii	"long long int\000"
 1631      206C6F6E 
 1631      6720696E 
 1631      7400
 1632              	.LASF10:
 1633 0208 63686172 		.ascii	"char\000"
 1633      00
 1634              	.LASF38:
 1635 020d 474E5520 		.ascii	"GNU C 4.9.3 20150303 (release) [ARM/embedded-4_9-br"
 1635      4320342E 
 1635      392E3320 
 1635      32303135 
 1635      30333033 
 1636 0240 616E6368 		.ascii	"anch revision 221220] -mcpu=cortex-m0 -mthumb -g -O"
 1636      20726576 
 1636      6973696F 
 1636      6E203232 
 1636      31323230 
 1637 0273 67202D66 		.ascii	"g -ffunction-sections -ffat-lto-objects\000"
 1637      66756E63 
 1637      74696F6E 
 1637      2D736563 
 1637      74696F6E 
 1638              	.LASF20:
 1639 029b 6F666673 		.ascii	"offset\000"
 1639      657400
 1640              	.LASF3:
 1641 02a2 73686F72 		.ascii	"short int\000"
 1641      7420696E 
 1641      7400
 1642              	.LASF37:
 1643 02ac 43795379 		.ascii	"CySysClkWriteImoFreq\000"
 1643      73436C6B 
 1643      57726974 
 1643      65496D6F 
 1643      46726571 
 1644              	.LASF5:
 1645 02c1 6C6F6E67 		.ascii	"long int\000"
 1645      20696E74 
 1645      00
 1646              	.LASF1:
 1647 02ca 7369676E 		.ascii	"signed char\000"
 1647      65642063 
 1647      68617200 
 1648              	.LASF4:
 1649 02d6 73686F72 		.ascii	"short unsigned int\000"
 1649      7420756E 
 1649      7369676E 
 1649      65642069 
 1649      6E7400
 1650              		.ident	"GCC: (GNU Tools for ARM Embedded Processors) 4.9.3 20150303 (release) [ARM/embedded-4_9-br
