ARM GAS  C:\Users\passw\AppData\Local\Temp\ccbXYnhS.s 			page 1


   1              		.cpu cortex-m0
   2              		.fpu softvfp
   3              		.eabi_attribute 20, 1
   4              		.eabi_attribute 21, 1
   5              		.eabi_attribute 23, 3
   6              		.eabi_attribute 24, 1
   7              		.eabi_attribute 25, 1
   8              		.eabi_attribute 26, 1
   9              		.eabi_attribute 30, 1
  10              		.eabi_attribute 34, 0
  11              		.eabi_attribute 18, 4
  12              		.code	16
  13              		.file	"main.c"
  14              		.text
  15              	.Ltext0:
  16              		.cfi_sections	.debug_frame
  17              		.section	.text.BLE_RX_interrupt,"ax",%progbits
  18              		.align	2
  19              		.global	BLE_RX_interrupt
  20              		.code	16
  21              		.thumb_func
  22              		.type	BLE_RX_interrupt, %function
  23              	BLE_RX_interrupt:
  24              	.LFB40:
  25              		.file 1 ".\\main.c"
   1:.\main.c      **** /* ========================================
   2:.\main.c      ****  *
   3:.\main.c      ****  * UART echo with interrupt
   4:.\main.c      ****  *
   5:.\main.c      ****  * ========================================
   6:.\main.c      **** */
   7:.\main.c      **** #include <project.h>
   8:.\main.c      **** #include <stdlib.h>
   9:.\main.c      **** #define LOWBYTE 0                                   // Used to toggle between HIGH byte and LOW byt
  10:.\main.c      **** #define HIGHBYTE 1                                  // Used to toggle between HIGH byte and LOW byt
  11:.\main.c      **** #define FALSE 0
  12:.\main.c      **** #define TRUE 1
  13:.\main.c      **** #define LENGTH 5
  14:.\main.c      **** 
  15:.\main.c      **** #define ARRAY_SIZE 3
  16:.\main.c      **** //#define FILTER_LENGTH_mavg 19
  17:.\main.c      **** 
  18:.\main.c      **** 
  19:.\main.c      **** 
  20:.\main.c      **** #define StartMeasuring Measure_When_Low_Write(0);   // Used to start the Timer
  21:.\main.c      **** #define StopMeasuring Measure_When_Low_Write(1);    // Used to stop the Timer and capture the time 
  22:.\main.c      **** 
  23:.\main.c      **** int y[2] = {0,0};
  24:.\main.c      **** 
  25:.\main.c      **** //double x_mavg[FILTER_LENGTH_mavg+1] = {0,0,0,0,0,0,0,0,0,0,0,0,0,0,0,0,0,0,0,0};
  26:.\main.c      **** //double y_mavg = 0;
  27:.\main.c      **** //double b_mavg[FILTER_LENGTH_mavg+1] = {0.05,0.05,0.05,0.05,0.05,0.05,0.05,0.05,0.05,0.05,0.05,0.0
  28:.\main.c      **** #define FILTER_LENGTH_mavg 9
  29:.\main.c      **** //int y[2] = {0,0};
  30:.\main.c      **** double x_mavg[FILTER_LENGTH_mavg+1] = {0,0,0,0,0,0,0,0,0,0};
  31:.\main.c      **** double y_mavg = 0;
  32:.\main.c      **** double b_mavg[FILTER_LENGTH_mavg+1] = {0.1,0.1,0.1,0.1,0.1,0.1,0.1,0.1,0.1,0.1};
ARM GAS  C:\Users\passw\AppData\Local\Temp\ccbXYnhS.s 			page 2


  33:.\main.c      **** 
  34:.\main.c      **** 
  35:.\main.c      **** //double x_low[FILTER_LENGTH_low+1] = {0, 0, 0};
  36:.\main.c      **** //double y_low[FILTER_LENGTH_low+1] = {0, 0, 0};
  37:.\main.c      **** //double b_low[FILTER_LENGTH_low+1] = {0.0201, 0.0402, 0.0201};
  38:.\main.c      **** //double a_low[FILTER_LENGTH_low+1] = {1.0000, -1.5610, 0.6414};
  39:.\main.c      **** 
  40:.\main.c      **** #define FILTER_LENGTH_low 2
  41:.\main.c      **** double x_low[FILTER_LENGTH_low+1] = {0, 0, 0};
  42:.\main.c      **** double y_low[FILTER_LENGTH_low+1] = {0, 0, 0};
  43:.\main.c      **** double b_low[FILTER_LENGTH_low+1] = {0.0015, 0.0029, 0.0015};
  44:.\main.c      **** double a_low[FILTER_LENGTH_low+1] = {1.0000, -1.8890, 0.8949};
  45:.\main.c      **** 
  46:.\main.c      **** char current_byte = LOWBYTE;                        // Receive LOW byte first as default
  47:.\main.c      **** int16 value_in,value_out[2]={0,0},i=0,j=0,oldest,newest,diff,signed_data,old, low_pass_new, avg_new
  48:.\main.c      **** uint16 counter = 0, pointer, unsigned_data;  
  49:.\main.c      **** char FirstCall = TRUE;
  50:.\main.c      **** 
  51:.\main.c      **** signed int floor_and_convert(double y)
  52:.\main.c      **** {
  53:.\main.c      ****    if (y > 0)
  54:.\main.c      ****       return (signed int) (y+0.5);
  55:.\main.c      ****    else
  56:.\main.c      ****       return (signed int) (y-0.5);
  57:.\main.c      **** }
  58:.\main.c      **** 
  59:.\main.c      **** int low_pass_filter(int data)
  60:.\main.c      **** {
  61:.\main.c      ****    int i;
  62:.\main.c      ****    x_low[0] =  (double) data;
  63:.\main.c      ****    
  64:.\main.c      ****    y_low[0] = 0;
  65:.\main.c      ****   
  66:.\main.c      ****    for(i = 0;i <= FILTER_LENGTH_low;i++)                 // Run IIR filter for each received sample
  67:.\main.c      ****    {
  68:.\main.c      ****       y_low[0] += b_low[i]*x_low[i];
  69:.\main.c      ****    } 
  70:.\main.c      ****    
  71:.\main.c      ****    for(i =1;i <= FILTER_LENGTH_low;i++)               // Roll x array in order to hold old sample i
  72:.\main.c      ****    {
  73:.\main.c      ****       y_low[0] -= a_low[i]*y_low[i];
  74:.\main.c      ****    }
  75:.\main.c      **** 
  76:.\main.c      ****    for(i = FILTER_LENGTH_low-1;i >= 0;i--)
  77:.\main.c      ****     {
  78:.\main.c      ****        x_low[i+1]=x_low[i];
  79:.\main.c      ****        y_low[i+1]=y_low[i];
  80:.\main.c      ****     }
  81:.\main.c      **** 
  82:.\main.c      ****     return floor_and_convert(y_low[0]);
  83:.\main.c      **** }
  84:.\main.c      **** 
  85:.\main.c      **** signed int mavg_filter(signed int data)
  86:.\main.c      **** {
  87:.\main.c      ****    x_mavg[0] =  (double) data;      // Read received sample and perform type casts
  88:.\main.c      ****    
  89:.\main.c      ****    y_mavg = 0;
ARM GAS  C:\Users\passw\AppData\Local\Temp\ccbXYnhS.s 			page 3


  90:.\main.c      ****    for(i = 0;i <= FILTER_LENGTH_mavg;i++)           // Run FIR filter for each received sample
  91:.\main.c      ****    {
  92:.\main.c      ****       y_mavg += b_mavg[i]*x_mavg[i];
  93:.\main.c      ****    } 
  94:.\main.c      ****    
  95:.\main.c      ****    for(i = FILTER_LENGTH_mavg-1;i >= 0;i--)         // Roll x array in order to hold old sample inp
  96:.\main.c      ****    {
  97:.\main.c      ****       x_mavg[i+1] = x_mavg[i];
  98:.\main.c      ****    }
  99:.\main.c      ****       
 100:.\main.c      ****    return (unsigned int) y_mavg;                    // Perform type casts and return sample
 101:.\main.c      **** }
 102:.\main.c      **** 
 103:.\main.c      **** CY_ISR(RX_interrupt)
 104:.\main.c      **** {
 105:.\main.c      ****     char str[4];
 106:.\main.c      ****     uint8 ch = UART_UartGetChar();
 107:.\main.c      ****     UART_ClearRxInterruptSource(UART_GetRxInterruptSource());
 108:.\main.c      ****     
 109:.\main.c      ****     if(current_byte == LOWBYTE)                     // Receive LOW byte first
 110:.\main.c      ****     {
 111:.\main.c      ****         
 112:.\main.c      ****         
 113:.\main.c      ****         value_in = ch;                                 // Save UCA0RXBUF in the LOW byte of "value"
 114:.\main.c      ****         current_byte = HIGHBYTE;                    // Prepare to receive HIGH byte on next interru
 115:.\main.c      ****         return;                                     // Return from interrupt
 116:.\main.c      ****     }
 117:.\main.c      ****     
 118:.\main.c      ****     if(current_byte == HIGHBYTE)                    // Recieve HIGH byte
 119:.\main.c      ****     {
 120:.\main.c      ****         value_in += (ch<<8);                           // Save UCA0RXBUF in the HIGH byte of "value
 121:.\main.c      ****         current_byte = LOWBYTE;                     // Prepare to receive LOW byte on next interrup
 122:.\main.c      ****                 
 123:.\main.c      ****         StartMeasuring
 124:.\main.c      ****             value_out[1] = value_out[0];
 125:.\main.c      ****             //low_pass_new = low_pass_filter(value_in);
 126:.\main.c      ****             //value_out[0] = low_pass_new;                     // Value_in for at genskabe signalet
 127:.\main.c      ****             avg_new = mavg_filter(value_in);   
 128:.\main.c      ****             value_out[0] = avg_new; 
 129:.\main.c      ****         
 130:.\main.c      ****         StopMeasuring
 131:.\main.c      ****         
 132:.\main.c      ****         
 133:.\main.c      ****         if ((value_out[0] >= 225) && (value_out[1] < 225))      // Applay simple thresholding
 134:.\main.c      ****         {
 135:.\main.c      ****             j = j + 1;
 136:.\main.c      ****             UART_BLE_UartPutString(itoa(j,str,10));             // Notify BLE_Peripheral
 137:.\main.c      ****             UART_BLE_UartPutChar(10);    
 138:.\main.c      ****             UART_BLE_UartPutChar(13);  
 139:.\main.c      ****         }
 140:.\main.c      ****        
 141:.\main.c      ****        
 142:.\main.c      ****           //UART_UartPutChar(avg_new);
 143:.\main.c      ****           //UART_UartPutChar(avg_new>>8);
 144:.\main.c      ****       
 145:.\main.c      ****         UART_UartPutChar(avg_new);
 146:.\main.c      ****         UART_UartPutChar(avg_new>>8); 
ARM GAS  C:\Users\passw\AppData\Local\Temp\ccbXYnhS.s 			page 4


 147:.\main.c      ****     }
 148:.\main.c      **** }
 149:.\main.c      **** 
 150:.\main.c      **** CY_ISR(BLE_RX_interrupt)
 151:.\main.c      **** {
  26              		.loc 1 151 0
  27              		.cfi_startproc
  28 0000 08B5     		push	{r3, lr}
  29              		.cfi_def_cfa_offset 8
  30              		.cfi_offset 3, -8
  31              		.cfi_offset 14, -4
 152:.\main.c      ****     uint8 ch = UART_BLE_UartGetChar();
  32              		.loc 1 152 0
  33 0002 FFF7FEFF 		bl	UART_BLE_UartGetChar
  34              	.LVL0:
 153:.\main.c      ****     UART_BLE_ClearRxInterruptSource(UART_BLE_GetRxInterruptSource());
  35              		.loc 1 153 0
  36 0006 044B     		ldr	r3, .L2
  37 0008 1A68     		ldr	r2, [r3]
  38 000a 1A60     		str	r2, [r3]
 154:.\main.c      ****     UART_UartPutChar(ch);
  39              		.loc 1 154 0
  40 000c FF23     		mov	r3, #255
  41 000e 1840     		and	r0, r3
  42              	.LVL1:
  43 0010 FFF7FEFF 		bl	UART_SpiUartWriteTxData
  44              	.LVL2:
 155:.\main.c      **** }
  45              		.loc 1 155 0
  46              		@ sp needed
  47 0014 08BD     		pop	{r3, pc}
  48              	.L3:
  49 0016 C046     		.align	2
  50              	.L2:
  51 0018 C00F2540 		.word	1076170688
  52              		.cfi_endproc
  53              	.LFE40:
  54              		.size	BLE_RX_interrupt, .-BLE_RX_interrupt
  55              		.section	.text.Timer_interrupt,"ax",%progbits
  56              		.align	2
  57              		.global	Timer_interrupt
  58              		.code	16
  59              		.thumb_func
  60              		.type	Timer_interrupt, %function
  61              	Timer_interrupt:
  62              	.LFB41:
 156:.\main.c      **** 
 157:.\main.c      **** CY_ISR(Timer_interrupt)
 158:.\main.c      **** {
  63              		.loc 1 158 0
  64              		.cfi_startproc
  65 0000 08B5     		push	{r3, lr}
  66              		.cfi_def_cfa_offset 8
  67              		.cfi_offset 3, -8
  68              		.cfi_offset 14, -4
 159:.\main.c      ****     counter = Timer_ReadCapture();   
  69              		.loc 1 159 0
ARM GAS  C:\Users\passw\AppData\Local\Temp\ccbXYnhS.s 			page 5


  70 0002 FFF7FEFF 		bl	Timer_ReadCapture
  71              	.LVL3:
  72 0006 014B     		ldr	r3, .L5
  73 0008 1880     		strh	r0, [r3]
 160:.\main.c      **** }
  74              		.loc 1 160 0
  75              		@ sp needed
  76 000a 08BD     		pop	{r3, pc}
  77              	.L6:
  78              		.align	2
  79              	.L5:
  80 000c 00000000 		.word	.LANCHOR0
  81              		.cfi_endproc
  82              	.LFE41:
  83              		.size	Timer_interrupt, .-Timer_interrupt
  84              		.global	__aeabi_dcmpgt
  85              		.global	__aeabi_dadd
  86              		.global	__aeabi_d2iz
  87              		.global	__aeabi_dsub
  88              		.section	.text.floor_and_convert,"ax",%progbits
  89              		.align	2
  90              		.global	floor_and_convert
  91              		.code	16
  92              		.thumb_func
  93              		.type	floor_and_convert, %function
  94              	floor_and_convert:
  95              	.LFB36:
  52:.\main.c      ****    if (y > 0)
  96              		.loc 1 52 0
  97              		.cfi_startproc
  98              	.LVL4:
  99 0000 38B5     		push	{r3, r4, r5, lr}
 100              		.cfi_def_cfa_offset 16
 101              		.cfi_offset 3, -16
 102              		.cfi_offset 4, -12
 103              		.cfi_offset 5, -8
 104              		.cfi_offset 14, -4
 105 0002 041C     		mov	r4, r0
 106 0004 0D1C     		mov	r5, r1
  53:.\main.c      ****       return (signed int) (y+0.5);
 107              		.loc 1 53 0
 108 0006 0022     		mov	r2, #0
 109 0008 0023     		mov	r3, #0
 110 000a FFF7FEFF 		bl	__aeabi_dcmpgt
 111              	.LVL5:
 112 000e 0028     		cmp	r0, #0
 113 0010 08D0     		beq	.L12
  54:.\main.c      ****    else
 114              		.loc 1 54 0
 115 0012 201C     		mov	r0, r4
 116 0014 291C     		mov	r1, r5
 117 0016 0022     		mov	r2, #0
 118 0018 074B     		ldr	r3, .L13
 119 001a FFF7FEFF 		bl	__aeabi_dadd
 120              	.LVL6:
 121 001e FFF7FEFF 		bl	__aeabi_d2iz
 122              	.LVL7:
ARM GAS  C:\Users\passw\AppData\Local\Temp\ccbXYnhS.s 			page 6


 123 0022 07E0     		b	.L10
 124              	.L12:
  56:.\main.c      **** }
 125              		.loc 1 56 0
 126 0024 201C     		mov	r0, r4
 127 0026 291C     		mov	r1, r5
 128 0028 0022     		mov	r2, #0
 129 002a 034B     		ldr	r3, .L13
 130 002c FFF7FEFF 		bl	__aeabi_dsub
 131              	.LVL8:
 132 0030 FFF7FEFF 		bl	__aeabi_d2iz
 133              	.LVL9:
 134              	.L10:
  57:.\main.c      **** 
 135              		.loc 1 57 0
 136              		@ sp needed
 137 0034 38BD     		pop	{r3, r4, r5, pc}
 138              	.L14:
 139 0036 C046     		.align	2
 140              	.L13:
 141 0038 0000E03F 		.word	1071644672
 142              		.cfi_endproc
 143              	.LFE36:
 144              		.size	floor_and_convert, .-floor_and_convert
 145              		.global	__aeabi_i2d
 146              		.global	__aeabi_dmul
 147              		.section	.text.low_pass_filter,"ax",%progbits
 148              		.align	2
 149              		.global	low_pass_filter
 150              		.code	16
 151              		.thumb_func
 152              		.type	low_pass_filter, %function
 153              	low_pass_filter:
 154              	.LFB37:
  60:.\main.c      ****    int i;
 155              		.loc 1 60 0
 156              		.cfi_startproc
 157              	.LVL10:
 158 0000 38B5     		push	{r3, r4, r5, lr}
 159              		.cfi_def_cfa_offset 16
 160              		.cfi_offset 3, -16
 161              		.cfi_offset 4, -12
 162              		.cfi_offset 5, -8
 163              		.cfi_offset 14, -4
  62:.\main.c      ****    
 164              		.loc 1 62 0
 165 0002 FFF7FEFF 		bl	__aeabi_i2d
 166              	.LVL11:
 167 0006 284B     		ldr	r3, .L22
 168 0008 9860     		str	r0, [r3, #8]
 169 000a D960     		str	r1, [r3, #12]
  64:.\main.c      ****   
 170              		.loc 1 64 0
 171 000c 0020     		mov	r0, #0
 172 000e 0021     		mov	r1, #0
 173 0010 1862     		str	r0, [r3, #32]
 174 0012 5962     		str	r1, [r3, #36]
ARM GAS  C:\Users\passw\AppData\Local\Temp\ccbXYnhS.s 			page 7


 175              	.LVL12:
  66:.\main.c      ****    {
 176              		.loc 1 66 0
 177 0014 0024     		mov	r4, #0
 178 0016 13E0     		b	.L16
 179              	.LVL13:
 180              	.L17:
  68:.\main.c      ****    } 
 181              		.loc 1 68 0 discriminator 3
 182 0018 E300     		lsl	r3, r4, #3
 183 001a 244A     		ldr	r2, .L22+4
 184 001c D218     		add	r2, r2, r3
 185 001e 1068     		ldr	r0, [r2]
 186 0020 5168     		ldr	r1, [r2, #4]
 187 0022 214D     		ldr	r5, .L22
 188 0024 EB18     		add	r3, r5, r3
 189 0026 9A68     		ldr	r2, [r3, #8]
 190 0028 DB68     		ldr	r3, [r3, #12]
 191 002a FFF7FEFF 		bl	__aeabi_dmul
 192              	.LVL14:
 193 002e 021C     		mov	r2, r0
 194 0030 0B1C     		mov	r3, r1
 195 0032 286A     		ldr	r0, [r5, #32]
 196 0034 696A     		ldr	r1, [r5, #36]
 197 0036 FFF7FEFF 		bl	__aeabi_dadd
 198              	.LVL15:
 199 003a 2862     		str	r0, [r5, #32]
 200 003c 6962     		str	r1, [r5, #36]
  66:.\main.c      ****    {
 201              		.loc 1 66 0 discriminator 3
 202 003e 0134     		add	r4, r4, #1
 203              	.LVL16:
 204              	.L16:
  66:.\main.c      ****    {
 205              		.loc 1 66 0 is_stmt 0 discriminator 1
 206 0040 022C     		cmp	r4, #2
 207 0042 E9DD     		ble	.L17
 208 0044 0124     		mov	r4, #1
 209              	.LVL17:
 210 0046 13E0     		b	.L18
 211              	.LVL18:
 212              	.L19:
  73:.\main.c      ****    }
 213              		.loc 1 73 0 is_stmt 1 discriminator 3
 214 0048 E300     		lsl	r3, r4, #3
 215 004a 184A     		ldr	r2, .L22+4
 216 004c D218     		add	r2, r2, r3
 217 004e 9069     		ldr	r0, [r2, #24]
 218 0050 D169     		ldr	r1, [r2, #28]
 219 0052 154D     		ldr	r5, .L22
 220 0054 EB18     		add	r3, r5, r3
 221 0056 1A6A     		ldr	r2, [r3, #32]
 222 0058 5B6A     		ldr	r3, [r3, #36]
 223 005a FFF7FEFF 		bl	__aeabi_dmul
 224              	.LVL19:
 225 005e 021C     		mov	r2, r0
 226 0060 0B1C     		mov	r3, r1
ARM GAS  C:\Users\passw\AppData\Local\Temp\ccbXYnhS.s 			page 8


 227 0062 286A     		ldr	r0, [r5, #32]
 228 0064 696A     		ldr	r1, [r5, #36]
 229 0066 FFF7FEFF 		bl	__aeabi_dsub
 230              	.LVL20:
 231 006a 2862     		str	r0, [r5, #32]
 232 006c 6962     		str	r1, [r5, #36]
  71:.\main.c      ****    {
 233              		.loc 1 71 0 discriminator 3
 234 006e 0134     		add	r4, r4, #1
 235              	.LVL21:
 236              	.L18:
  71:.\main.c      ****    {
 237              		.loc 1 71 0 is_stmt 0 discriminator 1
 238 0070 022C     		cmp	r4, #2
 239 0072 E9DD     		ble	.L19
 240 0074 0122     		mov	r2, #1
 241 0076 0EE0     		b	.L20
 242              	.LVL22:
 243              	.L21:
  78:.\main.c      ****        y_low[i+1]=y_low[i];
 244              		.loc 1 78 0 is_stmt 1 discriminator 3
 245 0078 531C     		add	r3, r2, #1
 246 007a 0B48     		ldr	r0, .L22
 247 007c D100     		lsl	r1, r2, #3
 248 007e 4118     		add	r1, r0, r1
 249 0080 DB00     		lsl	r3, r3, #3
 250 0082 C318     		add	r3, r0, r3
 251 0084 8C68     		ldr	r4, [r1, #8]
 252 0086 CD68     		ldr	r5, [r1, #12]
 253 0088 9C60     		str	r4, [r3, #8]
 254 008a DD60     		str	r5, [r3, #12]
  79:.\main.c      ****     }
 255              		.loc 1 79 0 discriminator 3
 256 008c 086A     		ldr	r0, [r1, #32]
 257 008e 496A     		ldr	r1, [r1, #36]
 258 0090 1862     		str	r0, [r3, #32]
 259 0092 5962     		str	r1, [r3, #36]
  76:.\main.c      ****     {
 260              		.loc 1 76 0 discriminator 3
 261 0094 013A     		sub	r2, r2, #1
 262              	.LVL23:
 263              	.L20:
  76:.\main.c      ****     {
 264              		.loc 1 76 0 is_stmt 0 discriminator 1
 265 0096 002A     		cmp	r2, #0
 266 0098 EEDA     		bge	.L21
  82:.\main.c      **** }
 267              		.loc 1 82 0 is_stmt 1
 268 009a 034B     		ldr	r3, .L22
 269 009c 186A     		ldr	r0, [r3, #32]
 270 009e 596A     		ldr	r1, [r3, #36]
 271 00a0 FFF7FEFF 		bl	floor_and_convert
 272              	.LVL24:
  83:.\main.c      **** 
 273              		.loc 1 83 0
 274              		@ sp needed
 275 00a4 38BD     		pop	{r3, r4, r5, pc}
ARM GAS  C:\Users\passw\AppData\Local\Temp\ccbXYnhS.s 			page 9


 276              	.L23:
 277 00a6 C046     		.align	2
 278              	.L22:
 279 00a8 00000000 		.word	.LANCHOR0
 280 00ac 00000000 		.word	.LANCHOR1
 281              		.cfi_endproc
 282              	.LFE37:
 283              		.size	low_pass_filter, .-low_pass_filter
 284              		.global	__aeabi_d2uiz
 285              		.section	.text.mavg_filter,"ax",%progbits
 286              		.align	2
 287              		.global	mavg_filter
 288              		.code	16
 289              		.thumb_func
 290              		.type	mavg_filter, %function
 291              	mavg_filter:
 292              	.LFB38:
  86:.\main.c      ****    x_mavg[0] =  (double) data;      // Read received sample and perform type casts
 293              		.loc 1 86 0
 294              		.cfi_startproc
 295              	.LVL25:
 296 0000 38B5     		push	{r3, r4, r5, lr}
 297              		.cfi_def_cfa_offset 16
 298              		.cfi_offset 3, -16
 299              		.cfi_offset 4, -12
 300              		.cfi_offset 5, -8
 301              		.cfi_offset 14, -4
  87:.\main.c      ****    
 302              		.loc 1 87 0
 303 0002 FFF7FEFF 		bl	__aeabi_i2d
 304              	.LVL26:
 305 0006 214B     		ldr	r3, .L29
 306 0008 9863     		str	r0, [r3, #56]
 307 000a D963     		str	r1, [r3, #60]
  89:.\main.c      ****    for(i = 0;i <= FILTER_LENGTH_mavg;i++)           // Run FIR filter for each received sample
 308              		.loc 1 89 0
 309 000c 204B     		ldr	r3, .L29+4
 310 000e 0020     		mov	r0, #0
 311 0010 0021     		mov	r1, #0
 312 0012 9860     		str	r0, [r3, #8]
 313 0014 D960     		str	r1, [r3, #12]
  90:.\main.c      ****    {
 314              		.loc 1 90 0
 315 0016 0022     		mov	r2, #0
 316 0018 1A82     		strh	r2, [r3, #16]
 317 001a 14E0     		b	.L25
 318              	.L26:
  92:.\main.c      ****    } 
 319              		.loc 1 92 0 discriminator 3
 320 001c 23B2     		sxth	r3, r4
 321 001e DB00     		lsl	r3, r3, #3
 322 0020 1C4A     		ldr	r2, .L29+8
 323 0022 D218     		add	r2, r2, r3
 324 0024 106B     		ldr	r0, [r2, #48]
 325 0026 516B     		ldr	r1, [r2, #52]
 326 0028 184A     		ldr	r2, .L29
 327 002a D318     		add	r3, r2, r3
ARM GAS  C:\Users\passw\AppData\Local\Temp\ccbXYnhS.s 			page 10


 328 002c 9A6B     		ldr	r2, [r3, #56]
 329 002e DB6B     		ldr	r3, [r3, #60]
 330 0030 FFF7FEFF 		bl	__aeabi_dmul
 331              	.LVL27:
 332 0034 164D     		ldr	r5, .L29+4
 333 0036 AA68     		ldr	r2, [r5, #8]
 334 0038 EB68     		ldr	r3, [r5, #12]
 335 003a FFF7FEFF 		bl	__aeabi_dadd
 336              	.LVL28:
 337 003e A860     		str	r0, [r5, #8]
 338 0040 E960     		str	r1, [r5, #12]
  90:.\main.c      ****    {
 339              		.loc 1 90 0 discriminator 3
 340 0042 0134     		add	r4, r4, #1
 341 0044 2C82     		strh	r4, [r5, #16]
 342              	.L25:
  90:.\main.c      ****    {
 343              		.loc 1 90 0 is_stmt 0 discriminator 1
 344 0046 124B     		ldr	r3, .L29+4
 345 0048 1C8A     		ldrh	r4, [r3, #16]
 346 004a 23B2     		sxth	r3, r4
 347 004c 092B     		cmp	r3, #9
 348 004e E5DD     		ble	.L26
  95:.\main.c      ****    {
 349              		.loc 1 95 0 is_stmt 1
 350 0050 0822     		mov	r2, #8
 351 0052 0F4B     		ldr	r3, .L29+4
 352 0054 1A82     		strh	r2, [r3, #16]
 353 0056 0DE0     		b	.L27
 354              	.L28:
  97:.\main.c      ****    }
 355              		.loc 1 97 0 discriminator 3
 356 0058 13B2     		sxth	r3, r2
 357 005a 5C1C     		add	r4, r3, #1
 358 005c 0B4D     		ldr	r5, .L29
 359 005e DB00     		lsl	r3, r3, #3
 360 0060 EB18     		add	r3, r5, r3
 361 0062 986B     		ldr	r0, [r3, #56]
 362 0064 D96B     		ldr	r1, [r3, #60]
 363 0066 E300     		lsl	r3, r4, #3
 364 0068 EB18     		add	r3, r5, r3
 365 006a 9863     		str	r0, [r3, #56]
 366 006c D963     		str	r1, [r3, #60]
  95:.\main.c      ****    {
 367              		.loc 1 95 0 discriminator 3
 368 006e 013A     		sub	r2, r2, #1
 369 0070 074B     		ldr	r3, .L29+4
 370 0072 1A82     		strh	r2, [r3, #16]
 371              	.L27:
  95:.\main.c      ****    {
 372              		.loc 1 95 0 is_stmt 0 discriminator 1
 373 0074 064B     		ldr	r3, .L29+4
 374 0076 1A8A     		ldrh	r2, [r3, #16]
 375 0078 13B2     		sxth	r3, r2
 376 007a 002B     		cmp	r3, #0
 377 007c ECDA     		bge	.L28
 100:.\main.c      **** }
ARM GAS  C:\Users\passw\AppData\Local\Temp\ccbXYnhS.s 			page 11


 378              		.loc 1 100 0 is_stmt 1
 379 007e 044B     		ldr	r3, .L29+4
 380 0080 9868     		ldr	r0, [r3, #8]
 381 0082 D968     		ldr	r1, [r3, #12]
 382 0084 FFF7FEFF 		bl	__aeabi_d2uiz
 383              	.LVL29:
 101:.\main.c      **** 
 384              		.loc 1 101 0
 385              		@ sp needed
 386 0088 38BD     		pop	{r3, r4, r5, pc}
 387              	.L30:
 388 008a C046     		.align	2
 389              	.L29:
 390 008c 00000000 		.word	.LANCHOR0
 391 0090 80000000 		.word	.LANCHOR2
 392 0094 00000000 		.word	.LANCHOR1
 393              		.cfi_endproc
 394              	.LFE38:
 395              		.size	mavg_filter, .-mavg_filter
 396              		.section	.text.RX_interrupt,"ax",%progbits
 397              		.align	2
 398              		.global	RX_interrupt
 399              		.code	16
 400              		.thumb_func
 401              		.type	RX_interrupt, %function
 402              	RX_interrupt:
 403              	.LFB39:
 104:.\main.c      ****     char str[4];
 404              		.loc 1 104 0
 405              		.cfi_startproc
 406 0000 30B5     		push	{r4, r5, lr}
 407              		.cfi_def_cfa_offset 12
 408              		.cfi_offset 4, -12
 409              		.cfi_offset 5, -8
 410              		.cfi_offset 14, -4
 411 0002 83B0     		sub	sp, sp, #12
 412              		.cfi_def_cfa_offset 24
 106:.\main.c      ****     UART_ClearRxInterruptSource(UART_GetRxInterruptSource());
 413              		.loc 1 106 0
 414 0004 FFF7FEFF 		bl	UART_UartGetChar
 415              	.LVL30:
 416 0008 C0B2     		uxtb	r0, r0
 417              	.LVL31:
 107:.\main.c      ****     
 418              		.loc 1 107 0
 419 000a 264B     		ldr	r3, .L36
 420 000c 1A68     		ldr	r2, [r3]
 421 000e 1A60     		str	r2, [r3]
 109:.\main.c      ****     {
 422              		.loc 1 109 0
 423 0010 254B     		ldr	r3, .L36+4
 424 0012 9B7C     		ldrb	r3, [r3, #18]
 425 0014 002B     		cmp	r3, #0
 426 0016 05D1     		bne	.L32
 113:.\main.c      ****         current_byte = HIGHBYTE;                    // Prepare to receive HIGH byte on next interru
 427              		.loc 1 113 0
 428 0018 244B     		ldr	r3, .L36+8
ARM GAS  C:\Users\passw\AppData\Local\Temp\ccbXYnhS.s 			page 12


 429 001a 1880     		strh	r0, [r3]
 114:.\main.c      ****         return;                                     // Return from interrupt
 430              		.loc 1 114 0
 431 001c 0122     		mov	r2, #1
 432 001e 224B     		ldr	r3, .L36+4
 433 0020 9A74     		strb	r2, [r3, #18]
 434 0022 3DE0     		b	.L31
 435              	.L32:
 118:.\main.c      ****     {
 436              		.loc 1 118 0
 437 0024 012B     		cmp	r3, #1
 438 0026 3BD1     		bne	.L31
 120:.\main.c      ****         current_byte = LOWBYTE;                     // Prepare to receive LOW byte on next interrup
 439              		.loc 1 120 0
 440 0028 204D     		ldr	r5, .L36+8
 441 002a 0002     		lsl	r0, r0, #8
 442              	.LVL32:
 443 002c 2B88     		ldrh	r3, [r5]
 444 002e C018     		add	r0, r0, r3
 445 0030 2880     		strh	r0, [r5]
 121:.\main.c      ****                 
 446              		.loc 1 121 0
 447 0032 1D4C     		ldr	r4, .L36+4
 448 0034 0023     		mov	r3, #0
 449 0036 A374     		strb	r3, [r4, #18]
 123:.\main.c      ****             value_out[1] = value_out[0];
 450              		.loc 1 123 0
 451 0038 0020     		mov	r0, #0
 452 003a FFF7FEFF 		bl	Measure_When_Low_Write
 453              	.LVL33:
 124:.\main.c      ****             //low_pass_new = low_pass_filter(value_in);
 454              		.loc 1 124 0
 455 003e A38A     		ldrh	r3, [r4, #20]
 456 0040 E382     		strh	r3, [r4, #22]
 127:.\main.c      ****             value_out[0] = avg_new; 
 457              		.loc 1 127 0
 458 0042 0023     		mov	r3, #0
 459 0044 E85E     		ldrsh	r0, [r5, r3]
 460 0046 FFF7FEFF 		bl	mavg_filter
 461              	.LVL34:
 462 004a 80B2     		uxth	r0, r0
 463 004c 184B     		ldr	r3, .L36+12
 464 004e 1880     		strh	r0, [r3]
 128:.\main.c      ****         
 465              		.loc 1 128 0
 466 0050 A082     		strh	r0, [r4, #20]
 130:.\main.c      ****         
 467              		.loc 1 130 0
 468 0052 0120     		mov	r0, #1
 469 0054 FFF7FEFF 		bl	Measure_When_Low_Write
 470              	.LVL35:
 133:.\main.c      ****         {
 471              		.loc 1 133 0
 472 0058 1422     		mov	r2, #20
 473 005a A35E     		ldrsh	r3, [r4, r2]
 474 005c E02B     		cmp	r3, #224
 475 005e 16DD     		ble	.L35
ARM GAS  C:\Users\passw\AppData\Local\Temp\ccbXYnhS.s 			page 13


 133:.\main.c      ****         {
 476              		.loc 1 133 0 is_stmt 0 discriminator 1
 477 0060 114B     		ldr	r3, .L36+4
 478 0062 1622     		mov	r2, #22
 479 0064 9B5E     		ldrsh	r3, [r3, r2]
 480 0066 E02B     		cmp	r3, #224
 481 0068 11DC     		bgt	.L35
 135:.\main.c      ****             UART_BLE_UartPutString(itoa(j,str,10));             // Notify BLE_Peripheral
 482              		.loc 1 135 0 is_stmt 1
 483 006a 0F4B     		ldr	r3, .L36+4
 484 006c 188B     		ldrh	r0, [r3, #24]
 485 006e 0130     		add	r0, r0, #1
 486 0070 80B2     		uxth	r0, r0
 487 0072 1883     		strh	r0, [r3, #24]
 136:.\main.c      ****             UART_BLE_UartPutChar(10);    
 488              		.loc 1 136 0
 489 0074 00B2     		sxth	r0, r0
 490 0076 01A9     		add	r1, sp, #4
 491 0078 0A22     		mov	r2, #10
 492 007a FFF7FEFF 		bl	itoa
 493              	.LVL36:
 494 007e FFF7FEFF 		bl	UART_BLE_UartPutString
 495              	.LVL37:
 137:.\main.c      ****             UART_BLE_UartPutChar(13);  
 496              		.loc 1 137 0
 497 0082 0A20     		mov	r0, #10
 498 0084 FFF7FEFF 		bl	UART_BLE_SpiUartWriteTxData
 499              	.LVL38:
 138:.\main.c      ****         }
 500              		.loc 1 138 0
 501 0088 0D20     		mov	r0, #13
 502 008a FFF7FEFF 		bl	UART_BLE_SpiUartWriteTxData
 503              	.LVL39:
 504              	.L35:
 145:.\main.c      ****         UART_UartPutChar(avg_new>>8); 
 505              		.loc 1 145 0
 506 008e 084C     		ldr	r4, .L36+12
 507 0090 0023     		mov	r3, #0
 508 0092 E05E     		ldrsh	r0, [r4, r3]
 509 0094 FFF7FEFF 		bl	UART_SpiUartWriteTxData
 510              	.LVL40:
 146:.\main.c      ****     }
 511              		.loc 1 146 0
 512 0098 0120     		mov	r0, #1
 513 009a 2056     		ldrsb	r0, [r4, r0]
 514 009c FFF7FEFF 		bl	UART_SpiUartWriteTxData
 515              	.LVL41:
 516              	.L31:
 148:.\main.c      **** 
 517              		.loc 1 148 0
 518 00a0 03B0     		add	sp, sp, #12
 519              		@ sp needed
 520 00a2 30BD     		pop	{r4, r5, pc}
 521              	.L37:
 522              		.align	2
 523              	.L36:
 524 00a4 C00F2740 		.word	1076301760
ARM GAS  C:\Users\passw\AppData\Local\Temp\ccbXYnhS.s 			page 14


 525 00a8 80000000 		.word	.LANCHOR2
 526 00ac 00000000 		.word	value_in
 527 00b0 00000000 		.word	avg_new
 528              		.cfi_endproc
 529              	.LFE39:
 530              		.size	RX_interrupt, .-RX_interrupt
 531              		.section	.text.main,"ax",%progbits
 532              		.align	2
 533              		.global	main
 534              		.code	16
 535              		.thumb_func
 536              		.type	main, %function
 537              	main:
 538              	.LFB42:
 161:.\main.c      **** 
 162:.\main.c      **** 
 163:.\main.c      **** int main()
 164:.\main.c      **** {
 539              		.loc 1 164 0
 540              		.cfi_startproc
 541 0000 08B5     		push	{r3, lr}
 542              		.cfi_def_cfa_offset 8
 543              		.cfi_offset 3, -8
 544              		.cfi_offset 14, -4
 165:.\main.c      ****  
 166:.\main.c      ****     CyGlobalIntEnable;                          /* Enable global interrupts */
 545              		.loc 1 166 0
 546              	@ 166 ".\main.c" 1
 547 0002 62B6     		CPSIE   i
 548              	@ 0 "" 2
 167:.\main.c      ****     Timer_ISR_StartEx(Timer_interrupt);         /* Set interrupt address */
 549              		.loc 1 167 0
 550              		.code	16
 551 0004 0A48     		ldr	r0, .L39
 552 0006 FFF7FEFF 		bl	Timer_ISR_StartEx
 553              	.LVL42:
 168:.\main.c      ****     UART_RX_ISR_StartEx(RX_interrupt);          /* Set interrupt address */
 554              		.loc 1 168 0
 555 000a 0A48     		ldr	r0, .L39+4
 556 000c FFF7FEFF 		bl	UART_RX_ISR_StartEx
 557              	.LVL43:
 169:.\main.c      ****     UART_BLE_RX_ISR_StartEx(BLE_RX_interrupt);  /* Set interrupt address */
 558              		.loc 1 169 0
 559 0010 0948     		ldr	r0, .L39+8
 560 0012 FFF7FEFF 		bl	UART_BLE_RX_ISR_StartEx
 561              	.LVL44:
 170:.\main.c      ****     UART_Start();                               /* Start UART */
 562              		.loc 1 170 0
 563 0016 FFF7FEFF 		bl	UART_Start
 564              	.LVL45:
 171:.\main.c      ****     UART_BLE_Start();                           /* Start UART_BLE */
 565              		.loc 1 171 0
 566 001a FFF7FEFF 		bl	UART_BLE_Start
 567              	.LVL46:
 172:.\main.c      ****     Timer_Start();                              /* Start Timer */
 568              		.loc 1 172 0
 569 001e FFF7FEFF 		bl	Timer_Start
ARM GAS  C:\Users\passw\AppData\Local\Temp\ccbXYnhS.s 			page 15


 570              	.LVL47:
 173:.\main.c      ****     Timer_ISR_Enable();                         /* Enable Timer interrupt service routine*/
 571              		.loc 1 173 0
 572 0022 FFF7FEFF 		bl	Timer_ISR_Enable
 573              	.LVL48:
 174:.\main.c      ****     CySysPmSleep();                             /* Enter Sleep mode */
 574              		.loc 1 174 0
 575 0026 FFF7FEFF 		bl	CySysPmSleep
 576              	.LVL49:
 175:.\main.c      ****     return 0;
 176:.\main.c      **** }
 577              		.loc 1 176 0
 578 002a 0020     		mov	r0, #0
 579              		@ sp needed
 580 002c 08BD     		pop	{r3, pc}
 581              	.L40:
 582 002e C046     		.align	2
 583              	.L39:
 584 0030 00000000 		.word	Timer_interrupt
 585 0034 00000000 		.word	RX_interrupt
 586 0038 00000000 		.word	BLE_RX_interrupt
 587              		.cfi_endproc
 588              	.LFE42:
 589              		.size	main, .-main
 590              		.global	FirstCall
 591              		.comm	unsigned_data,2,2
 592              		.comm	pointer,2,2
 593              		.global	counter
 594              		.comm	avg_new,2,2
 595              		.comm	low_pass_new,2,2
 596              		.comm	old,2,2
 597              		.comm	signed_data,2,2
 598              		.comm	diff,2,2
 599              		.comm	newest,2,2
 600              		.comm	oldest,2,2
 601              		.global	j
 602              		.global	i
 603              		.global	value_out
 604              		.comm	value_in,2,2
 605              		.global	current_byte
 606              		.global	a_low
 607              		.global	b_low
 608              		.global	y_low
 609              		.global	x_low
 610              		.global	b_mavg
 611              		.global	y_mavg
 612              		.global	x_mavg
 613              		.global	y
 614              		.data
 615              		.align	3
 616              		.set	.LANCHOR1,. + 0
 617              		.type	b_low, %object
 618              		.size	b_low, 24
 619              	b_low:
 620 0000 FA7E6ABC 		.word	-1133871366
 621 0004 7493583F 		.word	1062769524
 622 0008 E09C11A5 		.word	-1525572384
ARM GAS  C:\Users\passw\AppData\Local\Temp\ccbXYnhS.s 			page 16


 623 000c BDC1673F 		.word	1063764413
 624 0010 FA7E6ABC 		.word	-1133871366
 625 0014 7493583F 		.word	1062769524
 626              		.type	a_low, %object
 627              		.size	a_low, 24
 628              	a_low:
 629 0018 00000000 		.word	0
 630 001c 0000F03F 		.word	1072693248
 631 0020 D34D6210 		.word	274877907
 632 0024 5839FEBF 		.word	-1073858216
 633 0028 C2172653 		.word	1395005378
 634 002c 05A3EC3F 		.word	1072472837
 635              		.type	b_mavg, %object
 636              		.size	b_mavg, 80
 637              	b_mavg:
 638 0030 9A999999 		.word	-1717986918
 639 0034 9999B93F 		.word	1069128089
 640 0038 9A999999 		.word	-1717986918
 641 003c 9999B93F 		.word	1069128089
 642 0040 9A999999 		.word	-1717986918
 643 0044 9999B93F 		.word	1069128089
 644 0048 9A999999 		.word	-1717986918
 645 004c 9999B93F 		.word	1069128089
 646 0050 9A999999 		.word	-1717986918
 647 0054 9999B93F 		.word	1069128089
 648 0058 9A999999 		.word	-1717986918
 649 005c 9999B93F 		.word	1069128089
 650 0060 9A999999 		.word	-1717986918
 651 0064 9999B93F 		.word	1069128089
 652 0068 9A999999 		.word	-1717986918
 653 006c 9999B93F 		.word	1069128089
 654 0070 9A999999 		.word	-1717986918
 655 0074 9999B93F 		.word	1069128089
 656 0078 9A999999 		.word	-1717986918
 657 007c 9999B93F 		.word	1069128089
 658              		.type	FirstCall, %object
 659              		.size	FirstCall, 1
 660              	FirstCall:
 661 0080 01       		.byte	1
 662 0081 00000000 		.bss
 662      000000
 663              		.align	3
 664              		.set	.LANCHOR0,. + 0
 665              		.set	.LANCHOR2,. + 128
 666              		.type	counter, %object
 667              		.size	counter, 2
 668              	counter:
 669 0000 0000     		.space	2
 670 0002 00000000 		.space	6
 670      0000
 671              		.type	x_low, %object
 672              		.size	x_low, 24
 673              	x_low:
 674 0008 00000000 		.space	24
 674      00000000 
 674      00000000 
 674      00000000 
ARM GAS  C:\Users\passw\AppData\Local\Temp\ccbXYnhS.s 			page 17


 674      00000000 
 675              		.type	y_low, %object
 676              		.size	y_low, 24
 677              	y_low:
 678 0020 00000000 		.space	24
 678      00000000 
 678      00000000 
 678      00000000 
 678      00000000 
 679              		.type	x_mavg, %object
 680              		.size	x_mavg, 80
 681              	x_mavg:
 682 0038 00000000 		.space	80
 682      00000000 
 682      00000000 
 682      00000000 
 682      00000000 
 683              		.type	y_mavg, %object
 684              		.size	y_mavg, 8
 685              	y_mavg:
 686 0088 00000000 		.space	8
 686      00000000 
 687              		.type	i, %object
 688              		.size	i, 2
 689              	i:
 690 0090 0000     		.space	2
 691              		.type	current_byte, %object
 692              		.size	current_byte, 1
 693              	current_byte:
 694 0092 00       		.space	1
 695 0093 00       		.space	1
 696              		.type	value_out, %object
 697              		.size	value_out, 4
 698              	value_out:
 699 0094 00000000 		.space	4
 700              		.type	j, %object
 701              		.size	j, 2
 702              	j:
 703 0098 0000     		.space	2
 704 009a 0000     		.space	2
 705              		.type	y, %object
 706              		.size	y, 8
 707              	y:
 708 009c 00000000 		.space	8
 708      00000000 
 709 00a4 00000000 		.text
 710              	.Letext0:
 711              		.file 2 "Generated_Source\\PSoC4/cytypes.h"
 712              		.file 3 "Generated_Source\\PSoC4/UART_BLE_SPI_UART.h"
 713              		.file 4 "Generated_Source\\PSoC4/Timer.h"
 714              		.file 5 "Generated_Source\\PSoC4/UART_SPI_UART.h"
 715              		.file 6 "Generated_Source\\PSoC4/Measure_When_Low.h"
 716              		.file 7 "Generated_Source\\PSoC4/Timer_ISR.h"
 717              		.file 8 "Generated_Source\\PSoC4/UART_RX_ISR.h"
 718              		.file 9 "Generated_Source\\PSoC4/UART_BLE_RX_ISR.h"
 719              		.file 10 "Generated_Source\\PSoC4/UART.h"
 720              		.file 11 "Generated_Source\\PSoC4/UART_BLE.h"
ARM GAS  C:\Users\passw\AppData\Local\Temp\ccbXYnhS.s 			page 18


 721              		.file 12 "Generated_Source\\PSoC4/cyPm.h"
 722              		.file 13 "c:\\program files (x86)\\cypress\\psoc creator\\3.3\\psoc creator\\import\\gnu\\arm\\4.9
 723              		.section	.debug_info,"",%progbits
 724              	.Ldebug_info0:
 725 0000 EC050000 		.4byte	0x5ec
 726 0004 0400     		.2byte	0x4
 727 0006 00000000 		.4byte	.Ldebug_abbrev0
 728 000a 04       		.byte	0x4
 729 000b 01       		.uleb128 0x1
 730 000c EA000000 		.4byte	.LASF63
 731 0010 01       		.byte	0x1
 732 0011 77030000 		.4byte	.LASF64
 733 0015 C7020000 		.4byte	.LASF65
 734 0019 00000000 		.4byte	.Ldebug_ranges0+0
 735 001d 00000000 		.4byte	0
 736 0021 00000000 		.4byte	.Ldebug_line0
 737 0025 02       		.uleb128 0x2
 738 0026 08       		.byte	0x8
 739 0027 04       		.byte	0x4
 740 0028 39030000 		.4byte	.LASF0
 741 002c 02       		.uleb128 0x2
 742 002d 01       		.byte	0x1
 743 002e 06       		.byte	0x6
 744 002f E7010000 		.4byte	.LASF1
 745 0033 02       		.uleb128 0x2
 746 0034 01       		.byte	0x1
 747 0035 08       		.byte	0x8
 748 0036 96010000 		.4byte	.LASF2
 749 003a 02       		.uleb128 0x2
 750 003b 02       		.byte	0x2
 751 003c 05       		.byte	0x5
 752 003d 15000000 		.4byte	.LASF3
 753 0041 02       		.uleb128 0x2
 754 0042 02       		.byte	0x2
 755 0043 07       		.byte	0x7
 756 0044 4F020000 		.4byte	.LASF4
 757 0048 02       		.uleb128 0x2
 758 0049 04       		.byte	0x4
 759 004a 05       		.byte	0x5
 760 004b AC000000 		.4byte	.LASF5
 761 004f 02       		.uleb128 0x2
 762 0050 04       		.byte	0x4
 763 0051 07       		.byte	0x7
 764 0052 27030000 		.4byte	.LASF6
 765 0056 02       		.uleb128 0x2
 766 0057 08       		.byte	0x8
 767 0058 05       		.byte	0x5
 768 0059 94000000 		.4byte	.LASF7
 769 005d 02       		.uleb128 0x2
 770 005e 08       		.byte	0x8
 771 005f 07       		.byte	0x7
 772 0060 F3010000 		.4byte	.LASF8
 773 0064 03       		.uleb128 0x3
 774 0065 04       		.byte	0x4
 775 0066 05       		.byte	0x5
 776 0067 696E7400 		.ascii	"int\000"
 777 006b 02       		.uleb128 0x2
ARM GAS  C:\Users\passw\AppData\Local\Temp\ccbXYnhS.s 			page 19


 778 006c 04       		.byte	0x4
 779 006d 07       		.byte	0x7
 780 006e 0A020000 		.4byte	.LASF9
 781 0072 04       		.uleb128 0x4
 782 0073 74000000 		.4byte	.LASF10
 783 0077 02       		.byte	0x2
 784 0078 3801     		.2byte	0x138
 785 007a 33000000 		.4byte	0x33
 786 007e 04       		.uleb128 0x4
 787 007f 60000000 		.4byte	.LASF11
 788 0083 02       		.byte	0x2
 789 0084 3901     		.2byte	0x139
 790 0086 41000000 		.4byte	0x41
 791 008a 04       		.uleb128 0x4
 792 008b 20030000 		.4byte	.LASF12
 793 008f 02       		.byte	0x2
 794 0090 3A01     		.2byte	0x13a
 795 0092 4F000000 		.4byte	0x4f
 796 0096 04       		.uleb128 0x4
 797 0097 67000000 		.4byte	.LASF13
 798 009b 02       		.byte	0x2
 799 009c 3C01     		.2byte	0x13c
 800 009e 3A000000 		.4byte	0x3a
 801 00a2 02       		.uleb128 0x2
 802 00a3 04       		.byte	0x4
 803 00a4 04       		.byte	0x4
 804 00a5 87000000 		.4byte	.LASF14
 805 00a9 04       		.uleb128 0x4
 806 00aa 28000000 		.4byte	.LASF15
 807 00ae 02       		.byte	0x2
 808 00af 4901     		.2byte	0x149
 809 00b1 B5000000 		.4byte	0xb5
 810 00b5 02       		.uleb128 0x2
 811 00b6 01       		.byte	0x1
 812 00b7 08       		.byte	0x8
 813 00b8 62020000 		.4byte	.LASF16
 814 00bc 04       		.uleb128 0x4
 815 00bd 49020000 		.4byte	.LASF17
 816 00c1 02       		.byte	0x2
 817 00c2 E401     		.2byte	0x1e4
 818 00c4 C8000000 		.4byte	0xc8
 819 00c8 05       		.uleb128 0x5
 820 00c9 8A000000 		.4byte	0x8a
 821 00cd 04       		.uleb128 0x4
 822 00ce A9010000 		.4byte	.LASF18
 823 00d2 02       		.byte	0x2
 824 00d3 F401     		.2byte	0x1f4
 825 00d5 D9000000 		.4byte	0xd9
 826 00d9 06       		.uleb128 0x6
 827 00da 04       		.byte	0x4
 828 00db DF000000 		.4byte	0xdf
 829 00df 07       		.uleb128 0x7
 830 00e0 02       		.uleb128 0x2
 831 00e1 04       		.byte	0x4
 832 00e2 07       		.byte	0x7
 833 00e3 1F000000 		.4byte	.LASF19
 834 00e7 06       		.uleb128 0x6
ARM GAS  C:\Users\passw\AppData\Local\Temp\ccbXYnhS.s 			page 20


 835 00e8 04       		.byte	0x4
 836 00e9 B5000000 		.4byte	0xb5
 837 00ed 08       		.uleb128 0x8
 838 00ee 88030000 		.4byte	.LASF20
 839 00f2 01       		.byte	0x1
 840 00f3 96       		.byte	0x96
 841 00f4 00000000 		.4byte	.LFB40
 842 00f8 1C000000 		.4byte	.LFE40-.LFB40
 843 00fc 01       		.uleb128 0x1
 844 00fd 9C       		.byte	0x9c
 845 00fe 23010000 		.4byte	0x123
 846 0102 09       		.uleb128 0x9
 847 0103 636800   		.ascii	"ch\000"
 848 0106 01       		.byte	0x1
 849 0107 98       		.byte	0x98
 850 0108 72000000 		.4byte	0x72
 851 010c 00000000 		.4byte	.LLST0
 852 0110 0A       		.uleb128 0xa
 853 0111 06000000 		.4byte	.LVL0
 854 0115 03050000 		.4byte	0x503
 855 0119 0A       		.uleb128 0xa
 856 011a 14000000 		.4byte	.LVL2
 857 011e 0F050000 		.4byte	0x50f
 858 0122 00       		.byte	0
 859 0123 08       		.uleb128 0x8
 860 0124 00000000 		.4byte	.LASF21
 861 0128 01       		.byte	0x1
 862 0129 9D       		.byte	0x9d
 863 012a 00000000 		.4byte	.LFB41
 864 012e 10000000 		.4byte	.LFE41-.LFB41
 865 0132 01       		.uleb128 0x1
 866 0133 9C       		.byte	0x9c
 867 0134 42010000 		.4byte	0x142
 868 0138 0A       		.uleb128 0xa
 869 0139 06000000 		.4byte	.LVL3
 870 013d 21050000 		.4byte	0x521
 871 0141 00       		.byte	0
 872 0142 0B       		.uleb128 0xb
 873 0143 D5010000 		.4byte	.LASF22
 874 0147 01       		.byte	0x1
 875 0148 33       		.byte	0x33
 876 0149 64000000 		.4byte	0x64
 877 014d 00000000 		.4byte	.LFB36
 878 0151 3C000000 		.4byte	.LFE36-.LFB36
 879 0155 01       		.uleb128 0x1
 880 0156 9C       		.byte	0x9c
 881 0157 69010000 		.4byte	0x169
 882 015b 0C       		.uleb128 0xc
 883 015c 7900     		.ascii	"y\000"
 884 015e 01       		.byte	0x1
 885 015f 33       		.byte	0x33
 886 0160 25000000 		.4byte	0x25
 887 0164 13000000 		.4byte	.LLST1
 888 0168 00       		.byte	0
 889 0169 0B       		.uleb128 0xb
 890 016a 39020000 		.4byte	.LASF23
 891 016e 01       		.byte	0x1
ARM GAS  C:\Users\passw\AppData\Local\Temp\ccbXYnhS.s 			page 21


 892 016f 3B       		.byte	0x3b
 893 0170 64000000 		.4byte	0x64
 894 0174 00000000 		.4byte	.LFB37
 895 0178 B0000000 		.4byte	.LFE37-.LFB37
 896 017c 01       		.uleb128 0x1
 897 017d 9C       		.byte	0x9c
 898 017e A8010000 		.4byte	0x1a8
 899 0182 0D       		.uleb128 0xd
 900 0183 C2020000 		.4byte	.LASF24
 901 0187 01       		.byte	0x1
 902 0188 3B       		.byte	0x3b
 903 0189 64000000 		.4byte	0x64
 904 018d 3B000000 		.4byte	.LLST2
 905 0191 09       		.uleb128 0x9
 906 0192 6900     		.ascii	"i\000"
 907 0194 01       		.byte	0x1
 908 0195 3D       		.byte	0x3d
 909 0196 64000000 		.4byte	0x64
 910 019a 5C000000 		.4byte	.LLST3
 911 019e 0A       		.uleb128 0xa
 912 019f A4000000 		.4byte	.LVL24
 913 01a3 42010000 		.4byte	0x142
 914 01a7 00       		.byte	0
 915 01a8 0B       		.uleb128 0xb
 916 01a9 B1030000 		.4byte	.LASF25
 917 01ad 01       		.byte	0x1
 918 01ae 55       		.byte	0x55
 919 01af 64000000 		.4byte	0x64
 920 01b3 00000000 		.4byte	.LFB38
 921 01b7 98000000 		.4byte	.LFE38-.LFB38
 922 01bb 01       		.uleb128 0x1
 923 01bc 9C       		.byte	0x9c
 924 01bd D1010000 		.4byte	0x1d1
 925 01c1 0D       		.uleb128 0xd
 926 01c2 C2020000 		.4byte	.LASF24
 927 01c6 01       		.byte	0x1
 928 01c7 55       		.byte	0x55
 929 01c8 64000000 		.4byte	0x64
 930 01cc 91000000 		.4byte	.LLST4
 931 01d0 00       		.byte	0
 932 01d1 08       		.uleb128 0x8
 933 01d2 D0000000 		.4byte	.LASF26
 934 01d6 01       		.byte	0x1
 935 01d7 67       		.byte	0x67
 936 01d8 00000000 		.4byte	.LFB39
 937 01dc B4000000 		.4byte	.LFE39-.LFB39
 938 01e0 01       		.uleb128 0x1
 939 01e1 9C       		.byte	0x9c
 940 01e2 95020000 		.4byte	0x295
 941 01e6 0E       		.uleb128 0xe
 942 01e7 73747200 		.ascii	"str\000"
 943 01eb 01       		.byte	0x1
 944 01ec 69       		.byte	0x69
 945 01ed 95020000 		.4byte	0x295
 946 01f1 02       		.uleb128 0x2
 947 01f2 91       		.byte	0x91
 948 01f3 6C       		.sleb128 -20
ARM GAS  C:\Users\passw\AppData\Local\Temp\ccbXYnhS.s 			page 22


 949 01f4 09       		.uleb128 0x9
 950 01f5 636800   		.ascii	"ch\000"
 951 01f8 01       		.byte	0x1
 952 01f9 6A       		.byte	0x6a
 953 01fa 72000000 		.4byte	0x72
 954 01fe B2000000 		.4byte	.LLST5
 955 0202 0A       		.uleb128 0xa
 956 0203 08000000 		.4byte	.LVL30
 957 0207 2D050000 		.4byte	0x52d
 958 020b 0F       		.uleb128 0xf
 959 020c 3E000000 		.4byte	.LVL33
 960 0210 39050000 		.4byte	0x539
 961 0214 1E020000 		.4byte	0x21e
 962 0218 10       		.uleb128 0x10
 963 0219 01       		.uleb128 0x1
 964 021a 50       		.byte	0x50
 965 021b 01       		.uleb128 0x1
 966 021c 30       		.byte	0x30
 967 021d 00       		.byte	0
 968 021e 0A       		.uleb128 0xa
 969 021f 4A000000 		.4byte	.LVL34
 970 0223 A8010000 		.4byte	0x1a8
 971 0227 0F       		.uleb128 0xf
 972 0228 58000000 		.4byte	.LVL35
 973 022c 39050000 		.4byte	0x539
 974 0230 3A020000 		.4byte	0x23a
 975 0234 10       		.uleb128 0x10
 976 0235 01       		.uleb128 0x1
 977 0236 50       		.byte	0x50
 978 0237 01       		.uleb128 0x1
 979 0238 31       		.byte	0x31
 980 0239 00       		.byte	0
 981 023a 0F       		.uleb128 0xf
 982 023b 7E000000 		.4byte	.LVL36
 983 023f 4A050000 		.4byte	0x54a
 984 0243 53020000 		.4byte	0x253
 985 0247 10       		.uleb128 0x10
 986 0248 01       		.uleb128 0x1
 987 0249 52       		.byte	0x52
 988 024a 01       		.uleb128 0x1
 989 024b 3A       		.byte	0x3a
 990 024c 10       		.uleb128 0x10
 991 024d 01       		.uleb128 0x1
 992 024e 51       		.byte	0x51
 993 024f 02       		.uleb128 0x2
 994 0250 91       		.byte	0x91
 995 0251 6C       		.sleb128 -20
 996 0252 00       		.byte	0
 997 0253 0A       		.uleb128 0xa
 998 0254 82000000 		.4byte	.LVL37
 999 0258 69050000 		.4byte	0x569
 1000 025c 0F       		.uleb128 0xf
 1001 025d 88000000 		.4byte	.LVL38
 1002 0261 86050000 		.4byte	0x586
 1003 0265 6F020000 		.4byte	0x26f
 1004 0269 10       		.uleb128 0x10
 1005 026a 01       		.uleb128 0x1
ARM GAS  C:\Users\passw\AppData\Local\Temp\ccbXYnhS.s 			page 23


 1006 026b 50       		.byte	0x50
 1007 026c 01       		.uleb128 0x1
 1008 026d 3A       		.byte	0x3a
 1009 026e 00       		.byte	0
 1010 026f 0F       		.uleb128 0xf
 1011 0270 8E000000 		.4byte	.LVL39
 1012 0274 86050000 		.4byte	0x586
 1013 0278 82020000 		.4byte	0x282
 1014 027c 10       		.uleb128 0x10
 1015 027d 01       		.uleb128 0x1
 1016 027e 50       		.byte	0x50
 1017 027f 01       		.uleb128 0x1
 1018 0280 3D       		.byte	0x3d
 1019 0281 00       		.byte	0
 1020 0282 0A       		.uleb128 0xa
 1021 0283 98000000 		.4byte	.LVL40
 1022 0287 0F050000 		.4byte	0x50f
 1023 028b 0A       		.uleb128 0xa
 1024 028c A0000000 		.4byte	.LVL41
 1025 0290 0F050000 		.4byte	0x50f
 1026 0294 00       		.byte	0
 1027 0295 11       		.uleb128 0x11
 1028 0296 B5000000 		.4byte	0xb5
 1029 029a A5020000 		.4byte	0x2a5
 1030 029e 12       		.uleb128 0x12
 1031 029f E0000000 		.4byte	0xe0
 1032 02a3 03       		.byte	0x3
 1033 02a4 00       		.byte	0
 1034 02a5 13       		.uleb128 0x13
 1035 02a6 7E020000 		.4byte	.LASF27
 1036 02aa 01       		.byte	0x1
 1037 02ab A3       		.byte	0xa3
 1038 02ac 64000000 		.4byte	0x64
 1039 02b0 00000000 		.4byte	.LFB42
 1040 02b4 3C000000 		.4byte	.LFE42-.LFB42
 1041 02b8 01       		.uleb128 0x1
 1042 02b9 9C       		.byte	0x9c
 1043 02ba 31030000 		.4byte	0x331
 1044 02be 0F       		.uleb128 0xf
 1045 02bf 0A000000 		.4byte	.LVL42
 1046 02c3 98050000 		.4byte	0x598
 1047 02c7 D5020000 		.4byte	0x2d5
 1048 02cb 10       		.uleb128 0x10
 1049 02cc 01       		.uleb128 0x1
 1050 02cd 50       		.byte	0x50
 1051 02ce 05       		.uleb128 0x5
 1052 02cf 03       		.byte	0x3
 1053 02d0 00000000 		.4byte	Timer_interrupt
 1054 02d4 00       		.byte	0
 1055 02d5 0F       		.uleb128 0xf
 1056 02d6 10000000 		.4byte	.LVL43
 1057 02da A9050000 		.4byte	0x5a9
 1058 02de EC020000 		.4byte	0x2ec
 1059 02e2 10       		.uleb128 0x10
 1060 02e3 01       		.uleb128 0x1
 1061 02e4 50       		.byte	0x50
 1062 02e5 05       		.uleb128 0x5
ARM GAS  C:\Users\passw\AppData\Local\Temp\ccbXYnhS.s 			page 24


 1063 02e6 03       		.byte	0x3
 1064 02e7 00000000 		.4byte	RX_interrupt
 1065 02eb 00       		.byte	0
 1066 02ec 0F       		.uleb128 0xf
 1067 02ed 16000000 		.4byte	.LVL44
 1068 02f1 BA050000 		.4byte	0x5ba
 1069 02f5 03030000 		.4byte	0x303
 1070 02f9 10       		.uleb128 0x10
 1071 02fa 01       		.uleb128 0x1
 1072 02fb 50       		.byte	0x50
 1073 02fc 05       		.uleb128 0x5
 1074 02fd 03       		.byte	0x3
 1075 02fe 00000000 		.4byte	BLE_RX_interrupt
 1076 0302 00       		.byte	0
 1077 0303 0A       		.uleb128 0xa
 1078 0304 1A000000 		.4byte	.LVL45
 1079 0308 CB050000 		.4byte	0x5cb
 1080 030c 0A       		.uleb128 0xa
 1081 030d 1E000000 		.4byte	.LVL46
 1082 0311 D2050000 		.4byte	0x5d2
 1083 0315 0A       		.uleb128 0xa
 1084 0316 22000000 		.4byte	.LVL47
 1085 031a D9050000 		.4byte	0x5d9
 1086 031e 0A       		.uleb128 0xa
 1087 031f 26000000 		.4byte	.LVL48
 1088 0323 E1050000 		.4byte	0x5e1
 1089 0327 0A       		.uleb128 0xa
 1090 0328 2A000000 		.4byte	.LVL49
 1091 032c E8050000 		.4byte	0x5e8
 1092 0330 00       		.byte	0
 1093 0331 11       		.uleb128 0x11
 1094 0332 64000000 		.4byte	0x64
 1095 0336 41030000 		.4byte	0x341
 1096 033a 12       		.uleb128 0x12
 1097 033b E0000000 		.4byte	0xe0
 1098 033f 01       		.byte	0x1
 1099 0340 00       		.byte	0
 1100 0341 14       		.uleb128 0x14
 1101 0342 7900     		.ascii	"y\000"
 1102 0344 01       		.byte	0x1
 1103 0345 17       		.byte	0x17
 1104 0346 31030000 		.4byte	0x331
 1105 034a 05       		.uleb128 0x5
 1106 034b 03       		.byte	0x3
 1107 034c 00000000 		.4byte	y
 1108 0350 11       		.uleb128 0x11
 1109 0351 25000000 		.4byte	0x25
 1110 0355 60030000 		.4byte	0x360
 1111 0359 12       		.uleb128 0x12
 1112 035a E0000000 		.4byte	0xe0
 1113 035e 09       		.byte	0x9
 1114 035f 00       		.byte	0
 1115 0360 15       		.uleb128 0x15
 1116 0361 6D000000 		.4byte	.LASF28
 1117 0365 01       		.byte	0x1
 1118 0366 1E       		.byte	0x1e
 1119 0367 50030000 		.4byte	0x350
ARM GAS  C:\Users\passw\AppData\Local\Temp\ccbXYnhS.s 			page 25


 1120 036b 05       		.uleb128 0x5
 1121 036c 03       		.byte	0x3
 1122 036d 00000000 		.4byte	x_mavg
 1123 0371 15       		.uleb128 0x15
 1124 0372 19030000 		.4byte	.LASF29
 1125 0376 01       		.byte	0x1
 1126 0377 1F       		.byte	0x1f
 1127 0378 25000000 		.4byte	0x25
 1128 037c 05       		.uleb128 0x5
 1129 037d 03       		.byte	0x3
 1130 037e 00000000 		.4byte	y_mavg
 1131 0382 15       		.uleb128 0x15
 1132 0383 BD030000 		.4byte	.LASF30
 1133 0387 01       		.byte	0x1
 1134 0388 20       		.byte	0x20
 1135 0389 50030000 		.4byte	0x350
 1136 038d 05       		.uleb128 0x5
 1137 038e 03       		.byte	0x3
 1138 038f 00000000 		.4byte	b_mavg
 1139 0393 11       		.uleb128 0x11
 1140 0394 25000000 		.4byte	0x25
 1141 0398 A3030000 		.4byte	0x3a3
 1142 039c 12       		.uleb128 0x12
 1143 039d E0000000 		.4byte	0xe0
 1144 03a1 02       		.byte	0x2
 1145 03a2 00       		.byte	0
 1146 03a3 15       		.uleb128 0x15
 1147 03a4 AB030000 		.4byte	.LASF31
 1148 03a8 01       		.byte	0x1
 1149 03a9 29       		.byte	0x29
 1150 03aa 93030000 		.4byte	0x393
 1151 03ae 05       		.uleb128 0x5
 1152 03af 03       		.byte	0x3
 1153 03b0 00000000 		.4byte	x_low
 1154 03b4 15       		.uleb128 0x15
 1155 03b5 5A000000 		.4byte	.LASF32
 1156 03b9 01       		.byte	0x1
 1157 03ba 2A       		.byte	0x2a
 1158 03bb 93030000 		.4byte	0x393
 1159 03bf 05       		.uleb128 0x5
 1160 03c0 03       		.byte	0x3
 1161 03c1 00000000 		.4byte	y_low
 1162 03c5 15       		.uleb128 0x15
 1163 03c6 40030000 		.4byte	.LASF33
 1164 03ca 01       		.byte	0x1
 1165 03cb 2B       		.byte	0x2b
 1166 03cc 93030000 		.4byte	0x393
 1167 03d0 05       		.uleb128 0x5
 1168 03d1 03       		.byte	0x3
 1169 03d2 00000000 		.4byte	b_low
 1170 03d6 15       		.uleb128 0x15
 1171 03d7 7A000000 		.4byte	.LASF34
 1172 03db 01       		.byte	0x1
 1173 03dc 2C       		.byte	0x2c
 1174 03dd 93030000 		.4byte	0x393
 1175 03e1 05       		.uleb128 0x5
 1176 03e2 03       		.byte	0x3
ARM GAS  C:\Users\passw\AppData\Local\Temp\ccbXYnhS.s 			page 26


 1177 03e3 00000000 		.4byte	a_low
 1178 03e7 15       		.uleb128 0x15
 1179 03e8 DD000000 		.4byte	.LASF35
 1180 03ec 01       		.byte	0x1
 1181 03ed 2E       		.byte	0x2e
 1182 03ee B5000000 		.4byte	0xb5
 1183 03f2 05       		.uleb128 0x5
 1184 03f3 03       		.byte	0x3
 1185 03f4 00000000 		.4byte	current_byte
 1186 03f8 15       		.uleb128 0x15
 1187 03f9 6E030000 		.4byte	.LASF36
 1188 03fd 01       		.byte	0x1
 1189 03fe 2F       		.byte	0x2f
 1190 03ff 96000000 		.4byte	0x96
 1191 0403 05       		.uleb128 0x5
 1192 0404 03       		.byte	0x3
 1193 0405 00000000 		.4byte	value_in
 1194 0409 11       		.uleb128 0x11
 1195 040a 96000000 		.4byte	0x96
 1196 040e 19040000 		.4byte	0x419
 1197 0412 12       		.uleb128 0x12
 1198 0413 E0000000 		.4byte	0xe0
 1199 0417 01       		.byte	0x1
 1200 0418 00       		.byte	0
 1201 0419 15       		.uleb128 0x15
 1202 041a B5000000 		.4byte	.LASF37
 1203 041e 01       		.byte	0x1
 1204 041f 2F       		.byte	0x2f
 1205 0420 09040000 		.4byte	0x409
 1206 0424 05       		.uleb128 0x5
 1207 0425 03       		.byte	0x3
 1208 0426 00000000 		.4byte	value_out
 1209 042a 14       		.uleb128 0x14
 1210 042b 6900     		.ascii	"i\000"
 1211 042d 01       		.byte	0x1
 1212 042e 2F       		.byte	0x2f
 1213 042f 96000000 		.4byte	0x96
 1214 0433 05       		.uleb128 0x5
 1215 0434 03       		.byte	0x3
 1216 0435 00000000 		.4byte	i
 1217 0439 14       		.uleb128 0x14
 1218 043a 6A00     		.ascii	"j\000"
 1219 043c 01       		.byte	0x1
 1220 043d 2F       		.byte	0x2f
 1221 043e 96000000 		.4byte	0x96
 1222 0442 05       		.uleb128 0x5
 1223 0443 03       		.byte	0x3
 1224 0444 00000000 		.4byte	j
 1225 0448 15       		.uleb128 0x15
 1226 0449 8D000000 		.4byte	.LASF38
 1227 044d 01       		.byte	0x1
 1228 044e 2F       		.byte	0x2f
 1229 044f 96000000 		.4byte	0x96
 1230 0453 05       		.uleb128 0x5
 1231 0454 03       		.byte	0x3
 1232 0455 00000000 		.4byte	oldest
 1233 0459 15       		.uleb128 0x15
ARM GAS  C:\Users\passw\AppData\Local\Temp\ccbXYnhS.s 			page 27


 1234 045a 80000000 		.4byte	.LASF39
 1235 045e 01       		.byte	0x1
 1236 045f 2F       		.byte	0x2f
 1237 0460 96000000 		.4byte	0x96
 1238 0464 05       		.uleb128 0x5
 1239 0465 03       		.byte	0x3
 1240 0466 00000000 		.4byte	newest
 1241 046a 15       		.uleb128 0x15
 1242 046b 10000000 		.4byte	.LASF40
 1243 046f 01       		.byte	0x1
 1244 0470 2F       		.byte	0x2f
 1245 0471 96000000 		.4byte	0x96
 1246 0475 05       		.uleb128 0x5
 1247 0476 03       		.byte	0x3
 1248 0477 00000000 		.4byte	diff
 1249 047b 15       		.uleb128 0x15
 1250 047c 4E000000 		.4byte	.LASF41
 1251 0480 01       		.byte	0x1
 1252 0481 2F       		.byte	0x2f
 1253 0482 96000000 		.4byte	0x96
 1254 0486 05       		.uleb128 0x5
 1255 0487 03       		.byte	0x3
 1256 0488 00000000 		.4byte	signed_data
 1257 048c 14       		.uleb128 0x14
 1258 048d 6F6C6400 		.ascii	"old\000"
 1259 0491 01       		.byte	0x1
 1260 0492 2F       		.byte	0x2f
 1261 0493 96000000 		.4byte	0x96
 1262 0497 05       		.uleb128 0x5
 1263 0498 03       		.byte	0x3
 1264 0499 00000000 		.4byte	old
 1265 049d 15       		.uleb128 0x15
 1266 049e 89010000 		.4byte	.LASF42
 1267 04a2 01       		.byte	0x1
 1268 04a3 2F       		.byte	0x2f
 1269 04a4 96000000 		.4byte	0x96
 1270 04a8 05       		.uleb128 0x5
 1271 04a9 03       		.byte	0x3
 1272 04aa 00000000 		.4byte	low_pass_new
 1273 04ae 15       		.uleb128 0x15
 1274 04af 46030000 		.4byte	.LASF43
 1275 04b3 01       		.byte	0x1
 1276 04b4 2F       		.byte	0x2f
 1277 04b5 96000000 		.4byte	0x96
 1278 04b9 05       		.uleb128 0x5
 1279 04ba 03       		.byte	0x3
 1280 04bb 00000000 		.4byte	avg_new
 1281 04bf 15       		.uleb128 0x15
 1282 04c0 B6010000 		.4byte	.LASF44
 1283 04c4 01       		.byte	0x1
 1284 04c5 30       		.byte	0x30
 1285 04c6 7E000000 		.4byte	0x7e
 1286 04ca 05       		.uleb128 0x5
 1287 04cb 03       		.byte	0x3
 1288 04cc 00000000 		.4byte	counter
 1289 04d0 15       		.uleb128 0x15
 1290 04d1 80030000 		.4byte	.LASF45
ARM GAS  C:\Users\passw\AppData\Local\Temp\ccbXYnhS.s 			page 28


 1291 04d5 01       		.byte	0x1
 1292 04d6 30       		.byte	0x30
 1293 04d7 7E000000 		.4byte	0x7e
 1294 04db 05       		.uleb128 0x5
 1295 04dc 03       		.byte	0x3
 1296 04dd 00000000 		.4byte	pointer
 1297 04e1 15       		.uleb128 0x15
 1298 04e2 2E000000 		.4byte	.LASF46
 1299 04e6 01       		.byte	0x1
 1300 04e7 30       		.byte	0x30
 1301 04e8 7E000000 		.4byte	0x7e
 1302 04ec 05       		.uleb128 0x5
 1303 04ed 03       		.byte	0x3
 1304 04ee 00000000 		.4byte	unsigned_data
 1305 04f2 15       		.uleb128 0x15
 1306 04f3 A2000000 		.4byte	.LASF47
 1307 04f7 01       		.byte	0x1
 1308 04f8 31       		.byte	0x31
 1309 04f9 B5000000 		.4byte	0xb5
 1310 04fd 05       		.uleb128 0x5
 1311 04fe 03       		.byte	0x3
 1312 04ff 00000000 		.4byte	FirstCall
 1313 0503 16       		.uleb128 0x16
 1314 0504 17020000 		.4byte	.LASF48
 1315 0508 03       		.byte	0x3
 1316 0509 6A01     		.2byte	0x16a
 1317 050b 8A000000 		.4byte	0x8a
 1318 050f 17       		.uleb128 0x17
 1319 0510 D3030000 		.4byte	.LASF51
 1320 0514 05       		.byte	0x5
 1321 0515 8C01     		.2byte	0x18c
 1322 0517 21050000 		.4byte	0x521
 1323 051b 18       		.uleb128 0x18
 1324 051c 8A000000 		.4byte	0x8a
 1325 0520 00       		.byte	0
 1326 0521 16       		.uleb128 0x16
 1327 0522 99030000 		.4byte	.LASF49
 1328 0526 04       		.byte	0x4
 1329 0527 4D01     		.2byte	0x14d
 1330 0529 8A000000 		.4byte	0x8a
 1331 052d 16       		.uleb128 0x16
 1332 052e 78010000 		.4byte	.LASF50
 1333 0532 05       		.byte	0x5
 1334 0533 6A01     		.2byte	0x16a
 1335 0535 8A000000 		.4byte	0x8a
 1336 0539 19       		.uleb128 0x19
 1337 053a BE010000 		.4byte	.LASF52
 1338 053e 06       		.byte	0x6
 1339 053f 27       		.byte	0x27
 1340 0540 4A050000 		.4byte	0x54a
 1341 0544 18       		.uleb128 0x18
 1342 0545 72000000 		.4byte	0x72
 1343 0549 00       		.byte	0
 1344 054a 1A       		.uleb128 0x1a
 1345 054b A4010000 		.4byte	.LASF66
 1346 054f 0D       		.byte	0xd
 1347 0550 B7       		.byte	0xb7
ARM GAS  C:\Users\passw\AppData\Local\Temp\ccbXYnhS.s 			page 29


 1348 0551 E7000000 		.4byte	0xe7
 1349 0555 69050000 		.4byte	0x569
 1350 0559 18       		.uleb128 0x18
 1351 055a 64000000 		.4byte	0x64
 1352 055e 18       		.uleb128 0x18
 1353 055f E7000000 		.4byte	0xe7
 1354 0563 18       		.uleb128 0x18
 1355 0564 64000000 		.4byte	0x64
 1356 0568 00       		.byte	0
 1357 0569 17       		.uleb128 0x17
 1358 056a 67020000 		.4byte	.LASF53
 1359 056e 03       		.byte	0x3
 1360 056f 7701     		.2byte	0x177
 1361 0571 7B050000 		.4byte	0x57b
 1362 0575 18       		.uleb128 0x18
 1363 0576 7B050000 		.4byte	0x57b
 1364 057a 00       		.byte	0
 1365 057b 06       		.uleb128 0x6
 1366 057c 04       		.byte	0x4
 1367 057d 81050000 		.4byte	0x581
 1368 0581 1B       		.uleb128 0x1b
 1369 0582 A9000000 		.4byte	0xa9
 1370 0586 17       		.uleb128 0x17
 1371 0587 A6020000 		.4byte	.LASF54
 1372 058b 03       		.byte	0x3
 1373 058c 8C01     		.2byte	0x18c
 1374 058e 98050000 		.4byte	0x598
 1375 0592 18       		.uleb128 0x18
 1376 0593 8A000000 		.4byte	0x8a
 1377 0597 00       		.byte	0
 1378 0598 19       		.uleb128 0x19
 1379 0599 3C000000 		.4byte	.LASF55
 1380 059d 07       		.byte	0x7
 1381 059e 18       		.byte	0x18
 1382 059f A9050000 		.4byte	0x5a9
 1383 05a3 18       		.uleb128 0x18
 1384 05a4 CD000000 		.4byte	0xcd
 1385 05a8 00       		.byte	0
 1386 05a9 19       		.uleb128 0x19
 1387 05aa 4E030000 		.4byte	.LASF56
 1388 05ae 08       		.byte	0x8
 1389 05af 18       		.byte	0x18
 1390 05b0 BA050000 		.4byte	0x5ba
 1391 05b4 18       		.uleb128 0x18
 1392 05b5 CD000000 		.4byte	0xcd
 1393 05b9 00       		.byte	0
 1394 05ba 19       		.uleb128 0x19
 1395 05bb 8E020000 		.4byte	.LASF57
 1396 05bf 09       		.byte	0x9
 1397 05c0 18       		.byte	0x18
 1398 05c1 CB050000 		.4byte	0x5cb
 1399 05c5 18       		.uleb128 0x18
 1400 05c6 CD000000 		.4byte	0xcd
 1401 05ca 00       		.byte	0
 1402 05cb 1C       		.uleb128 0x1c
 1403 05cc 83020000 		.4byte	.LASF58
 1404 05d0 0A       		.byte	0xa
ARM GAS  C:\Users\passw\AppData\Local\Temp\ccbXYnhS.s 			page 30


 1405 05d1 68       		.byte	0x68
 1406 05d2 1C       		.uleb128 0x1c
 1407 05d3 C4030000 		.4byte	.LASF59
 1408 05d7 0B       		.byte	0xb
 1409 05d8 68       		.byte	0x68
 1410 05d9 1D       		.uleb128 0x1d
 1411 05da 62030000 		.4byte	.LASF60
 1412 05de 04       		.byte	0x4
 1413 05df 3201     		.2byte	0x132
 1414 05e1 1C       		.uleb128 0x1c
 1415 05e2 BF000000 		.4byte	.LASF61
 1416 05e6 07       		.byte	0x7
 1417 05e7 23       		.byte	0x23
 1418 05e8 1C       		.uleb128 0x1c
 1419 05e9 2C020000 		.4byte	.LASF62
 1420 05ed 0C       		.byte	0xc
 1421 05ee 1D       		.byte	0x1d
 1422 05ef 00       		.byte	0
 1423              		.section	.debug_abbrev,"",%progbits
 1424              	.Ldebug_abbrev0:
 1425 0000 01       		.uleb128 0x1
 1426 0001 11       		.uleb128 0x11
 1427 0002 01       		.byte	0x1
 1428 0003 25       		.uleb128 0x25
 1429 0004 0E       		.uleb128 0xe
 1430 0005 13       		.uleb128 0x13
 1431 0006 0B       		.uleb128 0xb
 1432 0007 03       		.uleb128 0x3
 1433 0008 0E       		.uleb128 0xe
 1434 0009 1B       		.uleb128 0x1b
 1435 000a 0E       		.uleb128 0xe
 1436 000b 55       		.uleb128 0x55
 1437 000c 17       		.uleb128 0x17
 1438 000d 11       		.uleb128 0x11
 1439 000e 01       		.uleb128 0x1
 1440 000f 10       		.uleb128 0x10
 1441 0010 17       		.uleb128 0x17
 1442 0011 00       		.byte	0
 1443 0012 00       		.byte	0
 1444 0013 02       		.uleb128 0x2
 1445 0014 24       		.uleb128 0x24
 1446 0015 00       		.byte	0
 1447 0016 0B       		.uleb128 0xb
 1448 0017 0B       		.uleb128 0xb
 1449 0018 3E       		.uleb128 0x3e
 1450 0019 0B       		.uleb128 0xb
 1451 001a 03       		.uleb128 0x3
 1452 001b 0E       		.uleb128 0xe
 1453 001c 00       		.byte	0
 1454 001d 00       		.byte	0
 1455 001e 03       		.uleb128 0x3
 1456 001f 24       		.uleb128 0x24
 1457 0020 00       		.byte	0
 1458 0021 0B       		.uleb128 0xb
 1459 0022 0B       		.uleb128 0xb
 1460 0023 3E       		.uleb128 0x3e
 1461 0024 0B       		.uleb128 0xb
ARM GAS  C:\Users\passw\AppData\Local\Temp\ccbXYnhS.s 			page 31


 1462 0025 03       		.uleb128 0x3
 1463 0026 08       		.uleb128 0x8
 1464 0027 00       		.byte	0
 1465 0028 00       		.byte	0
 1466 0029 04       		.uleb128 0x4
 1467 002a 16       		.uleb128 0x16
 1468 002b 00       		.byte	0
 1469 002c 03       		.uleb128 0x3
 1470 002d 0E       		.uleb128 0xe
 1471 002e 3A       		.uleb128 0x3a
 1472 002f 0B       		.uleb128 0xb
 1473 0030 3B       		.uleb128 0x3b
 1474 0031 05       		.uleb128 0x5
 1475 0032 49       		.uleb128 0x49
 1476 0033 13       		.uleb128 0x13
 1477 0034 00       		.byte	0
 1478 0035 00       		.byte	0
 1479 0036 05       		.uleb128 0x5
 1480 0037 35       		.uleb128 0x35
 1481 0038 00       		.byte	0
 1482 0039 49       		.uleb128 0x49
 1483 003a 13       		.uleb128 0x13
 1484 003b 00       		.byte	0
 1485 003c 00       		.byte	0
 1486 003d 06       		.uleb128 0x6
 1487 003e 0F       		.uleb128 0xf
 1488 003f 00       		.byte	0
 1489 0040 0B       		.uleb128 0xb
 1490 0041 0B       		.uleb128 0xb
 1491 0042 49       		.uleb128 0x49
 1492 0043 13       		.uleb128 0x13
 1493 0044 00       		.byte	0
 1494 0045 00       		.byte	0
 1495 0046 07       		.uleb128 0x7
 1496 0047 15       		.uleb128 0x15
 1497 0048 00       		.byte	0
 1498 0049 27       		.uleb128 0x27
 1499 004a 19       		.uleb128 0x19
 1500 004b 00       		.byte	0
 1501 004c 00       		.byte	0
 1502 004d 08       		.uleb128 0x8
 1503 004e 2E       		.uleb128 0x2e
 1504 004f 01       		.byte	0x1
 1505 0050 3F       		.uleb128 0x3f
 1506 0051 19       		.uleb128 0x19
 1507 0052 03       		.uleb128 0x3
 1508 0053 0E       		.uleb128 0xe
 1509 0054 3A       		.uleb128 0x3a
 1510 0055 0B       		.uleb128 0xb
 1511 0056 3B       		.uleb128 0x3b
 1512 0057 0B       		.uleb128 0xb
 1513 0058 27       		.uleb128 0x27
 1514 0059 19       		.uleb128 0x19
 1515 005a 11       		.uleb128 0x11
 1516 005b 01       		.uleb128 0x1
 1517 005c 12       		.uleb128 0x12
 1518 005d 06       		.uleb128 0x6
ARM GAS  C:\Users\passw\AppData\Local\Temp\ccbXYnhS.s 			page 32


 1519 005e 40       		.uleb128 0x40
 1520 005f 18       		.uleb128 0x18
 1521 0060 9742     		.uleb128 0x2117
 1522 0062 19       		.uleb128 0x19
 1523 0063 01       		.uleb128 0x1
 1524 0064 13       		.uleb128 0x13
 1525 0065 00       		.byte	0
 1526 0066 00       		.byte	0
 1527 0067 09       		.uleb128 0x9
 1528 0068 34       		.uleb128 0x34
 1529 0069 00       		.byte	0
 1530 006a 03       		.uleb128 0x3
 1531 006b 08       		.uleb128 0x8
 1532 006c 3A       		.uleb128 0x3a
 1533 006d 0B       		.uleb128 0xb
 1534 006e 3B       		.uleb128 0x3b
 1535 006f 0B       		.uleb128 0xb
 1536 0070 49       		.uleb128 0x49
 1537 0071 13       		.uleb128 0x13
 1538 0072 02       		.uleb128 0x2
 1539 0073 17       		.uleb128 0x17
 1540 0074 00       		.byte	0
 1541 0075 00       		.byte	0
 1542 0076 0A       		.uleb128 0xa
 1543 0077 898201   		.uleb128 0x4109
 1544 007a 00       		.byte	0
 1545 007b 11       		.uleb128 0x11
 1546 007c 01       		.uleb128 0x1
 1547 007d 31       		.uleb128 0x31
 1548 007e 13       		.uleb128 0x13
 1549 007f 00       		.byte	0
 1550 0080 00       		.byte	0
 1551 0081 0B       		.uleb128 0xb
 1552 0082 2E       		.uleb128 0x2e
 1553 0083 01       		.byte	0x1
 1554 0084 3F       		.uleb128 0x3f
 1555 0085 19       		.uleb128 0x19
 1556 0086 03       		.uleb128 0x3
 1557 0087 0E       		.uleb128 0xe
 1558 0088 3A       		.uleb128 0x3a
 1559 0089 0B       		.uleb128 0xb
 1560 008a 3B       		.uleb128 0x3b
 1561 008b 0B       		.uleb128 0xb
 1562 008c 27       		.uleb128 0x27
 1563 008d 19       		.uleb128 0x19
 1564 008e 49       		.uleb128 0x49
 1565 008f 13       		.uleb128 0x13
 1566 0090 11       		.uleb128 0x11
 1567 0091 01       		.uleb128 0x1
 1568 0092 12       		.uleb128 0x12
 1569 0093 06       		.uleb128 0x6
 1570 0094 40       		.uleb128 0x40
 1571 0095 18       		.uleb128 0x18
 1572 0096 9642     		.uleb128 0x2116
 1573 0098 19       		.uleb128 0x19
 1574 0099 01       		.uleb128 0x1
 1575 009a 13       		.uleb128 0x13
ARM GAS  C:\Users\passw\AppData\Local\Temp\ccbXYnhS.s 			page 33


 1576 009b 00       		.byte	0
 1577 009c 00       		.byte	0
 1578 009d 0C       		.uleb128 0xc
 1579 009e 05       		.uleb128 0x5
 1580 009f 00       		.byte	0
 1581 00a0 03       		.uleb128 0x3
 1582 00a1 08       		.uleb128 0x8
 1583 00a2 3A       		.uleb128 0x3a
 1584 00a3 0B       		.uleb128 0xb
 1585 00a4 3B       		.uleb128 0x3b
 1586 00a5 0B       		.uleb128 0xb
 1587 00a6 49       		.uleb128 0x49
 1588 00a7 13       		.uleb128 0x13
 1589 00a8 02       		.uleb128 0x2
 1590 00a9 17       		.uleb128 0x17
 1591 00aa 00       		.byte	0
 1592 00ab 00       		.byte	0
 1593 00ac 0D       		.uleb128 0xd
 1594 00ad 05       		.uleb128 0x5
 1595 00ae 00       		.byte	0
 1596 00af 03       		.uleb128 0x3
 1597 00b0 0E       		.uleb128 0xe
 1598 00b1 3A       		.uleb128 0x3a
 1599 00b2 0B       		.uleb128 0xb
 1600 00b3 3B       		.uleb128 0x3b
 1601 00b4 0B       		.uleb128 0xb
 1602 00b5 49       		.uleb128 0x49
 1603 00b6 13       		.uleb128 0x13
 1604 00b7 02       		.uleb128 0x2
 1605 00b8 17       		.uleb128 0x17
 1606 00b9 00       		.byte	0
 1607 00ba 00       		.byte	0
 1608 00bb 0E       		.uleb128 0xe
 1609 00bc 34       		.uleb128 0x34
 1610 00bd 00       		.byte	0
 1611 00be 03       		.uleb128 0x3
 1612 00bf 08       		.uleb128 0x8
 1613 00c0 3A       		.uleb128 0x3a
 1614 00c1 0B       		.uleb128 0xb
 1615 00c2 3B       		.uleb128 0x3b
 1616 00c3 0B       		.uleb128 0xb
 1617 00c4 49       		.uleb128 0x49
 1618 00c5 13       		.uleb128 0x13
 1619 00c6 02       		.uleb128 0x2
 1620 00c7 18       		.uleb128 0x18
 1621 00c8 00       		.byte	0
 1622 00c9 00       		.byte	0
 1623 00ca 0F       		.uleb128 0xf
 1624 00cb 898201   		.uleb128 0x4109
 1625 00ce 01       		.byte	0x1
 1626 00cf 11       		.uleb128 0x11
 1627 00d0 01       		.uleb128 0x1
 1628 00d1 31       		.uleb128 0x31
 1629 00d2 13       		.uleb128 0x13
 1630 00d3 01       		.uleb128 0x1
 1631 00d4 13       		.uleb128 0x13
 1632 00d5 00       		.byte	0
ARM GAS  C:\Users\passw\AppData\Local\Temp\ccbXYnhS.s 			page 34


 1633 00d6 00       		.byte	0
 1634 00d7 10       		.uleb128 0x10
 1635 00d8 8A8201   		.uleb128 0x410a
 1636 00db 00       		.byte	0
 1637 00dc 02       		.uleb128 0x2
 1638 00dd 18       		.uleb128 0x18
 1639 00de 9142     		.uleb128 0x2111
 1640 00e0 18       		.uleb128 0x18
 1641 00e1 00       		.byte	0
 1642 00e2 00       		.byte	0
 1643 00e3 11       		.uleb128 0x11
 1644 00e4 01       		.uleb128 0x1
 1645 00e5 01       		.byte	0x1
 1646 00e6 49       		.uleb128 0x49
 1647 00e7 13       		.uleb128 0x13
 1648 00e8 01       		.uleb128 0x1
 1649 00e9 13       		.uleb128 0x13
 1650 00ea 00       		.byte	0
 1651 00eb 00       		.byte	0
 1652 00ec 12       		.uleb128 0x12
 1653 00ed 21       		.uleb128 0x21
 1654 00ee 00       		.byte	0
 1655 00ef 49       		.uleb128 0x49
 1656 00f0 13       		.uleb128 0x13
 1657 00f1 2F       		.uleb128 0x2f
 1658 00f2 0B       		.uleb128 0xb
 1659 00f3 00       		.byte	0
 1660 00f4 00       		.byte	0
 1661 00f5 13       		.uleb128 0x13
 1662 00f6 2E       		.uleb128 0x2e
 1663 00f7 01       		.byte	0x1
 1664 00f8 3F       		.uleb128 0x3f
 1665 00f9 19       		.uleb128 0x19
 1666 00fa 03       		.uleb128 0x3
 1667 00fb 0E       		.uleb128 0xe
 1668 00fc 3A       		.uleb128 0x3a
 1669 00fd 0B       		.uleb128 0xb
 1670 00fe 3B       		.uleb128 0x3b
 1671 00ff 0B       		.uleb128 0xb
 1672 0100 49       		.uleb128 0x49
 1673 0101 13       		.uleb128 0x13
 1674 0102 11       		.uleb128 0x11
 1675 0103 01       		.uleb128 0x1
 1676 0104 12       		.uleb128 0x12
 1677 0105 06       		.uleb128 0x6
 1678 0106 40       		.uleb128 0x40
 1679 0107 18       		.uleb128 0x18
 1680 0108 9742     		.uleb128 0x2117
 1681 010a 19       		.uleb128 0x19
 1682 010b 01       		.uleb128 0x1
 1683 010c 13       		.uleb128 0x13
 1684 010d 00       		.byte	0
 1685 010e 00       		.byte	0
 1686 010f 14       		.uleb128 0x14
 1687 0110 34       		.uleb128 0x34
 1688 0111 00       		.byte	0
 1689 0112 03       		.uleb128 0x3
ARM GAS  C:\Users\passw\AppData\Local\Temp\ccbXYnhS.s 			page 35


 1690 0113 08       		.uleb128 0x8
 1691 0114 3A       		.uleb128 0x3a
 1692 0115 0B       		.uleb128 0xb
 1693 0116 3B       		.uleb128 0x3b
 1694 0117 0B       		.uleb128 0xb
 1695 0118 49       		.uleb128 0x49
 1696 0119 13       		.uleb128 0x13
 1697 011a 3F       		.uleb128 0x3f
 1698 011b 19       		.uleb128 0x19
 1699 011c 02       		.uleb128 0x2
 1700 011d 18       		.uleb128 0x18
 1701 011e 00       		.byte	0
 1702 011f 00       		.byte	0
 1703 0120 15       		.uleb128 0x15
 1704 0121 34       		.uleb128 0x34
 1705 0122 00       		.byte	0
 1706 0123 03       		.uleb128 0x3
 1707 0124 0E       		.uleb128 0xe
 1708 0125 3A       		.uleb128 0x3a
 1709 0126 0B       		.uleb128 0xb
 1710 0127 3B       		.uleb128 0x3b
 1711 0128 0B       		.uleb128 0xb
 1712 0129 49       		.uleb128 0x49
 1713 012a 13       		.uleb128 0x13
 1714 012b 3F       		.uleb128 0x3f
 1715 012c 19       		.uleb128 0x19
 1716 012d 02       		.uleb128 0x2
 1717 012e 18       		.uleb128 0x18
 1718 012f 00       		.byte	0
 1719 0130 00       		.byte	0
 1720 0131 16       		.uleb128 0x16
 1721 0132 2E       		.uleb128 0x2e
 1722 0133 00       		.byte	0
 1723 0134 3F       		.uleb128 0x3f
 1724 0135 19       		.uleb128 0x19
 1725 0136 03       		.uleb128 0x3
 1726 0137 0E       		.uleb128 0xe
 1727 0138 3A       		.uleb128 0x3a
 1728 0139 0B       		.uleb128 0xb
 1729 013a 3B       		.uleb128 0x3b
 1730 013b 05       		.uleb128 0x5
 1731 013c 27       		.uleb128 0x27
 1732 013d 19       		.uleb128 0x19
 1733 013e 49       		.uleb128 0x49
 1734 013f 13       		.uleb128 0x13
 1735 0140 3C       		.uleb128 0x3c
 1736 0141 19       		.uleb128 0x19
 1737 0142 00       		.byte	0
 1738 0143 00       		.byte	0
 1739 0144 17       		.uleb128 0x17
 1740 0145 2E       		.uleb128 0x2e
 1741 0146 01       		.byte	0x1
 1742 0147 3F       		.uleb128 0x3f
 1743 0148 19       		.uleb128 0x19
 1744 0149 03       		.uleb128 0x3
 1745 014a 0E       		.uleb128 0xe
 1746 014b 3A       		.uleb128 0x3a
ARM GAS  C:\Users\passw\AppData\Local\Temp\ccbXYnhS.s 			page 36


 1747 014c 0B       		.uleb128 0xb
 1748 014d 3B       		.uleb128 0x3b
 1749 014e 05       		.uleb128 0x5
 1750 014f 27       		.uleb128 0x27
 1751 0150 19       		.uleb128 0x19
 1752 0151 3C       		.uleb128 0x3c
 1753 0152 19       		.uleb128 0x19
 1754 0153 01       		.uleb128 0x1
 1755 0154 13       		.uleb128 0x13
 1756 0155 00       		.byte	0
 1757 0156 00       		.byte	0
 1758 0157 18       		.uleb128 0x18
 1759 0158 05       		.uleb128 0x5
 1760 0159 00       		.byte	0
 1761 015a 49       		.uleb128 0x49
 1762 015b 13       		.uleb128 0x13
 1763 015c 00       		.byte	0
 1764 015d 00       		.byte	0
 1765 015e 19       		.uleb128 0x19
 1766 015f 2E       		.uleb128 0x2e
 1767 0160 01       		.byte	0x1
 1768 0161 3F       		.uleb128 0x3f
 1769 0162 19       		.uleb128 0x19
 1770 0163 03       		.uleb128 0x3
 1771 0164 0E       		.uleb128 0xe
 1772 0165 3A       		.uleb128 0x3a
 1773 0166 0B       		.uleb128 0xb
 1774 0167 3B       		.uleb128 0x3b
 1775 0168 0B       		.uleb128 0xb
 1776 0169 27       		.uleb128 0x27
 1777 016a 19       		.uleb128 0x19
 1778 016b 3C       		.uleb128 0x3c
 1779 016c 19       		.uleb128 0x19
 1780 016d 01       		.uleb128 0x1
 1781 016e 13       		.uleb128 0x13
 1782 016f 00       		.byte	0
 1783 0170 00       		.byte	0
 1784 0171 1A       		.uleb128 0x1a
 1785 0172 2E       		.uleb128 0x2e
 1786 0173 01       		.byte	0x1
 1787 0174 3F       		.uleb128 0x3f
 1788 0175 19       		.uleb128 0x19
 1789 0176 03       		.uleb128 0x3
 1790 0177 0E       		.uleb128 0xe
 1791 0178 3A       		.uleb128 0x3a
 1792 0179 0B       		.uleb128 0xb
 1793 017a 3B       		.uleb128 0x3b
 1794 017b 0B       		.uleb128 0xb
 1795 017c 27       		.uleb128 0x27
 1796 017d 19       		.uleb128 0x19
 1797 017e 49       		.uleb128 0x49
 1798 017f 13       		.uleb128 0x13
 1799 0180 3C       		.uleb128 0x3c
 1800 0181 19       		.uleb128 0x19
 1801 0182 01       		.uleb128 0x1
 1802 0183 13       		.uleb128 0x13
 1803 0184 00       		.byte	0
ARM GAS  C:\Users\passw\AppData\Local\Temp\ccbXYnhS.s 			page 37


 1804 0185 00       		.byte	0
 1805 0186 1B       		.uleb128 0x1b
 1806 0187 26       		.uleb128 0x26
 1807 0188 00       		.byte	0
 1808 0189 49       		.uleb128 0x49
 1809 018a 13       		.uleb128 0x13
 1810 018b 00       		.byte	0
 1811 018c 00       		.byte	0
 1812 018d 1C       		.uleb128 0x1c
 1813 018e 2E       		.uleb128 0x2e
 1814 018f 00       		.byte	0
 1815 0190 3F       		.uleb128 0x3f
 1816 0191 19       		.uleb128 0x19
 1817 0192 03       		.uleb128 0x3
 1818 0193 0E       		.uleb128 0xe
 1819 0194 3A       		.uleb128 0x3a
 1820 0195 0B       		.uleb128 0xb
 1821 0196 3B       		.uleb128 0x3b
 1822 0197 0B       		.uleb128 0xb
 1823 0198 27       		.uleb128 0x27
 1824 0199 19       		.uleb128 0x19
 1825 019a 3C       		.uleb128 0x3c
 1826 019b 19       		.uleb128 0x19
 1827 019c 00       		.byte	0
 1828 019d 00       		.byte	0
 1829 019e 1D       		.uleb128 0x1d
 1830 019f 2E       		.uleb128 0x2e
 1831 01a0 00       		.byte	0
 1832 01a1 3F       		.uleb128 0x3f
 1833 01a2 19       		.uleb128 0x19
 1834 01a3 03       		.uleb128 0x3
 1835 01a4 0E       		.uleb128 0xe
 1836 01a5 3A       		.uleb128 0x3a
 1837 01a6 0B       		.uleb128 0xb
 1838 01a7 3B       		.uleb128 0x3b
 1839 01a8 05       		.uleb128 0x5
 1840 01a9 27       		.uleb128 0x27
 1841 01aa 19       		.uleb128 0x19
 1842 01ab 3C       		.uleb128 0x3c
 1843 01ac 19       		.uleb128 0x19
 1844 01ad 00       		.byte	0
 1845 01ae 00       		.byte	0
 1846 01af 00       		.byte	0
 1847              		.section	.debug_loc,"",%progbits
 1848              	.Ldebug_loc0:
 1849              	.LLST0:
 1850 0000 06000000 		.4byte	.LVL0
 1851 0004 10000000 		.4byte	.LVL1
 1852 0008 0100     		.2byte	0x1
 1853 000a 50       		.byte	0x50
 1854 000b 00000000 		.4byte	0
 1855 000f 00000000 		.4byte	0
 1856              	.LLST1:
 1857 0013 00000000 		.4byte	.LVL4
 1858 0017 0D000000 		.4byte	.LVL5-1
 1859 001b 0600     		.2byte	0x6
 1860 001d 50       		.byte	0x50
ARM GAS  C:\Users\passw\AppData\Local\Temp\ccbXYnhS.s 			page 38


 1861 001e 93       		.byte	0x93
 1862 001f 04       		.uleb128 0x4
 1863 0020 51       		.byte	0x51
 1864 0021 93       		.byte	0x93
 1865 0022 04       		.uleb128 0x4
 1866 0023 0D000000 		.4byte	.LVL5-1
 1867 0027 3C000000 		.4byte	.LFE36
 1868 002b 0600     		.2byte	0x6
 1869 002d F3       		.byte	0xf3
 1870 002e 03       		.uleb128 0x3
 1871 002f F5       		.byte	0xf5
 1872 0030 00       		.uleb128 0
 1873 0031 25       		.uleb128 0x25
 1874 0032 9F       		.byte	0x9f
 1875 0033 00000000 		.4byte	0
 1876 0037 00000000 		.4byte	0
 1877              	.LLST2:
 1878 003b 00000000 		.4byte	.LVL10
 1879 003f 05000000 		.4byte	.LVL11-1
 1880 0043 0100     		.2byte	0x1
 1881 0045 50       		.byte	0x50
 1882 0046 05000000 		.4byte	.LVL11-1
 1883 004a B0000000 		.4byte	.LFE37
 1884 004e 0400     		.2byte	0x4
 1885 0050 F3       		.byte	0xf3
 1886 0051 01       		.uleb128 0x1
 1887 0052 50       		.byte	0x50
 1888 0053 9F       		.byte	0x9f
 1889 0054 00000000 		.4byte	0
 1890 0058 00000000 		.4byte	0
 1891              	.LLST3:
 1892 005c 14000000 		.4byte	.LVL12
 1893 0060 18000000 		.4byte	.LVL13
 1894 0064 0200     		.2byte	0x2
 1895 0066 30       		.byte	0x30
 1896 0067 9F       		.byte	0x9f
 1897 0068 18000000 		.4byte	.LVL13
 1898 006c 46000000 		.4byte	.LVL17
 1899 0070 0100     		.2byte	0x1
 1900 0072 54       		.byte	0x54
 1901 0073 48000000 		.4byte	.LVL18
 1902 0077 78000000 		.4byte	.LVL22
 1903 007b 0100     		.2byte	0x1
 1904 007d 54       		.byte	0x54
 1905 007e 78000000 		.4byte	.LVL22
 1906 0082 A3000000 		.4byte	.LVL24-1
 1907 0086 0100     		.2byte	0x1
 1908 0088 52       		.byte	0x52
 1909 0089 00000000 		.4byte	0
 1910 008d 00000000 		.4byte	0
 1911              	.LLST4:
 1912 0091 00000000 		.4byte	.LVL25
 1913 0095 05000000 		.4byte	.LVL26-1
 1914 0099 0100     		.2byte	0x1
 1915 009b 50       		.byte	0x50
 1916 009c 05000000 		.4byte	.LVL26-1
 1917 00a0 98000000 		.4byte	.LFE38
ARM GAS  C:\Users\passw\AppData\Local\Temp\ccbXYnhS.s 			page 39


 1918 00a4 0400     		.2byte	0x4
 1919 00a6 F3       		.byte	0xf3
 1920 00a7 01       		.uleb128 0x1
 1921 00a8 50       		.byte	0x50
 1922 00a9 9F       		.byte	0x9f
 1923 00aa 00000000 		.4byte	0
 1924 00ae 00000000 		.4byte	0
 1925              	.LLST5:
 1926 00b2 0A000000 		.4byte	.LVL31
 1927 00b6 2C000000 		.4byte	.LVL32
 1928 00ba 0100     		.2byte	0x1
 1929 00bc 50       		.byte	0x50
 1930 00bd 00000000 		.4byte	0
 1931 00c1 00000000 		.4byte	0
 1932              		.section	.debug_aranges,"",%progbits
 1933 0000 4C000000 		.4byte	0x4c
 1934 0004 0200     		.2byte	0x2
 1935 0006 00000000 		.4byte	.Ldebug_info0
 1936 000a 04       		.byte	0x4
 1937 000b 00       		.byte	0
 1938 000c 0000     		.2byte	0
 1939 000e 0000     		.2byte	0
 1940 0010 00000000 		.4byte	.LFB40
 1941 0014 1C000000 		.4byte	.LFE40-.LFB40
 1942 0018 00000000 		.4byte	.LFB41
 1943 001c 10000000 		.4byte	.LFE41-.LFB41
 1944 0020 00000000 		.4byte	.LFB36
 1945 0024 3C000000 		.4byte	.LFE36-.LFB36
 1946 0028 00000000 		.4byte	.LFB37
 1947 002c B0000000 		.4byte	.LFE37-.LFB37
 1948 0030 00000000 		.4byte	.LFB38
 1949 0034 98000000 		.4byte	.LFE38-.LFB38
 1950 0038 00000000 		.4byte	.LFB39
 1951 003c B4000000 		.4byte	.LFE39-.LFB39
 1952 0040 00000000 		.4byte	.LFB42
 1953 0044 3C000000 		.4byte	.LFE42-.LFB42
 1954 0048 00000000 		.4byte	0
 1955 004c 00000000 		.4byte	0
 1956              		.section	.debug_ranges,"",%progbits
 1957              	.Ldebug_ranges0:
 1958 0000 00000000 		.4byte	.LFB40
 1959 0004 1C000000 		.4byte	.LFE40
 1960 0008 00000000 		.4byte	.LFB41
 1961 000c 10000000 		.4byte	.LFE41
 1962 0010 00000000 		.4byte	.LFB36
 1963 0014 3C000000 		.4byte	.LFE36
 1964 0018 00000000 		.4byte	.LFB37
 1965 001c B0000000 		.4byte	.LFE37
 1966 0020 00000000 		.4byte	.LFB38
 1967 0024 98000000 		.4byte	.LFE38
 1968 0028 00000000 		.4byte	.LFB39
 1969 002c B4000000 		.4byte	.LFE39
 1970 0030 00000000 		.4byte	.LFB42
 1971 0034 3C000000 		.4byte	.LFE42
 1972 0038 00000000 		.4byte	0
 1973 003c 00000000 		.4byte	0
 1974              		.section	.debug_line,"",%progbits
ARM GAS  C:\Users\passw\AppData\Local\Temp\ccbXYnhS.s 			page 40


 1975              	.Ldebug_line0:
 1976 0000 65020000 		.section	.debug_str,"MS",%progbits,1
 1976      02005901 
 1976      00000201 
 1976      FB0E0D00 
 1976      01010101 
 1977              	.LASF21:
 1978 0000 54696D65 		.ascii	"Timer_interrupt\000"
 1978      725F696E 
 1978      74657272 
 1978      75707400 
 1979              	.LASF40:
 1980 0010 64696666 		.ascii	"diff\000"
 1980      00
 1981              	.LASF3:
 1982 0015 73686F72 		.ascii	"short int\000"
 1982      7420696E 
 1982      7400
 1983              	.LASF19:
 1984 001f 73697A65 		.ascii	"sizetype\000"
 1984      74797065 
 1984      00
 1985              	.LASF15:
 1986 0028 63686172 		.ascii	"char8\000"
 1986      3800
 1987              	.LASF46:
 1988 002e 756E7369 		.ascii	"unsigned_data\000"
 1988      676E6564 
 1988      5F646174 
 1988      6100
 1989              	.LASF55:
 1990 003c 54696D65 		.ascii	"Timer_ISR_StartEx\000"
 1990      725F4953 
 1990      525F5374 
 1990      61727445 
 1990      7800
 1991              	.LASF41:
 1992 004e 7369676E 		.ascii	"signed_data\000"
 1992      65645F64 
 1992      61746100 
 1993              	.LASF32:
 1994 005a 795F6C6F 		.ascii	"y_low\000"
 1994      7700
 1995              	.LASF11:
 1996 0060 75696E74 		.ascii	"uint16\000"
 1996      313600
 1997              	.LASF13:
 1998 0067 696E7431 		.ascii	"int16\000"
 1998      3600
 1999              	.LASF28:
 2000 006d 785F6D61 		.ascii	"x_mavg\000"
 2000      766700
 2001              	.LASF10:
 2002 0074 75696E74 		.ascii	"uint8\000"
 2002      3800
 2003              	.LASF34:
 2004 007a 615F6C6F 		.ascii	"a_low\000"
ARM GAS  C:\Users\passw\AppData\Local\Temp\ccbXYnhS.s 			page 41


 2004      7700
 2005              	.LASF39:
 2006 0080 6E657765 		.ascii	"newest\000"
 2006      737400
 2007              	.LASF14:
 2008 0087 666C6F61 		.ascii	"float\000"
 2008      7400
 2009              	.LASF38:
 2010 008d 6F6C6465 		.ascii	"oldest\000"
 2010      737400
 2011              	.LASF7:
 2012 0094 6C6F6E67 		.ascii	"long long int\000"
 2012      206C6F6E 
 2012      6720696E 
 2012      7400
 2013              	.LASF47:
 2014 00a2 46697273 		.ascii	"FirstCall\000"
 2014      7443616C 
 2014      6C00
 2015              	.LASF5:
 2016 00ac 6C6F6E67 		.ascii	"long int\000"
 2016      20696E74 
 2016      00
 2017              	.LASF37:
 2018 00b5 76616C75 		.ascii	"value_out\000"
 2018      655F6F75 
 2018      7400
 2019              	.LASF61:
 2020 00bf 54696D65 		.ascii	"Timer_ISR_Enable\000"
 2020      725F4953 
 2020      525F456E 
 2020      61626C65 
 2020      00
 2021              	.LASF26:
 2022 00d0 52585F69 		.ascii	"RX_interrupt\000"
 2022      6E746572 
 2022      72757074 
 2022      00
 2023              	.LASF35:
 2024 00dd 63757272 		.ascii	"current_byte\000"
 2024      656E745F 
 2024      62797465 
 2024      00
 2025              	.LASF63:
 2026 00ea 474E5520 		.ascii	"GNU C 4.9.3 20150303 (release) [ARM/embedded-4_9-br"
 2026      4320342E 
 2026      392E3320 
 2026      32303135 
 2026      30333033 
 2027 011d 616E6368 		.ascii	"anch revision 221220] -mcpu=cortex-m0 -mthumb -g -O"
 2027      20726576 
 2027      6973696F 
 2027      6E203232 
 2027      31323230 
 2028 0150 67202D66 		.ascii	"g -ffunction-sections -ffat-lto-objects\000"
 2028      66756E63 
 2028      74696F6E 
ARM GAS  C:\Users\passw\AppData\Local\Temp\ccbXYnhS.s 			page 42


 2028      2D736563 
 2028      74696F6E 
 2029              	.LASF50:
 2030 0178 55415254 		.ascii	"UART_UartGetChar\000"
 2030      5F556172 
 2030      74476574 
 2030      43686172 
 2030      00
 2031              	.LASF42:
 2032 0189 6C6F775F 		.ascii	"low_pass_new\000"
 2032      70617373 
 2032      5F6E6577 
 2032      00
 2033              	.LASF2:
 2034 0196 756E7369 		.ascii	"unsigned char\000"
 2034      676E6564 
 2034      20636861 
 2034      7200
 2035              	.LASF66:
 2036 01a4 69746F61 		.ascii	"itoa\000"
 2036      00
 2037              	.LASF18:
 2038 01a9 63796973 		.ascii	"cyisraddress\000"
 2038      72616464 
 2038      72657373 
 2038      00
 2039              	.LASF44:
 2040 01b6 636F756E 		.ascii	"counter\000"
 2040      74657200 
 2041              	.LASF52:
 2042 01be 4D656173 		.ascii	"Measure_When_Low_Write\000"
 2042      7572655F 
 2042      5768656E 
 2042      5F4C6F77 
 2042      5F577269 
 2043              	.LASF22:
 2044 01d5 666C6F6F 		.ascii	"floor_and_convert\000"
 2044      725F616E 
 2044      645F636F 
 2044      6E766572 
 2044      7400
 2045              	.LASF1:
 2046 01e7 7369676E 		.ascii	"signed char\000"
 2046      65642063 
 2046      68617200 
 2047              	.LASF8:
 2048 01f3 6C6F6E67 		.ascii	"long long unsigned int\000"
 2048      206C6F6E 
 2048      6720756E 
 2048      7369676E 
 2048      65642069 
 2049              	.LASF9:
 2050 020a 756E7369 		.ascii	"unsigned int\000"
 2050      676E6564 
 2050      20696E74 
 2050      00
 2051              	.LASF48:
ARM GAS  C:\Users\passw\AppData\Local\Temp\ccbXYnhS.s 			page 43


 2052 0217 55415254 		.ascii	"UART_BLE_UartGetChar\000"
 2052      5F424C45 
 2052      5F556172 
 2052      74476574 
 2052      43686172 
 2053              	.LASF62:
 2054 022c 43795379 		.ascii	"CySysPmSleep\000"
 2054      73506D53 
 2054      6C656570 
 2054      00
 2055              	.LASF23:
 2056 0239 6C6F775F 		.ascii	"low_pass_filter\000"
 2056      70617373 
 2056      5F66696C 
 2056      74657200 
 2057              	.LASF17:
 2058 0249 72656733 		.ascii	"reg32\000"
 2058      3200
 2059              	.LASF4:
 2060 024f 73686F72 		.ascii	"short unsigned int\000"
 2060      7420756E 
 2060      7369676E 
 2060      65642069 
 2060      6E7400
 2061              	.LASF16:
 2062 0262 63686172 		.ascii	"char\000"
 2062      00
 2063              	.LASF53:
 2064 0267 55415254 		.ascii	"UART_BLE_UartPutString\000"
 2064      5F424C45 
 2064      5F556172 
 2064      74507574 
 2064      53747269 
 2065              	.LASF27:
 2066 027e 6D61696E 		.ascii	"main\000"
 2066      00
 2067              	.LASF58:
 2068 0283 55415254 		.ascii	"UART_Start\000"
 2068      5F537461 
 2068      727400
 2069              	.LASF57:
 2070 028e 55415254 		.ascii	"UART_BLE_RX_ISR_StartEx\000"
 2070      5F424C45 
 2070      5F52585F 
 2070      4953525F 
 2070      53746172 
 2071              	.LASF54:
 2072 02a6 55415254 		.ascii	"UART_BLE_SpiUartWriteTxData\000"
 2072      5F424C45 
 2072      5F537069 
 2072      55617274 
 2072      57726974 
 2073              	.LASF24:
 2074 02c2 64617461 		.ascii	"data\000"
 2074      00
 2075              	.LASF65:
 2076 02c7 433A5C55 		.ascii	"C:\\Users\\passw\\OneDrive\\Documents\\GitHub\\ST4\\"
ARM GAS  C:\Users\passw\AppData\Local\Temp\ccbXYnhS.s 			page 44


 2076      73657273 
 2076      5C706173 
 2076      73775C4F 
 2076      6E654472 
 2077 02f4 50536F43 		.ascii	"PSoC\\mavg_filter_lavpas_filter.cydsn\000"
 2077      5C6D6176 
 2077      675F6669 
 2077      6C746572 
 2077      5F6C6176 
 2078              	.LASF29:
 2079 0319 795F6D61 		.ascii	"y_mavg\000"
 2079      766700
 2080              	.LASF12:
 2081 0320 75696E74 		.ascii	"uint32\000"
 2081      333200
 2082              	.LASF6:
 2083 0327 6C6F6E67 		.ascii	"long unsigned int\000"
 2083      20756E73 
 2083      69676E65 
 2083      6420696E 
 2083      7400
 2084              	.LASF0:
 2085 0339 646F7562 		.ascii	"double\000"
 2085      6C6500
 2086              	.LASF33:
 2087 0340 625F6C6F 		.ascii	"b_low\000"
 2087      7700
 2088              	.LASF43:
 2089 0346 6176675F 		.ascii	"avg_new\000"
 2089      6E657700 
 2090              	.LASF56:
 2091 034e 55415254 		.ascii	"UART_RX_ISR_StartEx\000"
 2091      5F52585F 
 2091      4953525F 
 2091      53746172 
 2091      74457800 
 2092              	.LASF60:
 2093 0362 54696D65 		.ascii	"Timer_Start\000"
 2093      725F5374 
 2093      61727400 
 2094              	.LASF36:
 2095 036e 76616C75 		.ascii	"value_in\000"
 2095      655F696E 
 2095      00
 2096              	.LASF64:
 2097 0377 2E5C6D61 		.ascii	".\\main.c\000"
 2097      696E2E63 
 2097      00
 2098              	.LASF45:
 2099 0380 706F696E 		.ascii	"pointer\000"
 2099      74657200 
 2100              	.LASF20:
 2101 0388 424C455F 		.ascii	"BLE_RX_interrupt\000"
 2101      52585F69 
 2101      6E746572 
 2101      72757074 
 2101      00
ARM GAS  C:\Users\passw\AppData\Local\Temp\ccbXYnhS.s 			page 45


 2102              	.LASF49:
 2103 0399 54696D65 		.ascii	"Timer_ReadCapture\000"
 2103      725F5265 
 2103      61644361 
 2103      70747572 
 2103      6500
 2104              	.LASF31:
 2105 03ab 785F6C6F 		.ascii	"x_low\000"
 2105      7700
 2106              	.LASF25:
 2107 03b1 6D617667 		.ascii	"mavg_filter\000"
 2107      5F66696C 
 2107      74657200 
 2108              	.LASF30:
 2109 03bd 625F6D61 		.ascii	"b_mavg\000"
 2109      766700
 2110              	.LASF59:
 2111 03c4 55415254 		.ascii	"UART_BLE_Start\000"
 2111      5F424C45 
 2111      5F537461 
 2111      727400
 2112              	.LASF51:
 2113 03d3 55415254 		.ascii	"UART_SpiUartWriteTxData\000"
 2113      5F537069 
 2113      55617274 
 2113      57726974 
 2113      65547844 
 2114              		.ident	"GCC: (GNU Tools for ARM Embedded Processors) 4.9.3 20150303 (release) [ARM/embedded-4_9-br
