ARM GAS  C:\Users\LINETT~1\AppData\Local\Temp\ccyTGclo.s 			page 1


   1              		.cpu cortex-m0
   2              		.fpu softvfp
   3              		.eabi_attribute 20, 1
   4              		.eabi_attribute 21, 1
   5              		.eabi_attribute 23, 3
   6              		.eabi_attribute 24, 1
   7              		.eabi_attribute 25, 1
   8              		.eabi_attribute 26, 1
   9              		.eabi_attribute 30, 6
  10              		.eabi_attribute 34, 0
  11              		.eabi_attribute 18, 4
  12              		.code	16
  13              		.file	"cyfitter_cfg.c"
  14              		.text
  15              	.Ltext0:
  16              		.cfi_sections	.debug_frame
  17              		.section	.text.CYMEMZERO,"ax",%progbits
  18              		.align	2
  19              		.code	16
  20              		.thumb_func
  21              		.type	CYMEMZERO, %function
  22              	CYMEMZERO:
  23              	.LFB2:
  24              		.file 1 ".\\Generated_Source\\PSoC4\\cyfitter_cfg.c"
   1:.\Generated_Source\PSoC4/cyfitter_cfg.c **** /*******************************************************************************
   2:.\Generated_Source\PSoC4/cyfitter_cfg.c **** * File Name: cyfitter_cfg.c
   3:.\Generated_Source\PSoC4/cyfitter_cfg.c **** * 
   4:.\Generated_Source\PSoC4/cyfitter_cfg.c **** * PSoC Creator  3.3 SP1
   5:.\Generated_Source\PSoC4/cyfitter_cfg.c **** *
   6:.\Generated_Source\PSoC4/cyfitter_cfg.c **** * Description:
   7:.\Generated_Source\PSoC4/cyfitter_cfg.c **** * This file contains device initialization code.
   8:.\Generated_Source\PSoC4/cyfitter_cfg.c **** * Except for the user defined sections in CyClockStartupError(), this file should not be modified.
   9:.\Generated_Source\PSoC4/cyfitter_cfg.c **** * This file is automatically generated by PSoC Creator.
  10:.\Generated_Source\PSoC4/cyfitter_cfg.c **** *
  11:.\Generated_Source\PSoC4/cyfitter_cfg.c **** ********************************************************************************
  12:.\Generated_Source\PSoC4/cyfitter_cfg.c **** * Copyright (c) 2007-2015 Cypress Semiconductor.  All rights reserved.
  13:.\Generated_Source\PSoC4/cyfitter_cfg.c **** * You may use this file only in accordance with the license, terms, conditions, 
  14:.\Generated_Source\PSoC4/cyfitter_cfg.c **** * disclaimers, and limitations in the end user license agreement accompanying 
  15:.\Generated_Source\PSoC4/cyfitter_cfg.c **** * the software package with which this file was provided.
  16:.\Generated_Source\PSoC4/cyfitter_cfg.c **** ********************************************************************************/
  17:.\Generated_Source\PSoC4/cyfitter_cfg.c **** 
  18:.\Generated_Source\PSoC4/cyfitter_cfg.c **** #include <string.h>
  19:.\Generated_Source\PSoC4/cyfitter_cfg.c **** #include "cytypes.h"
  20:.\Generated_Source\PSoC4/cyfitter_cfg.c **** #include "cydevice_trm.h"
  21:.\Generated_Source\PSoC4/cyfitter_cfg.c **** #include "cyfitter.h"
  22:.\Generated_Source\PSoC4/cyfitter_cfg.c **** #include "CyLib.h"
  23:.\Generated_Source\PSoC4/cyfitter_cfg.c **** #include "cyfitter_cfg.h"
  24:.\Generated_Source\PSoC4/cyfitter_cfg.c **** 
  25:.\Generated_Source\PSoC4/cyfitter_cfg.c **** 
  26:.\Generated_Source\PSoC4/cyfitter_cfg.c **** #if defined(__GNUC__) || defined(__ARMCC_VERSION)
  27:.\Generated_Source\PSoC4/cyfitter_cfg.c ****     #define CYPACKED 
  28:.\Generated_Source\PSoC4/cyfitter_cfg.c ****     #define CYPACKED_ATTR __attribute__ ((packed))
  29:.\Generated_Source\PSoC4/cyfitter_cfg.c ****     #define CYALIGNED __attribute__ ((aligned))
  30:.\Generated_Source\PSoC4/cyfitter_cfg.c ****     #define CY_CFG_UNUSED __attribute__ ((unused))
  31:.\Generated_Source\PSoC4/cyfitter_cfg.c ****     #ifndef CY_CFG_SECTION
  32:.\Generated_Source\PSoC4/cyfitter_cfg.c ****         #define CY_CFG_SECTION __attribute__ ((section(".psocinit")))
  33:.\Generated_Source\PSoC4/cyfitter_cfg.c ****     #endif
ARM GAS  C:\Users\LINETT~1\AppData\Local\Temp\ccyTGclo.s 			page 2


  34:.\Generated_Source\PSoC4/cyfitter_cfg.c ****     
  35:.\Generated_Source\PSoC4/cyfitter_cfg.c ****     #if defined(__ARMCC_VERSION)
  36:.\Generated_Source\PSoC4/cyfitter_cfg.c ****         #define CY_CFG_MEMORY_BARRIER() __memory_changed()
  37:.\Generated_Source\PSoC4/cyfitter_cfg.c ****     #else
  38:.\Generated_Source\PSoC4/cyfitter_cfg.c ****         #define CY_CFG_MEMORY_BARRIER() __sync_synchronize()
  39:.\Generated_Source\PSoC4/cyfitter_cfg.c ****     #endif
  40:.\Generated_Source\PSoC4/cyfitter_cfg.c ****     
  41:.\Generated_Source\PSoC4/cyfitter_cfg.c **** #elif defined(__ICCARM__)
  42:.\Generated_Source\PSoC4/cyfitter_cfg.c ****     #include <intrinsics.h>
  43:.\Generated_Source\PSoC4/cyfitter_cfg.c **** 
  44:.\Generated_Source\PSoC4/cyfitter_cfg.c ****     #define CYPACKED __packed
  45:.\Generated_Source\PSoC4/cyfitter_cfg.c ****     #define CYPACKED_ATTR 
  46:.\Generated_Source\PSoC4/cyfitter_cfg.c ****     #define CYALIGNED _Pragma("data_alignment=4")
  47:.\Generated_Source\PSoC4/cyfitter_cfg.c ****     #define CY_CFG_UNUSED _Pragma("diag_suppress=Pe177")
  48:.\Generated_Source\PSoC4/cyfitter_cfg.c ****     #define CY_CFG_SECTION _Pragma("location=\".psocinit\"")
  49:.\Generated_Source\PSoC4/cyfitter_cfg.c ****     
  50:.\Generated_Source\PSoC4/cyfitter_cfg.c ****     #define CY_CFG_MEMORY_BARRIER() __DMB()
  51:.\Generated_Source\PSoC4/cyfitter_cfg.c ****     
  52:.\Generated_Source\PSoC4/cyfitter_cfg.c **** #else
  53:.\Generated_Source\PSoC4/cyfitter_cfg.c ****     #error Unsupported toolchain
  54:.\Generated_Source\PSoC4/cyfitter_cfg.c **** #endif
  55:.\Generated_Source\PSoC4/cyfitter_cfg.c **** 
  56:.\Generated_Source\PSoC4/cyfitter_cfg.c **** 
  57:.\Generated_Source\PSoC4/cyfitter_cfg.c **** CY_CFG_UNUSED
  58:.\Generated_Source\PSoC4/cyfitter_cfg.c **** static void CYMEMZERO(void *s, size_t n);
  59:.\Generated_Source\PSoC4/cyfitter_cfg.c **** CY_CFG_UNUSED
  60:.\Generated_Source\PSoC4/cyfitter_cfg.c **** static void CYMEMZERO(void *s, size_t n)
  61:.\Generated_Source\PSoC4/cyfitter_cfg.c **** {
  25              		.loc 1 61 0
  26              		.cfi_startproc
  27 0000 80B5     		push	{r7, lr}
  28              		.cfi_def_cfa_offset 8
  29              		.cfi_offset 7, -8
  30              		.cfi_offset 14, -4
  31 0002 82B0     		sub	sp, sp, #8
  32              		.cfi_def_cfa_offset 16
  33 0004 00AF     		add	r7, sp, #0
  34              		.cfi_def_cfa_register 7
  35 0006 7860     		str	r0, [r7, #4]
  36 0008 3960     		str	r1, [r7]
  62:.\Generated_Source\PSoC4/cyfitter_cfg.c **** 	(void)memset(s, 0, n);
  37              		.loc 1 62 0
  38 000a 7A68     		ldr	r2, [r7, #4]
  39 000c 3B68     		ldr	r3, [r7]
  40 000e 101C     		mov	r0, r2
  41 0010 0021     		mov	r1, #0
  42 0012 1A1C     		mov	r2, r3
  43 0014 FFF7FEFF 		bl	memset
  63:.\Generated_Source\PSoC4/cyfitter_cfg.c **** }
  44              		.loc 1 63 0
  45 0018 BD46     		mov	sp, r7
  46 001a 02B0     		add	sp, sp, #8
  47              		@ sp needed
  48 001c 80BD     		pop	{r7, pc}
  49              		.cfi_endproc
  50              	.LFE2:
  51              		.size	CYMEMZERO, .-CYMEMZERO
ARM GAS  C:\Users\LINETT~1\AppData\Local\Temp\ccyTGclo.s 			page 3


  52 001e C046     		.section	.text.CYCONFIGCPY,"ax",%progbits
  53              		.align	2
  54              		.code	16
  55              		.thumb_func
  56              		.type	CYCONFIGCPY, %function
  57              	CYCONFIGCPY:
  58              	.LFB3:
  64:.\Generated_Source\PSoC4/cyfitter_cfg.c **** CY_CFG_UNUSED
  65:.\Generated_Source\PSoC4/cyfitter_cfg.c **** static void CYCONFIGCPY(void *dest, const void *src, size_t n);
  66:.\Generated_Source\PSoC4/cyfitter_cfg.c **** CY_CFG_UNUSED
  67:.\Generated_Source\PSoC4/cyfitter_cfg.c **** static void CYCONFIGCPY(void *dest, const void *src, size_t n)
  68:.\Generated_Source\PSoC4/cyfitter_cfg.c **** {
  59              		.loc 1 68 0
  60              		.cfi_startproc
  61 0000 80B5     		push	{r7, lr}
  62              		.cfi_def_cfa_offset 8
  63              		.cfi_offset 7, -8
  64              		.cfi_offset 14, -4
  65 0002 84B0     		sub	sp, sp, #16
  66              		.cfi_def_cfa_offset 24
  67 0004 00AF     		add	r7, sp, #0
  68              		.cfi_def_cfa_register 7
  69 0006 F860     		str	r0, [r7, #12]
  70 0008 B960     		str	r1, [r7, #8]
  71 000a 7A60     		str	r2, [r7, #4]
  69:.\Generated_Source\PSoC4/cyfitter_cfg.c **** 	(void)memcpy(dest, src, n);
  72              		.loc 1 69 0
  73 000c F968     		ldr	r1, [r7, #12]
  74 000e BA68     		ldr	r2, [r7, #8]
  75 0010 7B68     		ldr	r3, [r7, #4]
  76 0012 081C     		mov	r0, r1
  77 0014 111C     		mov	r1, r2
  78 0016 1A1C     		mov	r2, r3
  79 0018 FFF7FEFF 		bl	memcpy
  70:.\Generated_Source\PSoC4/cyfitter_cfg.c **** }
  80              		.loc 1 70 0
  81 001c BD46     		mov	sp, r7
  82 001e 04B0     		add	sp, sp, #16
  83              		@ sp needed
  84 0020 80BD     		pop	{r7, pc}
  85              		.cfi_endproc
  86              	.LFE3:
  87              		.size	CYCONFIGCPY, .-CYCONFIGCPY
  88 0022 C046     		.section	.text.CYCONFIGCPYCODE,"ax",%progbits
  89              		.align	2
  90              		.code	16
  91              		.thumb_func
  92              		.type	CYCONFIGCPYCODE, %function
  93              	CYCONFIGCPYCODE:
  94              	.LFB4:
  71:.\Generated_Source\PSoC4/cyfitter_cfg.c **** CY_CFG_UNUSED
  72:.\Generated_Source\PSoC4/cyfitter_cfg.c **** static void CYCONFIGCPYCODE(void *dest, const void *src, size_t n);
  73:.\Generated_Source\PSoC4/cyfitter_cfg.c **** CY_CFG_UNUSED
  74:.\Generated_Source\PSoC4/cyfitter_cfg.c **** static void CYCONFIGCPYCODE(void *dest, const void *src, size_t n)
  75:.\Generated_Source\PSoC4/cyfitter_cfg.c **** {
  95              		.loc 1 75 0
  96              		.cfi_startproc
ARM GAS  C:\Users\LINETT~1\AppData\Local\Temp\ccyTGclo.s 			page 4


  97 0000 80B5     		push	{r7, lr}
  98              		.cfi_def_cfa_offset 8
  99              		.cfi_offset 7, -8
 100              		.cfi_offset 14, -4
 101 0002 84B0     		sub	sp, sp, #16
 102              		.cfi_def_cfa_offset 24
 103 0004 00AF     		add	r7, sp, #0
 104              		.cfi_def_cfa_register 7
 105 0006 F860     		str	r0, [r7, #12]
 106 0008 B960     		str	r1, [r7, #8]
 107 000a 7A60     		str	r2, [r7, #4]
  76:.\Generated_Source\PSoC4/cyfitter_cfg.c **** 	(void)memcpy(dest, src, n);
 108              		.loc 1 76 0
 109 000c F968     		ldr	r1, [r7, #12]
 110 000e BA68     		ldr	r2, [r7, #8]
 111 0010 7B68     		ldr	r3, [r7, #4]
 112 0012 081C     		mov	r0, r1
 113 0014 111C     		mov	r1, r2
 114 0016 1A1C     		mov	r2, r3
 115 0018 FFF7FEFF 		bl	memcpy
  77:.\Generated_Source\PSoC4/cyfitter_cfg.c **** }
 116              		.loc 1 77 0
 117 001c BD46     		mov	sp, r7
 118 001e 04B0     		add	sp, sp, #16
 119              		@ sp needed
 120 0020 80BD     		pop	{r7, pc}
 121              		.cfi_endproc
 122              	.LFE4:
 123              		.size	CYCONFIGCPYCODE, .-CYCONFIGCPYCODE
 124 0022 C046     		.section	.text.cfg_write_bytes32,"ax",%progbits
 125              		.align	2
 126              		.code	16
 127              		.thumb_func
 128              		.type	cfg_write_bytes32, %function
 129              	cfg_write_bytes32:
 130              	.LFB5:
  78:.\Generated_Source\PSoC4/cyfitter_cfg.c **** 
  79:.\Generated_Source\PSoC4/cyfitter_cfg.c **** 
  80:.\Generated_Source\PSoC4/cyfitter_cfg.c **** 
  81:.\Generated_Source\PSoC4/cyfitter_cfg.c **** /* Clock startup error codes                                                   */
  82:.\Generated_Source\PSoC4/cyfitter_cfg.c **** #define CYCLOCKSTART_NO_ERROR    0u
  83:.\Generated_Source\PSoC4/cyfitter_cfg.c **** #define CYCLOCKSTART_XTAL_ERROR  1u
  84:.\Generated_Source\PSoC4/cyfitter_cfg.c **** #define CYCLOCKSTART_32KHZ_ERROR 2u
  85:.\Generated_Source\PSoC4/cyfitter_cfg.c **** #define CYCLOCKSTART_PLL_ERROR   3u
  86:.\Generated_Source\PSoC4/cyfitter_cfg.c **** 
  87:.\Generated_Source\PSoC4/cyfitter_cfg.c **** #ifdef CY_NEED_CYCLOCKSTARTUPERROR
  88:.\Generated_Source\PSoC4/cyfitter_cfg.c **** /*******************************************************************************
  89:.\Generated_Source\PSoC4/cyfitter_cfg.c **** * Function Name: CyClockStartupError
  90:.\Generated_Source\PSoC4/cyfitter_cfg.c **** ********************************************************************************
  91:.\Generated_Source\PSoC4/cyfitter_cfg.c **** * Summary:
  92:.\Generated_Source\PSoC4/cyfitter_cfg.c **** *  If an error is encountered during clock configuration (crystal startup error,
  93:.\Generated_Source\PSoC4/cyfitter_cfg.c **** *  PLL lock error, etc.), the system will end up here.  Unless reimplemented by
  94:.\Generated_Source\PSoC4/cyfitter_cfg.c **** *  the customer, this function will stop in an infinite loop.
  95:.\Generated_Source\PSoC4/cyfitter_cfg.c **** *
  96:.\Generated_Source\PSoC4/cyfitter_cfg.c **** * Parameters:
  97:.\Generated_Source\PSoC4/cyfitter_cfg.c **** *   void
  98:.\Generated_Source\PSoC4/cyfitter_cfg.c **** *
ARM GAS  C:\Users\LINETT~1\AppData\Local\Temp\ccyTGclo.s 			page 5


  99:.\Generated_Source\PSoC4/cyfitter_cfg.c **** * Return:
 100:.\Generated_Source\PSoC4/cyfitter_cfg.c **** *   void
 101:.\Generated_Source\PSoC4/cyfitter_cfg.c **** *
 102:.\Generated_Source\PSoC4/cyfitter_cfg.c **** *******************************************************************************/
 103:.\Generated_Source\PSoC4/cyfitter_cfg.c **** CY_CFG_UNUSED
 104:.\Generated_Source\PSoC4/cyfitter_cfg.c **** static void CyClockStartupError(uint8 errorCode);
 105:.\Generated_Source\PSoC4/cyfitter_cfg.c **** CY_CFG_UNUSED
 106:.\Generated_Source\PSoC4/cyfitter_cfg.c **** static void CyClockStartupError(uint8 errorCode)
 107:.\Generated_Source\PSoC4/cyfitter_cfg.c **** {
 108:.\Generated_Source\PSoC4/cyfitter_cfg.c ****     /* To remove the compiler warning if errorCode not used.                */
 109:.\Generated_Source\PSoC4/cyfitter_cfg.c ****     errorCode = errorCode;
 110:.\Generated_Source\PSoC4/cyfitter_cfg.c **** 
 111:.\Generated_Source\PSoC4/cyfitter_cfg.c ****     /* `#START CyClockStartupError` */
 112:.\Generated_Source\PSoC4/cyfitter_cfg.c **** 
 113:.\Generated_Source\PSoC4/cyfitter_cfg.c ****     /* If we have a clock startup error (bad MHz crystal, PLL lock, etc.),  */
 114:.\Generated_Source\PSoC4/cyfitter_cfg.c ****     /* we will end up here to allow the customer to implement something to  */
 115:.\Generated_Source\PSoC4/cyfitter_cfg.c ****     /* deal with the clock condition.                                       */
 116:.\Generated_Source\PSoC4/cyfitter_cfg.c **** 
 117:.\Generated_Source\PSoC4/cyfitter_cfg.c ****     /* `#END` */
 118:.\Generated_Source\PSoC4/cyfitter_cfg.c **** 
 119:.\Generated_Source\PSoC4/cyfitter_cfg.c ****     /* If nothing else, stop here since the clocks have not started         */
 120:.\Generated_Source\PSoC4/cyfitter_cfg.c ****     /* correctly.                                                           */
 121:.\Generated_Source\PSoC4/cyfitter_cfg.c ****     while(1) {}
 122:.\Generated_Source\PSoC4/cyfitter_cfg.c **** }
 123:.\Generated_Source\PSoC4/cyfitter_cfg.c **** #endif
 124:.\Generated_Source\PSoC4/cyfitter_cfg.c **** 
 125:.\Generated_Source\PSoC4/cyfitter_cfg.c **** #define CY_CFG_BASE_ADDR_COUNT 6u
 126:.\Generated_Source\PSoC4/cyfitter_cfg.c **** CYPACKED typedef struct
 127:.\Generated_Source\PSoC4/cyfitter_cfg.c **** {
 128:.\Generated_Source\PSoC4/cyfitter_cfg.c **** 	uint8 offset;
 129:.\Generated_Source\PSoC4/cyfitter_cfg.c **** 	uint8 value;
 130:.\Generated_Source\PSoC4/cyfitter_cfg.c **** } CYPACKED_ATTR cy_cfg_addrvalue_t;
 131:.\Generated_Source\PSoC4/cyfitter_cfg.c **** 
 132:.\Generated_Source\PSoC4/cyfitter_cfg.c **** 
 133:.\Generated_Source\PSoC4/cyfitter_cfg.c **** 
 134:.\Generated_Source\PSoC4/cyfitter_cfg.c **** /*******************************************************************************
 135:.\Generated_Source\PSoC4/cyfitter_cfg.c **** * Function Name: cfg_write_bytes32
 136:.\Generated_Source\PSoC4/cyfitter_cfg.c **** ********************************************************************************
 137:.\Generated_Source\PSoC4/cyfitter_cfg.c **** * Summary:
 138:.\Generated_Source\PSoC4/cyfitter_cfg.c **** *  This function is used for setting up the chip configuration areas that
 139:.\Generated_Source\PSoC4/cyfitter_cfg.c **** *  contain relatively sparse data.
 140:.\Generated_Source\PSoC4/cyfitter_cfg.c **** *
 141:.\Generated_Source\PSoC4/cyfitter_cfg.c **** * Parameters:
 142:.\Generated_Source\PSoC4/cyfitter_cfg.c **** *   void
 143:.\Generated_Source\PSoC4/cyfitter_cfg.c **** *
 144:.\Generated_Source\PSoC4/cyfitter_cfg.c **** * Return:
 145:.\Generated_Source\PSoC4/cyfitter_cfg.c **** *   void
 146:.\Generated_Source\PSoC4/cyfitter_cfg.c **** *
 147:.\Generated_Source\PSoC4/cyfitter_cfg.c **** *******************************************************************************/
 148:.\Generated_Source\PSoC4/cyfitter_cfg.c **** static void cfg_write_bytes32(const uint32 addr_table[], const cy_cfg_addrvalue_t data_table[]);
 149:.\Generated_Source\PSoC4/cyfitter_cfg.c **** static void cfg_write_bytes32(const uint32 addr_table[], const cy_cfg_addrvalue_t data_table[])
 150:.\Generated_Source\PSoC4/cyfitter_cfg.c **** {
 131              		.loc 1 150 0
 132              		.cfi_startproc
 133 0000 80B5     		push	{r7, lr}
 134              		.cfi_def_cfa_offset 8
 135              		.cfi_offset 7, -8
ARM GAS  C:\Users\LINETT~1\AppData\Local\Temp\ccyTGclo.s 			page 6


 136              		.cfi_offset 14, -4
 137 0002 86B0     		sub	sp, sp, #24
 138              		.cfi_def_cfa_offset 32
 139 0004 00AF     		add	r7, sp, #0
 140              		.cfi_def_cfa_register 7
 141 0006 7860     		str	r0, [r7, #4]
 142 0008 3960     		str	r1, [r7]
 151:.\Generated_Source\PSoC4/cyfitter_cfg.c **** 	/* For 32-bit little-endian architectures */
 152:.\Generated_Source\PSoC4/cyfitter_cfg.c **** 	uint32 i, j = 0u;
 143              		.loc 1 152 0
 144 000a 0023     		mov	r3, #0
 145 000c 3B61     		str	r3, [r7, #16]
 153:.\Generated_Source\PSoC4/cyfitter_cfg.c **** 	for (i = 0u; i < CY_CFG_BASE_ADDR_COUNT; i++)
 146              		.loc 1 153 0
 147 000e 0023     		mov	r3, #0
 148 0010 7B61     		str	r3, [r7, #20]
 149 0012 2FE0     		b	.L5
 150              	.L8:
 151              	.LBB2:
 154:.\Generated_Source\PSoC4/cyfitter_cfg.c **** 	{
 155:.\Generated_Source\PSoC4/cyfitter_cfg.c **** 		uint32 baseAddr = addr_table[i];
 152              		.loc 1 155 0
 153 0014 7B69     		ldr	r3, [r7, #20]
 154 0016 9B00     		lsl	r3, r3, #2
 155 0018 7A68     		ldr	r2, [r7, #4]
 156 001a D318     		add	r3, r2, r3
 157 001c 1B68     		ldr	r3, [r3]
 158 001e BB60     		str	r3, [r7, #8]
 156:.\Generated_Source\PSoC4/cyfitter_cfg.c **** 		uint8 count = (uint8)baseAddr;
 159              		.loc 1 156 0
 160 0020 0F23     		mov	r3, #15
 161 0022 FB18     		add	r3, r7, r3
 162 0024 BA68     		ldr	r2, [r7, #8]
 163 0026 1A70     		strb	r2, [r3]
 157:.\Generated_Source\PSoC4/cyfitter_cfg.c **** 		baseAddr &= 0xFFFFFF00u;
 164              		.loc 1 157 0
 165 0028 BB68     		ldr	r3, [r7, #8]
 166 002a FF22     		mov	r2, #255
 167 002c 9343     		bic	r3, r2
 168 002e BB60     		str	r3, [r7, #8]
 158:.\Generated_Source\PSoC4/cyfitter_cfg.c **** 		while (count != 0u)
 169              		.loc 1 158 0
 170 0030 18E0     		b	.L6
 171              	.L7:
 159:.\Generated_Source\PSoC4/cyfitter_cfg.c **** 		{
 160:.\Generated_Source\PSoC4/cyfitter_cfg.c **** 			CY_SET_XTND_REG8((void CYFAR *)(baseAddr + data_table[j].offset), data_table[j].value);
 172              		.loc 1 160 0
 173 0032 3B69     		ldr	r3, [r7, #16]
 174 0034 5B00     		lsl	r3, r3, #1
 175 0036 3A68     		ldr	r2, [r7]
 176 0038 D318     		add	r3, r2, r3
 177 003a 1B78     		ldrb	r3, [r3]
 178 003c 1A1C     		mov	r2, r3
 179 003e BB68     		ldr	r3, [r7, #8]
 180 0040 D318     		add	r3, r2, r3
 181 0042 191C     		mov	r1, r3
 182 0044 3B69     		ldr	r3, [r7, #16]
ARM GAS  C:\Users\LINETT~1\AppData\Local\Temp\ccyTGclo.s 			page 7


 183 0046 5B00     		lsl	r3, r3, #1
 184 0048 3A68     		ldr	r2, [r7]
 185 004a D318     		add	r3, r2, r3
 186 004c 5B78     		ldrb	r3, [r3, #1]
 187 004e 0B70     		strb	r3, [r1]
 161:.\Generated_Source\PSoC4/cyfitter_cfg.c **** 			j++;
 188              		.loc 1 161 0
 189 0050 3B69     		ldr	r3, [r7, #16]
 190 0052 0133     		add	r3, r3, #1
 191 0054 3B61     		str	r3, [r7, #16]
 162:.\Generated_Source\PSoC4/cyfitter_cfg.c **** 			count--;
 192              		.loc 1 162 0
 193 0056 0F23     		mov	r3, #15
 194 0058 FB18     		add	r3, r7, r3
 195 005a 1A78     		ldrb	r2, [r3]
 196 005c 0F23     		mov	r3, #15
 197 005e FB18     		add	r3, r7, r3
 198 0060 013A     		sub	r2, r2, #1
 199 0062 1A70     		strb	r2, [r3]
 200              	.L6:
 158:.\Generated_Source\PSoC4/cyfitter_cfg.c **** 		{
 201              		.loc 1 158 0
 202 0064 0F23     		mov	r3, #15
 203 0066 FB18     		add	r3, r7, r3
 204 0068 1B78     		ldrb	r3, [r3]
 205 006a 002B     		cmp	r3, #0
 206 006c E1D1     		bne	.L7
 207              	.LBE2:
 153:.\Generated_Source\PSoC4/cyfitter_cfg.c **** 	{
 208              		.loc 1 153 0 discriminator 2
 209 006e 7B69     		ldr	r3, [r7, #20]
 210 0070 0133     		add	r3, r3, #1
 211 0072 7B61     		str	r3, [r7, #20]
 212              	.L5:
 153:.\Generated_Source\PSoC4/cyfitter_cfg.c **** 	{
 213              		.loc 1 153 0 is_stmt 0 discriminator 1
 214 0074 7B69     		ldr	r3, [r7, #20]
 215 0076 052B     		cmp	r3, #5
 216 0078 CCD9     		bls	.L8
 163:.\Generated_Source\PSoC4/cyfitter_cfg.c **** 		}
 164:.\Generated_Source\PSoC4/cyfitter_cfg.c **** 	}
 165:.\Generated_Source\PSoC4/cyfitter_cfg.c **** }
 217              		.loc 1 165 0 is_stmt 1
 218 007a BD46     		mov	sp, r7
 219 007c 06B0     		add	sp, sp, #24
 220              		@ sp needed
 221 007e 80BD     		pop	{r7, pc}
 222              		.cfi_endproc
 223              	.LFE5:
 224              		.size	cfg_write_bytes32, .-cfg_write_bytes32
 225              		.section	.psocinit,"ax",%progbits
 226              		.align	2
 227              		.code	16
 228              		.thumb_func
 229              		.type	ClockSetup, %function
 230              	ClockSetup:
 231              	.LFB6:
ARM GAS  C:\Users\LINETT~1\AppData\Local\Temp\ccyTGclo.s 			page 8


 166:.\Generated_Source\PSoC4/cyfitter_cfg.c **** 
 167:.\Generated_Source\PSoC4/cyfitter_cfg.c **** 
 168:.\Generated_Source\PSoC4/cyfitter_cfg.c **** /*******************************************************************************
 169:.\Generated_Source\PSoC4/cyfitter_cfg.c **** * Function Name: ClockSetup
 170:.\Generated_Source\PSoC4/cyfitter_cfg.c **** ********************************************************************************
 171:.\Generated_Source\PSoC4/cyfitter_cfg.c **** *
 172:.\Generated_Source\PSoC4/cyfitter_cfg.c **** * Summary:
 173:.\Generated_Source\PSoC4/cyfitter_cfg.c **** *   Performs the initialization of all of the clocks in the device based on the
 174:.\Generated_Source\PSoC4/cyfitter_cfg.c **** *   settings in the Clock tab of the DWR.  This includes enabling the requested
 175:.\Generated_Source\PSoC4/cyfitter_cfg.c **** *   clocks and setting the necessary dividers to produce the desired frequency. 
 176:.\Generated_Source\PSoC4/cyfitter_cfg.c **** *
 177:.\Generated_Source\PSoC4/cyfitter_cfg.c **** * Parameters:
 178:.\Generated_Source\PSoC4/cyfitter_cfg.c **** *   void
 179:.\Generated_Source\PSoC4/cyfitter_cfg.c **** *
 180:.\Generated_Source\PSoC4/cyfitter_cfg.c **** * Return:
 181:.\Generated_Source\PSoC4/cyfitter_cfg.c **** *   void
 182:.\Generated_Source\PSoC4/cyfitter_cfg.c **** *
 183:.\Generated_Source\PSoC4/cyfitter_cfg.c **** *******************************************************************************/
 184:.\Generated_Source\PSoC4/cyfitter_cfg.c **** static void ClockSetup(void);
 185:.\Generated_Source\PSoC4/cyfitter_cfg.c **** CY_CFG_SECTION
 186:.\Generated_Source\PSoC4/cyfitter_cfg.c **** static void ClockSetup(void)
 187:.\Generated_Source\PSoC4/cyfitter_cfg.c **** {
 232              		.loc 1 187 0
 233              		.cfi_startproc
 234 0000 80B5     		push	{r7, lr}
 235              		.cfi_def_cfa_offset 8
 236              		.cfi_offset 7, -8
 237              		.cfi_offset 14, -4
 238 0002 00AF     		add	r7, sp, #0
 239              		.cfi_def_cfa_register 7
 188:.\Generated_Source\PSoC4/cyfitter_cfg.c **** 
 189:.\Generated_Source\PSoC4/cyfitter_cfg.c **** 	/* Set Flash Cycles based on max possible frequency in case a glitch occurs during ClockSetup(). *
 190:.\Generated_Source\PSoC4/cyfitter_cfg.c **** 	CY_SET_REG32((void CYXDATA *)(CYREG_CPUSS_FLASH_CTL), (0x0012u));
 240              		.loc 1 190 0
 241 0004 284B     		ldr	r3, .L10
 242 0006 1222     		mov	r2, #18
 243 0008 1A60     		str	r2, [r3]
 191:.\Generated_Source\PSoC4/cyfitter_cfg.c **** 
 192:.\Generated_Source\PSoC4/cyfitter_cfg.c **** 	/* Start the WCO */
 193:.\Generated_Source\PSoC4/cyfitter_cfg.c **** 	CySysClkWcoStart();
 244              		.loc 1 193 0
 245 000a FFF7FEFF 		bl	CySysClkWcoStart
 194:.\Generated_Source\PSoC4/cyfitter_cfg.c **** 	(void)CySysClkWcoSetPowerMode(CY_SYS_CLK_WCO_LPM);    /* Switch to the low power mode */
 246              		.loc 1 194 0
 247 000e 0120     		mov	r0, #1
 248 0010 FFF7FEFF 		bl	CySysClkWcoSetPowerMode
 195:.\Generated_Source\PSoC4/cyfitter_cfg.c **** 
 196:.\Generated_Source\PSoC4/cyfitter_cfg.c **** 	/* Setup and trim IMO based on desired frequency. */
 197:.\Generated_Source\PSoC4/cyfitter_cfg.c **** 	CySysClkWriteImoFreq(24u);
 249              		.loc 1 197 0
 250 0014 1820     		mov	r0, #24
 251 0016 FFF7FEFF 		bl	CySysClkWriteImoFreq
 198:.\Generated_Source\PSoC4/cyfitter_cfg.c **** 	/* CYDEV_CLK_ILO_CONFIG Starting address: CYDEV_CLK_ILO_CONFIG */
 199:.\Generated_Source\PSoC4/cyfitter_cfg.c **** 	CY_SET_XTND_REG32((void CYFAR *)(CYREG_CLK_ILO_CONFIG), 0x80000006u);
 252              		.loc 1 199 0
 253 001a 244B     		ldr	r3, .L10+4
 254 001c 244A     		ldr	r2, .L10+8
ARM GAS  C:\Users\LINETT~1\AppData\Local\Temp\ccyTGclo.s 			page 9


 255 001e 1A60     		str	r2, [r3]
 200:.\Generated_Source\PSoC4/cyfitter_cfg.c **** 
 201:.\Generated_Source\PSoC4/cyfitter_cfg.c **** 
 202:.\Generated_Source\PSoC4/cyfitter_cfg.c **** 	/* Enable fast start mode for XO */
 203:.\Generated_Source\PSoC4/cyfitter_cfg.c **** 	CY_SET_REG32((void*)CYREG_BLE_BLERD_BB_XO, CY_GET_REG32((void*)CYREG_BLE_BLERD_BB_XO) | (uint32)0x
 256              		.loc 1 203 0
 257 0020 244B     		ldr	r3, .L10+12
 258 0022 244A     		ldr	r2, .L10+12
 259 0024 1268     		ldr	r2, [r2]
 260 0026 0221     		mov	r1, #2
 261 0028 0A43     		orr	r2, r1
 262 002a 1A60     		str	r2, [r3]
 204:.\Generated_Source\PSoC4/cyfitter_cfg.c **** 	CY_SET_XTND_REG32((void CYFAR *)(CYREG_BLE_BLERD_BB_XO_CAPTRIM), 0x00003E2Du);
 263              		.loc 1 204 0
 264 002c 224B     		ldr	r3, .L10+16
 265 002e 234A     		ldr	r2, .L10+20
 266 0030 1A60     		str	r2, [r3]
 205:.\Generated_Source\PSoC4/cyfitter_cfg.c **** 	/* Disable Crystal Stable Interrupt before enabling ECO */
 206:.\Generated_Source\PSoC4/cyfitter_cfg.c **** 	CY_SET_REG32((void*)CYREG_BLE_BLESS_LL_DSM_CTRL, CY_GET_REG32((void*)CYREG_BLE_BLESS_LL_DSM_CTRL) 
 267              		.loc 1 206 0
 268 0032 234B     		ldr	r3, .L10+24
 269 0034 224A     		ldr	r2, .L10+24
 270 0036 1268     		ldr	r2, [r2]
 271 0038 0821     		mov	r1, #8
 272 003a 8A43     		bic	r2, r1
 273 003c 1A60     		str	r2, [r3]
 207:.\Generated_Source\PSoC4/cyfitter_cfg.c **** 	/* Start the ECO and do not check status since it is not needed for HFCLK */
 208:.\Generated_Source\PSoC4/cyfitter_cfg.c **** 	(void)CySysClkEcoStart(2000u);
 274              		.loc 1 208 0
 275 003e FA23     		mov	r3, #250
 276 0040 DB00     		lsl	r3, r3, #3
 277 0042 181C     		mov	r0, r3
 278 0044 FFF7FEFF 		bl	CySysClkEcoStart
 209:.\Generated_Source\PSoC4/cyfitter_cfg.c **** 	CyDelayUs(1500u); /* Wait to stabalize */
 279              		.loc 1 209 0
 280 0048 1E4B     		ldr	r3, .L10+28
 281 004a 181C     		mov	r0, r3
 282 004c FFF7FEFF 		bl	CyDelayUs
 210:.\Generated_Source\PSoC4/cyfitter_cfg.c **** 
 211:.\Generated_Source\PSoC4/cyfitter_cfg.c **** 	/* Setup phase aligned clocks */
 212:.\Generated_Source\PSoC4/cyfitter_cfg.c **** 	CY_SET_REG32((void *)CYREG_PERI_DIV_16_CTL2, 0x005DBF00u);
 283              		.loc 1 212 0
 284 0050 1D4B     		ldr	r3, .L10+32
 285 0052 1E4A     		ldr	r2, .L10+36
 286 0054 1A60     		str	r2, [r3]
 213:.\Generated_Source\PSoC4/cyfitter_cfg.c **** 	CY_SET_REG32((void *)CYREG_PERI_DIV_CMD, 0x8000FF42u);
 287              		.loc 1 213 0
 288 0056 1E4B     		ldr	r3, .L10+40
 289 0058 1E4A     		ldr	r2, .L10+44
 290 005a 1A60     		str	r2, [r3]
 214:.\Generated_Source\PSoC4/cyfitter_cfg.c **** 	CY_SET_REG32((void *)CYREG_PERI_DIV_16_CTL1, 0x00000E00u);
 291              		.loc 1 214 0
 292 005c 1E4B     		ldr	r3, .L10+48
 293 005e E022     		mov	r2, #224
 294 0060 1201     		lsl	r2, r2, #4
 295 0062 1A60     		str	r2, [r3]
 215:.\Generated_Source\PSoC4/cyfitter_cfg.c **** 	CY_SET_REG32((void *)CYREG_PERI_DIV_CMD, 0x8000FF41u);
ARM GAS  C:\Users\LINETT~1\AppData\Local\Temp\ccyTGclo.s 			page 10


 296              		.loc 1 215 0
 297 0064 1A4B     		ldr	r3, .L10+40
 298 0066 1D4A     		ldr	r2, .L10+52
 299 0068 1A60     		str	r2, [r3]
 216:.\Generated_Source\PSoC4/cyfitter_cfg.c **** 	CY_SET_REG32((void *)CYREG_PERI_DIV_16_CTL0, 0x00000C00u);
 300              		.loc 1 216 0
 301 006a 1D4B     		ldr	r3, .L10+56
 302 006c C022     		mov	r2, #192
 303 006e 1201     		lsl	r2, r2, #4
 304 0070 1A60     		str	r2, [r3]
 217:.\Generated_Source\PSoC4/cyfitter_cfg.c **** 	CY_SET_REG32((void *)CYREG_PERI_DIV_CMD, 0x8000FF40u);
 305              		.loc 1 217 0
 306 0072 174B     		ldr	r3, .L10+40
 307 0074 1B4A     		ldr	r2, .L10+60
 308 0076 1A60     		str	r2, [r3]
 218:.\Generated_Source\PSoC4/cyfitter_cfg.c **** 
 219:.\Generated_Source\PSoC4/cyfitter_cfg.c **** 	/* CYDEV_CLK_IMO_CONFIG Starting address: CYDEV_CLK_IMO_CONFIG */
 220:.\Generated_Source\PSoC4/cyfitter_cfg.c **** 	CY_SET_XTND_REG32((void CYFAR *)(CYREG_CLK_IMO_CONFIG), 0x82000000u);
 309              		.loc 1 220 0
 310 0078 1B4B     		ldr	r3, .L10+64
 311 007a 8222     		mov	r2, #130
 312 007c 1206     		lsl	r2, r2, #24
 313 007e 1A60     		str	r2, [r3]
 221:.\Generated_Source\PSoC4/cyfitter_cfg.c **** 
 222:.\Generated_Source\PSoC4/cyfitter_cfg.c **** 	/* CYDEV_CLK_SELECT Starting address: CYDEV_CLK_SELECT */
 223:.\Generated_Source\PSoC4/cyfitter_cfg.c **** 	CY_SET_XTND_REG32((void CYFAR *)(CYREG_CLK_SELECT), 0x00000000u);
 314              		.loc 1 223 0
 315 0080 1A4B     		ldr	r3, .L10+68
 316 0082 0022     		mov	r2, #0
 317 0084 1A60     		str	r2, [r3]
 224:.\Generated_Source\PSoC4/cyfitter_cfg.c **** 
 225:.\Generated_Source\PSoC4/cyfitter_cfg.c **** 	/* CYDEV_PERI_PCLK_CTL7 Starting address: CYDEV_PERI_PCLK_CTL7 */
 226:.\Generated_Source\PSoC4/cyfitter_cfg.c **** 	CY_SET_XTND_REG32((void CYFAR *)(CYREG_PERI_PCLK_CTL7), 0x00000042u);
 318              		.loc 1 226 0
 319 0086 1A4B     		ldr	r3, .L10+72
 320 0088 4222     		mov	r2, #66
 321 008a 1A60     		str	r2, [r3]
 227:.\Generated_Source\PSoC4/cyfitter_cfg.c **** 
 228:.\Generated_Source\PSoC4/cyfitter_cfg.c **** 	/* CYDEV_PERI_PCLK_CTL6 Starting address: CYDEV_PERI_PCLK_CTL6 */
 229:.\Generated_Source\PSoC4/cyfitter_cfg.c **** 	CY_SET_XTND_REG32((void CYFAR *)(CYREG_PERI_PCLK_CTL6), 0x00000041u);
 322              		.loc 1 229 0
 323 008c 194B     		ldr	r3, .L10+76
 324 008e 4122     		mov	r2, #65
 325 0090 1A60     		str	r2, [r3]
 230:.\Generated_Source\PSoC4/cyfitter_cfg.c **** 
 231:.\Generated_Source\PSoC4/cyfitter_cfg.c **** 	/* CYDEV_PERI_PCLK_CTL1 Starting address: CYDEV_PERI_PCLK_CTL1 */
 232:.\Generated_Source\PSoC4/cyfitter_cfg.c **** 	CY_SET_XTND_REG32((void CYFAR *)(CYREG_PERI_PCLK_CTL1), 0x00000040u);
 326              		.loc 1 232 0
 327 0092 194B     		ldr	r3, .L10+80
 328 0094 4022     		mov	r2, #64
 329 0096 1A60     		str	r2, [r3]
 233:.\Generated_Source\PSoC4/cyfitter_cfg.c **** 
 234:.\Generated_Source\PSoC4/cyfitter_cfg.c **** 	CY_SET_XTND_REG32((void CYFAR *)(CYREG_WDT_CONFIG), 0x00000000u);
 330              		.loc 1 234 0
 331 0098 184B     		ldr	r3, .L10+84
 332 009a 0022     		mov	r2, #0
 333 009c 1A60     		str	r2, [r3]
ARM GAS  C:\Users\LINETT~1\AppData\Local\Temp\ccyTGclo.s 			page 11


 235:.\Generated_Source\PSoC4/cyfitter_cfg.c **** 	/* Set Flash Cycles based on newly configured 24.00MHz HFCLK. */
 236:.\Generated_Source\PSoC4/cyfitter_cfg.c **** 	CY_SET_REG32((void CYXDATA *)(CYREG_CPUSS_FLASH_CTL), (0x0011u));
 334              		.loc 1 236 0
 335 009e 024B     		ldr	r3, .L10
 336 00a0 1122     		mov	r2, #17
 337 00a2 1A60     		str	r2, [r3]
 237:.\Generated_Source\PSoC4/cyfitter_cfg.c **** }
 338              		.loc 1 237 0
 339 00a4 BD46     		mov	sp, r7
 340              		@ sp needed
 341 00a6 80BD     		pop	{r7, pc}
 342              	.L11:
 343              		.align	2
 344              	.L10:
 345 00a8 30001040 		.word	1074790448
 346 00ac 04010B40 		.word	1074462980
 347 00b0 06000080 		.word	-2147483642
 348 00b4 78002E40 		.word	1076756600
 349 00b8 7C002E40 		.word	1076756604
 350 00bc 2D3E0000 		.word	15917
 351 00c0 6CF02E40 		.word	1076818028
 352 00c4 DC050000 		.word	1500
 353 00c8 08030140 		.word	1073808136
 354 00cc 00BF5D00 		.word	6143744
 355 00d0 00000140 		.word	1073807360
 356 00d4 42FF0080 		.word	-2147418302
 357 00d8 04030140 		.word	1073808132
 358 00dc 41FF0080 		.word	-2147418303
 359 00e0 00030140 		.word	1073808128
 360 00e4 40FF0080 		.word	-2147418304
 361 00e8 08010B40 		.word	1074462984
 362 00ec 00010B40 		.word	1074462976
 363 00f0 1C010140 		.word	1073807644
 364 00f4 18010140 		.word	1073807640
 365 00f8 04010140 		.word	1073807620
 366 00fc 0C020B40 		.word	1074463244
 367              		.cfi_endproc
 368              	.LFE6:
 369              		.size	ClockSetup, .-ClockSetup
 370              		.section	.text.AnalogSetDefault,"ax",%progbits
 371              		.align	2
 372              		.code	16
 373              		.thumb_func
 374              		.type	AnalogSetDefault, %function
 375              	AnalogSetDefault:
 376              	.LFB7:
 238:.\Generated_Source\PSoC4/cyfitter_cfg.c **** 
 239:.\Generated_Source\PSoC4/cyfitter_cfg.c **** 
 240:.\Generated_Source\PSoC4/cyfitter_cfg.c **** /* Analog API Functions */
 241:.\Generated_Source\PSoC4/cyfitter_cfg.c **** 
 242:.\Generated_Source\PSoC4/cyfitter_cfg.c **** 
 243:.\Generated_Source\PSoC4/cyfitter_cfg.c **** /*******************************************************************************
 244:.\Generated_Source\PSoC4/cyfitter_cfg.c **** * Function Name: AnalogSetDefault
 245:.\Generated_Source\PSoC4/cyfitter_cfg.c **** ********************************************************************************
 246:.\Generated_Source\PSoC4/cyfitter_cfg.c **** *
 247:.\Generated_Source\PSoC4/cyfitter_cfg.c **** * Summary:
 248:.\Generated_Source\PSoC4/cyfitter_cfg.c **** *  Sets up the analog portions of the chip to default values based on chip
ARM GAS  C:\Users\LINETT~1\AppData\Local\Temp\ccyTGclo.s 			page 12


 249:.\Generated_Source\PSoC4/cyfitter_cfg.c **** *  configuration options from the project.
 250:.\Generated_Source\PSoC4/cyfitter_cfg.c **** *
 251:.\Generated_Source\PSoC4/cyfitter_cfg.c **** * Parameters:
 252:.\Generated_Source\PSoC4/cyfitter_cfg.c **** *  void
 253:.\Generated_Source\PSoC4/cyfitter_cfg.c **** *
 254:.\Generated_Source\PSoC4/cyfitter_cfg.c **** * Return:
 255:.\Generated_Source\PSoC4/cyfitter_cfg.c **** *  void
 256:.\Generated_Source\PSoC4/cyfitter_cfg.c **** *
 257:.\Generated_Source\PSoC4/cyfitter_cfg.c **** *******************************************************************************/
 258:.\Generated_Source\PSoC4/cyfitter_cfg.c **** static void AnalogSetDefault(void);
 259:.\Generated_Source\PSoC4/cyfitter_cfg.c **** static void AnalogSetDefault(void)
 260:.\Generated_Source\PSoC4/cyfitter_cfg.c **** {
 377              		.loc 1 260 0
 378              		.cfi_startproc
 379 0000 80B5     		push	{r7, lr}
 380              		.cfi_def_cfa_offset 8
 381              		.cfi_offset 7, -8
 382              		.cfi_offset 14, -4
 383 0002 00AF     		add	r7, sp, #0
 384              		.cfi_def_cfa_register 7
 261:.\Generated_Source\PSoC4/cyfitter_cfg.c **** 	CY_SET_XTND_REG32((void CYFAR *)CYREG_CTBM0_DFT_CTRL, 0x00000003u);
 385              		.loc 1 261 0
 386 0004 0A4B     		ldr	r3, .L13
 387 0006 0322     		mov	r2, #3
 388 0008 1A60     		str	r2, [r3]
 262:.\Generated_Source\PSoC4/cyfitter_cfg.c **** 	CY_SET_XTND_REG32((void CYFAR *)CYREG_CTBM1_DFT_CTRL, 0x00000003u);
 389              		.loc 1 262 0
 390 000a 0A4B     		ldr	r3, .L13+4
 391 000c 0322     		mov	r2, #3
 392 000e 1A60     		str	r2, [r3]
 263:.\Generated_Source\PSoC4/cyfitter_cfg.c **** 	CY_SET_XTND_REG32((void CYFAR *)CYREG_SAR_CTRL, 0x08000000u);
 393              		.loc 1 263 0
 394 0010 094B     		ldr	r3, .L13+8
 395 0012 8022     		mov	r2, #128
 396 0014 1205     		lsl	r2, r2, #20
 397 0016 1A60     		str	r2, [r3]
 264:.\Generated_Source\PSoC4/cyfitter_cfg.c **** 	CY_SET_XTND_REG32((void CYFAR *)CYREG_SAR_MUX_SWITCH0, 0x00000007u);
 398              		.loc 1 264 0
 399 0018 084B     		ldr	r3, .L13+12
 400 001a 0722     		mov	r2, #7
 401 001c 1A60     		str	r2, [r3]
 265:.\Generated_Source\PSoC4/cyfitter_cfg.c **** 	CY_SET_XTND_REG32((void CYFAR *)CYREG_SAR_MUX_SWITCH_HW_CTRL, 0x00000007u);
 402              		.loc 1 265 0
 403 001e 084B     		ldr	r3, .L13+16
 404 0020 0722     		mov	r2, #7
 405 0022 1A60     		str	r2, [r3]
 266:.\Generated_Source\PSoC4/cyfitter_cfg.c **** 	CY_SET_XTND_REG32((void CYFAR *)CYREG_PASS_DSAB_DSAB_CTRL, 0x00000000u);
 406              		.loc 1 266 0
 407 0024 074B     		ldr	r3, .L13+20
 408 0026 0022     		mov	r2, #0
 409 0028 1A60     		str	r2, [r3]
 267:.\Generated_Source\PSoC4/cyfitter_cfg.c **** }
 410              		.loc 1 267 0
 411 002a BD46     		mov	sp, r7
 412              		@ sp needed
 413 002c 80BD     		pop	{r7, pc}
 414              	.L14:
ARM GAS  C:\Users\LINETT~1\AppData\Local\Temp\ccyTGclo.s 			page 13


 415 002e C046     		.align	2
 416              	.L13:
 417 0030 30003040 		.word	1076887600
 418 0034 30003140 		.word	1076953136
 419 0038 00003A40 		.word	1077542912
 420 003c 00033A40 		.word	1077543680
 421 0040 40033A40 		.word	1077543744
 422 0044 000E3F40 		.word	1077874176
 423              		.cfi_endproc
 424              	.LFE7:
 425              		.size	AnalogSetDefault, .-AnalogSetDefault
 426              		.section	.psocinit
 427              		.align	2
 428              		.global	cyfitter_cfg
 429              		.code	16
 430              		.thumb_func
 431              		.type	cyfitter_cfg, %function
 432              	cyfitter_cfg:
 433              	.LFB8:
 268:.\Generated_Source\PSoC4/cyfitter_cfg.c **** 
 269:.\Generated_Source\PSoC4/cyfitter_cfg.c **** #define CY_AMUX_UNUSED CYREG_CM0_ROM_DWT
 270:.\Generated_Source\PSoC4/cyfitter_cfg.c **** 
 271:.\Generated_Source\PSoC4/cyfitter_cfg.c **** 
 272:.\Generated_Source\PSoC4/cyfitter_cfg.c **** /*******************************************************************************
 273:.\Generated_Source\PSoC4/cyfitter_cfg.c **** * Function Name: cyfitter_cfg
 274:.\Generated_Source\PSoC4/cyfitter_cfg.c **** ********************************************************************************
 275:.\Generated_Source\PSoC4/cyfitter_cfg.c **** * Summary:
 276:.\Generated_Source\PSoC4/cyfitter_cfg.c **** *  This function is called by the start-up code for the selected device. It
 277:.\Generated_Source\PSoC4/cyfitter_cfg.c **** *  performs all of the necessary device configuration based on the design
 278:.\Generated_Source\PSoC4/cyfitter_cfg.c **** *  settings.  This includes settings from the Design Wide Resources (DWR) such
 279:.\Generated_Source\PSoC4/cyfitter_cfg.c **** *  as Clocks and Pins as well as any component configuration that is necessary.
 280:.\Generated_Source\PSoC4/cyfitter_cfg.c **** *
 281:.\Generated_Source\PSoC4/cyfitter_cfg.c **** * Parameters:  
 282:.\Generated_Source\PSoC4/cyfitter_cfg.c **** *   void
 283:.\Generated_Source\PSoC4/cyfitter_cfg.c **** *
 284:.\Generated_Source\PSoC4/cyfitter_cfg.c **** * Return:
 285:.\Generated_Source\PSoC4/cyfitter_cfg.c **** *   void
 286:.\Generated_Source\PSoC4/cyfitter_cfg.c **** *
 287:.\Generated_Source\PSoC4/cyfitter_cfg.c **** *******************************************************************************/
 288:.\Generated_Source\PSoC4/cyfitter_cfg.c **** CY_CFG_SECTION
 289:.\Generated_Source\PSoC4/cyfitter_cfg.c **** void cyfitter_cfg(void)
 290:.\Generated_Source\PSoC4/cyfitter_cfg.c **** {
 434              		.loc 1 290 0
 435              		.cfi_startproc
 436 0100 80B5     		push	{r7, lr}
 437              		.cfi_def_cfa_offset 8
 438              		.cfi_offset 7, -8
 439              		.cfi_offset 14, -4
 440 0102 82B0     		sub	sp, sp, #8
 441              		.cfi_def_cfa_offset 16
 442 0104 00AF     		add	r7, sp, #0
 443              		.cfi_def_cfa_register 7
 291:.\Generated_Source\PSoC4/cyfitter_cfg.c **** 	/* Disable interrupts by default. Let user enable if/when they want. */
 292:.\Generated_Source\PSoC4/cyfitter_cfg.c **** 	CyGlobalIntDisable;
 444              		.loc 1 292 0
 445              	@ 292 ".\Generated_Source\PSoC4\cyfitter_cfg.c" 1
 446 0106 72B6     		CPSID   i
ARM GAS  C:\Users\LINETT~1\AppData\Local\Temp\ccyTGclo.s 			page 14


 447              	@ 0 "" 2
 293:.\Generated_Source\PSoC4/cyfitter_cfg.c **** 
 294:.\Generated_Source\PSoC4/cyfitter_cfg.c **** 	CY_SET_XTND_REG32((void CYFAR *)(CYREG_BLE_BLESS_LL_DSM_CTRL), 0x00000000u);
 448              		.loc 1 294 0
 449              		.code	16
 450 0108 4F4B     		ldr	r3, .L18
 451 010a 0022     		mov	r2, #0
 452 010c 1A60     		str	r2, [r3]
 295:.\Generated_Source\PSoC4/cyfitter_cfg.c **** 
 296:.\Generated_Source\PSoC4/cyfitter_cfg.c **** 	/* Enable the clock in the interrupt controller for the routed interrupts */
 297:.\Generated_Source\PSoC4/cyfitter_cfg.c **** 	CY_SET_REG8((void *)CYREG_UDB_UDBIF_INT_CLK_CTL, 0x01u);
 453              		.loc 1 297 0
 454 010e 4F4B     		ldr	r3, .L18+4
 455 0110 0122     		mov	r2, #1
 456 0112 1A70     		strb	r2, [r3]
 457              	.LBB3:
 298:.\Generated_Source\PSoC4/cyfitter_cfg.c **** 	{
 299:.\Generated_Source\PSoC4/cyfitter_cfg.c **** 		static const uint32 CYCODE cy_cfg_addr_table[] = {
 300:.\Generated_Source\PSoC4/cyfitter_cfg.c **** 			0x400F0001u, /* Base address: 0x400F0000 Count: 1 */
 301:.\Generated_Source\PSoC4/cyfitter_cfg.c **** 			0x400F3002u, /* Base address: 0x400F3000 Count: 2 */
 302:.\Generated_Source\PSoC4/cyfitter_cfg.c **** 			0x400F3102u, /* Base address: 0x400F3100 Count: 2 */
 303:.\Generated_Source\PSoC4/cyfitter_cfg.c **** 			0x400F4104u, /* Base address: 0x400F4100 Count: 4 */
 304:.\Generated_Source\PSoC4/cyfitter_cfg.c **** 			0x400F4204u, /* Base address: 0x400F4200 Count: 4 */
 305:.\Generated_Source\PSoC4/cyfitter_cfg.c **** 			0x400F6002u, /* Base address: 0x400F6000 Count: 2 */
 306:.\Generated_Source\PSoC4/cyfitter_cfg.c **** 		};
 307:.\Generated_Source\PSoC4/cyfitter_cfg.c **** 
 308:.\Generated_Source\PSoC4/cyfitter_cfg.c **** 		static const cy_cfg_addrvalue_t CYCODE cy_cfg_data_table[] = {
 309:.\Generated_Source\PSoC4/cyfitter_cfg.c **** 			{0x70u, 0x01u},
 310:.\Generated_Source\PSoC4/cyfitter_cfg.c **** 			{0x5Bu, 0x04u},
 311:.\Generated_Source\PSoC4/cyfitter_cfg.c **** 			{0x5Fu, 0x01u},
 312:.\Generated_Source\PSoC4/cyfitter_cfg.c **** 			{0x68u, 0x01u},
 313:.\Generated_Source\PSoC4/cyfitter_cfg.c **** 			{0x88u, 0x01u},
 314:.\Generated_Source\PSoC4/cyfitter_cfg.c **** 			{0x2Fu, 0x08u},
 315:.\Generated_Source\PSoC4/cyfitter_cfg.c **** 			{0x6Fu, 0x08u},
 316:.\Generated_Source\PSoC4/cyfitter_cfg.c **** 			{0xCAu, 0x20u},
 317:.\Generated_Source\PSoC4/cyfitter_cfg.c **** 			{0xDAu, 0x80u},
 318:.\Generated_Source\PSoC4/cyfitter_cfg.c **** 			{0x4Du, 0x02u},
 319:.\Generated_Source\PSoC4/cyfitter_cfg.c **** 			{0x89u, 0x02u},
 320:.\Generated_Source\PSoC4/cyfitter_cfg.c **** 			{0xD2u, 0x01u},
 321:.\Generated_Source\PSoC4/cyfitter_cfg.c **** 			{0xE0u, 0x01u},
 322:.\Generated_Source\PSoC4/cyfitter_cfg.c **** 			{0x02u, 0x01u},
 323:.\Generated_Source\PSoC4/cyfitter_cfg.c **** 			{0x11u, 0x01u},
 324:.\Generated_Source\PSoC4/cyfitter_cfg.c **** 		};
 325:.\Generated_Source\PSoC4/cyfitter_cfg.c **** 
 326:.\Generated_Source\PSoC4/cyfitter_cfg.c **** 
 327:.\Generated_Source\PSoC4/cyfitter_cfg.c **** 
 328:.\Generated_Source\PSoC4/cyfitter_cfg.c **** 		CYPACKED typedef struct {
 329:.\Generated_Source\PSoC4/cyfitter_cfg.c **** 			void CYFAR *address;
 330:.\Generated_Source\PSoC4/cyfitter_cfg.c **** 			uint16 size;
 331:.\Generated_Source\PSoC4/cyfitter_cfg.c **** 		} CYPACKED_ATTR cfg_memset_t;
 332:.\Generated_Source\PSoC4/cyfitter_cfg.c **** 
 333:.\Generated_Source\PSoC4/cyfitter_cfg.c **** 		static const cfg_memset_t CYCODE cfg_memset_list [] = {
 334:.\Generated_Source\PSoC4/cyfitter_cfg.c **** 			/* address, size */
 335:.\Generated_Source\PSoC4/cyfitter_cfg.c **** 			{(void CYFAR *)(CYDEV_UDB_P0_U0_BASE), 1024u},
 336:.\Generated_Source\PSoC4/cyfitter_cfg.c **** 			{(void CYFAR *)(CYDEV_UDB_DSI0_BASE), 1024u},
 337:.\Generated_Source\PSoC4/cyfitter_cfg.c **** 		};
 338:.\Generated_Source\PSoC4/cyfitter_cfg.c **** 
ARM GAS  C:\Users\LINETT~1\AppData\Local\Temp\ccyTGclo.s 			page 15


 339:.\Generated_Source\PSoC4/cyfitter_cfg.c **** 		uint8 CYDATA i;
 340:.\Generated_Source\PSoC4/cyfitter_cfg.c **** 
 341:.\Generated_Source\PSoC4/cyfitter_cfg.c **** 		/* Zero out critical memory blocks before beginning configuration */
 342:.\Generated_Source\PSoC4/cyfitter_cfg.c **** 		for (i = 0u; i < (sizeof(cfg_memset_list)/sizeof(cfg_memset_list[0])); i++)
 458              		.loc 1 342 0
 459 0114 FB1D     		add	r3, r7, #7
 460 0116 0022     		mov	r2, #0
 461 0118 1A70     		strb	r2, [r3]
 462 011a 23E0     		b	.L16
 463              	.L17:
 464              	.LBB4:
 343:.\Generated_Source\PSoC4/cyfitter_cfg.c **** 		{
 344:.\Generated_Source\PSoC4/cyfitter_cfg.c **** 			const cfg_memset_t CYCODE * CYDATA ms = &cfg_memset_list[i];
 465              		.loc 1 344 0 discriminator 3
 466 011c FB1D     		add	r3, r7, #7
 467 011e 1A78     		ldrb	r2, [r3]
 468 0120 131C     		mov	r3, r2
 469 0122 5B00     		lsl	r3, r3, #1
 470 0124 9B18     		add	r3, r3, r2
 471 0126 5B00     		lsl	r3, r3, #1
 472 0128 494A     		ldr	r2, .L18+8
 473 012a 9B18     		add	r3, r3, r2
 474 012c 3B60     		str	r3, [r7]
 345:.\Generated_Source\PSoC4/cyfitter_cfg.c **** 			CYMEMZERO(ms->address, (size_t)(uint32)(ms->size));
 475              		.loc 1 345 0 discriminator 3
 476 012e 3B68     		ldr	r3, [r7]
 477 0130 1A78     		ldrb	r2, [r3]
 478 0132 5978     		ldrb	r1, [r3, #1]
 479 0134 0902     		lsl	r1, r1, #8
 480 0136 0A43     		orr	r2, r1
 481 0138 9978     		ldrb	r1, [r3, #2]
 482 013a 0904     		lsl	r1, r1, #16
 483 013c 0A43     		orr	r2, r1
 484 013e DB78     		ldrb	r3, [r3, #3]
 485 0140 1B06     		lsl	r3, r3, #24
 486 0142 1343     		orr	r3, r2
 487 0144 191C     		mov	r1, r3
 488 0146 3B68     		ldr	r3, [r7]
 489 0148 1A79     		ldrb	r2, [r3, #4]
 490 014a 5B79     		ldrb	r3, [r3, #5]
 491 014c 1B02     		lsl	r3, r3, #8
 492 014e 1343     		orr	r3, r2
 493 0150 9BB2     		uxth	r3, r3
 494 0152 081C     		mov	r0, r1
 495 0154 191C     		mov	r1, r3
 496 0156 FFF7FEFF 		bl	CYMEMZERO
 497              	.LBE4:
 342:.\Generated_Source\PSoC4/cyfitter_cfg.c **** 		{
 498              		.loc 1 342 0 discriminator 3
 499 015a FB1D     		add	r3, r7, #7
 500 015c 1A78     		ldrb	r2, [r3]
 501 015e FB1D     		add	r3, r7, #7
 502 0160 0132     		add	r2, r2, #1
 503 0162 1A70     		strb	r2, [r3]
 504              	.L16:
 342:.\Generated_Source\PSoC4/cyfitter_cfg.c **** 		{
 505              		.loc 1 342 0 is_stmt 0 discriminator 1
ARM GAS  C:\Users\LINETT~1\AppData\Local\Temp\ccyTGclo.s 			page 16


 506 0164 FB1D     		add	r3, r7, #7
 507 0166 1B78     		ldrb	r3, [r3]
 508 0168 012B     		cmp	r3, #1
 509 016a D7D9     		bls	.L17
 346:.\Generated_Source\PSoC4/cyfitter_cfg.c **** 		}
 347:.\Generated_Source\PSoC4/cyfitter_cfg.c **** 
 348:.\Generated_Source\PSoC4/cyfitter_cfg.c **** 		cfg_write_bytes32(cy_cfg_addr_table, cy_cfg_data_table);
 510              		.loc 1 348 0 is_stmt 1
 511 016c 394A     		ldr	r2, .L18+12
 512 016e 3A4B     		ldr	r3, .L18+16
 513 0170 101C     		mov	r0, r2
 514 0172 191C     		mov	r1, r3
 515 0174 FFF7FEFF 		bl	cfg_write_bytes32
 349:.\Generated_Source\PSoC4/cyfitter_cfg.c **** 
 350:.\Generated_Source\PSoC4/cyfitter_cfg.c **** 		/* HSIOM Starting address: CYDEV_HSIOM_BASE */
 351:.\Generated_Source\PSoC4/cyfitter_cfg.c **** 		CY_SET_XTND_REG32((void CYFAR *)(CYDEV_HSIOM_BASE), 0xEE000000u);
 516              		.loc 1 351 0
 517 0178 384B     		ldr	r3, .L18+20
 518 017a EE22     		mov	r2, #238
 519 017c 1206     		lsl	r2, r2, #24
 520 017e 1A60     		str	r2, [r3]
 352:.\Generated_Source\PSoC4/cyfitter_cfg.c **** 		CY_SET_XTND_REG32((void CYFAR *)(CYREG_HSIOM_PORT_SEL1), 0x00990000u);
 521              		.loc 1 352 0
 522 0180 374B     		ldr	r3, .L18+24
 523 0182 9922     		mov	r2, #153
 524 0184 1204     		lsl	r2, r2, #16
 525 0186 1A60     		str	r2, [r3]
 353:.\Generated_Source\PSoC4/cyfitter_cfg.c **** 
 354:.\Generated_Source\PSoC4/cyfitter_cfg.c **** 		/* UDB_PA_0 Starting address: CYDEV_UDB_PA0_BASE */
 355:.\Generated_Source\PSoC4/cyfitter_cfg.c **** 		CY_SET_XTND_REG32((void CYFAR *)(CYDEV_UDB_PA0_BASE), 0x00990000u);
 526              		.loc 1 355 0
 527 0188 364B     		ldr	r3, .L18+28
 528 018a 9922     		mov	r2, #153
 529 018c 1204     		lsl	r2, r2, #16
 530 018e 1A60     		str	r2, [r3]
 356:.\Generated_Source\PSoC4/cyfitter_cfg.c **** 
 357:.\Generated_Source\PSoC4/cyfitter_cfg.c **** 		/* UDB_PA_1 Starting address: CYDEV_UDB_PA1_BASE */
 358:.\Generated_Source\PSoC4/cyfitter_cfg.c **** 		CY_SET_XTND_REG32((void CYFAR *)(CYDEV_UDB_PA1_BASE), 0x00990000u);
 531              		.loc 1 358 0
 532 0190 354B     		ldr	r3, .L18+32
 533 0192 9922     		mov	r2, #153
 534 0194 1204     		lsl	r2, r2, #16
 535 0196 1A60     		str	r2, [r3]
 359:.\Generated_Source\PSoC4/cyfitter_cfg.c **** 
 360:.\Generated_Source\PSoC4/cyfitter_cfg.c **** 		/* UDB_PA_2 Starting address: CYDEV_UDB_PA2_BASE */
 361:.\Generated_Source\PSoC4/cyfitter_cfg.c **** 		CY_SET_XTND_REG32((void CYFAR *)(CYDEV_UDB_PA2_BASE), 0x00990000u);
 536              		.loc 1 361 0
 537 0198 344B     		ldr	r3, .L18+36
 538 019a 9922     		mov	r2, #153
 539 019c 1204     		lsl	r2, r2, #16
 540 019e 1A60     		str	r2, [r3]
 362:.\Generated_Source\PSoC4/cyfitter_cfg.c **** 		CY_SET_XTND_REG32((void CYFAR *)(CYREG_UDB_PA2_CFG4), 0x80000000u);
 541              		.loc 1 362 0
 542 01a0 334B     		ldr	r3, .L18+40
 543 01a2 8022     		mov	r2, #128
 544 01a4 1206     		lsl	r2, r2, #24
 545 01a6 1A60     		str	r2, [r3]
ARM GAS  C:\Users\LINETT~1\AppData\Local\Temp\ccyTGclo.s 			page 17


 363:.\Generated_Source\PSoC4/cyfitter_cfg.c **** 
 364:.\Generated_Source\PSoC4/cyfitter_cfg.c **** 		/* UDB_PA_3 Starting address: CYDEV_UDB_PA3_BASE */
 365:.\Generated_Source\PSoC4/cyfitter_cfg.c **** 		CY_SET_XTND_REG32((void CYFAR *)(CYDEV_UDB_PA3_BASE), 0x00990000u);
 546              		.loc 1 365 0
 547 01a8 324B     		ldr	r3, .L18+44
 548 01aa 9922     		mov	r2, #153
 549 01ac 1204     		lsl	r2, r2, #16
 550 01ae 1A60     		str	r2, [r3]
 366:.\Generated_Source\PSoC4/cyfitter_cfg.c **** 
 367:.\Generated_Source\PSoC4/cyfitter_cfg.c **** 		/* TCPWM_CNT0 Starting address: CYDEV_TCPWM_CNT0_TR_CTRL0 */
 368:.\Generated_Source\PSoC4/cyfitter_cfg.c **** 		CY_SET_XTND_REG32((void CYFAR *)(CYREG_TCPWM_CNT0_TR_CTRL0), 0x000DDD1Du);
 551              		.loc 1 368 0
 552 01b0 314B     		ldr	r3, .L18+48
 553 01b2 324A     		ldr	r2, .L18+52
 554 01b4 1A60     		str	r2, [r3]
 369:.\Generated_Source\PSoC4/cyfitter_cfg.c **** 
 370:.\Generated_Source\PSoC4/cyfitter_cfg.c **** 		/* INT_SELECT Starting address: CYDEV_CPUSS_INT_SEL */
 371:.\Generated_Source\PSoC4/cyfitter_cfg.c **** 		CY_SET_XTND_REG32((void CYFAR *)(CYREG_CPUSS_INT_SEL), 0x00000002u);
 555              		.loc 1 371 0
 556 01b6 324B     		ldr	r3, .L18+56
 557 01b8 0222     		mov	r2, #2
 558 01ba 1A60     		str	r2, [r3]
 372:.\Generated_Source\PSoC4/cyfitter_cfg.c **** 
 373:.\Generated_Source\PSoC4/cyfitter_cfg.c **** 		/* Enable digital routing */
 374:.\Generated_Source\PSoC4/cyfitter_cfg.c **** 		CY_SET_XTND_REG8((void *)CYREG_UDB_UDBIF_BANK_CTL, CY_GET_XTND_REG8((void *)CYREG_UDB_UDBIF_BANK_
 559              		.loc 1 374 0
 560 01bc 314A     		ldr	r2, .L18+60
 561 01be 314B     		ldr	r3, .L18+60
 562 01c0 1B78     		ldrb	r3, [r3]
 563 01c2 DBB2     		uxtb	r3, r3
 564 01c4 0221     		mov	r1, #2
 565 01c6 0B43     		orr	r3, r1
 566 01c8 DBB2     		uxtb	r3, r3
 567 01ca 1370     		strb	r3, [r2]
 375:.\Generated_Source\PSoC4/cyfitter_cfg.c **** 
 376:.\Generated_Source\PSoC4/cyfitter_cfg.c **** 		/* Enable UDB array */
 377:.\Generated_Source\PSoC4/cyfitter_cfg.c **** 		CY_SET_XTND_REG8((void *)CYREG_UDB_UDBIF_WAIT_CFG, (uint8)((CY_GET_XTND_REG8((void *)CYREG_UDB_UD
 568              		.loc 1 377 0
 569 01cc 2E4A     		ldr	r2, .L18+64
 570 01ce 2E4B     		ldr	r3, .L18+64
 571 01d0 1B78     		ldrb	r3, [r3]
 572 01d2 DBB2     		uxtb	r3, r3
 573 01d4 3C21     		mov	r1, #60
 574 01d6 8B43     		bic	r3, r1
 575 01d8 DBB2     		uxtb	r3, r3
 576 01da 1421     		mov	r1, #20
 577 01dc 0B43     		orr	r3, r1
 578 01de DBB2     		uxtb	r3, r3
 579 01e0 1370     		strb	r3, [r2]
 378:.\Generated_Source\PSoC4/cyfitter_cfg.c **** 		CY_SET_XTND_REG8((void *)CYREG_UDB_UDBIF_BANK_CTL, (uint8)(CY_GET_XTND_REG8((void *)CYREG_UDB_UDB
 580              		.loc 1 378 0
 581 01e2 284A     		ldr	r2, .L18+60
 582 01e4 274B     		ldr	r3, .L18+60
 583 01e6 1B78     		ldrb	r3, [r3]
 584 01e8 DBB2     		uxtb	r3, r3
 585 01ea 1621     		mov	r1, #22
 586 01ec 0B43     		orr	r3, r1
ARM GAS  C:\Users\LINETT~1\AppData\Local\Temp\ccyTGclo.s 			page 18


 587 01ee DBB2     		uxtb	r3, r3
 588 01f0 1370     		strb	r3, [r2]
 589              	.LBE3:
 379:.\Generated_Source\PSoC4/cyfitter_cfg.c **** 	}
 380:.\Generated_Source\PSoC4/cyfitter_cfg.c **** 
 381:.\Generated_Source\PSoC4/cyfitter_cfg.c **** 	/* Perform second pass device configuration. These items must be configured in specific order afte
 382:.\Generated_Source\PSoC4/cyfitter_cfg.c **** 	/* IOPINS0_0 Starting address: CYDEV_GPIO_PRT0_BASE */
 383:.\Generated_Source\PSoC4/cyfitter_cfg.c **** 	CY_SET_XTND_REG32((void CYFAR *)(CYREG_GPIO_PRT0_PC), 0x00D80000u);
 590              		.loc 1 383 0
 591 01f2 264B     		ldr	r3, .L18+68
 592 01f4 D822     		mov	r2, #216
 593 01f6 1204     		lsl	r2, r2, #16
 594 01f8 1A60     		str	r2, [r3]
 384:.\Generated_Source\PSoC4/cyfitter_cfg.c **** 
 385:.\Generated_Source\PSoC4/cyfitter_cfg.c **** 	/* IOPINS0_1 Starting address: CYDEV_GPIO_PRT1_BASE */
 386:.\Generated_Source\PSoC4/cyfitter_cfg.c **** 	CY_SET_XTND_REG32((void CYFAR *)(CYDEV_GPIO_PRT1_BASE), 0x00000020u);
 595              		.loc 1 386 0
 596 01fa 254B     		ldr	r3, .L18+72
 597 01fc 2022     		mov	r2, #32
 598 01fe 1A60     		str	r2, [r3]
 387:.\Generated_Source\PSoC4/cyfitter_cfg.c **** 	CY_SET_XTND_REG32((void CYFAR *)(CYREG_GPIO_PRT1_PC), 0x00031000u);
 599              		.loc 1 387 0
 600 0200 244B     		ldr	r3, .L18+76
 601 0202 C422     		mov	r2, #196
 602 0204 9202     		lsl	r2, r2, #10
 603 0206 1A60     		str	r2, [r3]
 388:.\Generated_Source\PSoC4/cyfitter_cfg.c **** 	CY_SET_XTND_REG32((void CYFAR *)(CYREG_GPIO_PRT1_PC2), 0x00000020u);
 604              		.loc 1 388 0
 605 0208 234B     		ldr	r3, .L18+80
 606 020a 2022     		mov	r2, #32
 607 020c 1A60     		str	r2, [r3]
 389:.\Generated_Source\PSoC4/cyfitter_cfg.c **** 
 390:.\Generated_Source\PSoC4/cyfitter_cfg.c **** 	/* IOPINS0_2 Starting address: CYDEV_GPIO_PRT2_BASE */
 391:.\Generated_Source\PSoC4/cyfitter_cfg.c **** 	CY_SET_XTND_REG32((void CYFAR *)(CYDEV_GPIO_PRT2_BASE), 0x000000C0u);
 608              		.loc 1 391 0
 609 020e 234B     		ldr	r3, .L18+84
 610 0210 C022     		mov	r2, #192
 611 0212 1A60     		str	r2, [r3]
 392:.\Generated_Source\PSoC4/cyfitter_cfg.c **** 	CY_SET_XTND_REG32((void CYFAR *)(CYREG_GPIO_PRT2_PC), 0x00580000u);
 612              		.loc 1 392 0
 613 0214 224B     		ldr	r3, .L18+88
 614 0216 B022     		mov	r2, #176
 615 0218 D203     		lsl	r2, r2, #15
 616 021a 1A60     		str	r2, [r3]
 393:.\Generated_Source\PSoC4/cyfitter_cfg.c **** 	CY_SET_XTND_REG32((void CYFAR *)(CYREG_GPIO_PRT2_INTR_CFG), 0x00008000u);
 617              		.loc 1 393 0
 618 021c 214B     		ldr	r3, .L18+92
 619 021e 8022     		mov	r2, #128
 620 0220 1202     		lsl	r2, r2, #8
 621 0222 1A60     		str	r2, [r3]
 394:.\Generated_Source\PSoC4/cyfitter_cfg.c **** 
 395:.\Generated_Source\PSoC4/cyfitter_cfg.c **** 	/* IOPINS0_3 Starting address: CYDEV_GPIO_PRT3_BASE */
 396:.\Generated_Source\PSoC4/cyfitter_cfg.c **** 	CY_SET_XTND_REG32((void CYFAR *)(CYDEV_GPIO_PRT3_BASE), 0x00000047u);
 622              		.loc 1 396 0
 623 0224 204B     		ldr	r3, .L18+96
 624 0226 4722     		mov	r2, #71
 625 0228 1A60     		str	r2, [r3]
ARM GAS  C:\Users\LINETT~1\AppData\Local\Temp\ccyTGclo.s 			page 19


 397:.\Generated_Source\PSoC4/cyfitter_cfg.c **** 	CY_SET_XTND_REG32((void CYFAR *)(CYREG_GPIO_PRT3_PC), 0x00180000u);
 626              		.loc 1 397 0
 627 022a 204B     		ldr	r3, .L18+100
 628 022c C022     		mov	r2, #192
 629 022e 5203     		lsl	r2, r2, #13
 630 0230 1A60     		str	r2, [r3]
 398:.\Generated_Source\PSoC4/cyfitter_cfg.c **** 	CY_SET_XTND_REG32((void CYFAR *)(CYREG_GPIO_PRT3_PC2), 0x00000007u);
 631              		.loc 1 398 0
 632 0232 1F4B     		ldr	r3, .L18+104
 633 0234 0722     		mov	r2, #7
 634 0236 1A60     		str	r2, [r3]
 399:.\Generated_Source\PSoC4/cyfitter_cfg.c **** 
 400:.\Generated_Source\PSoC4/cyfitter_cfg.c **** 
 401:.\Generated_Source\PSoC4/cyfitter_cfg.c **** 	/* Setup clocks based on selections from Clock DWR */
 402:.\Generated_Source\PSoC4/cyfitter_cfg.c **** 	ClockSetup();
 635              		.loc 1 402 0
 636 0238 FFF7E2FE 		bl	ClockSetup
 403:.\Generated_Source\PSoC4/cyfitter_cfg.c **** 
 404:.\Generated_Source\PSoC4/cyfitter_cfg.c **** 	/* Perform basic analog initialization to defaults */
 405:.\Generated_Source\PSoC4/cyfitter_cfg.c **** 	AnalogSetDefault();
 637              		.loc 1 405 0
 638 023c FFF7FEFF 		bl	AnalogSetDefault
 406:.\Generated_Source\PSoC4/cyfitter_cfg.c **** 
 407:.\Generated_Source\PSoC4/cyfitter_cfg.c **** }
 639              		.loc 1 407 0
 640 0240 BD46     		mov	sp, r7
 641 0242 02B0     		add	sp, sp, #8
 642              		@ sp needed
 643 0244 80BD     		pop	{r7, pc}
 644              	.L19:
 645 0246 C046     		.align	2
 646              	.L18:
 647 0248 6CF02E40 		.word	1076818028
 648 024c 1C700F40 		.word	1074753564
 649 0250 00000000 		.word	cfg_memset_list.4765
 650 0254 0C000000 		.word	cy_cfg_addr_table.4759
 651 0258 24000000 		.word	cy_cfg_data_table.4760
 652 025c 00000240 		.word	1073872896
 653 0260 00010240 		.word	1073873152
 654 0264 00500F40 		.word	1074745344
 655 0268 10500F40 		.word	1074745360
 656 026c 20500F40 		.word	1074745376
 657 0270 24500F40 		.word	1074745380
 658 0274 30500F40 		.word	1074745392
 659 0278 20012040 		.word	1075839264
 660 027c 1DDD0D00 		.word	908573
 661 0280 20001040 		.word	1074790432
 662 0284 00700F40 		.word	1074753536
 663 0288 01700F40 		.word	1074753537
 664 028c 08000440 		.word	1074003976
 665 0290 00010440 		.word	1074004224
 666 0294 08010440 		.word	1074004232
 667 0298 18010440 		.word	1074004248
 668 029c 00020440 		.word	1074004480
 669 02a0 08020440 		.word	1074004488
 670 02a4 0C020440 		.word	1074004492
 671 02a8 00030440 		.word	1074004736
ARM GAS  C:\Users\LINETT~1\AppData\Local\Temp\ccyTGclo.s 			page 20


 672 02ac 08030440 		.word	1074004744
 673 02b0 18030440 		.word	1074004760
 674              		.cfi_endproc
 675              	.LFE8:
 676              		.size	cyfitter_cfg, .-cyfitter_cfg
 677              		.section	.rodata
 678              		.align	2
 679              		.type	cfg_memset_list.4765, %object
 680              		.size	cfg_memset_list.4765, 12
 681              	cfg_memset_list.4765:
 682 0000 00300F40 		.word	1074737152
 683 0004 0004     		.short	1024
 684 0006 00400F40 		.4byte	1074741248
 685 000a 0004     		.short	1024
 686              		.align	2
 687              		.type	cy_cfg_addr_table.4759, %object
 688              		.size	cy_cfg_addr_table.4759, 24
 689              	cy_cfg_addr_table.4759:
 690 000c 01000F40 		.word	1074724865
 691 0010 02300F40 		.word	1074737154
 692 0014 02310F40 		.word	1074737410
 693 0018 04410F40 		.word	1074741508
 694 001c 04420F40 		.word	1074741764
 695 0020 02600F40 		.word	1074749442
 696              		.align	2
 697              		.type	cy_cfg_data_table.4760, %object
 698              		.size	cy_cfg_data_table.4760, 30
 699              	cy_cfg_data_table.4760:
 700 0024 70       		.byte	112
 701 0025 01       		.byte	1
 702 0026 5B       		.byte	91
 703 0027 04       		.byte	4
 704 0028 5F       		.byte	95
 705 0029 01       		.byte	1
 706 002a 68       		.byte	104
 707 002b 01       		.byte	1
 708 002c 88       		.byte	-120
 709 002d 01       		.byte	1
 710 002e 2F       		.byte	47
 711 002f 08       		.byte	8
 712 0030 6F       		.byte	111
 713 0031 08       		.byte	8
 714 0032 CA       		.byte	-54
 715 0033 20       		.byte	32
 716 0034 DA       		.byte	-38
 717 0035 80       		.byte	-128
 718 0036 4D       		.byte	77
 719 0037 02       		.byte	2
 720 0038 89       		.byte	-119
 721 0039 02       		.byte	2
 722 003a D2       		.byte	-46
 723 003b 01       		.byte	1
 724 003c E0       		.byte	-32
 725 003d 01       		.byte	1
 726 003e 02       		.byte	2
 727 003f 01       		.byte	1
 728 0040 11       		.byte	17
ARM GAS  C:\Users\LINETT~1\AppData\Local\Temp\ccyTGclo.s 			page 21


 729 0041 01       		.byte	1
 730 0042 0000     		.text
 731              	.Letext0:
 732              		.file 2 "c:\\program files (x86)\\cypress\\psoc creator\\3.3\\psoc creator\\import\\gnu\\arm\\4.9.
 733              		.file 3 ".\\Generated_Source\\PSoC4\\cytypes.h"
 734              		.section	.debug_info,"",%progbits
 735              	.Ldebug_info0:
 736 0000 53030000 		.4byte	0x353
 737 0004 0400     		.2byte	0x4
 738 0006 00000000 		.4byte	.Ldebug_abbrev0
 739 000a 04       		.byte	0x4
 740 000b 01       		.uleb128 0x1
 741 000c 38010000 		.4byte	.LASF39
 742 0010 01       		.byte	0x1
 743 0011 16020000 		.4byte	.LASF40
 744 0015 5F000000 		.4byte	.LASF41
 745 0019 00000000 		.4byte	.Ldebug_ranges0+0
 746 001d 00000000 		.4byte	0
 747 0021 00000000 		.4byte	.Ldebug_line0
 748 0025 02       		.uleb128 0x2
 749 0026 04       		.byte	0x4
 750 0027 05       		.byte	0x5
 751 0028 696E7400 		.ascii	"int\000"
 752 002c 03       		.uleb128 0x3
 753 002d 06000000 		.4byte	.LASF11
 754 0031 02       		.byte	0x2
 755 0032 D4       		.byte	0xd4
 756 0033 37000000 		.4byte	0x37
 757 0037 04       		.uleb128 0x4
 758 0038 04       		.byte	0x4
 759 0039 07       		.byte	0x7
 760 003a C6010000 		.4byte	.LASF0
 761 003e 04       		.uleb128 0x4
 762 003f 01       		.byte	0x1
 763 0040 06       		.byte	0x6
 764 0041 7E020000 		.4byte	.LASF1
 765 0045 04       		.uleb128 0x4
 766 0046 01       		.byte	0x1
 767 0047 08       		.byte	0x8
 768 0048 E0000000 		.4byte	.LASF2
 769 004c 04       		.uleb128 0x4
 770 004d 02       		.byte	0x2
 771 004e 05       		.byte	0x5
 772 004f 6B020000 		.4byte	.LASF3
 773 0053 04       		.uleb128 0x4
 774 0054 02       		.byte	0x2
 775 0055 07       		.byte	0x7
 776 0056 8A020000 		.4byte	.LASF4
 777 005a 04       		.uleb128 0x4
 778 005b 04       		.byte	0x4
 779 005c 05       		.byte	0x5
 780 005d 75020000 		.4byte	.LASF5
 781 0061 04       		.uleb128 0x4
 782 0062 04       		.byte	0x4
 783 0063 07       		.byte	0x7
 784 0064 BE000000 		.4byte	.LASF6
 785 0068 04       		.uleb128 0x4
ARM GAS  C:\Users\LINETT~1\AppData\Local\Temp\ccyTGclo.s 			page 22


 786 0069 08       		.byte	0x8
 787 006a 05       		.byte	0x5
 788 006b 3E020000 		.4byte	.LASF7
 789 006f 04       		.uleb128 0x4
 790 0070 08       		.byte	0x8
 791 0071 07       		.byte	0x7
 792 0072 DB010000 		.4byte	.LASF8
 793 0076 04       		.uleb128 0x4
 794 0077 04       		.byte	0x4
 795 0078 07       		.byte	0x7
 796 0079 0D020000 		.4byte	.LASF9
 797 007d 05       		.uleb128 0x5
 798 007e 04       		.byte	0x4
 799 007f 04       		.uleb128 0x4
 800 0080 01       		.byte	0x1
 801 0081 08       		.byte	0x8
 802 0082 4C020000 		.4byte	.LASF10
 803 0086 06       		.uleb128 0x6
 804 0087 D0000000 		.4byte	.LASF12
 805 008b 03       		.byte	0x3
 806 008c 3801     		.2byte	0x138
 807 008e 45000000 		.4byte	0x45
 808 0092 06       		.uleb128 0x6
 809 0093 1F010000 		.4byte	.LASF13
 810 0097 03       		.byte	0x3
 811 0098 3901     		.2byte	0x139
 812 009a 53000000 		.4byte	0x53
 813 009e 06       		.uleb128 0x6
 814 009f 31010000 		.4byte	.LASF14
 815 00a3 03       		.byte	0x3
 816 00a4 3A01     		.2byte	0x13a
 817 00a6 61000000 		.4byte	0x61
 818 00aa 04       		.uleb128 0x4
 819 00ab 04       		.byte	0x4
 820 00ac 04       		.byte	0x4
 821 00ad 59000000 		.4byte	.LASF15
 822 00b1 04       		.uleb128 0x4
 823 00b2 08       		.byte	0x8
 824 00b3 04       		.byte	0x4
 825 00b4 EE000000 		.4byte	.LASF16
 826 00b8 06       		.uleb128 0x6
 827 00b9 B9000000 		.4byte	.LASF17
 828 00bd 03       		.byte	0x3
 829 00be E201     		.2byte	0x1e2
 830 00c0 C4000000 		.4byte	0xc4
 831 00c4 07       		.uleb128 0x7
 832 00c5 86000000 		.4byte	0x86
 833 00c9 06       		.uleb128 0x6
 834 00ca 00000000 		.4byte	.LASF18
 835 00ce 03       		.byte	0x3
 836 00cf E401     		.2byte	0x1e4
 837 00d1 D5000000 		.4byte	0xd5
 838 00d5 07       		.uleb128 0x7
 839 00d6 9E000000 		.4byte	0x9e
 840 00da 08       		.uleb128 0x8
 841 00db 02       		.byte	0x2
 842 00dc 01       		.byte	0x1
ARM GAS  C:\Users\LINETT~1\AppData\Local\Temp\ccyTGclo.s 			page 23


 843 00dd 7E       		.byte	0x7e
 844 00de FB000000 		.4byte	0xfb
 845 00e2 09       		.uleb128 0x9
 846 00e3 64020000 		.4byte	.LASF19
 847 00e7 01       		.byte	0x1
 848 00e8 80       		.byte	0x80
 849 00e9 86000000 		.4byte	0x86
 850 00ed 00       		.byte	0
 851 00ee 09       		.uleb128 0x9
 852 00ef 1E000000 		.4byte	.LASF20
 853 00f3 01       		.byte	0x1
 854 00f4 81       		.byte	0x81
 855 00f5 86000000 		.4byte	0x86
 856 00f9 01       		.byte	0x1
 857 00fa 00       		.byte	0
 858 00fb 03       		.uleb128 0x3
 859 00fc 51020000 		.4byte	.LASF21
 860 0100 01       		.byte	0x1
 861 0101 82       		.byte	0x82
 862 0102 DA000000 		.4byte	0xda
 863 0106 0A       		.uleb128 0xa
 864 0107 D6000000 		.4byte	.LASF22
 865 010b 01       		.byte	0x1
 866 010c 3C       		.byte	0x3c
 867 010d 00000000 		.4byte	.LFB2
 868 0111 1E000000 		.4byte	.LFE2-.LFB2
 869 0115 01       		.uleb128 0x1
 870 0116 9C       		.byte	0x9c
 871 0117 34010000 		.4byte	0x134
 872 011b 0B       		.uleb128 0xb
 873 011c 7300     		.ascii	"s\000"
 874 011e 01       		.byte	0x1
 875 011f 3C       		.byte	0x3c
 876 0120 7D000000 		.4byte	0x7d
 877 0124 02       		.uleb128 0x2
 878 0125 91       		.byte	0x91
 879 0126 74       		.sleb128 -12
 880 0127 0B       		.uleb128 0xb
 881 0128 6E00     		.ascii	"n\000"
 882 012a 01       		.byte	0x1
 883 012b 3C       		.byte	0x3c
 884 012c 2C000000 		.4byte	0x2c
 885 0130 02       		.uleb128 0x2
 886 0131 91       		.byte	0x91
 887 0132 70       		.sleb128 -16
 888 0133 00       		.byte	0
 889 0134 0A       		.uleb128 0xa
 890 0135 AD020000 		.4byte	.LASF23
 891 0139 01       		.byte	0x1
 892 013a 43       		.byte	0x43
 893 013b 00000000 		.4byte	.LFB3
 894 013f 22000000 		.4byte	.LFE3-.LFB3
 895 0143 01       		.uleb128 0x1
 896 0144 9C       		.byte	0x9c
 897 0145 72010000 		.4byte	0x172
 898 0149 0C       		.uleb128 0xc
 899 014a F2010000 		.4byte	.LASF24
ARM GAS  C:\Users\LINETT~1\AppData\Local\Temp\ccyTGclo.s 			page 24


 900 014e 01       		.byte	0x1
 901 014f 43       		.byte	0x43
 902 0150 7D000000 		.4byte	0x7d
 903 0154 02       		.uleb128 0x2
 904 0155 91       		.byte	0x91
 905 0156 74       		.sleb128 -12
 906 0157 0B       		.uleb128 0xb
 907 0158 73726300 		.ascii	"src\000"
 908 015c 01       		.byte	0x1
 909 015d 43       		.byte	0x43
 910 015e 72010000 		.4byte	0x172
 911 0162 02       		.uleb128 0x2
 912 0163 91       		.byte	0x91
 913 0164 70       		.sleb128 -16
 914 0165 0B       		.uleb128 0xb
 915 0166 6E00     		.ascii	"n\000"
 916 0168 01       		.byte	0x1
 917 0169 43       		.byte	0x43
 918 016a 2C000000 		.4byte	0x2c
 919 016e 02       		.uleb128 0x2
 920 016f 91       		.byte	0x91
 921 0170 6C       		.sleb128 -20
 922 0171 00       		.byte	0
 923 0172 0D       		.uleb128 0xd
 924 0173 04       		.byte	0x4
 925 0174 78010000 		.4byte	0x178
 926 0178 0E       		.uleb128 0xe
 927 0179 0A       		.uleb128 0xa
 928 017a 9D020000 		.4byte	.LASF25
 929 017e 01       		.byte	0x1
 930 017f 4A       		.byte	0x4a
 931 0180 00000000 		.4byte	.LFB4
 932 0184 22000000 		.4byte	.LFE4-.LFB4
 933 0188 01       		.uleb128 0x1
 934 0189 9C       		.byte	0x9c
 935 018a B7010000 		.4byte	0x1b7
 936 018e 0C       		.uleb128 0xc
 937 018f F2010000 		.4byte	.LASF24
 938 0193 01       		.byte	0x1
 939 0194 4A       		.byte	0x4a
 940 0195 7D000000 		.4byte	0x7d
 941 0199 02       		.uleb128 0x2
 942 019a 91       		.byte	0x91
 943 019b 74       		.sleb128 -12
 944 019c 0B       		.uleb128 0xb
 945 019d 73726300 		.ascii	"src\000"
 946 01a1 01       		.byte	0x1
 947 01a2 4A       		.byte	0x4a
 948 01a3 72010000 		.4byte	0x172
 949 01a7 02       		.uleb128 0x2
 950 01a8 91       		.byte	0x91
 951 01a9 70       		.sleb128 -16
 952 01aa 0B       		.uleb128 0xb
 953 01ab 6E00     		.ascii	"n\000"
 954 01ad 01       		.byte	0x1
 955 01ae 4A       		.byte	0x4a
 956 01af 2C000000 		.4byte	0x2c
ARM GAS  C:\Users\LINETT~1\AppData\Local\Temp\ccyTGclo.s 			page 25


 957 01b3 02       		.uleb128 0x2
 958 01b4 91       		.byte	0x91
 959 01b5 6C       		.sleb128 -20
 960 01b6 00       		.byte	0
 961 01b7 0F       		.uleb128 0xf
 962 01b8 F5000000 		.4byte	.LASF26
 963 01bc 01       		.byte	0x1
 964 01bd 95       		.byte	0x95
 965 01be 00000000 		.4byte	.LFB5
 966 01c2 80000000 		.4byte	.LFE5-.LFB5
 967 01c6 01       		.uleb128 0x1
 968 01c7 9C       		.byte	0x9c
 969 01c8 27020000 		.4byte	0x227
 970 01cc 0C       		.uleb128 0xc
 971 01cd 14010000 		.4byte	.LASF27
 972 01d1 01       		.byte	0x1
 973 01d2 95       		.byte	0x95
 974 01d3 27020000 		.4byte	0x227
 975 01d7 02       		.uleb128 0x2
 976 01d8 91       		.byte	0x91
 977 01d9 64       		.sleb128 -28
 978 01da 0C       		.uleb128 0xc
 979 01db 26010000 		.4byte	.LASF28
 980 01df 01       		.byte	0x1
 981 01e0 95       		.byte	0x95
 982 01e1 32020000 		.4byte	0x232
 983 01e5 02       		.uleb128 0x2
 984 01e6 91       		.byte	0x91
 985 01e7 60       		.sleb128 -32
 986 01e8 10       		.uleb128 0x10
 987 01e9 6900     		.ascii	"i\000"
 988 01eb 01       		.byte	0x1
 989 01ec 98       		.byte	0x98
 990 01ed 9E000000 		.4byte	0x9e
 991 01f1 02       		.uleb128 0x2
 992 01f2 91       		.byte	0x91
 993 01f3 74       		.sleb128 -12
 994 01f4 10       		.uleb128 0x10
 995 01f5 6A00     		.ascii	"j\000"
 996 01f7 01       		.byte	0x1
 997 01f8 98       		.byte	0x98
 998 01f9 9E000000 		.4byte	0x9e
 999 01fd 02       		.uleb128 0x2
 1000 01fe 91       		.byte	0x91
 1001 01ff 70       		.sleb128 -16
 1002 0200 11       		.uleb128 0x11
 1003 0201 14000000 		.4byte	.LBB2
 1004 0205 5A000000 		.4byte	.LBE2-.LBB2
 1005 0209 12       		.uleb128 0x12
 1006 020a 04020000 		.4byte	.LASF29
 1007 020e 01       		.byte	0x1
 1008 020f 9B       		.byte	0x9b
 1009 0210 9E000000 		.4byte	0x9e
 1010 0214 02       		.uleb128 0x2
 1011 0215 91       		.byte	0x91
 1012 0216 68       		.sleb128 -24
 1013 0217 12       		.uleb128 0x12
ARM GAS  C:\Users\LINETT~1\AppData\Local\Temp\ccyTGclo.s 			page 26


 1014 0218 24000000 		.4byte	.LASF30
 1015 021c 01       		.byte	0x1
 1016 021d 9C       		.byte	0x9c
 1017 021e 86000000 		.4byte	0x86
 1018 0222 02       		.uleb128 0x2
 1019 0223 91       		.byte	0x91
 1020 0224 6F       		.sleb128 -17
 1021 0225 00       		.byte	0
 1022 0226 00       		.byte	0
 1023 0227 0D       		.uleb128 0xd
 1024 0228 04       		.byte	0x4
 1025 0229 2D020000 		.4byte	0x22d
 1026 022d 13       		.uleb128 0x13
 1027 022e 9E000000 		.4byte	0x9e
 1028 0232 0D       		.uleb128 0xd
 1029 0233 04       		.byte	0x4
 1030 0234 38020000 		.4byte	0x238
 1031 0238 13       		.uleb128 0x13
 1032 0239 FB000000 		.4byte	0xfb
 1033 023d 14       		.uleb128 0x14
 1034 023e 2A000000 		.4byte	.LASF31
 1035 0242 01       		.byte	0x1
 1036 0243 BA       		.byte	0xba
 1037 0244 00000000 		.4byte	.LFB6
 1038 0248 00010000 		.4byte	.LFE6-.LFB6
 1039 024c 01       		.uleb128 0x1
 1040 024d 9C       		.byte	0x9c
 1041 024e 15       		.uleb128 0x15
 1042 024f 0D000000 		.4byte	.LASF32
 1043 0253 01       		.byte	0x1
 1044 0254 0301     		.2byte	0x103
 1045 0256 00000000 		.4byte	.LFB7
 1046 025a 48000000 		.4byte	.LFE7-.LFB7
 1047 025e 01       		.uleb128 0x1
 1048 025f 9C       		.byte	0x9c
 1049 0260 16       		.uleb128 0x16
 1050 0261 07010000 		.4byte	.LASF42
 1051 0265 01       		.byte	0x1
 1052 0266 2101     		.2byte	0x121
 1053 0268 00010000 		.4byte	.LFB8
 1054 026c B4010000 		.4byte	.LFE8-.LFB8
 1055 0270 01       		.uleb128 0x1
 1056 0271 9C       		.byte	0x9c
 1057 0272 2C030000 		.4byte	0x32c
 1058 0276 11       		.uleb128 0x11
 1059 0277 14010000 		.4byte	.LBB3
 1060 027b DE000000 		.4byte	.LBE3-.LBB3
 1061 027f 17       		.uleb128 0x17
 1062 0280 35000000 		.4byte	.LASF33
 1063 0284 01       		.byte	0x1
 1064 0285 2B01     		.2byte	0x12b
 1065 0287 3C030000 		.4byte	0x33c
 1066 028b 05       		.uleb128 0x5
 1067 028c 03       		.byte	0x3
 1068 028d 0C000000 		.4byte	cy_cfg_addr_table.4759
 1069 0291 17       		.uleb128 0x17
 1070 0292 47000000 		.4byte	.LASF34
ARM GAS  C:\Users\LINETT~1\AppData\Local\Temp\ccyTGclo.s 			page 27


 1071 0296 01       		.byte	0x1
 1072 0297 3401     		.2byte	0x134
 1073 0299 51030000 		.4byte	0x351
 1074 029d 05       		.uleb128 0x5
 1075 029e 03       		.byte	0x3
 1076 029f 24000000 		.4byte	cy_cfg_data_table.4760
 1077 02a3 18       		.uleb128 0x18
 1078 02a4 06       		.byte	0x6
 1079 02a5 01       		.byte	0x1
 1080 02a6 4801     		.2byte	0x148
 1081 02a8 C7020000 		.4byte	0x2c7
 1082 02ac 19       		.uleb128 0x19
 1083 02ad D3010000 		.4byte	.LASF35
 1084 02b1 01       		.byte	0x1
 1085 02b2 4901     		.2byte	0x149
 1086 02b4 7D000000 		.4byte	0x7d
 1087 02b8 00       		.byte	0
 1088 02b9 19       		.uleb128 0x19
 1089 02ba B4000000 		.4byte	.LASF36
 1090 02be 01       		.byte	0x1
 1091 02bf 4A01     		.2byte	0x14a
 1092 02c1 92000000 		.4byte	0x92
 1093 02c5 04       		.byte	0x4
 1094 02c6 00       		.byte	0
 1095 02c7 06       		.uleb128 0x6
 1096 02c8 F7010000 		.4byte	.LASF37
 1097 02cc 01       		.byte	0x1
 1098 02cd 4B01     		.2byte	0x14b
 1099 02cf A3020000 		.4byte	0x2a3
 1100 02d3 1A       		.uleb128 0x1a
 1101 02d4 C7020000 		.4byte	0x2c7
 1102 02d8 E3020000 		.4byte	0x2e3
 1103 02dc 1B       		.uleb128 0x1b
 1104 02dd 76000000 		.4byte	0x76
 1105 02e1 01       		.byte	0x1
 1106 02e2 00       		.byte	0
 1107 02e3 17       		.uleb128 0x17
 1108 02e4 A4000000 		.4byte	.LASF38
 1109 02e8 01       		.byte	0x1
 1110 02e9 4D01     		.2byte	0x14d
 1111 02eb F5020000 		.4byte	0x2f5
 1112 02ef 05       		.uleb128 0x5
 1113 02f0 03       		.byte	0x3
 1114 02f1 00000000 		.4byte	cfg_memset_list.4765
 1115 02f5 13       		.uleb128 0x13
 1116 02f6 D3020000 		.4byte	0x2d3
 1117 02fa 1C       		.uleb128 0x1c
 1118 02fb 6900     		.ascii	"i\000"
 1119 02fd 01       		.byte	0x1
 1120 02fe 5301     		.2byte	0x153
 1121 0300 86000000 		.4byte	0x86
 1122 0304 02       		.uleb128 0x2
 1123 0305 91       		.byte	0x91
 1124 0306 77       		.sleb128 -9
 1125 0307 11       		.uleb128 0x11
 1126 0308 1C010000 		.4byte	.LBB4
 1127 030c 3E000000 		.4byte	.LBE4-.LBB4
ARM GAS  C:\Users\LINETT~1\AppData\Local\Temp\ccyTGclo.s 			page 28


 1128 0310 1C       		.uleb128 0x1c
 1129 0311 6D7300   		.ascii	"ms\000"
 1130 0314 01       		.byte	0x1
 1131 0315 5801     		.2byte	0x158
 1132 0317 1E030000 		.4byte	0x31e
 1133 031b 02       		.uleb128 0x2
 1134 031c 91       		.byte	0x91
 1135 031d 70       		.sleb128 -16
 1136 031e 0D       		.uleb128 0xd
 1137 031f 04       		.byte	0x4
 1138 0320 24030000 		.4byte	0x324
 1139 0324 13       		.uleb128 0x13
 1140 0325 C7020000 		.4byte	0x2c7
 1141 0329 00       		.byte	0
 1142 032a 00       		.byte	0
 1143 032b 00       		.byte	0
 1144 032c 1A       		.uleb128 0x1a
 1145 032d 9E000000 		.4byte	0x9e
 1146 0331 3C030000 		.4byte	0x33c
 1147 0335 1B       		.uleb128 0x1b
 1148 0336 76000000 		.4byte	0x76
 1149 033a 05       		.byte	0x5
 1150 033b 00       		.byte	0
 1151 033c 13       		.uleb128 0x13
 1152 033d 2C030000 		.4byte	0x32c
 1153 0341 1A       		.uleb128 0x1a
 1154 0342 FB000000 		.4byte	0xfb
 1155 0346 51030000 		.4byte	0x351
 1156 034a 1B       		.uleb128 0x1b
 1157 034b 76000000 		.4byte	0x76
 1158 034f 0E       		.byte	0xe
 1159 0350 00       		.byte	0
 1160 0351 13       		.uleb128 0x13
 1161 0352 41030000 		.4byte	0x341
 1162 0356 00       		.byte	0
 1163              		.section	.debug_abbrev,"",%progbits
 1164              	.Ldebug_abbrev0:
 1165 0000 01       		.uleb128 0x1
 1166 0001 11       		.uleb128 0x11
 1167 0002 01       		.byte	0x1
 1168 0003 25       		.uleb128 0x25
 1169 0004 0E       		.uleb128 0xe
 1170 0005 13       		.uleb128 0x13
 1171 0006 0B       		.uleb128 0xb
 1172 0007 03       		.uleb128 0x3
 1173 0008 0E       		.uleb128 0xe
 1174 0009 1B       		.uleb128 0x1b
 1175 000a 0E       		.uleb128 0xe
 1176 000b 55       		.uleb128 0x55
 1177 000c 17       		.uleb128 0x17
 1178 000d 11       		.uleb128 0x11
 1179 000e 01       		.uleb128 0x1
 1180 000f 10       		.uleb128 0x10
 1181 0010 17       		.uleb128 0x17
 1182 0011 00       		.byte	0
 1183 0012 00       		.byte	0
 1184 0013 02       		.uleb128 0x2
ARM GAS  C:\Users\LINETT~1\AppData\Local\Temp\ccyTGclo.s 			page 29


 1185 0014 24       		.uleb128 0x24
 1186 0015 00       		.byte	0
 1187 0016 0B       		.uleb128 0xb
 1188 0017 0B       		.uleb128 0xb
 1189 0018 3E       		.uleb128 0x3e
 1190 0019 0B       		.uleb128 0xb
 1191 001a 03       		.uleb128 0x3
 1192 001b 08       		.uleb128 0x8
 1193 001c 00       		.byte	0
 1194 001d 00       		.byte	0
 1195 001e 03       		.uleb128 0x3
 1196 001f 16       		.uleb128 0x16
 1197 0020 00       		.byte	0
 1198 0021 03       		.uleb128 0x3
 1199 0022 0E       		.uleb128 0xe
 1200 0023 3A       		.uleb128 0x3a
 1201 0024 0B       		.uleb128 0xb
 1202 0025 3B       		.uleb128 0x3b
 1203 0026 0B       		.uleb128 0xb
 1204 0027 49       		.uleb128 0x49
 1205 0028 13       		.uleb128 0x13
 1206 0029 00       		.byte	0
 1207 002a 00       		.byte	0
 1208 002b 04       		.uleb128 0x4
 1209 002c 24       		.uleb128 0x24
 1210 002d 00       		.byte	0
 1211 002e 0B       		.uleb128 0xb
 1212 002f 0B       		.uleb128 0xb
 1213 0030 3E       		.uleb128 0x3e
 1214 0031 0B       		.uleb128 0xb
 1215 0032 03       		.uleb128 0x3
 1216 0033 0E       		.uleb128 0xe
 1217 0034 00       		.byte	0
 1218 0035 00       		.byte	0
 1219 0036 05       		.uleb128 0x5
 1220 0037 0F       		.uleb128 0xf
 1221 0038 00       		.byte	0
 1222 0039 0B       		.uleb128 0xb
 1223 003a 0B       		.uleb128 0xb
 1224 003b 00       		.byte	0
 1225 003c 00       		.byte	0
 1226 003d 06       		.uleb128 0x6
 1227 003e 16       		.uleb128 0x16
 1228 003f 00       		.byte	0
 1229 0040 03       		.uleb128 0x3
 1230 0041 0E       		.uleb128 0xe
 1231 0042 3A       		.uleb128 0x3a
 1232 0043 0B       		.uleb128 0xb
 1233 0044 3B       		.uleb128 0x3b
 1234 0045 05       		.uleb128 0x5
 1235 0046 49       		.uleb128 0x49
 1236 0047 13       		.uleb128 0x13
 1237 0048 00       		.byte	0
 1238 0049 00       		.byte	0
 1239 004a 07       		.uleb128 0x7
 1240 004b 35       		.uleb128 0x35
 1241 004c 00       		.byte	0
ARM GAS  C:\Users\LINETT~1\AppData\Local\Temp\ccyTGclo.s 			page 30


 1242 004d 49       		.uleb128 0x49
 1243 004e 13       		.uleb128 0x13
 1244 004f 00       		.byte	0
 1245 0050 00       		.byte	0
 1246 0051 08       		.uleb128 0x8
 1247 0052 13       		.uleb128 0x13
 1248 0053 01       		.byte	0x1
 1249 0054 0B       		.uleb128 0xb
 1250 0055 0B       		.uleb128 0xb
 1251 0056 3A       		.uleb128 0x3a
 1252 0057 0B       		.uleb128 0xb
 1253 0058 3B       		.uleb128 0x3b
 1254 0059 0B       		.uleb128 0xb
 1255 005a 01       		.uleb128 0x1
 1256 005b 13       		.uleb128 0x13
 1257 005c 00       		.byte	0
 1258 005d 00       		.byte	0
 1259 005e 09       		.uleb128 0x9
 1260 005f 0D       		.uleb128 0xd
 1261 0060 00       		.byte	0
 1262 0061 03       		.uleb128 0x3
 1263 0062 0E       		.uleb128 0xe
 1264 0063 3A       		.uleb128 0x3a
 1265 0064 0B       		.uleb128 0xb
 1266 0065 3B       		.uleb128 0x3b
 1267 0066 0B       		.uleb128 0xb
 1268 0067 49       		.uleb128 0x49
 1269 0068 13       		.uleb128 0x13
 1270 0069 38       		.uleb128 0x38
 1271 006a 0B       		.uleb128 0xb
 1272 006b 00       		.byte	0
 1273 006c 00       		.byte	0
 1274 006d 0A       		.uleb128 0xa
 1275 006e 2E       		.uleb128 0x2e
 1276 006f 01       		.byte	0x1
 1277 0070 03       		.uleb128 0x3
 1278 0071 0E       		.uleb128 0xe
 1279 0072 3A       		.uleb128 0x3a
 1280 0073 0B       		.uleb128 0xb
 1281 0074 3B       		.uleb128 0x3b
 1282 0075 0B       		.uleb128 0xb
 1283 0076 27       		.uleb128 0x27
 1284 0077 19       		.uleb128 0x19
 1285 0078 11       		.uleb128 0x11
 1286 0079 01       		.uleb128 0x1
 1287 007a 12       		.uleb128 0x12
 1288 007b 06       		.uleb128 0x6
 1289 007c 40       		.uleb128 0x40
 1290 007d 18       		.uleb128 0x18
 1291 007e 9642     		.uleb128 0x2116
 1292 0080 19       		.uleb128 0x19
 1293 0081 01       		.uleb128 0x1
 1294 0082 13       		.uleb128 0x13
 1295 0083 00       		.byte	0
 1296 0084 00       		.byte	0
 1297 0085 0B       		.uleb128 0xb
 1298 0086 05       		.uleb128 0x5
ARM GAS  C:\Users\LINETT~1\AppData\Local\Temp\ccyTGclo.s 			page 31


 1299 0087 00       		.byte	0
 1300 0088 03       		.uleb128 0x3
 1301 0089 08       		.uleb128 0x8
 1302 008a 3A       		.uleb128 0x3a
 1303 008b 0B       		.uleb128 0xb
 1304 008c 3B       		.uleb128 0x3b
 1305 008d 0B       		.uleb128 0xb
 1306 008e 49       		.uleb128 0x49
 1307 008f 13       		.uleb128 0x13
 1308 0090 02       		.uleb128 0x2
 1309 0091 18       		.uleb128 0x18
 1310 0092 00       		.byte	0
 1311 0093 00       		.byte	0
 1312 0094 0C       		.uleb128 0xc
 1313 0095 05       		.uleb128 0x5
 1314 0096 00       		.byte	0
 1315 0097 03       		.uleb128 0x3
 1316 0098 0E       		.uleb128 0xe
 1317 0099 3A       		.uleb128 0x3a
 1318 009a 0B       		.uleb128 0xb
 1319 009b 3B       		.uleb128 0x3b
 1320 009c 0B       		.uleb128 0xb
 1321 009d 49       		.uleb128 0x49
 1322 009e 13       		.uleb128 0x13
 1323 009f 02       		.uleb128 0x2
 1324 00a0 18       		.uleb128 0x18
 1325 00a1 00       		.byte	0
 1326 00a2 00       		.byte	0
 1327 00a3 0D       		.uleb128 0xd
 1328 00a4 0F       		.uleb128 0xf
 1329 00a5 00       		.byte	0
 1330 00a6 0B       		.uleb128 0xb
 1331 00a7 0B       		.uleb128 0xb
 1332 00a8 49       		.uleb128 0x49
 1333 00a9 13       		.uleb128 0x13
 1334 00aa 00       		.byte	0
 1335 00ab 00       		.byte	0
 1336 00ac 0E       		.uleb128 0xe
 1337 00ad 26       		.uleb128 0x26
 1338 00ae 00       		.byte	0
 1339 00af 00       		.byte	0
 1340 00b0 00       		.byte	0
 1341 00b1 0F       		.uleb128 0xf
 1342 00b2 2E       		.uleb128 0x2e
 1343 00b3 01       		.byte	0x1
 1344 00b4 03       		.uleb128 0x3
 1345 00b5 0E       		.uleb128 0xe
 1346 00b6 3A       		.uleb128 0x3a
 1347 00b7 0B       		.uleb128 0xb
 1348 00b8 3B       		.uleb128 0x3b
 1349 00b9 0B       		.uleb128 0xb
 1350 00ba 27       		.uleb128 0x27
 1351 00bb 19       		.uleb128 0x19
 1352 00bc 11       		.uleb128 0x11
 1353 00bd 01       		.uleb128 0x1
 1354 00be 12       		.uleb128 0x12
 1355 00bf 06       		.uleb128 0x6
ARM GAS  C:\Users\LINETT~1\AppData\Local\Temp\ccyTGclo.s 			page 32


 1356 00c0 40       		.uleb128 0x40
 1357 00c1 18       		.uleb128 0x18
 1358 00c2 9742     		.uleb128 0x2117
 1359 00c4 19       		.uleb128 0x19
 1360 00c5 01       		.uleb128 0x1
 1361 00c6 13       		.uleb128 0x13
 1362 00c7 00       		.byte	0
 1363 00c8 00       		.byte	0
 1364 00c9 10       		.uleb128 0x10
 1365 00ca 34       		.uleb128 0x34
 1366 00cb 00       		.byte	0
 1367 00cc 03       		.uleb128 0x3
 1368 00cd 08       		.uleb128 0x8
 1369 00ce 3A       		.uleb128 0x3a
 1370 00cf 0B       		.uleb128 0xb
 1371 00d0 3B       		.uleb128 0x3b
 1372 00d1 0B       		.uleb128 0xb
 1373 00d2 49       		.uleb128 0x49
 1374 00d3 13       		.uleb128 0x13
 1375 00d4 02       		.uleb128 0x2
 1376 00d5 18       		.uleb128 0x18
 1377 00d6 00       		.byte	0
 1378 00d7 00       		.byte	0
 1379 00d8 11       		.uleb128 0x11
 1380 00d9 0B       		.uleb128 0xb
 1381 00da 01       		.byte	0x1
 1382 00db 11       		.uleb128 0x11
 1383 00dc 01       		.uleb128 0x1
 1384 00dd 12       		.uleb128 0x12
 1385 00de 06       		.uleb128 0x6
 1386 00df 00       		.byte	0
 1387 00e0 00       		.byte	0
 1388 00e1 12       		.uleb128 0x12
 1389 00e2 34       		.uleb128 0x34
 1390 00e3 00       		.byte	0
 1391 00e4 03       		.uleb128 0x3
 1392 00e5 0E       		.uleb128 0xe
 1393 00e6 3A       		.uleb128 0x3a
 1394 00e7 0B       		.uleb128 0xb
 1395 00e8 3B       		.uleb128 0x3b
 1396 00e9 0B       		.uleb128 0xb
 1397 00ea 49       		.uleb128 0x49
 1398 00eb 13       		.uleb128 0x13
 1399 00ec 02       		.uleb128 0x2
 1400 00ed 18       		.uleb128 0x18
 1401 00ee 00       		.byte	0
 1402 00ef 00       		.byte	0
 1403 00f0 13       		.uleb128 0x13
 1404 00f1 26       		.uleb128 0x26
 1405 00f2 00       		.byte	0
 1406 00f3 49       		.uleb128 0x49
 1407 00f4 13       		.uleb128 0x13
 1408 00f5 00       		.byte	0
 1409 00f6 00       		.byte	0
 1410 00f7 14       		.uleb128 0x14
 1411 00f8 2E       		.uleb128 0x2e
 1412 00f9 00       		.byte	0
ARM GAS  C:\Users\LINETT~1\AppData\Local\Temp\ccyTGclo.s 			page 33


 1413 00fa 03       		.uleb128 0x3
 1414 00fb 0E       		.uleb128 0xe
 1415 00fc 3A       		.uleb128 0x3a
 1416 00fd 0B       		.uleb128 0xb
 1417 00fe 3B       		.uleb128 0x3b
 1418 00ff 0B       		.uleb128 0xb
 1419 0100 27       		.uleb128 0x27
 1420 0101 19       		.uleb128 0x19
 1421 0102 11       		.uleb128 0x11
 1422 0103 01       		.uleb128 0x1
 1423 0104 12       		.uleb128 0x12
 1424 0105 06       		.uleb128 0x6
 1425 0106 40       		.uleb128 0x40
 1426 0107 18       		.uleb128 0x18
 1427 0108 9642     		.uleb128 0x2116
 1428 010a 19       		.uleb128 0x19
 1429 010b 00       		.byte	0
 1430 010c 00       		.byte	0
 1431 010d 15       		.uleb128 0x15
 1432 010e 2E       		.uleb128 0x2e
 1433 010f 00       		.byte	0
 1434 0110 03       		.uleb128 0x3
 1435 0111 0E       		.uleb128 0xe
 1436 0112 3A       		.uleb128 0x3a
 1437 0113 0B       		.uleb128 0xb
 1438 0114 3B       		.uleb128 0x3b
 1439 0115 05       		.uleb128 0x5
 1440 0116 27       		.uleb128 0x27
 1441 0117 19       		.uleb128 0x19
 1442 0118 11       		.uleb128 0x11
 1443 0119 01       		.uleb128 0x1
 1444 011a 12       		.uleb128 0x12
 1445 011b 06       		.uleb128 0x6
 1446 011c 40       		.uleb128 0x40
 1447 011d 18       		.uleb128 0x18
 1448 011e 9742     		.uleb128 0x2117
 1449 0120 19       		.uleb128 0x19
 1450 0121 00       		.byte	0
 1451 0122 00       		.byte	0
 1452 0123 16       		.uleb128 0x16
 1453 0124 2E       		.uleb128 0x2e
 1454 0125 01       		.byte	0x1
 1455 0126 3F       		.uleb128 0x3f
 1456 0127 19       		.uleb128 0x19
 1457 0128 03       		.uleb128 0x3
 1458 0129 0E       		.uleb128 0xe
 1459 012a 3A       		.uleb128 0x3a
 1460 012b 0B       		.uleb128 0xb
 1461 012c 3B       		.uleb128 0x3b
 1462 012d 05       		.uleb128 0x5
 1463 012e 27       		.uleb128 0x27
 1464 012f 19       		.uleb128 0x19
 1465 0130 11       		.uleb128 0x11
 1466 0131 01       		.uleb128 0x1
 1467 0132 12       		.uleb128 0x12
 1468 0133 06       		.uleb128 0x6
 1469 0134 40       		.uleb128 0x40
ARM GAS  C:\Users\LINETT~1\AppData\Local\Temp\ccyTGclo.s 			page 34


 1470 0135 18       		.uleb128 0x18
 1471 0136 9642     		.uleb128 0x2116
 1472 0138 19       		.uleb128 0x19
 1473 0139 01       		.uleb128 0x1
 1474 013a 13       		.uleb128 0x13
 1475 013b 00       		.byte	0
 1476 013c 00       		.byte	0
 1477 013d 17       		.uleb128 0x17
 1478 013e 34       		.uleb128 0x34
 1479 013f 00       		.byte	0
 1480 0140 03       		.uleb128 0x3
 1481 0141 0E       		.uleb128 0xe
 1482 0142 3A       		.uleb128 0x3a
 1483 0143 0B       		.uleb128 0xb
 1484 0144 3B       		.uleb128 0x3b
 1485 0145 05       		.uleb128 0x5
 1486 0146 49       		.uleb128 0x49
 1487 0147 13       		.uleb128 0x13
 1488 0148 02       		.uleb128 0x2
 1489 0149 18       		.uleb128 0x18
 1490 014a 00       		.byte	0
 1491 014b 00       		.byte	0
 1492 014c 18       		.uleb128 0x18
 1493 014d 13       		.uleb128 0x13
 1494 014e 01       		.byte	0x1
 1495 014f 0B       		.uleb128 0xb
 1496 0150 0B       		.uleb128 0xb
 1497 0151 3A       		.uleb128 0x3a
 1498 0152 0B       		.uleb128 0xb
 1499 0153 3B       		.uleb128 0x3b
 1500 0154 05       		.uleb128 0x5
 1501 0155 01       		.uleb128 0x1
 1502 0156 13       		.uleb128 0x13
 1503 0157 00       		.byte	0
 1504 0158 00       		.byte	0
 1505 0159 19       		.uleb128 0x19
 1506 015a 0D       		.uleb128 0xd
 1507 015b 00       		.byte	0
 1508 015c 03       		.uleb128 0x3
 1509 015d 0E       		.uleb128 0xe
 1510 015e 3A       		.uleb128 0x3a
 1511 015f 0B       		.uleb128 0xb
 1512 0160 3B       		.uleb128 0x3b
 1513 0161 05       		.uleb128 0x5
 1514 0162 49       		.uleb128 0x49
 1515 0163 13       		.uleb128 0x13
 1516 0164 38       		.uleb128 0x38
 1517 0165 0B       		.uleb128 0xb
 1518 0166 00       		.byte	0
 1519 0167 00       		.byte	0
 1520 0168 1A       		.uleb128 0x1a
 1521 0169 01       		.uleb128 0x1
 1522 016a 01       		.byte	0x1
 1523 016b 49       		.uleb128 0x49
 1524 016c 13       		.uleb128 0x13
 1525 016d 01       		.uleb128 0x1
 1526 016e 13       		.uleb128 0x13
ARM GAS  C:\Users\LINETT~1\AppData\Local\Temp\ccyTGclo.s 			page 35


 1527 016f 00       		.byte	0
 1528 0170 00       		.byte	0
 1529 0171 1B       		.uleb128 0x1b
 1530 0172 21       		.uleb128 0x21
 1531 0173 00       		.byte	0
 1532 0174 49       		.uleb128 0x49
 1533 0175 13       		.uleb128 0x13
 1534 0176 2F       		.uleb128 0x2f
 1535 0177 0B       		.uleb128 0xb
 1536 0178 00       		.byte	0
 1537 0179 00       		.byte	0
 1538 017a 1C       		.uleb128 0x1c
 1539 017b 34       		.uleb128 0x34
 1540 017c 00       		.byte	0
 1541 017d 03       		.uleb128 0x3
 1542 017e 08       		.uleb128 0x8
 1543 017f 3A       		.uleb128 0x3a
 1544 0180 0B       		.uleb128 0xb
 1545 0181 3B       		.uleb128 0x3b
 1546 0182 05       		.uleb128 0x5
 1547 0183 49       		.uleb128 0x49
 1548 0184 13       		.uleb128 0x13
 1549 0185 02       		.uleb128 0x2
 1550 0186 18       		.uleb128 0x18
 1551 0187 00       		.byte	0
 1552 0188 00       		.byte	0
 1553 0189 00       		.byte	0
 1554              		.section	.debug_aranges,"",%progbits
 1555 0000 4C000000 		.4byte	0x4c
 1556 0004 0200     		.2byte	0x2
 1557 0006 00000000 		.4byte	.Ldebug_info0
 1558 000a 04       		.byte	0x4
 1559 000b 00       		.byte	0
 1560 000c 0000     		.2byte	0
 1561 000e 0000     		.2byte	0
 1562 0010 00000000 		.4byte	.LFB2
 1563 0014 1E000000 		.4byte	.LFE2-.LFB2
 1564 0018 00000000 		.4byte	.LFB3
 1565 001c 22000000 		.4byte	.LFE3-.LFB3
 1566 0020 00000000 		.4byte	.LFB4
 1567 0024 22000000 		.4byte	.LFE4-.LFB4
 1568 0028 00000000 		.4byte	.LFB5
 1569 002c 80000000 		.4byte	.LFE5-.LFB5
 1570 0030 00000000 		.4byte	.LFB6
 1571 0034 00010000 		.4byte	.LFE6-.LFB6
 1572 0038 00000000 		.4byte	.LFB7
 1573 003c 48000000 		.4byte	.LFE7-.LFB7
 1574 0040 00010000 		.4byte	.LFB8
 1575 0044 B4010000 		.4byte	.LFE8-.LFB8
 1576 0048 00000000 		.4byte	0
 1577 004c 00000000 		.4byte	0
 1578              		.section	.debug_ranges,"",%progbits
 1579              	.Ldebug_ranges0:
 1580 0000 00000000 		.4byte	.LFB2
 1581 0004 1E000000 		.4byte	.LFE2
 1582 0008 00000000 		.4byte	.LFB3
 1583 000c 22000000 		.4byte	.LFE3
ARM GAS  C:\Users\LINETT~1\AppData\Local\Temp\ccyTGclo.s 			page 36


 1584 0010 00000000 		.4byte	.LFB4
 1585 0014 22000000 		.4byte	.LFE4
 1586 0018 00000000 		.4byte	.LFB5
 1587 001c 80000000 		.4byte	.LFE5
 1588 0020 00000000 		.4byte	.LFB6
 1589 0024 00010000 		.4byte	.LFE6
 1590 0028 00000000 		.4byte	.LFB7
 1591 002c 48000000 		.4byte	.LFE7
 1592 0030 00010000 		.4byte	.LFB8
 1593 0034 B4020000 		.4byte	.LFE8
 1594 0038 00000000 		.4byte	0
 1595 003c 00000000 		.4byte	0
 1596              		.section	.debug_line,"",%progbits
 1597              	.Ldebug_line0:
 1598 0000 AC010000 		.section	.debug_str,"MS",%progbits,1
 1598      0200CD00 
 1598      00000201 
 1598      FB0E0D00 
 1598      01010101 
 1599              	.LASF18:
 1600 0000 72656733 		.ascii	"reg32\000"
 1600      3200
 1601              	.LASF11:
 1602 0006 73697A65 		.ascii	"size_t\000"
 1602      5F7400
 1603              	.LASF32:
 1604 000d 416E616C 		.ascii	"AnalogSetDefault\000"
 1604      6F675365 
 1604      74446566 
 1604      61756C74 
 1604      00
 1605              	.LASF20:
 1606 001e 76616C75 		.ascii	"value\000"
 1606      6500
 1607              	.LASF30:
 1608 0024 636F756E 		.ascii	"count\000"
 1608      7400
 1609              	.LASF31:
 1610 002a 436C6F63 		.ascii	"ClockSetup\000"
 1610      6B536574 
 1610      757000
 1611              	.LASF33:
 1612 0035 63795F63 		.ascii	"cy_cfg_addr_table\000"
 1612      66675F61 
 1612      6464725F 
 1612      7461626C 
 1612      6500
 1613              	.LASF34:
 1614 0047 63795F63 		.ascii	"cy_cfg_data_table\000"
 1614      66675F64 
 1614      6174615F 
 1614      7461626C 
 1614      6500
 1615              	.LASF15:
 1616 0059 666C6F61 		.ascii	"float\000"
 1616      7400
 1617              	.LASF41:
ARM GAS  C:\Users\LINETT~1\AppData\Local\Temp\ccyTGclo.s 			page 37


 1618 005f 433A5C55 		.ascii	"C:\\Users\\Linette Helena\\Desktop\\hgjki\\ADC_filt"
 1618      73657273 
 1618      5C4C696E 
 1618      65747465 
 1618      2048656C 
 1619 008d 72655F73 		.ascii	"re_samlet_grader.cydsn\000"
 1619      616D6C65 
 1619      745F6772 
 1619      61646572 
 1619      2E637964 
 1620              	.LASF38:
 1621 00a4 6366675F 		.ascii	"cfg_memset_list\000"
 1621      6D656D73 
 1621      65745F6C 
 1621      69737400 
 1622              	.LASF36:
 1623 00b4 73697A65 		.ascii	"size\000"
 1623      00
 1624              	.LASF17:
 1625 00b9 72656738 		.ascii	"reg8\000"
 1625      00
 1626              	.LASF6:
 1627 00be 6C6F6E67 		.ascii	"long unsigned int\000"
 1627      20756E73 
 1627      69676E65 
 1627      6420696E 
 1627      7400
 1628              	.LASF12:
 1629 00d0 75696E74 		.ascii	"uint8\000"
 1629      3800
 1630              	.LASF22:
 1631 00d6 43594D45 		.ascii	"CYMEMZERO\000"
 1631      4D5A4552 
 1631      4F00
 1632              	.LASF2:
 1633 00e0 756E7369 		.ascii	"unsigned char\000"
 1633      676E6564 
 1633      20636861 
 1633      7200
 1634              	.LASF16:
 1635 00ee 646F7562 		.ascii	"double\000"
 1635      6C6500
 1636              	.LASF26:
 1637 00f5 6366675F 		.ascii	"cfg_write_bytes32\000"
 1637      77726974 
 1637      655F6279 
 1637      74657333 
 1637      3200
 1638              	.LASF42:
 1639 0107 63796669 		.ascii	"cyfitter_cfg\000"
 1639      74746572 
 1639      5F636667 
 1639      00
 1640              	.LASF27:
 1641 0114 61646472 		.ascii	"addr_table\000"
 1641      5F746162 
 1641      6C6500
ARM GAS  C:\Users\LINETT~1\AppData\Local\Temp\ccyTGclo.s 			page 38


 1642              	.LASF13:
 1643 011f 75696E74 		.ascii	"uint16\000"
 1643      313600
 1644              	.LASF28:
 1645 0126 64617461 		.ascii	"data_table\000"
 1645      5F746162 
 1645      6C6500
 1646              	.LASF14:
 1647 0131 75696E74 		.ascii	"uint32\000"
 1647      333200
 1648              	.LASF39:
 1649 0138 474E5520 		.ascii	"GNU C 4.9.3 20150303 (release) [ARM/embedded-4_9-br"
 1649      4320342E 
 1649      392E3320 
 1649      32303135 
 1649      30333033 
 1650 016b 616E6368 		.ascii	"anch revision 221220] -mcpu=cortex-m0 -mthumb -g -O"
 1650      20726576 
 1650      6973696F 
 1650      6E203232 
 1650      31323230 
 1651 019e 30202D66 		.ascii	"0 -ffunction-sections -ffat-lto-objects\000"
 1651      66756E63 
 1651      74696F6E 
 1651      2D736563 
 1651      74696F6E 
 1652              	.LASF0:
 1653 01c6 756E7369 		.ascii	"unsigned int\000"
 1653      676E6564 
 1653      20696E74 
 1653      00
 1654              	.LASF35:
 1655 01d3 61646472 		.ascii	"address\000"
 1655      65737300 
 1656              	.LASF8:
 1657 01db 6C6F6E67 		.ascii	"long long unsigned int\000"
 1657      206C6F6E 
 1657      6720756E 
 1657      7369676E 
 1657      65642069 
 1658              	.LASF24:
 1659 01f2 64657374 		.ascii	"dest\000"
 1659      00
 1660              	.LASF37:
 1661 01f7 6366675F 		.ascii	"cfg_memset_t\000"
 1661      6D656D73 
 1661      65745F74 
 1661      00
 1662              	.LASF29:
 1663 0204 62617365 		.ascii	"baseAddr\000"
 1663      41646472 
 1663      00
 1664              	.LASF9:
 1665 020d 73697A65 		.ascii	"sizetype\000"
 1665      74797065 
 1665      00
 1666              	.LASF40:
ARM GAS  C:\Users\LINETT~1\AppData\Local\Temp\ccyTGclo.s 			page 39


 1667 0216 2E5C4765 		.ascii	".\\Generated_Source\\PSoC4\\cyfitter_cfg.c\000"
 1667      6E657261 
 1667      7465645F 
 1667      536F7572 
 1667      63655C50 
 1668              	.LASF7:
 1669 023e 6C6F6E67 		.ascii	"long long int\000"
 1669      206C6F6E 
 1669      6720696E 
 1669      7400
 1670              	.LASF10:
 1671 024c 63686172 		.ascii	"char\000"
 1671      00
 1672              	.LASF21:
 1673 0251 63795F63 		.ascii	"cy_cfg_addrvalue_t\000"
 1673      66675F61 
 1673      64647276 
 1673      616C7565 
 1673      5F7400
 1674              	.LASF19:
 1675 0264 6F666673 		.ascii	"offset\000"
 1675      657400
 1676              	.LASF3:
 1677 026b 73686F72 		.ascii	"short int\000"
 1677      7420696E 
 1677      7400
 1678              	.LASF5:
 1679 0275 6C6F6E67 		.ascii	"long int\000"
 1679      20696E74 
 1679      00
 1680              	.LASF1:
 1681 027e 7369676E 		.ascii	"signed char\000"
 1681      65642063 
 1681      68617200 
 1682              	.LASF4:
 1683 028a 73686F72 		.ascii	"short unsigned int\000"
 1683      7420756E 
 1683      7369676E 
 1683      65642069 
 1683      6E7400
 1684              	.LASF25:
 1685 029d 4359434F 		.ascii	"CYCONFIGCPYCODE\000"
 1685      4E464947 
 1685      43505943 
 1685      4F444500 
 1686              	.LASF23:
 1687 02ad 4359434F 		.ascii	"CYCONFIGCPY\000"
 1687      4E464947 
 1687      43505900 
 1688              		.ident	"GCC: (GNU Tools for ARM Embedded Processors) 4.9.3 20150303 (release) [ARM/embedded-4_9-br
