ARM GAS  C:\Users\LINETT~1\AppData\Local\Temp\ccHADv8s.s 			page 1


   1              		.cpu cortex-m0
   2              		.fpu softvfp
   3              		.eabi_attribute 20, 1
   4              		.eabi_attribute 21, 1
   5              		.eabi_attribute 23, 3
   6              		.eabi_attribute 24, 1
   7              		.eabi_attribute 25, 1
   8              		.eabi_attribute 26, 1
   9              		.eabi_attribute 30, 6
  10              		.eabi_attribute 34, 0
  11              		.eabi_attribute 18, 4
  12              		.code	16
  13              		.file	"cyfitter_cfg.c"
  14              		.text
  15              	.Ltext0:
  16              		.cfi_sections	.debug_frame
  17              		.section	.text.CYMEMZERO,"ax",%progbits
  18              		.align	2
  19              		.code	16
  20              		.thumb_func
  21              		.type	CYMEMZERO, %function
  22              	CYMEMZERO:
  23              	.LFB2:
  24              		.file 1 ".\\Generated_Source\\PSoC4\\cyfitter_cfg.c"
   1:.\Generated_Source\PSoC4/cyfitter_cfg.c **** /*******************************************************************************
   2:.\Generated_Source\PSoC4/cyfitter_cfg.c **** * File Name: cyfitter_cfg.c
   3:.\Generated_Source\PSoC4/cyfitter_cfg.c **** * 
   4:.\Generated_Source\PSoC4/cyfitter_cfg.c **** * PSoC Creator  3.3 SP1
   5:.\Generated_Source\PSoC4/cyfitter_cfg.c **** *
   6:.\Generated_Source\PSoC4/cyfitter_cfg.c **** * Description:
   7:.\Generated_Source\PSoC4/cyfitter_cfg.c **** * This file contains device initialization code.
   8:.\Generated_Source\PSoC4/cyfitter_cfg.c **** * Except for the user defined sections in CyClockStartupError(), this file should not be modified.
   9:.\Generated_Source\PSoC4/cyfitter_cfg.c **** * This file is automatically generated by PSoC Creator.
  10:.\Generated_Source\PSoC4/cyfitter_cfg.c **** *
  11:.\Generated_Source\PSoC4/cyfitter_cfg.c **** ********************************************************************************
  12:.\Generated_Source\PSoC4/cyfitter_cfg.c **** * Copyright (c) 2007-2015 Cypress Semiconductor.  All rights reserved.
  13:.\Generated_Source\PSoC4/cyfitter_cfg.c **** * You may use this file only in accordance with the license, terms, conditions, 
  14:.\Generated_Source\PSoC4/cyfitter_cfg.c **** * disclaimers, and limitations in the end user license agreement accompanying 
  15:.\Generated_Source\PSoC4/cyfitter_cfg.c **** * the software package with which this file was provided.
  16:.\Generated_Source\PSoC4/cyfitter_cfg.c **** ********************************************************************************/
  17:.\Generated_Source\PSoC4/cyfitter_cfg.c **** 
  18:.\Generated_Source\PSoC4/cyfitter_cfg.c **** #include <string.h>
  19:.\Generated_Source\PSoC4/cyfitter_cfg.c **** #include "cytypes.h"
  20:.\Generated_Source\PSoC4/cyfitter_cfg.c **** #include "cydevice_trm.h"
  21:.\Generated_Source\PSoC4/cyfitter_cfg.c **** #include "cyfitter.h"
  22:.\Generated_Source\PSoC4/cyfitter_cfg.c **** #include "CyLib.h"
  23:.\Generated_Source\PSoC4/cyfitter_cfg.c **** #include "cyfitter_cfg.h"
  24:.\Generated_Source\PSoC4/cyfitter_cfg.c **** 
  25:.\Generated_Source\PSoC4/cyfitter_cfg.c **** 
  26:.\Generated_Source\PSoC4/cyfitter_cfg.c **** #if defined(__GNUC__) || defined(__ARMCC_VERSION)
  27:.\Generated_Source\PSoC4/cyfitter_cfg.c ****     #define CYPACKED 
  28:.\Generated_Source\PSoC4/cyfitter_cfg.c ****     #define CYPACKED_ATTR __attribute__ ((packed))
  29:.\Generated_Source\PSoC4/cyfitter_cfg.c ****     #define CYALIGNED __attribute__ ((aligned))
  30:.\Generated_Source\PSoC4/cyfitter_cfg.c ****     #define CY_CFG_UNUSED __attribute__ ((unused))
  31:.\Generated_Source\PSoC4/cyfitter_cfg.c ****     #ifndef CY_CFG_SECTION
  32:.\Generated_Source\PSoC4/cyfitter_cfg.c ****         #define CY_CFG_SECTION __attribute__ ((section(".psocinit")))
  33:.\Generated_Source\PSoC4/cyfitter_cfg.c ****     #endif
ARM GAS  C:\Users\LINETT~1\AppData\Local\Temp\ccHADv8s.s 			page 2


  34:.\Generated_Source\PSoC4/cyfitter_cfg.c ****     
  35:.\Generated_Source\PSoC4/cyfitter_cfg.c ****     #if defined(__ARMCC_VERSION)
  36:.\Generated_Source\PSoC4/cyfitter_cfg.c ****         #define CY_CFG_MEMORY_BARRIER() __memory_changed()
  37:.\Generated_Source\PSoC4/cyfitter_cfg.c ****     #else
  38:.\Generated_Source\PSoC4/cyfitter_cfg.c ****         #define CY_CFG_MEMORY_BARRIER() __sync_synchronize()
  39:.\Generated_Source\PSoC4/cyfitter_cfg.c ****     #endif
  40:.\Generated_Source\PSoC4/cyfitter_cfg.c ****     
  41:.\Generated_Source\PSoC4/cyfitter_cfg.c **** #elif defined(__ICCARM__)
  42:.\Generated_Source\PSoC4/cyfitter_cfg.c ****     #include <intrinsics.h>
  43:.\Generated_Source\PSoC4/cyfitter_cfg.c **** 
  44:.\Generated_Source\PSoC4/cyfitter_cfg.c ****     #define CYPACKED __packed
  45:.\Generated_Source\PSoC4/cyfitter_cfg.c ****     #define CYPACKED_ATTR 
  46:.\Generated_Source\PSoC4/cyfitter_cfg.c ****     #define CYALIGNED _Pragma("data_alignment=4")
  47:.\Generated_Source\PSoC4/cyfitter_cfg.c ****     #define CY_CFG_UNUSED _Pragma("diag_suppress=Pe177")
  48:.\Generated_Source\PSoC4/cyfitter_cfg.c ****     #define CY_CFG_SECTION _Pragma("location=\".psocinit\"")
  49:.\Generated_Source\PSoC4/cyfitter_cfg.c ****     
  50:.\Generated_Source\PSoC4/cyfitter_cfg.c ****     #define CY_CFG_MEMORY_BARRIER() __DMB()
  51:.\Generated_Source\PSoC4/cyfitter_cfg.c ****     
  52:.\Generated_Source\PSoC4/cyfitter_cfg.c **** #else
  53:.\Generated_Source\PSoC4/cyfitter_cfg.c ****     #error Unsupported toolchain
  54:.\Generated_Source\PSoC4/cyfitter_cfg.c **** #endif
  55:.\Generated_Source\PSoC4/cyfitter_cfg.c **** 
  56:.\Generated_Source\PSoC4/cyfitter_cfg.c **** 
  57:.\Generated_Source\PSoC4/cyfitter_cfg.c **** CY_CFG_UNUSED
  58:.\Generated_Source\PSoC4/cyfitter_cfg.c **** static void CYMEMZERO(void *s, size_t n);
  59:.\Generated_Source\PSoC4/cyfitter_cfg.c **** CY_CFG_UNUSED
  60:.\Generated_Source\PSoC4/cyfitter_cfg.c **** static void CYMEMZERO(void *s, size_t n)
  61:.\Generated_Source\PSoC4/cyfitter_cfg.c **** {
  25              		.loc 1 61 0
  26              		.cfi_startproc
  27 0000 80B5     		push	{r7, lr}
  28              		.cfi_def_cfa_offset 8
  29              		.cfi_offset 7, -8
  30              		.cfi_offset 14, -4
  31 0002 82B0     		sub	sp, sp, #8
  32              		.cfi_def_cfa_offset 16
  33 0004 00AF     		add	r7, sp, #0
  34              		.cfi_def_cfa_register 7
  35 0006 7860     		str	r0, [r7, #4]
  36 0008 3960     		str	r1, [r7]
  62:.\Generated_Source\PSoC4/cyfitter_cfg.c **** 	(void)memset(s, 0, n);
  37              		.loc 1 62 0
  38 000a 7A68     		ldr	r2, [r7, #4]
  39 000c 3B68     		ldr	r3, [r7]
  40 000e 101C     		mov	r0, r2
  41 0010 0021     		mov	r1, #0
  42 0012 1A1C     		mov	r2, r3
  43 0014 FFF7FEFF 		bl	memset
  63:.\Generated_Source\PSoC4/cyfitter_cfg.c **** }
  44              		.loc 1 63 0
  45 0018 BD46     		mov	sp, r7
  46 001a 02B0     		add	sp, sp, #8
  47              		@ sp needed
  48 001c 80BD     		pop	{r7, pc}
  49              		.cfi_endproc
  50              	.LFE2:
  51              		.size	CYMEMZERO, .-CYMEMZERO
ARM GAS  C:\Users\LINETT~1\AppData\Local\Temp\ccHADv8s.s 			page 3


  52 001e C046     		.section	.text.CYCONFIGCPY,"ax",%progbits
  53              		.align	2
  54              		.code	16
  55              		.thumb_func
  56              		.type	CYCONFIGCPY, %function
  57              	CYCONFIGCPY:
  58              	.LFB3:
  64:.\Generated_Source\PSoC4/cyfitter_cfg.c **** CY_CFG_UNUSED
  65:.\Generated_Source\PSoC4/cyfitter_cfg.c **** static void CYCONFIGCPY(void *dest, const void *src, size_t n);
  66:.\Generated_Source\PSoC4/cyfitter_cfg.c **** CY_CFG_UNUSED
  67:.\Generated_Source\PSoC4/cyfitter_cfg.c **** static void CYCONFIGCPY(void *dest, const void *src, size_t n)
  68:.\Generated_Source\PSoC4/cyfitter_cfg.c **** {
  59              		.loc 1 68 0
  60              		.cfi_startproc
  61 0000 80B5     		push	{r7, lr}
  62              		.cfi_def_cfa_offset 8
  63              		.cfi_offset 7, -8
  64              		.cfi_offset 14, -4
  65 0002 84B0     		sub	sp, sp, #16
  66              		.cfi_def_cfa_offset 24
  67 0004 00AF     		add	r7, sp, #0
  68              		.cfi_def_cfa_register 7
  69 0006 F860     		str	r0, [r7, #12]
  70 0008 B960     		str	r1, [r7, #8]
  71 000a 7A60     		str	r2, [r7, #4]
  69:.\Generated_Source\PSoC4/cyfitter_cfg.c **** 	(void)memcpy(dest, src, n);
  72              		.loc 1 69 0
  73 000c F968     		ldr	r1, [r7, #12]
  74 000e BA68     		ldr	r2, [r7, #8]
  75 0010 7B68     		ldr	r3, [r7, #4]
  76 0012 081C     		mov	r0, r1
  77 0014 111C     		mov	r1, r2
  78 0016 1A1C     		mov	r2, r3
  79 0018 FFF7FEFF 		bl	memcpy
  70:.\Generated_Source\PSoC4/cyfitter_cfg.c **** }
  80              		.loc 1 70 0
  81 001c BD46     		mov	sp, r7
  82 001e 04B0     		add	sp, sp, #16
  83              		@ sp needed
  84 0020 80BD     		pop	{r7, pc}
  85              		.cfi_endproc
  86              	.LFE3:
  87              		.size	CYCONFIGCPY, .-CYCONFIGCPY
  88 0022 C046     		.section	.text.CYCONFIGCPYCODE,"ax",%progbits
  89              		.align	2
  90              		.code	16
  91              		.thumb_func
  92              		.type	CYCONFIGCPYCODE, %function
  93              	CYCONFIGCPYCODE:
  94              	.LFB4:
  71:.\Generated_Source\PSoC4/cyfitter_cfg.c **** CY_CFG_UNUSED
  72:.\Generated_Source\PSoC4/cyfitter_cfg.c **** static void CYCONFIGCPYCODE(void *dest, const void *src, size_t n);
  73:.\Generated_Source\PSoC4/cyfitter_cfg.c **** CY_CFG_UNUSED
  74:.\Generated_Source\PSoC4/cyfitter_cfg.c **** static void CYCONFIGCPYCODE(void *dest, const void *src, size_t n)
  75:.\Generated_Source\PSoC4/cyfitter_cfg.c **** {
  95              		.loc 1 75 0
  96              		.cfi_startproc
ARM GAS  C:\Users\LINETT~1\AppData\Local\Temp\ccHADv8s.s 			page 4


  97 0000 80B5     		push	{r7, lr}
  98              		.cfi_def_cfa_offset 8
  99              		.cfi_offset 7, -8
 100              		.cfi_offset 14, -4
 101 0002 84B0     		sub	sp, sp, #16
 102              		.cfi_def_cfa_offset 24
 103 0004 00AF     		add	r7, sp, #0
 104              		.cfi_def_cfa_register 7
 105 0006 F860     		str	r0, [r7, #12]
 106 0008 B960     		str	r1, [r7, #8]
 107 000a 7A60     		str	r2, [r7, #4]
  76:.\Generated_Source\PSoC4/cyfitter_cfg.c **** 	(void)memcpy(dest, src, n);
 108              		.loc 1 76 0
 109 000c F968     		ldr	r1, [r7, #12]
 110 000e BA68     		ldr	r2, [r7, #8]
 111 0010 7B68     		ldr	r3, [r7, #4]
 112 0012 081C     		mov	r0, r1
 113 0014 111C     		mov	r1, r2
 114 0016 1A1C     		mov	r2, r3
 115 0018 FFF7FEFF 		bl	memcpy
  77:.\Generated_Source\PSoC4/cyfitter_cfg.c **** }
 116              		.loc 1 77 0
 117 001c BD46     		mov	sp, r7
 118 001e 04B0     		add	sp, sp, #16
 119              		@ sp needed
 120 0020 80BD     		pop	{r7, pc}
 121              		.cfi_endproc
 122              	.LFE4:
 123              		.size	CYCONFIGCPYCODE, .-CYCONFIGCPYCODE
 124 0022 C046     		.section	.text.cfg_write_bytes32,"ax",%progbits
 125              		.align	2
 126              		.code	16
 127              		.thumb_func
 128              		.type	cfg_write_bytes32, %function
 129              	cfg_write_bytes32:
 130              	.LFB5:
  78:.\Generated_Source\PSoC4/cyfitter_cfg.c **** 
  79:.\Generated_Source\PSoC4/cyfitter_cfg.c **** 
  80:.\Generated_Source\PSoC4/cyfitter_cfg.c **** 
  81:.\Generated_Source\PSoC4/cyfitter_cfg.c **** /* Clock startup error codes                                                   */
  82:.\Generated_Source\PSoC4/cyfitter_cfg.c **** #define CYCLOCKSTART_NO_ERROR    0u
  83:.\Generated_Source\PSoC4/cyfitter_cfg.c **** #define CYCLOCKSTART_XTAL_ERROR  1u
  84:.\Generated_Source\PSoC4/cyfitter_cfg.c **** #define CYCLOCKSTART_32KHZ_ERROR 2u
  85:.\Generated_Source\PSoC4/cyfitter_cfg.c **** #define CYCLOCKSTART_PLL_ERROR   3u
  86:.\Generated_Source\PSoC4/cyfitter_cfg.c **** 
  87:.\Generated_Source\PSoC4/cyfitter_cfg.c **** #ifdef CY_NEED_CYCLOCKSTARTUPERROR
  88:.\Generated_Source\PSoC4/cyfitter_cfg.c **** /*******************************************************************************
  89:.\Generated_Source\PSoC4/cyfitter_cfg.c **** * Function Name: CyClockStartupError
  90:.\Generated_Source\PSoC4/cyfitter_cfg.c **** ********************************************************************************
  91:.\Generated_Source\PSoC4/cyfitter_cfg.c **** * Summary:
  92:.\Generated_Source\PSoC4/cyfitter_cfg.c **** *  If an error is encountered during clock configuration (crystal startup error,
  93:.\Generated_Source\PSoC4/cyfitter_cfg.c **** *  PLL lock error, etc.), the system will end up here.  Unless reimplemented by
  94:.\Generated_Source\PSoC4/cyfitter_cfg.c **** *  the customer, this function will stop in an infinite loop.
  95:.\Generated_Source\PSoC4/cyfitter_cfg.c **** *
  96:.\Generated_Source\PSoC4/cyfitter_cfg.c **** * Parameters:
  97:.\Generated_Source\PSoC4/cyfitter_cfg.c **** *   void
  98:.\Generated_Source\PSoC4/cyfitter_cfg.c **** *
ARM GAS  C:\Users\LINETT~1\AppData\Local\Temp\ccHADv8s.s 			page 5


  99:.\Generated_Source\PSoC4/cyfitter_cfg.c **** * Return:
 100:.\Generated_Source\PSoC4/cyfitter_cfg.c **** *   void
 101:.\Generated_Source\PSoC4/cyfitter_cfg.c **** *
 102:.\Generated_Source\PSoC4/cyfitter_cfg.c **** *******************************************************************************/
 103:.\Generated_Source\PSoC4/cyfitter_cfg.c **** CY_CFG_UNUSED
 104:.\Generated_Source\PSoC4/cyfitter_cfg.c **** static void CyClockStartupError(uint8 errorCode);
 105:.\Generated_Source\PSoC4/cyfitter_cfg.c **** CY_CFG_UNUSED
 106:.\Generated_Source\PSoC4/cyfitter_cfg.c **** static void CyClockStartupError(uint8 errorCode)
 107:.\Generated_Source\PSoC4/cyfitter_cfg.c **** {
 108:.\Generated_Source\PSoC4/cyfitter_cfg.c ****     /* To remove the compiler warning if errorCode not used.                */
 109:.\Generated_Source\PSoC4/cyfitter_cfg.c ****     errorCode = errorCode;
 110:.\Generated_Source\PSoC4/cyfitter_cfg.c **** 
 111:.\Generated_Source\PSoC4/cyfitter_cfg.c ****     /* `#START CyClockStartupError` */
 112:.\Generated_Source\PSoC4/cyfitter_cfg.c **** 
 113:.\Generated_Source\PSoC4/cyfitter_cfg.c ****     /* If we have a clock startup error (bad MHz crystal, PLL lock, etc.),  */
 114:.\Generated_Source\PSoC4/cyfitter_cfg.c ****     /* we will end up here to allow the customer to implement something to  */
 115:.\Generated_Source\PSoC4/cyfitter_cfg.c ****     /* deal with the clock condition.                                       */
 116:.\Generated_Source\PSoC4/cyfitter_cfg.c **** 
 117:.\Generated_Source\PSoC4/cyfitter_cfg.c ****     /* `#END` */
 118:.\Generated_Source\PSoC4/cyfitter_cfg.c **** 
 119:.\Generated_Source\PSoC4/cyfitter_cfg.c ****     /* If nothing else, stop here since the clocks have not started         */
 120:.\Generated_Source\PSoC4/cyfitter_cfg.c ****     /* correctly.                                                           */
 121:.\Generated_Source\PSoC4/cyfitter_cfg.c ****     while(1) {}
 122:.\Generated_Source\PSoC4/cyfitter_cfg.c **** }
 123:.\Generated_Source\PSoC4/cyfitter_cfg.c **** #endif
 124:.\Generated_Source\PSoC4/cyfitter_cfg.c **** 
 125:.\Generated_Source\PSoC4/cyfitter_cfg.c **** #define CY_CFG_BASE_ADDR_COUNT 2u
 126:.\Generated_Source\PSoC4/cyfitter_cfg.c **** CYPACKED typedef struct
 127:.\Generated_Source\PSoC4/cyfitter_cfg.c **** {
 128:.\Generated_Source\PSoC4/cyfitter_cfg.c **** 	uint8 offset;
 129:.\Generated_Source\PSoC4/cyfitter_cfg.c **** 	uint8 value;
 130:.\Generated_Source\PSoC4/cyfitter_cfg.c **** } CYPACKED_ATTR cy_cfg_addrvalue_t;
 131:.\Generated_Source\PSoC4/cyfitter_cfg.c **** 
 132:.\Generated_Source\PSoC4/cyfitter_cfg.c **** 
 133:.\Generated_Source\PSoC4/cyfitter_cfg.c **** 
 134:.\Generated_Source\PSoC4/cyfitter_cfg.c **** /*******************************************************************************
 135:.\Generated_Source\PSoC4/cyfitter_cfg.c **** * Function Name: cfg_write_bytes32
 136:.\Generated_Source\PSoC4/cyfitter_cfg.c **** ********************************************************************************
 137:.\Generated_Source\PSoC4/cyfitter_cfg.c **** * Summary:
 138:.\Generated_Source\PSoC4/cyfitter_cfg.c **** *  This function is used for setting up the chip configuration areas that
 139:.\Generated_Source\PSoC4/cyfitter_cfg.c **** *  contain relatively sparse data.
 140:.\Generated_Source\PSoC4/cyfitter_cfg.c **** *
 141:.\Generated_Source\PSoC4/cyfitter_cfg.c **** * Parameters:
 142:.\Generated_Source\PSoC4/cyfitter_cfg.c **** *   void
 143:.\Generated_Source\PSoC4/cyfitter_cfg.c **** *
 144:.\Generated_Source\PSoC4/cyfitter_cfg.c **** * Return:
 145:.\Generated_Source\PSoC4/cyfitter_cfg.c **** *   void
 146:.\Generated_Source\PSoC4/cyfitter_cfg.c **** *
 147:.\Generated_Source\PSoC4/cyfitter_cfg.c **** *******************************************************************************/
 148:.\Generated_Source\PSoC4/cyfitter_cfg.c **** static void cfg_write_bytes32(const uint32 addr_table[], const cy_cfg_addrvalue_t data_table[]);
 149:.\Generated_Source\PSoC4/cyfitter_cfg.c **** static void cfg_write_bytes32(const uint32 addr_table[], const cy_cfg_addrvalue_t data_table[])
 150:.\Generated_Source\PSoC4/cyfitter_cfg.c **** {
 131              		.loc 1 150 0
 132              		.cfi_startproc
 133 0000 80B5     		push	{r7, lr}
 134              		.cfi_def_cfa_offset 8
 135              		.cfi_offset 7, -8
ARM GAS  C:\Users\LINETT~1\AppData\Local\Temp\ccHADv8s.s 			page 6


 136              		.cfi_offset 14, -4
 137 0002 86B0     		sub	sp, sp, #24
 138              		.cfi_def_cfa_offset 32
 139 0004 00AF     		add	r7, sp, #0
 140              		.cfi_def_cfa_register 7
 141 0006 7860     		str	r0, [r7, #4]
 142 0008 3960     		str	r1, [r7]
 151:.\Generated_Source\PSoC4/cyfitter_cfg.c **** 	/* For 32-bit little-endian architectures */
 152:.\Generated_Source\PSoC4/cyfitter_cfg.c **** 	uint32 i, j = 0u;
 143              		.loc 1 152 0
 144 000a 0023     		mov	r3, #0
 145 000c 3B61     		str	r3, [r7, #16]
 153:.\Generated_Source\PSoC4/cyfitter_cfg.c **** 	for (i = 0u; i < CY_CFG_BASE_ADDR_COUNT; i++)
 146              		.loc 1 153 0
 147 000e 0023     		mov	r3, #0
 148 0010 7B61     		str	r3, [r7, #20]
 149 0012 2FE0     		b	.L5
 150              	.L8:
 151              	.LBB2:
 154:.\Generated_Source\PSoC4/cyfitter_cfg.c **** 	{
 155:.\Generated_Source\PSoC4/cyfitter_cfg.c **** 		uint32 baseAddr = addr_table[i];
 152              		.loc 1 155 0
 153 0014 7B69     		ldr	r3, [r7, #20]
 154 0016 9B00     		lsl	r3, r3, #2
 155 0018 7A68     		ldr	r2, [r7, #4]
 156 001a D318     		add	r3, r2, r3
 157 001c 1B68     		ldr	r3, [r3]
 158 001e BB60     		str	r3, [r7, #8]
 156:.\Generated_Source\PSoC4/cyfitter_cfg.c **** 		uint8 count = (uint8)baseAddr;
 159              		.loc 1 156 0
 160 0020 0F23     		mov	r3, #15
 161 0022 FB18     		add	r3, r7, r3
 162 0024 BA68     		ldr	r2, [r7, #8]
 163 0026 1A70     		strb	r2, [r3]
 157:.\Generated_Source\PSoC4/cyfitter_cfg.c **** 		baseAddr &= 0xFFFFFF00u;
 164              		.loc 1 157 0
 165 0028 BB68     		ldr	r3, [r7, #8]
 166 002a FF22     		mov	r2, #255
 167 002c 9343     		bic	r3, r2
 168 002e BB60     		str	r3, [r7, #8]
 158:.\Generated_Source\PSoC4/cyfitter_cfg.c **** 		while (count != 0u)
 169              		.loc 1 158 0
 170 0030 18E0     		b	.L6
 171              	.L7:
 159:.\Generated_Source\PSoC4/cyfitter_cfg.c **** 		{
 160:.\Generated_Source\PSoC4/cyfitter_cfg.c **** 			CY_SET_XTND_REG8((void CYFAR *)(baseAddr + data_table[j].offset), data_table[j].value);
 172              		.loc 1 160 0
 173 0032 3B69     		ldr	r3, [r7, #16]
 174 0034 5B00     		lsl	r3, r3, #1
 175 0036 3A68     		ldr	r2, [r7]
 176 0038 D318     		add	r3, r2, r3
 177 003a 1B78     		ldrb	r3, [r3]
 178 003c 1A1C     		mov	r2, r3
 179 003e BB68     		ldr	r3, [r7, #8]
 180 0040 D318     		add	r3, r2, r3
 181 0042 191C     		mov	r1, r3
 182 0044 3B69     		ldr	r3, [r7, #16]
ARM GAS  C:\Users\LINETT~1\AppData\Local\Temp\ccHADv8s.s 			page 7


 183 0046 5B00     		lsl	r3, r3, #1
 184 0048 3A68     		ldr	r2, [r7]
 185 004a D318     		add	r3, r2, r3
 186 004c 5B78     		ldrb	r3, [r3, #1]
 187 004e 0B70     		strb	r3, [r1]
 161:.\Generated_Source\PSoC4/cyfitter_cfg.c **** 			j++;
 188              		.loc 1 161 0
 189 0050 3B69     		ldr	r3, [r7, #16]
 190 0052 0133     		add	r3, r3, #1
 191 0054 3B61     		str	r3, [r7, #16]
 162:.\Generated_Source\PSoC4/cyfitter_cfg.c **** 			count--;
 192              		.loc 1 162 0
 193 0056 0F23     		mov	r3, #15
 194 0058 FB18     		add	r3, r7, r3
 195 005a 1A78     		ldrb	r2, [r3]
 196 005c 0F23     		mov	r3, #15
 197 005e FB18     		add	r3, r7, r3
 198 0060 013A     		sub	r2, r2, #1
 199 0062 1A70     		strb	r2, [r3]
 200              	.L6:
 158:.\Generated_Source\PSoC4/cyfitter_cfg.c **** 		{
 201              		.loc 1 158 0
 202 0064 0F23     		mov	r3, #15
 203 0066 FB18     		add	r3, r7, r3
 204 0068 1B78     		ldrb	r3, [r3]
 205 006a 002B     		cmp	r3, #0
 206 006c E1D1     		bne	.L7
 207              	.LBE2:
 153:.\Generated_Source\PSoC4/cyfitter_cfg.c **** 	{
 208              		.loc 1 153 0 discriminator 2
 209 006e 7B69     		ldr	r3, [r7, #20]
 210 0070 0133     		add	r3, r3, #1
 211 0072 7B61     		str	r3, [r7, #20]
 212              	.L5:
 153:.\Generated_Source\PSoC4/cyfitter_cfg.c **** 	{
 213              		.loc 1 153 0 is_stmt 0 discriminator 1
 214 0074 7B69     		ldr	r3, [r7, #20]
 215 0076 012B     		cmp	r3, #1
 216 0078 CCD9     		bls	.L8
 163:.\Generated_Source\PSoC4/cyfitter_cfg.c **** 		}
 164:.\Generated_Source\PSoC4/cyfitter_cfg.c **** 	}
 165:.\Generated_Source\PSoC4/cyfitter_cfg.c **** }
 217              		.loc 1 165 0 is_stmt 1
 218 007a BD46     		mov	sp, r7
 219 007c 06B0     		add	sp, sp, #24
 220              		@ sp needed
 221 007e 80BD     		pop	{r7, pc}
 222              		.cfi_endproc
 223              	.LFE5:
 224              		.size	cfg_write_bytes32, .-cfg_write_bytes32
 225              		.section	.psocinit,"ax",%progbits
 226              		.align	2
 227              		.code	16
 228              		.thumb_func
 229              		.type	ClockSetup, %function
 230              	ClockSetup:
 231              	.LFB6:
ARM GAS  C:\Users\LINETT~1\AppData\Local\Temp\ccHADv8s.s 			page 8


 166:.\Generated_Source\PSoC4/cyfitter_cfg.c **** 
 167:.\Generated_Source\PSoC4/cyfitter_cfg.c **** 
 168:.\Generated_Source\PSoC4/cyfitter_cfg.c **** /*******************************************************************************
 169:.\Generated_Source\PSoC4/cyfitter_cfg.c **** * Function Name: ClockSetup
 170:.\Generated_Source\PSoC4/cyfitter_cfg.c **** ********************************************************************************
 171:.\Generated_Source\PSoC4/cyfitter_cfg.c **** *
 172:.\Generated_Source\PSoC4/cyfitter_cfg.c **** * Summary:
 173:.\Generated_Source\PSoC4/cyfitter_cfg.c **** *   Performs the initialization of all of the clocks in the device based on the
 174:.\Generated_Source\PSoC4/cyfitter_cfg.c **** *   settings in the Clock tab of the DWR.  This includes enabling the requested
 175:.\Generated_Source\PSoC4/cyfitter_cfg.c **** *   clocks and setting the necessary dividers to produce the desired frequency. 
 176:.\Generated_Source\PSoC4/cyfitter_cfg.c **** *
 177:.\Generated_Source\PSoC4/cyfitter_cfg.c **** * Parameters:
 178:.\Generated_Source\PSoC4/cyfitter_cfg.c **** *   void
 179:.\Generated_Source\PSoC4/cyfitter_cfg.c **** *
 180:.\Generated_Source\PSoC4/cyfitter_cfg.c **** * Return:
 181:.\Generated_Source\PSoC4/cyfitter_cfg.c **** *   void
 182:.\Generated_Source\PSoC4/cyfitter_cfg.c **** *
 183:.\Generated_Source\PSoC4/cyfitter_cfg.c **** *******************************************************************************/
 184:.\Generated_Source\PSoC4/cyfitter_cfg.c **** static void ClockSetup(void);
 185:.\Generated_Source\PSoC4/cyfitter_cfg.c **** CY_CFG_SECTION
 186:.\Generated_Source\PSoC4/cyfitter_cfg.c **** static void ClockSetup(void)
 187:.\Generated_Source\PSoC4/cyfitter_cfg.c **** {
 232              		.loc 1 187 0
 233              		.cfi_startproc
 234 0000 80B5     		push	{r7, lr}
 235              		.cfi_def_cfa_offset 8
 236              		.cfi_offset 7, -8
 237              		.cfi_offset 14, -4
 238 0002 00AF     		add	r7, sp, #0
 239              		.cfi_def_cfa_register 7
 188:.\Generated_Source\PSoC4/cyfitter_cfg.c **** 
 189:.\Generated_Source\PSoC4/cyfitter_cfg.c **** 	/* Set Flash Cycles based on max possible frequency in case a glitch occurs during ClockSetup(). *
 190:.\Generated_Source\PSoC4/cyfitter_cfg.c **** 	CY_SET_REG32((void CYXDATA *)(CYREG_CPUSS_FLASH_CTL), (0x0012u));
 240              		.loc 1 190 0
 241 0004 244B     		ldr	r3, .L10
 242 0006 1222     		mov	r2, #18
 243 0008 1A60     		str	r2, [r3]
 191:.\Generated_Source\PSoC4/cyfitter_cfg.c **** 
 192:.\Generated_Source\PSoC4/cyfitter_cfg.c **** 	/* Start the WCO */
 193:.\Generated_Source\PSoC4/cyfitter_cfg.c **** 	CySysClkWcoStart();
 244              		.loc 1 193 0
 245 000a FFF7FEFF 		bl	CySysClkWcoStart
 194:.\Generated_Source\PSoC4/cyfitter_cfg.c **** 	(void)CySysClkWcoSetPowerMode(CY_SYS_CLK_WCO_LPM);    /* Switch to the low power mode */
 246              		.loc 1 194 0
 247 000e 0120     		mov	r0, #1
 248 0010 FFF7FEFF 		bl	CySysClkWcoSetPowerMode
 195:.\Generated_Source\PSoC4/cyfitter_cfg.c **** 
 196:.\Generated_Source\PSoC4/cyfitter_cfg.c **** 	/* Setup and trim IMO based on desired frequency. */
 197:.\Generated_Source\PSoC4/cyfitter_cfg.c **** 	CySysClkWriteImoFreq(24u);
 249              		.loc 1 197 0
 250 0014 1820     		mov	r0, #24
 251 0016 FFF7FEFF 		bl	CySysClkWriteImoFreq
 198:.\Generated_Source\PSoC4/cyfitter_cfg.c **** 	/* CYDEV_CLK_ILO_CONFIG Starting address: CYDEV_CLK_ILO_CONFIG */
 199:.\Generated_Source\PSoC4/cyfitter_cfg.c **** 	CY_SET_XTND_REG32((void CYFAR *)(CYREG_CLK_ILO_CONFIG), 0x80000006u);
 252              		.loc 1 199 0
 253 001a 204B     		ldr	r3, .L10+4
 254 001c 204A     		ldr	r2, .L10+8
ARM GAS  C:\Users\LINETT~1\AppData\Local\Temp\ccHADv8s.s 			page 9


 255 001e 1A60     		str	r2, [r3]
 200:.\Generated_Source\PSoC4/cyfitter_cfg.c **** 
 201:.\Generated_Source\PSoC4/cyfitter_cfg.c **** 
 202:.\Generated_Source\PSoC4/cyfitter_cfg.c **** 	/* Enable fast start mode for XO */
 203:.\Generated_Source\PSoC4/cyfitter_cfg.c **** 	CY_SET_REG32((void*)CYREG_BLE_BLERD_BB_XO, CY_GET_REG32((void*)CYREG_BLE_BLERD_BB_XO) | (uint32)0x
 256              		.loc 1 203 0
 257 0020 204B     		ldr	r3, .L10+12
 258 0022 204A     		ldr	r2, .L10+12
 259 0024 1268     		ldr	r2, [r2]
 260 0026 0221     		mov	r1, #2
 261 0028 0A43     		orr	r2, r1
 262 002a 1A60     		str	r2, [r3]
 204:.\Generated_Source\PSoC4/cyfitter_cfg.c **** 	CY_SET_XTND_REG32((void CYFAR *)(CYREG_BLE_BLERD_BB_XO_CAPTRIM), 0x00003E2Du);
 263              		.loc 1 204 0
 264 002c 1E4B     		ldr	r3, .L10+16
 265 002e 1F4A     		ldr	r2, .L10+20
 266 0030 1A60     		str	r2, [r3]
 205:.\Generated_Source\PSoC4/cyfitter_cfg.c **** 	/* Disable Crystal Stable Interrupt before enabling ECO */
 206:.\Generated_Source\PSoC4/cyfitter_cfg.c **** 	CY_SET_REG32((void*)CYREG_BLE_BLESS_LL_DSM_CTRL, CY_GET_REG32((void*)CYREG_BLE_BLESS_LL_DSM_CTRL) 
 267              		.loc 1 206 0
 268 0032 1F4B     		ldr	r3, .L10+24
 269 0034 1E4A     		ldr	r2, .L10+24
 270 0036 1268     		ldr	r2, [r2]
 271 0038 0821     		mov	r1, #8
 272 003a 8A43     		bic	r2, r1
 273 003c 1A60     		str	r2, [r3]
 207:.\Generated_Source\PSoC4/cyfitter_cfg.c **** 	/* Start the ECO and do not check status since it is not needed for HFCLK */
 208:.\Generated_Source\PSoC4/cyfitter_cfg.c **** 	(void)CySysClkEcoStart(2000u);
 274              		.loc 1 208 0
 275 003e FA23     		mov	r3, #250
 276 0040 DB00     		lsl	r3, r3, #3
 277 0042 181C     		mov	r0, r3
 278 0044 FFF7FEFF 		bl	CySysClkEcoStart
 209:.\Generated_Source\PSoC4/cyfitter_cfg.c **** 	CyDelayUs(1500u); /* Wait to stabalize */
 279              		.loc 1 209 0
 280 0048 1A4B     		ldr	r3, .L10+28
 281 004a 181C     		mov	r0, r3
 282 004c FFF7FEFF 		bl	CyDelayUs
 210:.\Generated_Source\PSoC4/cyfitter_cfg.c **** 
 211:.\Generated_Source\PSoC4/cyfitter_cfg.c **** 	/* Setup phase aligned clocks */
 212:.\Generated_Source\PSoC4/cyfitter_cfg.c **** 	CY_SET_REG32((void *)CYREG_PERI_DIV_16_CTL1, 0x00000E00u);
 283              		.loc 1 212 0
 284 0050 194B     		ldr	r3, .L10+32
 285 0052 E022     		mov	r2, #224
 286 0054 1201     		lsl	r2, r2, #4
 287 0056 1A60     		str	r2, [r3]
 213:.\Generated_Source\PSoC4/cyfitter_cfg.c **** 	CY_SET_REG32((void *)CYREG_PERI_DIV_CMD, 0x8000FF41u);
 288              		.loc 1 213 0
 289 0058 184B     		ldr	r3, .L10+36
 290 005a 194A     		ldr	r2, .L10+40
 291 005c 1A60     		str	r2, [r3]
 214:.\Generated_Source\PSoC4/cyfitter_cfg.c **** 	CY_SET_REG32((void *)CYREG_PERI_DIV_16_CTL0, 0x00000C00u);
 292              		.loc 1 214 0
 293 005e 194B     		ldr	r3, .L10+44
 294 0060 C022     		mov	r2, #192
 295 0062 1201     		lsl	r2, r2, #4
 296 0064 1A60     		str	r2, [r3]
ARM GAS  C:\Users\LINETT~1\AppData\Local\Temp\ccHADv8s.s 			page 10


 215:.\Generated_Source\PSoC4/cyfitter_cfg.c **** 	CY_SET_REG32((void *)CYREG_PERI_DIV_CMD, 0x8000FF40u);
 297              		.loc 1 215 0
 298 0066 154B     		ldr	r3, .L10+36
 299 0068 174A     		ldr	r2, .L10+48
 300 006a 1A60     		str	r2, [r3]
 216:.\Generated_Source\PSoC4/cyfitter_cfg.c **** 
 217:.\Generated_Source\PSoC4/cyfitter_cfg.c **** 	/* CYDEV_CLK_IMO_CONFIG Starting address: CYDEV_CLK_IMO_CONFIG */
 218:.\Generated_Source\PSoC4/cyfitter_cfg.c **** 	CY_SET_XTND_REG32((void CYFAR *)(CYREG_CLK_IMO_CONFIG), 0x82000000u);
 301              		.loc 1 218 0
 302 006c 174B     		ldr	r3, .L10+52
 303 006e 8222     		mov	r2, #130
 304 0070 1206     		lsl	r2, r2, #24
 305 0072 1A60     		str	r2, [r3]
 219:.\Generated_Source\PSoC4/cyfitter_cfg.c **** 
 220:.\Generated_Source\PSoC4/cyfitter_cfg.c **** 	/* CYDEV_CLK_SELECT Starting address: CYDEV_CLK_SELECT */
 221:.\Generated_Source\PSoC4/cyfitter_cfg.c **** 	CY_SET_XTND_REG32((void CYFAR *)(CYREG_CLK_SELECT), 0x00000000u);
 306              		.loc 1 221 0
 307 0074 164B     		ldr	r3, .L10+56
 308 0076 0022     		mov	r2, #0
 309 0078 1A60     		str	r2, [r3]
 222:.\Generated_Source\PSoC4/cyfitter_cfg.c **** 
 223:.\Generated_Source\PSoC4/cyfitter_cfg.c **** 	/* CYDEV_PERI_PCLK_CTL6 Starting address: CYDEV_PERI_PCLK_CTL6 */
 224:.\Generated_Source\PSoC4/cyfitter_cfg.c **** 	CY_SET_XTND_REG32((void CYFAR *)(CYREG_PERI_PCLK_CTL6), 0x00000041u);
 310              		.loc 1 224 0
 311 007a 164B     		ldr	r3, .L10+60
 312 007c 4122     		mov	r2, #65
 313 007e 1A60     		str	r2, [r3]
 225:.\Generated_Source\PSoC4/cyfitter_cfg.c **** 
 226:.\Generated_Source\PSoC4/cyfitter_cfg.c **** 	/* CYDEV_PERI_PCLK_CTL1 Starting address: CYDEV_PERI_PCLK_CTL1 */
 227:.\Generated_Source\PSoC4/cyfitter_cfg.c **** 	CY_SET_XTND_REG32((void CYFAR *)(CYREG_PERI_PCLK_CTL1), 0x00000040u);
 314              		.loc 1 227 0
 315 0080 154B     		ldr	r3, .L10+64
 316 0082 4022     		mov	r2, #64
 317 0084 1A60     		str	r2, [r3]
 228:.\Generated_Source\PSoC4/cyfitter_cfg.c **** 
 229:.\Generated_Source\PSoC4/cyfitter_cfg.c **** 	CY_SET_XTND_REG32((void CYFAR *)(CYREG_WDT_CONFIG), 0x00000000u);
 318              		.loc 1 229 0
 319 0086 154B     		ldr	r3, .L10+68
 320 0088 0022     		mov	r2, #0
 321 008a 1A60     		str	r2, [r3]
 230:.\Generated_Source\PSoC4/cyfitter_cfg.c **** 	/* Set Flash Cycles based on newly configured 24.00MHz HFCLK. */
 231:.\Generated_Source\PSoC4/cyfitter_cfg.c **** 	CY_SET_REG32((void CYXDATA *)(CYREG_CPUSS_FLASH_CTL), (0x0011u));
 322              		.loc 1 231 0
 323 008c 024B     		ldr	r3, .L10
 324 008e 1122     		mov	r2, #17
 325 0090 1A60     		str	r2, [r3]
 232:.\Generated_Source\PSoC4/cyfitter_cfg.c **** }
 326              		.loc 1 232 0
 327 0092 BD46     		mov	sp, r7
 328              		@ sp needed
 329 0094 80BD     		pop	{r7, pc}
 330              	.L11:
 331 0096 C046     		.align	2
 332              	.L10:
 333 0098 30001040 		.word	1074790448
 334 009c 04010B40 		.word	1074462980
 335 00a0 06000080 		.word	-2147483642
ARM GAS  C:\Users\LINETT~1\AppData\Local\Temp\ccHADv8s.s 			page 11


 336 00a4 78002E40 		.word	1076756600
 337 00a8 7C002E40 		.word	1076756604
 338 00ac 2D3E0000 		.word	15917
 339 00b0 6CF02E40 		.word	1076818028
 340 00b4 DC050000 		.word	1500
 341 00b8 04030140 		.word	1073808132
 342 00bc 00000140 		.word	1073807360
 343 00c0 41FF0080 		.word	-2147418303
 344 00c4 00030140 		.word	1073808128
 345 00c8 40FF0080 		.word	-2147418304
 346 00cc 08010B40 		.word	1074462984
 347 00d0 00010B40 		.word	1074462976
 348 00d4 18010140 		.word	1073807640
 349 00d8 04010140 		.word	1073807620
 350 00dc 0C020B40 		.word	1074463244
 351              		.cfi_endproc
 352              	.LFE6:
 353              		.size	ClockSetup, .-ClockSetup
 354              		.section	.text.AnalogSetDefault,"ax",%progbits
 355              		.align	2
 356              		.code	16
 357              		.thumb_func
 358              		.type	AnalogSetDefault, %function
 359              	AnalogSetDefault:
 360              	.LFB7:
 233:.\Generated_Source\PSoC4/cyfitter_cfg.c **** 
 234:.\Generated_Source\PSoC4/cyfitter_cfg.c **** 
 235:.\Generated_Source\PSoC4/cyfitter_cfg.c **** /* Analog API Functions */
 236:.\Generated_Source\PSoC4/cyfitter_cfg.c **** 
 237:.\Generated_Source\PSoC4/cyfitter_cfg.c **** 
 238:.\Generated_Source\PSoC4/cyfitter_cfg.c **** /*******************************************************************************
 239:.\Generated_Source\PSoC4/cyfitter_cfg.c **** * Function Name: AnalogSetDefault
 240:.\Generated_Source\PSoC4/cyfitter_cfg.c **** ********************************************************************************
 241:.\Generated_Source\PSoC4/cyfitter_cfg.c **** *
 242:.\Generated_Source\PSoC4/cyfitter_cfg.c **** * Summary:
 243:.\Generated_Source\PSoC4/cyfitter_cfg.c **** *  Sets up the analog portions of the chip to default values based on chip
 244:.\Generated_Source\PSoC4/cyfitter_cfg.c **** *  configuration options from the project.
 245:.\Generated_Source\PSoC4/cyfitter_cfg.c **** *
 246:.\Generated_Source\PSoC4/cyfitter_cfg.c **** * Parameters:
 247:.\Generated_Source\PSoC4/cyfitter_cfg.c **** *  void
 248:.\Generated_Source\PSoC4/cyfitter_cfg.c **** *
 249:.\Generated_Source\PSoC4/cyfitter_cfg.c **** * Return:
 250:.\Generated_Source\PSoC4/cyfitter_cfg.c **** *  void
 251:.\Generated_Source\PSoC4/cyfitter_cfg.c **** *
 252:.\Generated_Source\PSoC4/cyfitter_cfg.c **** *******************************************************************************/
 253:.\Generated_Source\PSoC4/cyfitter_cfg.c **** static void AnalogSetDefault(void);
 254:.\Generated_Source\PSoC4/cyfitter_cfg.c **** static void AnalogSetDefault(void)
 255:.\Generated_Source\PSoC4/cyfitter_cfg.c **** {
 361              		.loc 1 255 0
 362              		.cfi_startproc
 363 0000 80B5     		push	{r7, lr}
 364              		.cfi_def_cfa_offset 8
 365              		.cfi_offset 7, -8
 366              		.cfi_offset 14, -4
 367 0002 00AF     		add	r7, sp, #0
 368              		.cfi_def_cfa_register 7
 256:.\Generated_Source\PSoC4/cyfitter_cfg.c **** 	CY_SET_XTND_REG32((void CYFAR *)CYREG_CTBM0_DFT_CTRL, 0x00000003u);
ARM GAS  C:\Users\LINETT~1\AppData\Local\Temp\ccHADv8s.s 			page 12


 369              		.loc 1 256 0
 370 0004 0A4B     		ldr	r3, .L13
 371 0006 0322     		mov	r2, #3
 372 0008 1A60     		str	r2, [r3]
 257:.\Generated_Source\PSoC4/cyfitter_cfg.c **** 	CY_SET_XTND_REG32((void CYFAR *)CYREG_CTBM1_DFT_CTRL, 0x00000003u);
 373              		.loc 1 257 0
 374 000a 0A4B     		ldr	r3, .L13+4
 375 000c 0322     		mov	r2, #3
 376 000e 1A60     		str	r2, [r3]
 258:.\Generated_Source\PSoC4/cyfitter_cfg.c **** 	CY_SET_XTND_REG32((void CYFAR *)CYREG_SAR_CTRL, 0x08000000u);
 377              		.loc 1 258 0
 378 0010 094B     		ldr	r3, .L13+8
 379 0012 8022     		mov	r2, #128
 380 0014 1205     		lsl	r2, r2, #20
 381 0016 1A60     		str	r2, [r3]
 259:.\Generated_Source\PSoC4/cyfitter_cfg.c **** 	CY_SET_XTND_REG32((void CYFAR *)CYREG_SAR_MUX_SWITCH0, 0x00000007u);
 382              		.loc 1 259 0
 383 0018 084B     		ldr	r3, .L13+12
 384 001a 0722     		mov	r2, #7
 385 001c 1A60     		str	r2, [r3]
 260:.\Generated_Source\PSoC4/cyfitter_cfg.c **** 	CY_SET_XTND_REG32((void CYFAR *)CYREG_SAR_MUX_SWITCH_HW_CTRL, 0x00000007u);
 386              		.loc 1 260 0
 387 001e 084B     		ldr	r3, .L13+16
 388 0020 0722     		mov	r2, #7
 389 0022 1A60     		str	r2, [r3]
 261:.\Generated_Source\PSoC4/cyfitter_cfg.c **** 	CY_SET_XTND_REG32((void CYFAR *)CYREG_PASS_DSAB_DSAB_CTRL, 0x00000000u);
 390              		.loc 1 261 0
 391 0024 074B     		ldr	r3, .L13+20
 392 0026 0022     		mov	r2, #0
 393 0028 1A60     		str	r2, [r3]
 262:.\Generated_Source\PSoC4/cyfitter_cfg.c **** }
 394              		.loc 1 262 0
 395 002a BD46     		mov	sp, r7
 396              		@ sp needed
 397 002c 80BD     		pop	{r7, pc}
 398              	.L14:
 399 002e C046     		.align	2
 400              	.L13:
 401 0030 30003040 		.word	1076887600
 402 0034 30003140 		.word	1076953136
 403 0038 00003A40 		.word	1077542912
 404 003c 00033A40 		.word	1077543680
 405 0040 40033A40 		.word	1077543744
 406 0044 000E3F40 		.word	1077874176
 407              		.cfi_endproc
 408              	.LFE7:
 409              		.size	AnalogSetDefault, .-AnalogSetDefault
 410              		.section	.psocinit
 411              		.align	2
 412              		.global	cyfitter_cfg
 413              		.code	16
 414              		.thumb_func
 415              		.type	cyfitter_cfg, %function
 416              	cyfitter_cfg:
 417              	.LFB8:
 263:.\Generated_Source\PSoC4/cyfitter_cfg.c **** 
 264:.\Generated_Source\PSoC4/cyfitter_cfg.c **** #define CY_AMUX_UNUSED CYREG_CM0_ROM_DWT
ARM GAS  C:\Users\LINETT~1\AppData\Local\Temp\ccHADv8s.s 			page 13


 265:.\Generated_Source\PSoC4/cyfitter_cfg.c **** 
 266:.\Generated_Source\PSoC4/cyfitter_cfg.c **** 
 267:.\Generated_Source\PSoC4/cyfitter_cfg.c **** /*******************************************************************************
 268:.\Generated_Source\PSoC4/cyfitter_cfg.c **** * Function Name: cyfitter_cfg
 269:.\Generated_Source\PSoC4/cyfitter_cfg.c **** ********************************************************************************
 270:.\Generated_Source\PSoC4/cyfitter_cfg.c **** * Summary:
 271:.\Generated_Source\PSoC4/cyfitter_cfg.c **** *  This function is called by the start-up code for the selected device. It
 272:.\Generated_Source\PSoC4/cyfitter_cfg.c **** *  performs all of the necessary device configuration based on the design
 273:.\Generated_Source\PSoC4/cyfitter_cfg.c **** *  settings.  This includes settings from the Design Wide Resources (DWR) such
 274:.\Generated_Source\PSoC4/cyfitter_cfg.c **** *  as Clocks and Pins as well as any component configuration that is necessary.
 275:.\Generated_Source\PSoC4/cyfitter_cfg.c **** *
 276:.\Generated_Source\PSoC4/cyfitter_cfg.c **** * Parameters:  
 277:.\Generated_Source\PSoC4/cyfitter_cfg.c **** *   void
 278:.\Generated_Source\PSoC4/cyfitter_cfg.c **** *
 279:.\Generated_Source\PSoC4/cyfitter_cfg.c **** * Return:
 280:.\Generated_Source\PSoC4/cyfitter_cfg.c **** *   void
 281:.\Generated_Source\PSoC4/cyfitter_cfg.c **** *
 282:.\Generated_Source\PSoC4/cyfitter_cfg.c **** *******************************************************************************/
 283:.\Generated_Source\PSoC4/cyfitter_cfg.c **** CY_CFG_SECTION
 284:.\Generated_Source\PSoC4/cyfitter_cfg.c **** void cyfitter_cfg(void)
 285:.\Generated_Source\PSoC4/cyfitter_cfg.c **** {
 418              		.loc 1 285 0
 419              		.cfi_startproc
 420 00e0 80B5     		push	{r7, lr}
 421              		.cfi_def_cfa_offset 8
 422              		.cfi_offset 7, -8
 423              		.cfi_offset 14, -4
 424 00e2 82B0     		sub	sp, sp, #8
 425              		.cfi_def_cfa_offset 16
 426 00e4 00AF     		add	r7, sp, #0
 427              		.cfi_def_cfa_register 7
 286:.\Generated_Source\PSoC4/cyfitter_cfg.c **** 	/* Disable interrupts by default. Let user enable if/when they want. */
 287:.\Generated_Source\PSoC4/cyfitter_cfg.c **** 	CyGlobalIntDisable;
 428              		.loc 1 287 0
 429              	@ 287 ".\Generated_Source\PSoC4\cyfitter_cfg.c" 1
 430 00e6 72B6     		CPSID   i
 431              	@ 0 "" 2
 288:.\Generated_Source\PSoC4/cyfitter_cfg.c **** 
 289:.\Generated_Source\PSoC4/cyfitter_cfg.c **** 	CY_SET_XTND_REG32((void CYFAR *)(CYREG_BLE_BLESS_LL_DSM_CTRL), 0x00000000u);
 432              		.loc 1 289 0
 433              		.code	16
 434 00e8 4D4B     		ldr	r3, .L18
 435 00ea 0022     		mov	r2, #0
 436 00ec 1A60     		str	r2, [r3]
 290:.\Generated_Source\PSoC4/cyfitter_cfg.c **** 
 291:.\Generated_Source\PSoC4/cyfitter_cfg.c **** 	/* Enable the clock in the interrupt controller for the routed interrupts */
 292:.\Generated_Source\PSoC4/cyfitter_cfg.c **** 	CY_SET_REG8((void *)CYREG_UDB_UDBIF_INT_CLK_CTL, 0x01u);
 437              		.loc 1 292 0
 438 00ee 4D4B     		ldr	r3, .L18+4
 439 00f0 0122     		mov	r2, #1
 440 00f2 1A70     		strb	r2, [r3]
 441              	.LBB3:
 293:.\Generated_Source\PSoC4/cyfitter_cfg.c **** 	{
 294:.\Generated_Source\PSoC4/cyfitter_cfg.c **** 		static const uint32 CYCODE cy_cfg_addr_table[] = {
 295:.\Generated_Source\PSoC4/cyfitter_cfg.c **** 			0x400F4104u, /* Base address: 0x400F4100 Count: 4 */
 296:.\Generated_Source\PSoC4/cyfitter_cfg.c **** 			0x400F6002u, /* Base address: 0x400F6000 Count: 2 */
 297:.\Generated_Source\PSoC4/cyfitter_cfg.c **** 		};
ARM GAS  C:\Users\LINETT~1\AppData\Local\Temp\ccHADv8s.s 			page 14


 298:.\Generated_Source\PSoC4/cyfitter_cfg.c **** 
 299:.\Generated_Source\PSoC4/cyfitter_cfg.c **** 		static const cy_cfg_addrvalue_t CYCODE cy_cfg_data_table[] = {
 300:.\Generated_Source\PSoC4/cyfitter_cfg.c **** 			{0x2Fu, 0x08u},
 301:.\Generated_Source\PSoC4/cyfitter_cfg.c **** 			{0x6Fu, 0x08u},
 302:.\Generated_Source\PSoC4/cyfitter_cfg.c **** 			{0xCAu, 0x20u},
 303:.\Generated_Source\PSoC4/cyfitter_cfg.c **** 			{0xDAu, 0x80u},
 304:.\Generated_Source\PSoC4/cyfitter_cfg.c **** 			{0x02u, 0x01u},
 305:.\Generated_Source\PSoC4/cyfitter_cfg.c **** 			{0x11u, 0x01u},
 306:.\Generated_Source\PSoC4/cyfitter_cfg.c **** 		};
 307:.\Generated_Source\PSoC4/cyfitter_cfg.c **** 
 308:.\Generated_Source\PSoC4/cyfitter_cfg.c **** 
 309:.\Generated_Source\PSoC4/cyfitter_cfg.c **** 
 310:.\Generated_Source\PSoC4/cyfitter_cfg.c **** 		CYPACKED typedef struct {
 311:.\Generated_Source\PSoC4/cyfitter_cfg.c **** 			void CYFAR *address;
 312:.\Generated_Source\PSoC4/cyfitter_cfg.c **** 			uint16 size;
 313:.\Generated_Source\PSoC4/cyfitter_cfg.c **** 		} CYPACKED_ATTR cfg_memset_t;
 314:.\Generated_Source\PSoC4/cyfitter_cfg.c **** 
 315:.\Generated_Source\PSoC4/cyfitter_cfg.c **** 		static const cfg_memset_t CYCODE cfg_memset_list [] = {
 316:.\Generated_Source\PSoC4/cyfitter_cfg.c **** 			/* address, size */
 317:.\Generated_Source\PSoC4/cyfitter_cfg.c **** 			{(void CYFAR *)(CYDEV_UDB_P0_U0_BASE), 1024u},
 318:.\Generated_Source\PSoC4/cyfitter_cfg.c **** 			{(void CYFAR *)(CYDEV_UDB_DSI0_BASE), 1024u},
 319:.\Generated_Source\PSoC4/cyfitter_cfg.c **** 		};
 320:.\Generated_Source\PSoC4/cyfitter_cfg.c **** 
 321:.\Generated_Source\PSoC4/cyfitter_cfg.c **** 		uint8 CYDATA i;
 322:.\Generated_Source\PSoC4/cyfitter_cfg.c **** 
 323:.\Generated_Source\PSoC4/cyfitter_cfg.c **** 		/* Zero out critical memory blocks before beginning configuration */
 324:.\Generated_Source\PSoC4/cyfitter_cfg.c **** 		for (i = 0u; i < (sizeof(cfg_memset_list)/sizeof(cfg_memset_list[0])); i++)
 442              		.loc 1 324 0
 443 00f4 FB1D     		add	r3, r7, #7
 444 00f6 0022     		mov	r2, #0
 445 00f8 1A70     		strb	r2, [r3]
 446 00fa 23E0     		b	.L16
 447              	.L17:
 448              	.LBB4:
 325:.\Generated_Source\PSoC4/cyfitter_cfg.c **** 		{
 326:.\Generated_Source\PSoC4/cyfitter_cfg.c **** 			const cfg_memset_t CYCODE * CYDATA ms = &cfg_memset_list[i];
 449              		.loc 1 326 0 discriminator 3
 450 00fc FB1D     		add	r3, r7, #7
 451 00fe 1A78     		ldrb	r2, [r3]
 452 0100 131C     		mov	r3, r2
 453 0102 5B00     		lsl	r3, r3, #1
 454 0104 9B18     		add	r3, r3, r2
 455 0106 5B00     		lsl	r3, r3, #1
 456 0108 474A     		ldr	r2, .L18+8
 457 010a 9B18     		add	r3, r3, r2
 458 010c 3B60     		str	r3, [r7]
 327:.\Generated_Source\PSoC4/cyfitter_cfg.c **** 			CYMEMZERO(ms->address, (size_t)(uint32)(ms->size));
 459              		.loc 1 327 0 discriminator 3
 460 010e 3B68     		ldr	r3, [r7]
 461 0110 1A78     		ldrb	r2, [r3]
 462 0112 5978     		ldrb	r1, [r3, #1]
 463 0114 0902     		lsl	r1, r1, #8
 464 0116 0A43     		orr	r2, r1
 465 0118 9978     		ldrb	r1, [r3, #2]
 466 011a 0904     		lsl	r1, r1, #16
 467 011c 0A43     		orr	r2, r1
 468 011e DB78     		ldrb	r3, [r3, #3]
ARM GAS  C:\Users\LINETT~1\AppData\Local\Temp\ccHADv8s.s 			page 15


 469 0120 1B06     		lsl	r3, r3, #24
 470 0122 1343     		orr	r3, r2
 471 0124 191C     		mov	r1, r3
 472 0126 3B68     		ldr	r3, [r7]
 473 0128 1A79     		ldrb	r2, [r3, #4]
 474 012a 5B79     		ldrb	r3, [r3, #5]
 475 012c 1B02     		lsl	r3, r3, #8
 476 012e 1343     		orr	r3, r2
 477 0130 9BB2     		uxth	r3, r3
 478 0132 081C     		mov	r0, r1
 479 0134 191C     		mov	r1, r3
 480 0136 FFF7FEFF 		bl	CYMEMZERO
 481              	.LBE4:
 324:.\Generated_Source\PSoC4/cyfitter_cfg.c **** 		{
 482              		.loc 1 324 0 discriminator 3
 483 013a FB1D     		add	r3, r7, #7
 484 013c 1A78     		ldrb	r2, [r3]
 485 013e FB1D     		add	r3, r7, #7
 486 0140 0132     		add	r2, r2, #1
 487 0142 1A70     		strb	r2, [r3]
 488              	.L16:
 324:.\Generated_Source\PSoC4/cyfitter_cfg.c **** 		{
 489              		.loc 1 324 0 is_stmt 0 discriminator 1
 490 0144 FB1D     		add	r3, r7, #7
 491 0146 1B78     		ldrb	r3, [r3]
 492 0148 012B     		cmp	r3, #1
 493 014a D7D9     		bls	.L17
 328:.\Generated_Source\PSoC4/cyfitter_cfg.c **** 		}
 329:.\Generated_Source\PSoC4/cyfitter_cfg.c **** 
 330:.\Generated_Source\PSoC4/cyfitter_cfg.c **** 		cfg_write_bytes32(cy_cfg_addr_table, cy_cfg_data_table);
 494              		.loc 1 330 0 is_stmt 1
 495 014c 374A     		ldr	r2, .L18+12
 496 014e 384B     		ldr	r3, .L18+16
 497 0150 101C     		mov	r0, r2
 498 0152 191C     		mov	r1, r3
 499 0154 FFF7FEFF 		bl	cfg_write_bytes32
 331:.\Generated_Source\PSoC4/cyfitter_cfg.c **** 
 332:.\Generated_Source\PSoC4/cyfitter_cfg.c **** 		/* HSIOM Starting address: CYDEV_HSIOM_BASE */
 333:.\Generated_Source\PSoC4/cyfitter_cfg.c **** 		CY_SET_XTND_REG32((void CYFAR *)(CYDEV_HSIOM_BASE), 0xEE000000u);
 500              		.loc 1 333 0
 501 0158 364B     		ldr	r3, .L18+20
 502 015a EE22     		mov	r2, #238
 503 015c 1206     		lsl	r2, r2, #24
 504 015e 1A60     		str	r2, [r3]
 334:.\Generated_Source\PSoC4/cyfitter_cfg.c **** 		CY_SET_XTND_REG32((void CYFAR *)(CYREG_HSIOM_PORT_SEL1), 0x00990000u);
 505              		.loc 1 334 0
 506 0160 354B     		ldr	r3, .L18+24
 507 0162 9922     		mov	r2, #153
 508 0164 1204     		lsl	r2, r2, #16
 509 0166 1A60     		str	r2, [r3]
 335:.\Generated_Source\PSoC4/cyfitter_cfg.c **** 
 336:.\Generated_Source\PSoC4/cyfitter_cfg.c **** 		/* UDB_PA_0 Starting address: CYDEV_UDB_PA0_BASE */
 337:.\Generated_Source\PSoC4/cyfitter_cfg.c **** 		CY_SET_XTND_REG32((void CYFAR *)(CYDEV_UDB_PA0_BASE), 0x00990000u);
 510              		.loc 1 337 0
 511 0168 344B     		ldr	r3, .L18+28
 512 016a 9922     		mov	r2, #153
 513 016c 1204     		lsl	r2, r2, #16
ARM GAS  C:\Users\LINETT~1\AppData\Local\Temp\ccHADv8s.s 			page 16


 514 016e 1A60     		str	r2, [r3]
 338:.\Generated_Source\PSoC4/cyfitter_cfg.c **** 
 339:.\Generated_Source\PSoC4/cyfitter_cfg.c **** 		/* UDB_PA_1 Starting address: CYDEV_UDB_PA1_BASE */
 340:.\Generated_Source\PSoC4/cyfitter_cfg.c **** 		CY_SET_XTND_REG32((void CYFAR *)(CYDEV_UDB_PA1_BASE), 0x00990000u);
 515              		.loc 1 340 0
 516 0170 334B     		ldr	r3, .L18+32
 517 0172 9922     		mov	r2, #153
 518 0174 1204     		lsl	r2, r2, #16
 519 0176 1A60     		str	r2, [r3]
 341:.\Generated_Source\PSoC4/cyfitter_cfg.c **** 
 342:.\Generated_Source\PSoC4/cyfitter_cfg.c **** 		/* UDB_PA_2 Starting address: CYDEV_UDB_PA2_BASE */
 343:.\Generated_Source\PSoC4/cyfitter_cfg.c **** 		CY_SET_XTND_REG32((void CYFAR *)(CYDEV_UDB_PA2_BASE), 0x00990000u);
 520              		.loc 1 343 0
 521 0178 324B     		ldr	r3, .L18+36
 522 017a 9922     		mov	r2, #153
 523 017c 1204     		lsl	r2, r2, #16
 524 017e 1A60     		str	r2, [r3]
 344:.\Generated_Source\PSoC4/cyfitter_cfg.c **** 		CY_SET_XTND_REG32((void CYFAR *)(CYREG_UDB_PA2_CFG4), 0x80000000u);
 525              		.loc 1 344 0
 526 0180 314B     		ldr	r3, .L18+40
 527 0182 8022     		mov	r2, #128
 528 0184 1206     		lsl	r2, r2, #24
 529 0186 1A60     		str	r2, [r3]
 345:.\Generated_Source\PSoC4/cyfitter_cfg.c **** 
 346:.\Generated_Source\PSoC4/cyfitter_cfg.c **** 		/* UDB_PA_3 Starting address: CYDEV_UDB_PA3_BASE */
 347:.\Generated_Source\PSoC4/cyfitter_cfg.c **** 		CY_SET_XTND_REG32((void CYFAR *)(CYDEV_UDB_PA3_BASE), 0x00990000u);
 530              		.loc 1 347 0
 531 0188 304B     		ldr	r3, .L18+44
 532 018a 9922     		mov	r2, #153
 533 018c 1204     		lsl	r2, r2, #16
 534 018e 1A60     		str	r2, [r3]
 348:.\Generated_Source\PSoC4/cyfitter_cfg.c **** 
 349:.\Generated_Source\PSoC4/cyfitter_cfg.c **** 		/* INT_SELECT Starting address: CYDEV_CPUSS_INT_SEL */
 350:.\Generated_Source\PSoC4/cyfitter_cfg.c **** 		CY_SET_XTND_REG32((void CYFAR *)(CYREG_CPUSS_INT_SEL), 0x00000002u);
 535              		.loc 1 350 0
 536 0190 2F4B     		ldr	r3, .L18+48
 537 0192 0222     		mov	r2, #2
 538 0194 1A60     		str	r2, [r3]
 351:.\Generated_Source\PSoC4/cyfitter_cfg.c **** 
 352:.\Generated_Source\PSoC4/cyfitter_cfg.c **** 		/* Enable digital routing */
 353:.\Generated_Source\PSoC4/cyfitter_cfg.c **** 		CY_SET_XTND_REG8((void *)CYREG_UDB_UDBIF_BANK_CTL, CY_GET_XTND_REG8((void *)CYREG_UDB_UDBIF_BANK_
 539              		.loc 1 353 0
 540 0196 2F4A     		ldr	r2, .L18+52
 541 0198 2E4B     		ldr	r3, .L18+52
 542 019a 1B78     		ldrb	r3, [r3]
 543 019c DBB2     		uxtb	r3, r3
 544 019e 0221     		mov	r1, #2
 545 01a0 0B43     		orr	r3, r1
 546 01a2 DBB2     		uxtb	r3, r3
 547 01a4 1370     		strb	r3, [r2]
 354:.\Generated_Source\PSoC4/cyfitter_cfg.c **** 
 355:.\Generated_Source\PSoC4/cyfitter_cfg.c **** 		/* Enable UDB array */
 356:.\Generated_Source\PSoC4/cyfitter_cfg.c **** 		CY_SET_XTND_REG8((void *)CYREG_UDB_UDBIF_WAIT_CFG, (uint8)((CY_GET_XTND_REG8((void *)CYREG_UDB_UD
 548              		.loc 1 356 0
 549 01a6 2C4A     		ldr	r2, .L18+56
 550 01a8 2B4B     		ldr	r3, .L18+56
 551 01aa 1B78     		ldrb	r3, [r3]
ARM GAS  C:\Users\LINETT~1\AppData\Local\Temp\ccHADv8s.s 			page 17


 552 01ac DBB2     		uxtb	r3, r3
 553 01ae 3C21     		mov	r1, #60
 554 01b0 8B43     		bic	r3, r1
 555 01b2 DBB2     		uxtb	r3, r3
 556 01b4 1421     		mov	r1, #20
 557 01b6 0B43     		orr	r3, r1
 558 01b8 DBB2     		uxtb	r3, r3
 559 01ba 1370     		strb	r3, [r2]
 357:.\Generated_Source\PSoC4/cyfitter_cfg.c **** 		CY_SET_XTND_REG8((void *)CYREG_UDB_UDBIF_BANK_CTL, (uint8)(CY_GET_XTND_REG8((void *)CYREG_UDB_UDB
 560              		.loc 1 357 0
 561 01bc 254A     		ldr	r2, .L18+52
 562 01be 254B     		ldr	r3, .L18+52
 563 01c0 1B78     		ldrb	r3, [r3]
 564 01c2 DBB2     		uxtb	r3, r3
 565 01c4 1621     		mov	r1, #22
 566 01c6 0B43     		orr	r3, r1
 567 01c8 DBB2     		uxtb	r3, r3
 568 01ca 1370     		strb	r3, [r2]
 569              	.LBE3:
 358:.\Generated_Source\PSoC4/cyfitter_cfg.c **** 	}
 359:.\Generated_Source\PSoC4/cyfitter_cfg.c **** 
 360:.\Generated_Source\PSoC4/cyfitter_cfg.c **** 	/* Perform second pass device configuration. These items must be configured in specific order afte
 361:.\Generated_Source\PSoC4/cyfitter_cfg.c **** 	/* IOPINS0_0 Starting address: CYDEV_GPIO_PRT0_BASE */
 362:.\Generated_Source\PSoC4/cyfitter_cfg.c **** 	CY_SET_XTND_REG32((void CYFAR *)(CYREG_GPIO_PRT0_PC), 0x00D80000u);
 570              		.loc 1 362 0
 571 01cc 234B     		ldr	r3, .L18+60
 572 01ce D822     		mov	r2, #216
 573 01d0 1204     		lsl	r2, r2, #16
 574 01d2 1A60     		str	r2, [r3]
 363:.\Generated_Source\PSoC4/cyfitter_cfg.c **** 
 364:.\Generated_Source\PSoC4/cyfitter_cfg.c **** 	/* IOPINS0_1 Starting address: CYDEV_GPIO_PRT1_BASE */
 365:.\Generated_Source\PSoC4/cyfitter_cfg.c **** 	CY_SET_XTND_REG32((void CYFAR *)(CYDEV_GPIO_PRT1_BASE), 0x00000020u);
 575              		.loc 1 365 0
 576 01d4 224B     		ldr	r3, .L18+64
 577 01d6 2022     		mov	r2, #32
 578 01d8 1A60     		str	r2, [r3]
 366:.\Generated_Source\PSoC4/cyfitter_cfg.c **** 	CY_SET_XTND_REG32((void CYFAR *)(CYREG_GPIO_PRT1_PC), 0x00031000u);
 579              		.loc 1 366 0
 580 01da 224B     		ldr	r3, .L18+68
 581 01dc C422     		mov	r2, #196
 582 01de 9202     		lsl	r2, r2, #10
 583 01e0 1A60     		str	r2, [r3]
 367:.\Generated_Source\PSoC4/cyfitter_cfg.c **** 	CY_SET_XTND_REG32((void CYFAR *)(CYREG_GPIO_PRT1_PC2), 0x00000020u);
 584              		.loc 1 367 0
 585 01e2 214B     		ldr	r3, .L18+72
 586 01e4 2022     		mov	r2, #32
 587 01e6 1A60     		str	r2, [r3]
 368:.\Generated_Source\PSoC4/cyfitter_cfg.c **** 
 369:.\Generated_Source\PSoC4/cyfitter_cfg.c **** 	/* IOPINS0_2 Starting address: CYDEV_GPIO_PRT2_BASE */
 370:.\Generated_Source\PSoC4/cyfitter_cfg.c **** 	CY_SET_XTND_REG32((void CYFAR *)(CYDEV_GPIO_PRT2_BASE), 0x000000C0u);
 588              		.loc 1 370 0
 589 01e8 204B     		ldr	r3, .L18+76
 590 01ea C022     		mov	r2, #192
 591 01ec 1A60     		str	r2, [r3]
 371:.\Generated_Source\PSoC4/cyfitter_cfg.c **** 	CY_SET_XTND_REG32((void CYFAR *)(CYREG_GPIO_PRT2_PC), 0x00580000u);
 592              		.loc 1 371 0
 593 01ee 204B     		ldr	r3, .L18+80
ARM GAS  C:\Users\LINETT~1\AppData\Local\Temp\ccHADv8s.s 			page 18


 594 01f0 B022     		mov	r2, #176
 595 01f2 D203     		lsl	r2, r2, #15
 596 01f4 1A60     		str	r2, [r3]
 372:.\Generated_Source\PSoC4/cyfitter_cfg.c **** 	CY_SET_XTND_REG32((void CYFAR *)(CYREG_GPIO_PRT2_INTR_CFG), 0x00008000u);
 597              		.loc 1 372 0
 598 01f6 1F4B     		ldr	r3, .L18+84
 599 01f8 8022     		mov	r2, #128
 600 01fa 1202     		lsl	r2, r2, #8
 601 01fc 1A60     		str	r2, [r3]
 373:.\Generated_Source\PSoC4/cyfitter_cfg.c **** 
 374:.\Generated_Source\PSoC4/cyfitter_cfg.c **** 	/* IOPINS0_3 Starting address: CYDEV_GPIO_PRT3_BASE */
 375:.\Generated_Source\PSoC4/cyfitter_cfg.c **** 	CY_SET_XTND_REG32((void CYFAR *)(CYDEV_GPIO_PRT3_BASE), 0x00000047u);
 602              		.loc 1 375 0
 603 01fe 1E4B     		ldr	r3, .L18+88
 604 0200 4722     		mov	r2, #71
 605 0202 1A60     		str	r2, [r3]
 376:.\Generated_Source\PSoC4/cyfitter_cfg.c **** 	CY_SET_XTND_REG32((void CYFAR *)(CYREG_GPIO_PRT3_PC), 0x00180000u);
 606              		.loc 1 376 0
 607 0204 1D4B     		ldr	r3, .L18+92
 608 0206 C022     		mov	r2, #192
 609 0208 5203     		lsl	r2, r2, #13
 610 020a 1A60     		str	r2, [r3]
 377:.\Generated_Source\PSoC4/cyfitter_cfg.c **** 	CY_SET_XTND_REG32((void CYFAR *)(CYREG_GPIO_PRT3_PC2), 0x00000007u);
 611              		.loc 1 377 0
 612 020c 1C4B     		ldr	r3, .L18+96
 613 020e 0722     		mov	r2, #7
 614 0210 1A60     		str	r2, [r3]
 378:.\Generated_Source\PSoC4/cyfitter_cfg.c **** 
 379:.\Generated_Source\PSoC4/cyfitter_cfg.c **** 
 380:.\Generated_Source\PSoC4/cyfitter_cfg.c **** 	/* Setup clocks based on selections from Clock DWR */
 381:.\Generated_Source\PSoC4/cyfitter_cfg.c **** 	ClockSetup();
 615              		.loc 1 381 0
 616 0212 FFF7F5FE 		bl	ClockSetup
 382:.\Generated_Source\PSoC4/cyfitter_cfg.c **** 
 383:.\Generated_Source\PSoC4/cyfitter_cfg.c **** 	/* Perform basic analog initialization to defaults */
 384:.\Generated_Source\PSoC4/cyfitter_cfg.c **** 	AnalogSetDefault();
 617              		.loc 1 384 0
 618 0216 FFF7FEFF 		bl	AnalogSetDefault
 385:.\Generated_Source\PSoC4/cyfitter_cfg.c **** 
 386:.\Generated_Source\PSoC4/cyfitter_cfg.c **** }
 619              		.loc 1 386 0
 620 021a BD46     		mov	sp, r7
 621 021c 02B0     		add	sp, sp, #8
 622              		@ sp needed
 623 021e 80BD     		pop	{r7, pc}
 624              	.L19:
 625              		.align	2
 626              	.L18:
 627 0220 6CF02E40 		.word	1076818028
 628 0224 1C700F40 		.word	1074753564
 629 0228 00000000 		.word	cfg_memset_list.4765
 630 022c 0C000000 		.word	cy_cfg_addr_table.4759
 631 0230 14000000 		.word	cy_cfg_data_table.4760
 632 0234 00000240 		.word	1073872896
 633 0238 00010240 		.word	1073873152
 634 023c 00500F40 		.word	1074745344
 635 0240 10500F40 		.word	1074745360
ARM GAS  C:\Users\LINETT~1\AppData\Local\Temp\ccHADv8s.s 			page 19


 636 0244 20500F40 		.word	1074745376
 637 0248 24500F40 		.word	1074745380
 638 024c 30500F40 		.word	1074745392
 639 0250 20001040 		.word	1074790432
 640 0254 00700F40 		.word	1074753536
 641 0258 01700F40 		.word	1074753537
 642 025c 08000440 		.word	1074003976
 643 0260 00010440 		.word	1074004224
 644 0264 08010440 		.word	1074004232
 645 0268 18010440 		.word	1074004248
 646 026c 00020440 		.word	1074004480
 647 0270 08020440 		.word	1074004488
 648 0274 0C020440 		.word	1074004492
 649 0278 00030440 		.word	1074004736
 650 027c 08030440 		.word	1074004744
 651 0280 18030440 		.word	1074004760
 652              		.cfi_endproc
 653              	.LFE8:
 654              		.size	cyfitter_cfg, .-cyfitter_cfg
 655              		.section	.rodata
 656              		.align	2
 657              		.type	cfg_memset_list.4765, %object
 658              		.size	cfg_memset_list.4765, 12
 659              	cfg_memset_list.4765:
 660 0000 00300F40 		.word	1074737152
 661 0004 0004     		.short	1024
 662 0006 00400F40 		.4byte	1074741248
 663 000a 0004     		.short	1024
 664              		.align	2
 665              		.type	cy_cfg_addr_table.4759, %object
 666              		.size	cy_cfg_addr_table.4759, 8
 667              	cy_cfg_addr_table.4759:
 668 000c 04410F40 		.word	1074741508
 669 0010 02600F40 		.word	1074749442
 670              		.align	2
 671              		.type	cy_cfg_data_table.4760, %object
 672              		.size	cy_cfg_data_table.4760, 12
 673              	cy_cfg_data_table.4760:
 674 0014 2F       		.byte	47
 675 0015 08       		.byte	8
 676 0016 6F       		.byte	111
 677 0017 08       		.byte	8
 678 0018 CA       		.byte	-54
 679 0019 20       		.byte	32
 680 001a DA       		.byte	-38
 681 001b 80       		.byte	-128
 682 001c 02       		.byte	2
 683 001d 01       		.byte	1
 684 001e 11       		.byte	17
 685 001f 01       		.byte	1
 686              		.text
 687              	.Letext0:
 688              		.file 2 "c:\\program files (x86)\\cypress\\psoc creator\\3.3\\psoc creator\\import\\gnu\\arm\\4.9.
 689              		.file 3 ".\\Generated_Source\\PSoC4\\cytypes.h"
 690              		.section	.debug_info,"",%progbits
 691              	.Ldebug_info0:
 692 0000 52030000 		.4byte	0x352
ARM GAS  C:\Users\LINETT~1\AppData\Local\Temp\ccHADv8s.s 			page 20


 693 0004 0400     		.2byte	0x4
 694 0006 00000000 		.4byte	.Ldebug_abbrev0
 695 000a 04       		.byte	0x4
 696 000b 01       		.uleb128 0x1
 697 000c 1E000000 		.4byte	.LASF39
 698 0010 01       		.byte	0x1
 699 0011 10020000 		.4byte	.LASF40
 700 0015 86010000 		.4byte	.LASF41
 701 0019 00000000 		.4byte	.Ldebug_ranges0+0
 702 001d 00000000 		.4byte	0
 703 0021 00000000 		.4byte	.Ldebug_line0
 704 0025 02       		.uleb128 0x2
 705 0026 04       		.byte	0x4
 706 0027 05       		.byte	0x5
 707 0028 696E7400 		.ascii	"int\000"
 708 002c 03       		.uleb128 0x3
 709 002d 06000000 		.4byte	.LASF11
 710 0031 02       		.byte	0x2
 711 0032 D4       		.byte	0xd4
 712 0033 37000000 		.4byte	0x37
 713 0037 04       		.uleb128 0x4
 714 0038 04       		.byte	0x4
 715 0039 07       		.byte	0x7
 716 003a C5010000 		.4byte	.LASF0
 717 003e 04       		.uleb128 0x4
 718 003f 01       		.byte	0x1
 719 0040 06       		.byte	0x6
 720 0041 78020000 		.4byte	.LASF1
 721 0045 04       		.uleb128 0x4
 722 0046 01       		.byte	0x1
 723 0047 08       		.byte	0x8
 724 0048 2E010000 		.4byte	.LASF2
 725 004c 04       		.uleb128 0x4
 726 004d 02       		.byte	0x2
 727 004e 05       		.byte	0x5
 728 004f 65020000 		.4byte	.LASF3
 729 0053 04       		.uleb128 0x4
 730 0054 02       		.byte	0x2
 731 0055 07       		.byte	0x7
 732 0056 84020000 		.4byte	.LASF4
 733 005a 04       		.uleb128 0x4
 734 005b 04       		.byte	0x4
 735 005c 05       		.byte	0x5
 736 005d 6F020000 		.4byte	.LASF5
 737 0061 04       		.uleb128 0x4
 738 0062 04       		.byte	0x4
 739 0063 07       		.byte	0x7
 740 0064 0C010000 		.4byte	.LASF6
 741 0068 04       		.uleb128 0x4
 742 0069 08       		.byte	0x8
 743 006a 05       		.byte	0x5
 744 006b 38020000 		.4byte	.LASF7
 745 006f 04       		.uleb128 0x4
 746 0070 08       		.byte	0x8
 747 0071 07       		.byte	0x7
 748 0072 DA010000 		.4byte	.LASF8
 749 0076 04       		.uleb128 0x4
ARM GAS  C:\Users\LINETT~1\AppData\Local\Temp\ccHADv8s.s 			page 21


 750 0077 04       		.byte	0x4
 751 0078 07       		.byte	0x7
 752 0079 07020000 		.4byte	.LASF9
 753 007d 05       		.uleb128 0x5
 754 007e 04       		.byte	0x4
 755 007f 04       		.uleb128 0x4
 756 0080 01       		.byte	0x1
 757 0081 08       		.byte	0x8
 758 0082 46020000 		.4byte	.LASF10
 759 0086 06       		.uleb128 0x6
 760 0087 1E010000 		.4byte	.LASF12
 761 008b 03       		.byte	0x3
 762 008c 3801     		.2byte	0x138
 763 008e 45000000 		.4byte	0x45
 764 0092 06       		.uleb128 0x6
 765 0093 6D010000 		.4byte	.LASF13
 766 0097 03       		.byte	0x3
 767 0098 3901     		.2byte	0x139
 768 009a 53000000 		.4byte	0x53
 769 009e 06       		.uleb128 0x6
 770 009f 7F010000 		.4byte	.LASF14
 771 00a3 03       		.byte	0x3
 772 00a4 3A01     		.2byte	0x13a
 773 00a6 61000000 		.4byte	0x61
 774 00aa 04       		.uleb128 0x4
 775 00ab 04       		.byte	0x4
 776 00ac 04       		.byte	0x4
 777 00ad E7000000 		.4byte	.LASF15
 778 00b1 04       		.uleb128 0x4
 779 00b2 08       		.byte	0x8
 780 00b3 04       		.byte	0x4
 781 00b4 3C010000 		.4byte	.LASF16
 782 00b8 06       		.uleb128 0x6
 783 00b9 07010000 		.4byte	.LASF17
 784 00bd 03       		.byte	0x3
 785 00be E201     		.2byte	0x1e2
 786 00c0 C4000000 		.4byte	0xc4
 787 00c4 07       		.uleb128 0x7
 788 00c5 86000000 		.4byte	0x86
 789 00c9 06       		.uleb128 0x6
 790 00ca 00000000 		.4byte	.LASF18
 791 00ce 03       		.byte	0x3
 792 00cf E401     		.2byte	0x1e4
 793 00d1 D5000000 		.4byte	0xd5
 794 00d5 07       		.uleb128 0x7
 795 00d6 9E000000 		.4byte	0x9e
 796 00da 08       		.uleb128 0x8
 797 00db 02       		.byte	0x2
 798 00dc 01       		.byte	0x1
 799 00dd 7E       		.byte	0x7e
 800 00de FB000000 		.4byte	0xfb
 801 00e2 09       		.uleb128 0x9
 802 00e3 5E020000 		.4byte	.LASF19
 803 00e7 01       		.byte	0x1
 804 00e8 80       		.byte	0x80
 805 00e9 86000000 		.4byte	0x86
 806 00ed 00       		.byte	0
ARM GAS  C:\Users\LINETT~1\AppData\Local\Temp\ccHADv8s.s 			page 22


 807 00ee 09       		.uleb128 0x9
 808 00ef AC000000 		.4byte	.LASF20
 809 00f3 01       		.byte	0x1
 810 00f4 81       		.byte	0x81
 811 00f5 86000000 		.4byte	0x86
 812 00f9 01       		.byte	0x1
 813 00fa 00       		.byte	0
 814 00fb 03       		.uleb128 0x3
 815 00fc 4B020000 		.4byte	.LASF21
 816 0100 01       		.byte	0x1
 817 0101 82       		.byte	0x82
 818 0102 DA000000 		.4byte	0xda
 819 0106 0A       		.uleb128 0xa
 820 0107 24010000 		.4byte	.LASF22
 821 010b 01       		.byte	0x1
 822 010c 3C       		.byte	0x3c
 823 010d 00000000 		.4byte	.LFB2
 824 0111 1E000000 		.4byte	.LFE2-.LFB2
 825 0115 01       		.uleb128 0x1
 826 0116 9C       		.byte	0x9c
 827 0117 34010000 		.4byte	0x134
 828 011b 0B       		.uleb128 0xb
 829 011c 7300     		.ascii	"s\000"
 830 011e 01       		.byte	0x1
 831 011f 3C       		.byte	0x3c
 832 0120 7D000000 		.4byte	0x7d
 833 0124 02       		.uleb128 0x2
 834 0125 91       		.byte	0x91
 835 0126 74       		.sleb128 -12
 836 0127 0B       		.uleb128 0xb
 837 0128 6E00     		.ascii	"n\000"
 838 012a 01       		.byte	0x1
 839 012b 3C       		.byte	0x3c
 840 012c 2C000000 		.4byte	0x2c
 841 0130 02       		.uleb128 0x2
 842 0131 91       		.byte	0x91
 843 0132 70       		.sleb128 -16
 844 0133 00       		.byte	0
 845 0134 0A       		.uleb128 0xa
 846 0135 A7020000 		.4byte	.LASF23
 847 0139 01       		.byte	0x1
 848 013a 43       		.byte	0x43
 849 013b 00000000 		.4byte	.LFB3
 850 013f 22000000 		.4byte	.LFE3-.LFB3
 851 0143 01       		.uleb128 0x1
 852 0144 9C       		.byte	0x9c
 853 0145 72010000 		.4byte	0x172
 854 0149 0C       		.uleb128 0xc
 855 014a ED000000 		.4byte	.LASF24
 856 014e 01       		.byte	0x1
 857 014f 43       		.byte	0x43
 858 0150 7D000000 		.4byte	0x7d
 859 0154 02       		.uleb128 0x2
 860 0155 91       		.byte	0x91
 861 0156 74       		.sleb128 -12
 862 0157 0B       		.uleb128 0xb
 863 0158 73726300 		.ascii	"src\000"
ARM GAS  C:\Users\LINETT~1\AppData\Local\Temp\ccHADv8s.s 			page 23


 864 015c 01       		.byte	0x1
 865 015d 43       		.byte	0x43
 866 015e 72010000 		.4byte	0x172
 867 0162 02       		.uleb128 0x2
 868 0163 91       		.byte	0x91
 869 0164 70       		.sleb128 -16
 870 0165 0B       		.uleb128 0xb
 871 0166 6E00     		.ascii	"n\000"
 872 0168 01       		.byte	0x1
 873 0169 43       		.byte	0x43
 874 016a 2C000000 		.4byte	0x2c
 875 016e 02       		.uleb128 0x2
 876 016f 91       		.byte	0x91
 877 0170 6C       		.sleb128 -20
 878 0171 00       		.byte	0
 879 0172 0D       		.uleb128 0xd
 880 0173 04       		.byte	0x4
 881 0174 78010000 		.4byte	0x178
 882 0178 0E       		.uleb128 0xe
 883 0179 0A       		.uleb128 0xa
 884 017a 97020000 		.4byte	.LASF25
 885 017e 01       		.byte	0x1
 886 017f 4A       		.byte	0x4a
 887 0180 00000000 		.4byte	.LFB4
 888 0184 22000000 		.4byte	.LFE4-.LFB4
 889 0188 01       		.uleb128 0x1
 890 0189 9C       		.byte	0x9c
 891 018a B7010000 		.4byte	0x1b7
 892 018e 0C       		.uleb128 0xc
 893 018f ED000000 		.4byte	.LASF24
 894 0193 01       		.byte	0x1
 895 0194 4A       		.byte	0x4a
 896 0195 7D000000 		.4byte	0x7d
 897 0199 02       		.uleb128 0x2
 898 019a 91       		.byte	0x91
 899 019b 74       		.sleb128 -12
 900 019c 0B       		.uleb128 0xb
 901 019d 73726300 		.ascii	"src\000"
 902 01a1 01       		.byte	0x1
 903 01a2 4A       		.byte	0x4a
 904 01a3 72010000 		.4byte	0x172
 905 01a7 02       		.uleb128 0x2
 906 01a8 91       		.byte	0x91
 907 01a9 70       		.sleb128 -16
 908 01aa 0B       		.uleb128 0xb
 909 01ab 6E00     		.ascii	"n\000"
 910 01ad 01       		.byte	0x1
 911 01ae 4A       		.byte	0x4a
 912 01af 2C000000 		.4byte	0x2c
 913 01b3 02       		.uleb128 0x2
 914 01b4 91       		.byte	0x91
 915 01b5 6C       		.sleb128 -20
 916 01b6 00       		.byte	0
 917 01b7 0F       		.uleb128 0xf
 918 01b8 43010000 		.4byte	.LASF26
 919 01bc 01       		.byte	0x1
 920 01bd 95       		.byte	0x95
ARM GAS  C:\Users\LINETT~1\AppData\Local\Temp\ccHADv8s.s 			page 24


 921 01be 00000000 		.4byte	.LFB5
 922 01c2 80000000 		.4byte	.LFE5-.LFB5
 923 01c6 01       		.uleb128 0x1
 924 01c7 9C       		.byte	0x9c
 925 01c8 27020000 		.4byte	0x227
 926 01cc 0C       		.uleb128 0xc
 927 01cd 62010000 		.4byte	.LASF27
 928 01d1 01       		.byte	0x1
 929 01d2 95       		.byte	0x95
 930 01d3 27020000 		.4byte	0x227
 931 01d7 02       		.uleb128 0x2
 932 01d8 91       		.byte	0x91
 933 01d9 64       		.sleb128 -28
 934 01da 0C       		.uleb128 0xc
 935 01db 74010000 		.4byte	.LASF28
 936 01df 01       		.byte	0x1
 937 01e0 95       		.byte	0x95
 938 01e1 32020000 		.4byte	0x232
 939 01e5 02       		.uleb128 0x2
 940 01e6 91       		.byte	0x91
 941 01e7 60       		.sleb128 -32
 942 01e8 10       		.uleb128 0x10
 943 01e9 6900     		.ascii	"i\000"
 944 01eb 01       		.byte	0x1
 945 01ec 98       		.byte	0x98
 946 01ed 9E000000 		.4byte	0x9e
 947 01f1 02       		.uleb128 0x2
 948 01f2 91       		.byte	0x91
 949 01f3 74       		.sleb128 -12
 950 01f4 10       		.uleb128 0x10
 951 01f5 6A00     		.ascii	"j\000"
 952 01f7 01       		.byte	0x1
 953 01f8 98       		.byte	0x98
 954 01f9 9E000000 		.4byte	0x9e
 955 01fd 02       		.uleb128 0x2
 956 01fe 91       		.byte	0x91
 957 01ff 70       		.sleb128 -16
 958 0200 11       		.uleb128 0x11
 959 0201 14000000 		.4byte	.LBB2
 960 0205 5A000000 		.4byte	.LBE2-.LBB2
 961 0209 12       		.uleb128 0x12
 962 020a FE010000 		.4byte	.LASF29
 963 020e 01       		.byte	0x1
 964 020f 9B       		.byte	0x9b
 965 0210 9E000000 		.4byte	0x9e
 966 0214 02       		.uleb128 0x2
 967 0215 91       		.byte	0x91
 968 0216 68       		.sleb128 -24
 969 0217 12       		.uleb128 0x12
 970 0218 B2000000 		.4byte	.LASF30
 971 021c 01       		.byte	0x1
 972 021d 9C       		.byte	0x9c
 973 021e 86000000 		.4byte	0x86
 974 0222 02       		.uleb128 0x2
 975 0223 91       		.byte	0x91
 976 0224 6F       		.sleb128 -17
 977 0225 00       		.byte	0
ARM GAS  C:\Users\LINETT~1\AppData\Local\Temp\ccHADv8s.s 			page 25


 978 0226 00       		.byte	0
 979 0227 0D       		.uleb128 0xd
 980 0228 04       		.byte	0x4
 981 0229 2D020000 		.4byte	0x22d
 982 022d 13       		.uleb128 0x13
 983 022e 9E000000 		.4byte	0x9e
 984 0232 0D       		.uleb128 0xd
 985 0233 04       		.byte	0x4
 986 0234 38020000 		.4byte	0x238
 987 0238 13       		.uleb128 0x13
 988 0239 FB000000 		.4byte	0xfb
 989 023d 14       		.uleb128 0x14
 990 023e B8000000 		.4byte	.LASF31
 991 0242 01       		.byte	0x1
 992 0243 BA       		.byte	0xba
 993 0244 00000000 		.4byte	.LFB6
 994 0248 E0000000 		.4byte	.LFE6-.LFB6
 995 024c 01       		.uleb128 0x1
 996 024d 9C       		.byte	0x9c
 997 024e 15       		.uleb128 0x15
 998 024f 0D000000 		.4byte	.LASF32
 999 0253 01       		.byte	0x1
 1000 0254 FE       		.byte	0xfe
 1001 0255 00000000 		.4byte	.LFB7
 1002 0259 48000000 		.4byte	.LFE7-.LFB7
 1003 025d 01       		.uleb128 0x1
 1004 025e 9C       		.byte	0x9c
 1005 025f 16       		.uleb128 0x16
 1006 0260 55010000 		.4byte	.LASF42
 1007 0264 01       		.byte	0x1
 1008 0265 1C01     		.2byte	0x11c
 1009 0267 E0000000 		.4byte	.LFB8
 1010 026b A4010000 		.4byte	.LFE8-.LFB8
 1011 026f 01       		.uleb128 0x1
 1012 0270 9C       		.byte	0x9c
 1013 0271 2B030000 		.4byte	0x32b
 1014 0275 11       		.uleb128 0x11
 1015 0276 F4000000 		.4byte	.LBB3
 1016 027a D8000000 		.4byte	.LBE3-.LBB3
 1017 027e 17       		.uleb128 0x17
 1018 027f C3000000 		.4byte	.LASF33
 1019 0283 01       		.byte	0x1
 1020 0284 2601     		.2byte	0x126
 1021 0286 3B030000 		.4byte	0x33b
 1022 028a 05       		.uleb128 0x5
 1023 028b 03       		.byte	0x3
 1024 028c 0C000000 		.4byte	cy_cfg_addr_table.4759
 1025 0290 17       		.uleb128 0x17
 1026 0291 D5000000 		.4byte	.LASF34
 1027 0295 01       		.byte	0x1
 1028 0296 2B01     		.2byte	0x12b
 1029 0298 50030000 		.4byte	0x350
 1030 029c 05       		.uleb128 0x5
 1031 029d 03       		.byte	0x3
 1032 029e 14000000 		.4byte	cy_cfg_data_table.4760
 1033 02a2 18       		.uleb128 0x18
 1034 02a3 06       		.byte	0x6
ARM GAS  C:\Users\LINETT~1\AppData\Local\Temp\ccHADv8s.s 			page 26


 1035 02a4 01       		.byte	0x1
 1036 02a5 3601     		.2byte	0x136
 1037 02a7 C6020000 		.4byte	0x2c6
 1038 02ab 19       		.uleb128 0x19
 1039 02ac D2010000 		.4byte	.LASF35
 1040 02b0 01       		.byte	0x1
 1041 02b1 3701     		.2byte	0x137
 1042 02b3 7D000000 		.4byte	0x7d
 1043 02b7 00       		.byte	0
 1044 02b8 19       		.uleb128 0x19
 1045 02b9 02010000 		.4byte	.LASF36
 1046 02bd 01       		.byte	0x1
 1047 02be 3801     		.2byte	0x138
 1048 02c0 92000000 		.4byte	0x92
 1049 02c4 04       		.byte	0x4
 1050 02c5 00       		.byte	0
 1051 02c6 06       		.uleb128 0x6
 1052 02c7 F1010000 		.4byte	.LASF37
 1053 02cb 01       		.byte	0x1
 1054 02cc 3901     		.2byte	0x139
 1055 02ce A2020000 		.4byte	0x2a2
 1056 02d2 1A       		.uleb128 0x1a
 1057 02d3 C6020000 		.4byte	0x2c6
 1058 02d7 E2020000 		.4byte	0x2e2
 1059 02db 1B       		.uleb128 0x1b
 1060 02dc 76000000 		.4byte	0x76
 1061 02e0 01       		.byte	0x1
 1062 02e1 00       		.byte	0
 1063 02e2 17       		.uleb128 0x17
 1064 02e3 F2000000 		.4byte	.LASF38
 1065 02e7 01       		.byte	0x1
 1066 02e8 3B01     		.2byte	0x13b
 1067 02ea F4020000 		.4byte	0x2f4
 1068 02ee 05       		.uleb128 0x5
 1069 02ef 03       		.byte	0x3
 1070 02f0 00000000 		.4byte	cfg_memset_list.4765
 1071 02f4 13       		.uleb128 0x13
 1072 02f5 D2020000 		.4byte	0x2d2
 1073 02f9 1C       		.uleb128 0x1c
 1074 02fa 6900     		.ascii	"i\000"
 1075 02fc 01       		.byte	0x1
 1076 02fd 4101     		.2byte	0x141
 1077 02ff 86000000 		.4byte	0x86
 1078 0303 02       		.uleb128 0x2
 1079 0304 91       		.byte	0x91
 1080 0305 77       		.sleb128 -9
 1081 0306 11       		.uleb128 0x11
 1082 0307 FC000000 		.4byte	.LBB4
 1083 030b 3E000000 		.4byte	.LBE4-.LBB4
 1084 030f 1C       		.uleb128 0x1c
 1085 0310 6D7300   		.ascii	"ms\000"
 1086 0313 01       		.byte	0x1
 1087 0314 4601     		.2byte	0x146
 1088 0316 1D030000 		.4byte	0x31d
 1089 031a 02       		.uleb128 0x2
 1090 031b 91       		.byte	0x91
 1091 031c 70       		.sleb128 -16
ARM GAS  C:\Users\LINETT~1\AppData\Local\Temp\ccHADv8s.s 			page 27


 1092 031d 0D       		.uleb128 0xd
 1093 031e 04       		.byte	0x4
 1094 031f 23030000 		.4byte	0x323
 1095 0323 13       		.uleb128 0x13
 1096 0324 C6020000 		.4byte	0x2c6
 1097 0328 00       		.byte	0
 1098 0329 00       		.byte	0
 1099 032a 00       		.byte	0
 1100 032b 1A       		.uleb128 0x1a
 1101 032c 9E000000 		.4byte	0x9e
 1102 0330 3B030000 		.4byte	0x33b
 1103 0334 1B       		.uleb128 0x1b
 1104 0335 76000000 		.4byte	0x76
 1105 0339 01       		.byte	0x1
 1106 033a 00       		.byte	0
 1107 033b 13       		.uleb128 0x13
 1108 033c 2B030000 		.4byte	0x32b
 1109 0340 1A       		.uleb128 0x1a
 1110 0341 FB000000 		.4byte	0xfb
 1111 0345 50030000 		.4byte	0x350
 1112 0349 1B       		.uleb128 0x1b
 1113 034a 76000000 		.4byte	0x76
 1114 034e 05       		.byte	0x5
 1115 034f 00       		.byte	0
 1116 0350 13       		.uleb128 0x13
 1117 0351 40030000 		.4byte	0x340
 1118 0355 00       		.byte	0
 1119              		.section	.debug_abbrev,"",%progbits
 1120              	.Ldebug_abbrev0:
 1121 0000 01       		.uleb128 0x1
 1122 0001 11       		.uleb128 0x11
 1123 0002 01       		.byte	0x1
 1124 0003 25       		.uleb128 0x25
 1125 0004 0E       		.uleb128 0xe
 1126 0005 13       		.uleb128 0x13
 1127 0006 0B       		.uleb128 0xb
 1128 0007 03       		.uleb128 0x3
 1129 0008 0E       		.uleb128 0xe
 1130 0009 1B       		.uleb128 0x1b
 1131 000a 0E       		.uleb128 0xe
 1132 000b 55       		.uleb128 0x55
 1133 000c 17       		.uleb128 0x17
 1134 000d 11       		.uleb128 0x11
 1135 000e 01       		.uleb128 0x1
 1136 000f 10       		.uleb128 0x10
 1137 0010 17       		.uleb128 0x17
 1138 0011 00       		.byte	0
 1139 0012 00       		.byte	0
 1140 0013 02       		.uleb128 0x2
 1141 0014 24       		.uleb128 0x24
 1142 0015 00       		.byte	0
 1143 0016 0B       		.uleb128 0xb
 1144 0017 0B       		.uleb128 0xb
 1145 0018 3E       		.uleb128 0x3e
 1146 0019 0B       		.uleb128 0xb
 1147 001a 03       		.uleb128 0x3
 1148 001b 08       		.uleb128 0x8
ARM GAS  C:\Users\LINETT~1\AppData\Local\Temp\ccHADv8s.s 			page 28


 1149 001c 00       		.byte	0
 1150 001d 00       		.byte	0
 1151 001e 03       		.uleb128 0x3
 1152 001f 16       		.uleb128 0x16
 1153 0020 00       		.byte	0
 1154 0021 03       		.uleb128 0x3
 1155 0022 0E       		.uleb128 0xe
 1156 0023 3A       		.uleb128 0x3a
 1157 0024 0B       		.uleb128 0xb
 1158 0025 3B       		.uleb128 0x3b
 1159 0026 0B       		.uleb128 0xb
 1160 0027 49       		.uleb128 0x49
 1161 0028 13       		.uleb128 0x13
 1162 0029 00       		.byte	0
 1163 002a 00       		.byte	0
 1164 002b 04       		.uleb128 0x4
 1165 002c 24       		.uleb128 0x24
 1166 002d 00       		.byte	0
 1167 002e 0B       		.uleb128 0xb
 1168 002f 0B       		.uleb128 0xb
 1169 0030 3E       		.uleb128 0x3e
 1170 0031 0B       		.uleb128 0xb
 1171 0032 03       		.uleb128 0x3
 1172 0033 0E       		.uleb128 0xe
 1173 0034 00       		.byte	0
 1174 0035 00       		.byte	0
 1175 0036 05       		.uleb128 0x5
 1176 0037 0F       		.uleb128 0xf
 1177 0038 00       		.byte	0
 1178 0039 0B       		.uleb128 0xb
 1179 003a 0B       		.uleb128 0xb
 1180 003b 00       		.byte	0
 1181 003c 00       		.byte	0
 1182 003d 06       		.uleb128 0x6
 1183 003e 16       		.uleb128 0x16
 1184 003f 00       		.byte	0
 1185 0040 03       		.uleb128 0x3
 1186 0041 0E       		.uleb128 0xe
 1187 0042 3A       		.uleb128 0x3a
 1188 0043 0B       		.uleb128 0xb
 1189 0044 3B       		.uleb128 0x3b
 1190 0045 05       		.uleb128 0x5
 1191 0046 49       		.uleb128 0x49
 1192 0047 13       		.uleb128 0x13
 1193 0048 00       		.byte	0
 1194 0049 00       		.byte	0
 1195 004a 07       		.uleb128 0x7
 1196 004b 35       		.uleb128 0x35
 1197 004c 00       		.byte	0
 1198 004d 49       		.uleb128 0x49
 1199 004e 13       		.uleb128 0x13
 1200 004f 00       		.byte	0
 1201 0050 00       		.byte	0
 1202 0051 08       		.uleb128 0x8
 1203 0052 13       		.uleb128 0x13
 1204 0053 01       		.byte	0x1
 1205 0054 0B       		.uleb128 0xb
ARM GAS  C:\Users\LINETT~1\AppData\Local\Temp\ccHADv8s.s 			page 29


 1206 0055 0B       		.uleb128 0xb
 1207 0056 3A       		.uleb128 0x3a
 1208 0057 0B       		.uleb128 0xb
 1209 0058 3B       		.uleb128 0x3b
 1210 0059 0B       		.uleb128 0xb
 1211 005a 01       		.uleb128 0x1
 1212 005b 13       		.uleb128 0x13
 1213 005c 00       		.byte	0
 1214 005d 00       		.byte	0
 1215 005e 09       		.uleb128 0x9
 1216 005f 0D       		.uleb128 0xd
 1217 0060 00       		.byte	0
 1218 0061 03       		.uleb128 0x3
 1219 0062 0E       		.uleb128 0xe
 1220 0063 3A       		.uleb128 0x3a
 1221 0064 0B       		.uleb128 0xb
 1222 0065 3B       		.uleb128 0x3b
 1223 0066 0B       		.uleb128 0xb
 1224 0067 49       		.uleb128 0x49
 1225 0068 13       		.uleb128 0x13
 1226 0069 38       		.uleb128 0x38
 1227 006a 0B       		.uleb128 0xb
 1228 006b 00       		.byte	0
 1229 006c 00       		.byte	0
 1230 006d 0A       		.uleb128 0xa
 1231 006e 2E       		.uleb128 0x2e
 1232 006f 01       		.byte	0x1
 1233 0070 03       		.uleb128 0x3
 1234 0071 0E       		.uleb128 0xe
 1235 0072 3A       		.uleb128 0x3a
 1236 0073 0B       		.uleb128 0xb
 1237 0074 3B       		.uleb128 0x3b
 1238 0075 0B       		.uleb128 0xb
 1239 0076 27       		.uleb128 0x27
 1240 0077 19       		.uleb128 0x19
 1241 0078 11       		.uleb128 0x11
 1242 0079 01       		.uleb128 0x1
 1243 007a 12       		.uleb128 0x12
 1244 007b 06       		.uleb128 0x6
 1245 007c 40       		.uleb128 0x40
 1246 007d 18       		.uleb128 0x18
 1247 007e 9642     		.uleb128 0x2116
 1248 0080 19       		.uleb128 0x19
 1249 0081 01       		.uleb128 0x1
 1250 0082 13       		.uleb128 0x13
 1251 0083 00       		.byte	0
 1252 0084 00       		.byte	0
 1253 0085 0B       		.uleb128 0xb
 1254 0086 05       		.uleb128 0x5
 1255 0087 00       		.byte	0
 1256 0088 03       		.uleb128 0x3
 1257 0089 08       		.uleb128 0x8
 1258 008a 3A       		.uleb128 0x3a
 1259 008b 0B       		.uleb128 0xb
 1260 008c 3B       		.uleb128 0x3b
 1261 008d 0B       		.uleb128 0xb
 1262 008e 49       		.uleb128 0x49
ARM GAS  C:\Users\LINETT~1\AppData\Local\Temp\ccHADv8s.s 			page 30


 1263 008f 13       		.uleb128 0x13
 1264 0090 02       		.uleb128 0x2
 1265 0091 18       		.uleb128 0x18
 1266 0092 00       		.byte	0
 1267 0093 00       		.byte	0
 1268 0094 0C       		.uleb128 0xc
 1269 0095 05       		.uleb128 0x5
 1270 0096 00       		.byte	0
 1271 0097 03       		.uleb128 0x3
 1272 0098 0E       		.uleb128 0xe
 1273 0099 3A       		.uleb128 0x3a
 1274 009a 0B       		.uleb128 0xb
 1275 009b 3B       		.uleb128 0x3b
 1276 009c 0B       		.uleb128 0xb
 1277 009d 49       		.uleb128 0x49
 1278 009e 13       		.uleb128 0x13
 1279 009f 02       		.uleb128 0x2
 1280 00a0 18       		.uleb128 0x18
 1281 00a1 00       		.byte	0
 1282 00a2 00       		.byte	0
 1283 00a3 0D       		.uleb128 0xd
 1284 00a4 0F       		.uleb128 0xf
 1285 00a5 00       		.byte	0
 1286 00a6 0B       		.uleb128 0xb
 1287 00a7 0B       		.uleb128 0xb
 1288 00a8 49       		.uleb128 0x49
 1289 00a9 13       		.uleb128 0x13
 1290 00aa 00       		.byte	0
 1291 00ab 00       		.byte	0
 1292 00ac 0E       		.uleb128 0xe
 1293 00ad 26       		.uleb128 0x26
 1294 00ae 00       		.byte	0
 1295 00af 00       		.byte	0
 1296 00b0 00       		.byte	0
 1297 00b1 0F       		.uleb128 0xf
 1298 00b2 2E       		.uleb128 0x2e
 1299 00b3 01       		.byte	0x1
 1300 00b4 03       		.uleb128 0x3
 1301 00b5 0E       		.uleb128 0xe
 1302 00b6 3A       		.uleb128 0x3a
 1303 00b7 0B       		.uleb128 0xb
 1304 00b8 3B       		.uleb128 0x3b
 1305 00b9 0B       		.uleb128 0xb
 1306 00ba 27       		.uleb128 0x27
 1307 00bb 19       		.uleb128 0x19
 1308 00bc 11       		.uleb128 0x11
 1309 00bd 01       		.uleb128 0x1
 1310 00be 12       		.uleb128 0x12
 1311 00bf 06       		.uleb128 0x6
 1312 00c0 40       		.uleb128 0x40
 1313 00c1 18       		.uleb128 0x18
 1314 00c2 9742     		.uleb128 0x2117
 1315 00c4 19       		.uleb128 0x19
 1316 00c5 01       		.uleb128 0x1
 1317 00c6 13       		.uleb128 0x13
 1318 00c7 00       		.byte	0
 1319 00c8 00       		.byte	0
ARM GAS  C:\Users\LINETT~1\AppData\Local\Temp\ccHADv8s.s 			page 31


 1320 00c9 10       		.uleb128 0x10
 1321 00ca 34       		.uleb128 0x34
 1322 00cb 00       		.byte	0
 1323 00cc 03       		.uleb128 0x3
 1324 00cd 08       		.uleb128 0x8
 1325 00ce 3A       		.uleb128 0x3a
 1326 00cf 0B       		.uleb128 0xb
 1327 00d0 3B       		.uleb128 0x3b
 1328 00d1 0B       		.uleb128 0xb
 1329 00d2 49       		.uleb128 0x49
 1330 00d3 13       		.uleb128 0x13
 1331 00d4 02       		.uleb128 0x2
 1332 00d5 18       		.uleb128 0x18
 1333 00d6 00       		.byte	0
 1334 00d7 00       		.byte	0
 1335 00d8 11       		.uleb128 0x11
 1336 00d9 0B       		.uleb128 0xb
 1337 00da 01       		.byte	0x1
 1338 00db 11       		.uleb128 0x11
 1339 00dc 01       		.uleb128 0x1
 1340 00dd 12       		.uleb128 0x12
 1341 00de 06       		.uleb128 0x6
 1342 00df 00       		.byte	0
 1343 00e0 00       		.byte	0
 1344 00e1 12       		.uleb128 0x12
 1345 00e2 34       		.uleb128 0x34
 1346 00e3 00       		.byte	0
 1347 00e4 03       		.uleb128 0x3
 1348 00e5 0E       		.uleb128 0xe
 1349 00e6 3A       		.uleb128 0x3a
 1350 00e7 0B       		.uleb128 0xb
 1351 00e8 3B       		.uleb128 0x3b
 1352 00e9 0B       		.uleb128 0xb
 1353 00ea 49       		.uleb128 0x49
 1354 00eb 13       		.uleb128 0x13
 1355 00ec 02       		.uleb128 0x2
 1356 00ed 18       		.uleb128 0x18
 1357 00ee 00       		.byte	0
 1358 00ef 00       		.byte	0
 1359 00f0 13       		.uleb128 0x13
 1360 00f1 26       		.uleb128 0x26
 1361 00f2 00       		.byte	0
 1362 00f3 49       		.uleb128 0x49
 1363 00f4 13       		.uleb128 0x13
 1364 00f5 00       		.byte	0
 1365 00f6 00       		.byte	0
 1366 00f7 14       		.uleb128 0x14
 1367 00f8 2E       		.uleb128 0x2e
 1368 00f9 00       		.byte	0
 1369 00fa 03       		.uleb128 0x3
 1370 00fb 0E       		.uleb128 0xe
 1371 00fc 3A       		.uleb128 0x3a
 1372 00fd 0B       		.uleb128 0xb
 1373 00fe 3B       		.uleb128 0x3b
 1374 00ff 0B       		.uleb128 0xb
 1375 0100 27       		.uleb128 0x27
 1376 0101 19       		.uleb128 0x19
ARM GAS  C:\Users\LINETT~1\AppData\Local\Temp\ccHADv8s.s 			page 32


 1377 0102 11       		.uleb128 0x11
 1378 0103 01       		.uleb128 0x1
 1379 0104 12       		.uleb128 0x12
 1380 0105 06       		.uleb128 0x6
 1381 0106 40       		.uleb128 0x40
 1382 0107 18       		.uleb128 0x18
 1383 0108 9642     		.uleb128 0x2116
 1384 010a 19       		.uleb128 0x19
 1385 010b 00       		.byte	0
 1386 010c 00       		.byte	0
 1387 010d 15       		.uleb128 0x15
 1388 010e 2E       		.uleb128 0x2e
 1389 010f 00       		.byte	0
 1390 0110 03       		.uleb128 0x3
 1391 0111 0E       		.uleb128 0xe
 1392 0112 3A       		.uleb128 0x3a
 1393 0113 0B       		.uleb128 0xb
 1394 0114 3B       		.uleb128 0x3b
 1395 0115 0B       		.uleb128 0xb
 1396 0116 27       		.uleb128 0x27
 1397 0117 19       		.uleb128 0x19
 1398 0118 11       		.uleb128 0x11
 1399 0119 01       		.uleb128 0x1
 1400 011a 12       		.uleb128 0x12
 1401 011b 06       		.uleb128 0x6
 1402 011c 40       		.uleb128 0x40
 1403 011d 18       		.uleb128 0x18
 1404 011e 9742     		.uleb128 0x2117
 1405 0120 19       		.uleb128 0x19
 1406 0121 00       		.byte	0
 1407 0122 00       		.byte	0
 1408 0123 16       		.uleb128 0x16
 1409 0124 2E       		.uleb128 0x2e
 1410 0125 01       		.byte	0x1
 1411 0126 3F       		.uleb128 0x3f
 1412 0127 19       		.uleb128 0x19
 1413 0128 03       		.uleb128 0x3
 1414 0129 0E       		.uleb128 0xe
 1415 012a 3A       		.uleb128 0x3a
 1416 012b 0B       		.uleb128 0xb
 1417 012c 3B       		.uleb128 0x3b
 1418 012d 05       		.uleb128 0x5
 1419 012e 27       		.uleb128 0x27
 1420 012f 19       		.uleb128 0x19
 1421 0130 11       		.uleb128 0x11
 1422 0131 01       		.uleb128 0x1
 1423 0132 12       		.uleb128 0x12
 1424 0133 06       		.uleb128 0x6
 1425 0134 40       		.uleb128 0x40
 1426 0135 18       		.uleb128 0x18
 1427 0136 9642     		.uleb128 0x2116
 1428 0138 19       		.uleb128 0x19
 1429 0139 01       		.uleb128 0x1
 1430 013a 13       		.uleb128 0x13
 1431 013b 00       		.byte	0
 1432 013c 00       		.byte	0
 1433 013d 17       		.uleb128 0x17
ARM GAS  C:\Users\LINETT~1\AppData\Local\Temp\ccHADv8s.s 			page 33


 1434 013e 34       		.uleb128 0x34
 1435 013f 00       		.byte	0
 1436 0140 03       		.uleb128 0x3
 1437 0141 0E       		.uleb128 0xe
 1438 0142 3A       		.uleb128 0x3a
 1439 0143 0B       		.uleb128 0xb
 1440 0144 3B       		.uleb128 0x3b
 1441 0145 05       		.uleb128 0x5
 1442 0146 49       		.uleb128 0x49
 1443 0147 13       		.uleb128 0x13
 1444 0148 02       		.uleb128 0x2
 1445 0149 18       		.uleb128 0x18
 1446 014a 00       		.byte	0
 1447 014b 00       		.byte	0
 1448 014c 18       		.uleb128 0x18
 1449 014d 13       		.uleb128 0x13
 1450 014e 01       		.byte	0x1
 1451 014f 0B       		.uleb128 0xb
 1452 0150 0B       		.uleb128 0xb
 1453 0151 3A       		.uleb128 0x3a
 1454 0152 0B       		.uleb128 0xb
 1455 0153 3B       		.uleb128 0x3b
 1456 0154 05       		.uleb128 0x5
 1457 0155 01       		.uleb128 0x1
 1458 0156 13       		.uleb128 0x13
 1459 0157 00       		.byte	0
 1460 0158 00       		.byte	0
 1461 0159 19       		.uleb128 0x19
 1462 015a 0D       		.uleb128 0xd
 1463 015b 00       		.byte	0
 1464 015c 03       		.uleb128 0x3
 1465 015d 0E       		.uleb128 0xe
 1466 015e 3A       		.uleb128 0x3a
 1467 015f 0B       		.uleb128 0xb
 1468 0160 3B       		.uleb128 0x3b
 1469 0161 05       		.uleb128 0x5
 1470 0162 49       		.uleb128 0x49
 1471 0163 13       		.uleb128 0x13
 1472 0164 38       		.uleb128 0x38
 1473 0165 0B       		.uleb128 0xb
 1474 0166 00       		.byte	0
 1475 0167 00       		.byte	0
 1476 0168 1A       		.uleb128 0x1a
 1477 0169 01       		.uleb128 0x1
 1478 016a 01       		.byte	0x1
 1479 016b 49       		.uleb128 0x49
 1480 016c 13       		.uleb128 0x13
 1481 016d 01       		.uleb128 0x1
 1482 016e 13       		.uleb128 0x13
 1483 016f 00       		.byte	0
 1484 0170 00       		.byte	0
 1485 0171 1B       		.uleb128 0x1b
 1486 0172 21       		.uleb128 0x21
 1487 0173 00       		.byte	0
 1488 0174 49       		.uleb128 0x49
 1489 0175 13       		.uleb128 0x13
 1490 0176 2F       		.uleb128 0x2f
ARM GAS  C:\Users\LINETT~1\AppData\Local\Temp\ccHADv8s.s 			page 34


 1491 0177 0B       		.uleb128 0xb
 1492 0178 00       		.byte	0
 1493 0179 00       		.byte	0
 1494 017a 1C       		.uleb128 0x1c
 1495 017b 34       		.uleb128 0x34
 1496 017c 00       		.byte	0
 1497 017d 03       		.uleb128 0x3
 1498 017e 08       		.uleb128 0x8
 1499 017f 3A       		.uleb128 0x3a
 1500 0180 0B       		.uleb128 0xb
 1501 0181 3B       		.uleb128 0x3b
 1502 0182 05       		.uleb128 0x5
 1503 0183 49       		.uleb128 0x49
 1504 0184 13       		.uleb128 0x13
 1505 0185 02       		.uleb128 0x2
 1506 0186 18       		.uleb128 0x18
 1507 0187 00       		.byte	0
 1508 0188 00       		.byte	0
 1509 0189 00       		.byte	0
 1510              		.section	.debug_aranges,"",%progbits
 1511 0000 4C000000 		.4byte	0x4c
 1512 0004 0200     		.2byte	0x2
 1513 0006 00000000 		.4byte	.Ldebug_info0
 1514 000a 04       		.byte	0x4
 1515 000b 00       		.byte	0
 1516 000c 0000     		.2byte	0
 1517 000e 0000     		.2byte	0
 1518 0010 00000000 		.4byte	.LFB2
 1519 0014 1E000000 		.4byte	.LFE2-.LFB2
 1520 0018 00000000 		.4byte	.LFB3
 1521 001c 22000000 		.4byte	.LFE3-.LFB3
 1522 0020 00000000 		.4byte	.LFB4
 1523 0024 22000000 		.4byte	.LFE4-.LFB4
 1524 0028 00000000 		.4byte	.LFB5
 1525 002c 80000000 		.4byte	.LFE5-.LFB5
 1526 0030 00000000 		.4byte	.LFB6
 1527 0034 E0000000 		.4byte	.LFE6-.LFB6
 1528 0038 00000000 		.4byte	.LFB7
 1529 003c 48000000 		.4byte	.LFE7-.LFB7
 1530 0040 E0000000 		.4byte	.LFB8
 1531 0044 A4010000 		.4byte	.LFE8-.LFB8
 1532 0048 00000000 		.4byte	0
 1533 004c 00000000 		.4byte	0
 1534              		.section	.debug_ranges,"",%progbits
 1535              	.Ldebug_ranges0:
 1536 0000 00000000 		.4byte	.LFB2
 1537 0004 1E000000 		.4byte	.LFE2
 1538 0008 00000000 		.4byte	.LFB3
 1539 000c 22000000 		.4byte	.LFE3
 1540 0010 00000000 		.4byte	.LFB4
 1541 0014 22000000 		.4byte	.LFE4
 1542 0018 00000000 		.4byte	.LFB5
 1543 001c 80000000 		.4byte	.LFE5
 1544 0020 00000000 		.4byte	.LFB6
 1545 0024 E0000000 		.4byte	.LFE6
 1546 0028 00000000 		.4byte	.LFB7
 1547 002c 48000000 		.4byte	.LFE7
ARM GAS  C:\Users\LINETT~1\AppData\Local\Temp\ccHADv8s.s 			page 35


 1548 0030 E0000000 		.4byte	.LFB8
 1549 0034 84020000 		.4byte	.LFE8
 1550 0038 00000000 		.4byte	0
 1551 003c 00000000 		.4byte	0
 1552              		.section	.debug_line,"",%progbits
 1553              	.Ldebug_line0:
 1554 0000 A8010000 		.section	.debug_str,"MS",%progbits,1
 1554      0200CD00 
 1554      00000201 
 1554      FB0E0D00 
 1554      01010101 
 1555              	.LASF18:
 1556 0000 72656733 		.ascii	"reg32\000"
 1556      3200
 1557              	.LASF11:
 1558 0006 73697A65 		.ascii	"size_t\000"
 1558      5F7400
 1559              	.LASF32:
 1560 000d 416E616C 		.ascii	"AnalogSetDefault\000"
 1560      6F675365 
 1560      74446566 
 1560      61756C74 
 1560      00
 1561              	.LASF39:
 1562 001e 474E5520 		.ascii	"GNU C 4.9.3 20150303 (release) [ARM/embedded-4_9-br"
 1562      4320342E 
 1562      392E3320 
 1562      32303135 
 1562      30333033 
 1563 0051 616E6368 		.ascii	"anch revision 221220] -mcpu=cortex-m0 -mthumb -g -O"
 1563      20726576 
 1563      6973696F 
 1563      6E203232 
 1563      31323230 
 1564 0084 30202D66 		.ascii	"0 -ffunction-sections -ffat-lto-objects\000"
 1564      66756E63 
 1564      74696F6E 
 1564      2D736563 
 1564      74696F6E 
 1565              	.LASF20:
 1566 00ac 76616C75 		.ascii	"value\000"
 1566      6500
 1567              	.LASF30:
 1568 00b2 636F756E 		.ascii	"count\000"
 1568      7400
 1569              	.LASF31:
 1570 00b8 436C6F63 		.ascii	"ClockSetup\000"
 1570      6B536574 
 1570      757000
 1571              	.LASF33:
 1572 00c3 63795F63 		.ascii	"cy_cfg_addr_table\000"
 1572      66675F61 
 1572      6464725F 
 1572      7461626C 
 1572      6500
 1573              	.LASF34:
 1574 00d5 63795F63 		.ascii	"cy_cfg_data_table\000"
ARM GAS  C:\Users\LINETT~1\AppData\Local\Temp\ccHADv8s.s 			page 36


 1574      66675F64 
 1574      6174615F 
 1574      7461626C 
 1574      6500
 1575              	.LASF15:
 1576 00e7 666C6F61 		.ascii	"float\000"
 1576      7400
 1577              	.LASF24:
 1578 00ed 64657374 		.ascii	"dest\000"
 1578      00
 1579              	.LASF38:
 1580 00f2 6366675F 		.ascii	"cfg_memset_list\000"
 1580      6D656D73 
 1580      65745F6C 
 1580      69737400 
 1581              	.LASF36:
 1582 0102 73697A65 		.ascii	"size\000"
 1582      00
 1583              	.LASF17:
 1584 0107 72656738 		.ascii	"reg8\000"
 1584      00
 1585              	.LASF6:
 1586 010c 6C6F6E67 		.ascii	"long unsigned int\000"
 1586      20756E73 
 1586      69676E65 
 1586      6420696E 
 1586      7400
 1587              	.LASF12:
 1588 011e 75696E74 		.ascii	"uint8\000"
 1588      3800
 1589              	.LASF22:
 1590 0124 43594D45 		.ascii	"CYMEMZERO\000"
 1590      4D5A4552 
 1590      4F00
 1591              	.LASF2:
 1592 012e 756E7369 		.ascii	"unsigned char\000"
 1592      676E6564 
 1592      20636861 
 1592      7200
 1593              	.LASF16:
 1594 013c 646F7562 		.ascii	"double\000"
 1594      6C6500
 1595              	.LASF26:
 1596 0143 6366675F 		.ascii	"cfg_write_bytes32\000"
 1596      77726974 
 1596      655F6279 
 1596      74657333 
 1596      3200
 1597              	.LASF42:
 1598 0155 63796669 		.ascii	"cyfitter_cfg\000"
 1598      74746572 
 1598      5F636667 
 1598      00
 1599              	.LASF27:
 1600 0162 61646472 		.ascii	"addr_table\000"
 1600      5F746162 
 1600      6C6500
ARM GAS  C:\Users\LINETT~1\AppData\Local\Temp\ccHADv8s.s 			page 37


 1601              	.LASF13:
 1602 016d 75696E74 		.ascii	"uint16\000"
 1602      313600
 1603              	.LASF28:
 1604 0174 64617461 		.ascii	"data_table\000"
 1604      5F746162 
 1604      6C6500
 1605              	.LASF14:
 1606 017f 75696E74 		.ascii	"uint32\000"
 1606      333200
 1607              	.LASF41:
 1608 0186 433A5C55 		.ascii	"C:\\Users\\Linette Helena\\Desktop\\ADC_filtre_saml"
 1608      73657273 
 1608      5C4C696E 
 1608      65747465 
 1608      2048656C 
 1609 01b5 65745F67 		.ascii	"et_grader.cydsn\000"
 1609      72616465 
 1609      722E6379 
 1609      64736E00 
 1610              	.LASF0:
 1611 01c5 756E7369 		.ascii	"unsigned int\000"
 1611      676E6564 
 1611      20696E74 
 1611      00
 1612              	.LASF35:
 1613 01d2 61646472 		.ascii	"address\000"
 1613      65737300 
 1614              	.LASF8:
 1615 01da 6C6F6E67 		.ascii	"long long unsigned int\000"
 1615      206C6F6E 
 1615      6720756E 
 1615      7369676E 
 1615      65642069 
 1616              	.LASF37:
 1617 01f1 6366675F 		.ascii	"cfg_memset_t\000"
 1617      6D656D73 
 1617      65745F74 
 1617      00
 1618              	.LASF29:
 1619 01fe 62617365 		.ascii	"baseAddr\000"
 1619      41646472 
 1619      00
 1620              	.LASF9:
 1621 0207 73697A65 		.ascii	"sizetype\000"
 1621      74797065 
 1621      00
 1622              	.LASF40:
 1623 0210 2E5C4765 		.ascii	".\\Generated_Source\\PSoC4\\cyfitter_cfg.c\000"
 1623      6E657261 
 1623      7465645F 
 1623      536F7572 
 1623      63655C50 
 1624              	.LASF7:
 1625 0238 6C6F6E67 		.ascii	"long long int\000"
 1625      206C6F6E 
 1625      6720696E 
ARM GAS  C:\Users\LINETT~1\AppData\Local\Temp\ccHADv8s.s 			page 38


 1625      7400
 1626              	.LASF10:
 1627 0246 63686172 		.ascii	"char\000"
 1627      00
 1628              	.LASF21:
 1629 024b 63795F63 		.ascii	"cy_cfg_addrvalue_t\000"
 1629      66675F61 
 1629      64647276 
 1629      616C7565 
 1629      5F7400
 1630              	.LASF19:
 1631 025e 6F666673 		.ascii	"offset\000"
 1631      657400
 1632              	.LASF3:
 1633 0265 73686F72 		.ascii	"short int\000"
 1633      7420696E 
 1633      7400
 1634              	.LASF5:
 1635 026f 6C6F6E67 		.ascii	"long int\000"
 1635      20696E74 
 1635      00
 1636              	.LASF1:
 1637 0278 7369676E 		.ascii	"signed char\000"
 1637      65642063 
 1637      68617200 
 1638              	.LASF4:
 1639 0284 73686F72 		.ascii	"short unsigned int\000"
 1639      7420756E 
 1639      7369676E 
 1639      65642069 
 1639      6E7400
 1640              	.LASF25:
 1641 0297 4359434F 		.ascii	"CYCONFIGCPYCODE\000"
 1641      4E464947 
 1641      43505943 
 1641      4F444500 
 1642              	.LASF23:
 1643 02a7 4359434F 		.ascii	"CYCONFIGCPY\000"
 1643      4E464947 
 1643      43505900 
 1644              		.ident	"GCC: (GNU Tools for ARM Embedded Processors) 4.9.3 20150303 (release) [ARM/embedded-4_9-br
